2021-04-03 19:33:07,454 - wflow_sbm - pcrut - DEBUG - File logging to /Users/antolini/paper1/hewett_ts1min_70mm1_0mm5/601667/wflow.log
2021-04-03 19:33:07,454 - wflow_sbm - wf_DynamicFramework_federico - INFO - wflow_sbm 2020.1.1 Case: /Users/antolini/paper1/hewett_ts1min_70mm1_0mm5 Runid: 601667
2021-04-03 19:33:07,454 - wflow_sbm - wf_DynamicFramework_federico - INFO - Initialise framework version: 2020.1.1
2021-04-03 19:33:07,457 - wflow_sbm - wf_DynamicFramework_federico - WARNING - Ini file made for sbm but found __main__ in code.
2021-04-03 19:33:07,914 - wflow_sbm - wf_DynamicFramework_federico - INFO - Adding csv output at /Users/antolini/paper1/hewett_ts1min_70mm1_0mm5/staticmaps/step2/wflow_subcatch.map function: average
2021-04-03 19:33:07,953 - wflow_sbm - wf_DynamicFramework_federico - INFO - Adding csv output at /Users/antolini/paper1/hewett_ts1min_70mm1_0mm5/staticmaps/step2/wflow_gauges.map function: maximum
2021-04-03 19:33:08,008 - wflow_sbm - wf_DynamicFramework_federico - INFO - Adding csv output at /Users/antolini/paper1/hewett_ts1min_70mm1_0mm5/staticmaps/step2/wflow_gauges.map function: average
2021-04-03 19:33:08,053 - wflow_sbm - wf_DynamicFramework_federico - INFO - Adding csv output at /Users/antolini/paper1/hewett_ts1min_70mm1_0mm5/601667/reservoirs/ReservoirLocs_601667.map function: average
2021-04-03 19:33:08,089 - wflow_sbm - wf_DynamicFramework_federico - INFO - Adding tss output at /Users/antolini/paper1/hewett_ts1min_70mm1_0mm5/staticmaps/step2/wflow_gauges.map function: average
2021-04-03 19:33:08,089 - wflow_sbm - wflow_sbm_federico - INFO - running for 360 timesteps
2021-04-03 19:33:08,149 - wflow_sbm - wf_DynamicFramework_federico - DEBUG - Static input data (/Users/antolini/paper1/hewett_ts1min_70mm1_0mm5/staticmaps/step2/wflow_riverlength.map)  not present, returning 0.0
2021-04-03 19:33:08,226 - wflow_sbm - wf_DynamicFramework_federico - DEBUG - Static input data (/Users/antolini/paper1/hewett_ts1min_70mm1_0mm5/staticmaps/step2/wflow_inflow.map)  not present, returning 0.0
2021-04-03 19:33:08,267 - wflow_sbm - wf_DynamicFramework_federico - DEBUG - Static input data (/Users/antolini/paper1/hewett_ts1min_70mm1_0mm5\staticmaps/wflow_tempcor.map)  not present, returning 0.0
2021-04-03 19:33:08,319 - wflow_sbm - wflow_sbm_federico - INFO - Linking parameters to landuse, catchment and soil...
2021-04-03 19:33:08,319 - wflow_sbm - wf_DynamicFramework_federico - INFO - Adding Precipitation to model.
2021-04-03 19:33:08,320 - wflow_sbm - wf_DynamicFramework_federico - DEBUG - Static input data (/Users/antolini/paper1/hewett_ts1min_70mm1_0mm5/inmaps/P.map)  not present, returning 0.0
2021-04-03 19:33:08,332 - wflow_sbm - wf_DynamicFramework_federico - INFO - Adding PotenEvap to model.
2021-04-03 19:33:08,332 - wflow_sbm - wf_DynamicFramework_federico - DEBUG - Static input data (/Users/antolini/paper1/hewett_ts1min_70mm1_0mm5/inmaps/PET.map)  not present, returning 0.0
2021-04-03 19:33:08,344 - wflow_sbm - wf_DynamicFramework_federico - INFO - Adding Temperature to model.
2021-04-03 19:33:08,345 - wflow_sbm - wf_DynamicFramework_federico - DEBUG - Static input data (/Users/antolini/paper1/hewett_ts1min_70mm1_0mm5/inmaps/TEMP.map)  not present, returning 10.0
2021-04-03 19:33:08,357 - wflow_sbm - wf_DynamicFramework_federico - INFO - Adding Inflow to model.
2021-04-03 19:33:08,369 - wflow_sbm - wf_DynamicFramework_federico - INFO - Adding IrrigationAreas to model.
2021-04-03 19:33:08,369 - wflow_sbm - wf_DynamicFramework_federico - DEBUG - Static input data (/Users/antolini/paper1/hewett_ts1min_70mm1_0mm5/staticmaps/wflow_irrigationareas.map)  not present, returning 0.0
2021-04-03 19:33:08,375 - wflow_sbm - wf_DynamicFramework_federico - INFO - Adding IrrigationSurfaceIntakes to model.
2021-04-03 19:33:08,375 - wflow_sbm - wf_DynamicFramework_federico - DEBUG - Static input data (/Users/antolini/paper1/hewett_ts1min_70mm1_0mm5/staticmaps/wflow_irrisurfaceintake.map)  not present, returning 0.0
2021-04-03 19:33:08,381 - wflow_sbm - wf_DynamicFramework_federico - INFO - Adding IrrigationPaddyAreas to model.
2021-04-03 19:33:08,381 - wflow_sbm - wf_DynamicFramework_federico - DEBUG - Static input data (/Users/antolini/paper1/hewett_ts1min_70mm1_0mm5/staticmaps/wflow_irrigationpaddyareas.map)  not present, returning 0.0
2021-04-03 19:33:08,387 - wflow_sbm - wf_DynamicFramework_federico - INFO - Adding IrrigationSurfaceReturn to model.
2021-04-03 19:33:08,387 - wflow_sbm - wf_DynamicFramework_federico - DEBUG - Static input data (/Users/antolini/paper1/hewett_ts1min_70mm1_0mm5/staticmaps/wflow_irrisurfacereturns.map)  not present, returning 0.0
2021-04-03 19:33:08,393 - wflow_sbm - wf_DynamicFramework_federico - INFO - Adding h_max to model.
2021-04-03 19:33:08,393 - wflow_sbm - wf_DynamicFramework_federico - DEBUG - Static input data (/Users/antolini/paper1/hewett_ts1min_70mm1_0mm5/staticmaps/wflow_hmax.map)  not present, returning 0.0
2021-04-03 19:33:08,399 - wflow_sbm - wf_DynamicFramework_federico - INFO - Adding h_min to model.
2021-04-03 19:33:08,399 - wflow_sbm - wf_DynamicFramework_federico - DEBUG - Static input data (/Users/antolini/paper1/hewett_ts1min_70mm1_0mm5/staticmaps/wflow_hmin.map)  not present, returning 0.0
2021-04-03 19:33:08,405 - wflow_sbm - wf_DynamicFramework_federico - INFO - Adding h_p to model.
2021-04-03 19:33:08,405 - wflow_sbm - wf_DynamicFramework_federico - DEBUG - Static input data (/Users/antolini/paper1/hewett_ts1min_70mm1_0mm5/staticmaps/wflow_hp.map)  not present, returning 0.0
2021-04-03 19:33:08,453 - wflow_sbm - wf_DynamicFramework_federico - INFO - Creating map from table: /Users/antolini/paper1/hewett_ts1min_70mm1_0mm5/intbl/RunoffGeneratingGWPerc.tbl
2021-04-03 19:33:08,563 - wflow_sbm - wf_DynamicFramework_federico - INFO - Creating map from table: /Users/antolini/paper1/hewett_ts1min_70mm1_0mm5/intbl/MaxCanopyStorage.tbl
2021-04-03 19:33:08,690 - wflow_sbm - wf_DynamicFramework_federico - INFO - Creating map from table: /Users/antolini/paper1/hewett_ts1min_70mm1_0mm5/intbl/CanopyGapFraction.tbl
2021-04-03 19:33:08,888 - wflow_sbm - wf_DynamicFramework_federico - INFO - Creating map from table: /Users/antolini/paper1/hewett_ts1min_70mm1_0mm5/intbl/EoverR.tbl
2021-04-03 19:33:09,043 - wflow_sbm - wf_DynamicFramework_federico - INFO - Creating map from table: /Users/antolini/paper1/hewett_ts1min_70mm1_0mm5/intbl/RootingDepth.tbl
2021-04-03 19:33:09,196 - wflow_sbm - wf_DynamicFramework_federico - INFO - Creating map from table: /Users/antolini/paper1/hewett_ts1min_70mm1_0mm5/intbl/rootdistpar.tbl
2021-04-03 19:33:09,341 - wflow_sbm - wf_DynamicFramework_federico - INFO - Creating map from table: /Users/antolini/paper1/hewett_ts1min_70mm1_0mm5/intbl/InfiltCapSoil.tbl
2021-04-03 19:33:09,491 - wflow_sbm - wf_DynamicFramework_federico - INFO - Creating map from table: /Users/antolini/paper1/hewett_ts1min_70mm1_0mm5/intbl/CapScale.tbl
2021-04-03 19:33:09,575 - wflow_sbm - wf_DynamicFramework_federico - INFO - Creating map from table: /Users/antolini/paper1/hewett_ts1min_70mm1_0mm5/intbl/InfiltCapPath.tbl
2021-04-03 19:33:09,674 - wflow_sbm - wf_DynamicFramework_federico - INFO - Creating map from table: /Users/antolini/paper1/hewett_ts1min_70mm1_0mm5/intbl/MaxLeakage.tbl
2021-04-03 19:33:09,766 - wflow_sbm - wf_DynamicFramework_federico - INFO - Creating map from table: /Users/antolini/paper1/hewett_ts1min_70mm1_0mm5/intbl/MaxPercolation.tbl
2021-04-03 19:33:09,875 - wflow_sbm - wf_DynamicFramework_federico - INFO - Creating map from table: /Users/antolini/paper1/hewett_ts1min_70mm1_0mm5/intbl/PathFrac.tbl
2021-04-03 19:33:09,958 - wflow_sbm - wf_DynamicFramework_federico - INFO - Creating map from table: /Users/antolini/paper1/hewett_ts1min_70mm1_0mm5/intbl/SoilThickness.tbl
2021-04-03 19:33:10,040 - wflow_sbm - wf_DynamicFramework_federico - INFO - Creating map from table: /Users/antolini/paper1/hewett_ts1min_70mm1_0mm5/intbl/thetaR.tbl
2021-04-03 19:33:10,128 - wflow_sbm - wf_DynamicFramework_federico - INFO - Creating map from table: /Users/antolini/paper1/hewett_ts1min_70mm1_0mm5/intbl/thetaS.tbl
2021-04-03 19:33:10,211 - wflow_sbm - wf_DynamicFramework_federico - INFO - Creating map from table: /Users/antolini/paper1/hewett_ts1min_70mm1_0mm5/intbl/SoilMinThickness.tbl
2021-04-03 19:33:10,294 - wflow_sbm - wf_DynamicFramework_federico - INFO - Creating map from table: /Users/antolini/paper1/hewett_ts1min_70mm1_0mm5/intbl/KsatVer.tbl
2021-04-03 19:33:10,385 - wflow_sbm - wf_DynamicFramework_federico - INFO - Creating map from table: /Users/antolini/paper1/hewett_ts1min_70mm1_0mm5/intbl/MporeFrac.tbl
2021-04-03 19:33:10,477 - wflow_sbm - wf_DynamicFramework_federico - INFO - Creating map from table: /Users/antolini/paper1/hewett_ts1min_70mm1_0mm5/intbl/KsatHorFrac.tbl
2021-04-03 19:33:10,594 - wflow_sbm - wf_DynamicFramework_federico - INFO - Creating map from table: /Users/antolini/paper1/hewett_ts1min_70mm1_0mm5/intbl/M.tbl
2021-04-03 19:33:10,694 - wflow_sbm - wf_DynamicFramework_federico - INFO - Creating map from table: /Users/antolini/paper1/hewett_ts1min_70mm1_0mm5/intbl/N.tbl
2021-04-03 19:33:10,778 - wflow_sbm - wf_DynamicFramework_federico - INFO - Creating map from table: /Users/antolini/paper1/hewett_ts1min_70mm1_0mm5/intbl/N_River.tbl
2021-04-03 19:33:10,862 - wflow_sbm - wf_DynamicFramework_federico - INFO - Creating map from table: /Users/antolini/paper1/hewett_ts1min_70mm1_0mm5/intbl/WaterFrac.tbl
2021-04-03 19:33:10,944 - wflow_sbm - wf_DynamicFramework_federico - INFO - Creating map from table: /Users/antolini/paper1/hewett_ts1min_70mm1_0mm5/intbl/et_reftopot.tbl
2021-04-03 19:33:11,492 - wflow_sbm - wflow_sbm_federico - INFO - A total of 1 simple reservoirs and 0 complex reservoirs found.
2021-04-03 19:33:12,652 - wflow_sbm - wf_DynamicFramework_federico - WARNING - tbl file not found (/Users/antolini/paper1/hewett_ts1min_70mm1_0mm5/intbl/KsatVerFrac.tbl) returning default value: 1.0
2021-04-03 19:33:12,698 - wflow_sbm - wf_DynamicFramework_federico - WARNING - tbl file not found (/Users/antolini/paper1/hewett_ts1min_70mm1_0mm5/intbl/c.tbl) returning default value: 10.0
2021-04-03 19:33:12,826 - wflow_sbm - wflow_sbm_federico - INFO - Initializing of model variables..
2021-04-03 19:33:13,505 - wflow_sbm - wflow_sbm_federico - INFO - Saving summary maps...
2021-04-03 19:33:13,505 - wflow_sbm - wflow_sbm_federico - INFO - End of initial section
2021-04-03 19:33:13,511 - wflow_sbm - wflow_sbm_federico - INFO - Setting initial conditions to default
2021-04-03 19:33:17,125 - wflow_sbm - wf_DynamicFramework_federico - INFO - saving maps
2021-04-03 19:33:17,830 - wflow_sbm - wf_DynamicFramework_federico - DEBUG - timestep: 1/360.0 (2021-05-23 09:00:00)
2021-04-03 19:33:21,423 - wflow_sbm - wf_DynamicFramework_federico - INFO - saving maps
2021-04-03 19:33:22,075 - wflow_sbm - wf_DynamicFramework_federico - DEBUG - timestep: 2/360.0 (2021-05-23 09:01:00)
2021-04-03 19:33:25,596 - wflow_sbm - wf_DynamicFramework_federico - INFO - saving maps
2021-04-03 19:33:26,350 - wflow_sbm - wf_DynamicFramework_federico - DEBUG - timestep: 3/360.0 (2021-05-23 09:02:00)
2021-04-03 19:33:29,855 - wflow_sbm - wf_DynamicFramework_federico - INFO - saving maps
2021-04-03 19:33:30,620 - wflow_sbm - wf_DynamicFramework_federico - DEBUG - timestep: 4/360.0 (2021-05-23 09:03:00)
2021-04-03 19:33:34,165 - wflow_sbm - wf_DynamicFramework_federico - INFO - saving maps
2021-04-03 19:33:34,925 - wflow_sbm - wf_DynamicFramework_federico - DEBUG - timestep: 5/360.0 (2021-05-23 09:04:00)
2021-04-03 19:33:39,785 - wflow_sbm - wf_DynamicFramework_federico - INFO - saving maps
2021-04-03 19:33:40,496 - wflow_sbm - wf_DynamicFramework_federico - DEBUG - timestep: 6/360.0 (2021-05-23 09:05:00)
2021-04-03 19:33:45,325 - wflow_sbm - wf_DynamicFramework_federico - INFO - saving maps
2021-04-03 19:33:46,069 - wflow_sbm - wf_DynamicFramework_federico - DEBUG - timestep: 7/360.0 (2021-05-23 09:06:00)
2021-04-03 19:33:50,683 - wflow_sbm - wf_DynamicFramework_federico - INFO - saving maps
2021-04-03 19:33:51,452 - wflow_sbm - wf_DynamicFramework_federico - DEBUG - timestep: 8/360.0 (2021-05-23 09:07:00)
2021-04-03 19:33:56,067 - wflow_sbm - wf_DynamicFramework_federico - INFO - saving maps
2021-04-03 19:33:56,830 - wflow_sbm - wf_DynamicFramework_federico - DEBUG - timestep: 9/360.0 (2021-05-23 09:08:00)
2021-04-03 19:34:01,309 - wflow_sbm - wf_DynamicFramework_federico - INFO - saving maps
2021-04-03 19:34:02,065 - wflow_sbm - wf_DynamicFramework_federico - DEBUG - timestep: 10/360.0 (2021-05-23 09:09:00)
2021-04-03 19:34:06,583 - wflow_sbm - wf_DynamicFramework_federico - INFO - saving maps
2021-04-03 19:34:07,288 - wflow_sbm - wf_DynamicFramework_federico - DEBUG - timestep: 11/360.0 (2021-05-23 09:10:00)
2021-04-03 19:34:11,743 - wflow_sbm - wf_DynamicFramework_federico - INFO - saving maps
2021-04-03 19:34:12,494 - wflow_sbm - wf_DynamicFramework_federico - DEBUG - timestep: 12/360.0 (2021-05-23 09:11:00)
2021-04-03 19:34:16,857 - wflow_sbm - wf_DynamicFramework_federico - INFO - saving maps
2021-04-03 19:34:17,637 - wflow_sbm - wf_DynamicFramework_federico - DEBUG - timestep: 13/360.0 (2021-05-23 09:12:00)
2021-04-03 19:34:22,021 - wflow_sbm - wf_DynamicFramework_federico - INFO - saving maps
2021-04-03 19:34:22,808 - wflow_sbm - wf_DynamicFramework_federico - DEBUG - timestep: 14/360.0 (2021-05-23 09:13:00)
2021-04-03 19:34:27,162 - wflow_sbm - wf_DynamicFramework_federico - INFO - saving maps
2021-04-03 19:34:27,923 - wflow_sbm - wf_DynamicFramework_federico - DEBUG - timestep: 15/360.0 (2021-05-23 09:14:00)
2021-04-03 19:34:32,337 - wflow_sbm - wf_DynamicFramework_federico - INFO - saving maps
2021-04-03 19:34:33,086 - wflow_sbm - wf_DynamicFramework_federico - DEBUG - timestep: 16/360.0 (2021-05-23 09:15:00)
2021-04-03 19:34:37,464 - wflow_sbm - wf_DynamicFramework_federico - INFO - saving maps
2021-04-03 19:34:38,172 - wflow_sbm - wf_DynamicFramework_federico - DEBUG - timestep: 17/360.0 (2021-05-23 09:16:00)
2021-04-03 19:34:42,623 - wflow_sbm - wf_DynamicFramework_federico - INFO - saving maps
2021-04-03 19:34:43,309 - wflow_sbm - wf_DynamicFramework_federico - DEBUG - timestep: 18/360.0 (2021-05-23 09:17:00)
2021-04-03 19:34:47,740 - wflow_sbm - wf_DynamicFramework_federico - INFO - saving maps
2021-04-03 19:34:48,493 - wflow_sbm - wf_DynamicFramework_federico - DEBUG - timestep: 19/360.0 (2021-05-23 09:18:00)
2021-04-03 19:34:52,883 - wflow_sbm - wf_DynamicFramework_federico - INFO - saving maps
2021-04-03 19:34:53,641 - wflow_sbm - wf_DynamicFramework_federico - DEBUG - timestep: 20/360.0 (2021-05-23 09:19:00)
2021-04-03 19:34:58,013 - wflow_sbm - wf_DynamicFramework_federico - INFO - saving maps
2021-04-03 19:34:58,787 - wflow_sbm - wf_DynamicFramework_federico - DEBUG - timestep: 21/360.0 (2021-05-23 09:20:00)
2021-04-03 19:35:03,083 - wflow_sbm - wf_DynamicFramework_federico - INFO - saving maps
2021-04-03 19:35:03,865 - wflow_sbm - wf_DynamicFramework_federico - DEBUG - timestep: 22/360.0 (2021-05-23 09:21:00)
2021-04-03 19:35:08,226 - wflow_sbm - wf_DynamicFramework_federico - INFO - saving maps
2021-04-03 19:35:08,990 - wflow_sbm - wf_DynamicFramework_federico - DEBUG - timestep: 23/360.0 (2021-05-23 09:22:00)
2021-04-03 19:35:13,364 - wflow_sbm - wf_DynamicFramework_federico - INFO - saving maps
2021-04-03 19:35:14,125 - wflow_sbm - wf_DynamicFramework_federico - DEBUG - timestep: 24/360.0 (2021-05-23 09:23:00)
2021-04-03 19:35:18,455 - wflow_sbm - wf_DynamicFramework_federico - INFO - saving maps
2021-04-03 19:35:19,163 - wflow_sbm - wf_DynamicFramework_federico - DEBUG - timestep: 25/360.0 (2021-05-23 09:24:00)
2021-04-03 19:35:23,655 - wflow_sbm - wf_DynamicFramework_federico - INFO - saving maps
2021-04-03 19:35:24,401 - wflow_sbm - wf_DynamicFramework_federico - DEBUG - timestep: 26/360.0 (2021-05-23 09:25:00)
2021-04-03 19:35:28,960 - wflow_sbm - wf_DynamicFramework_federico - INFO - saving maps
2021-04-03 19:35:29,729 - wflow_sbm - wf_DynamicFramework_federico - DEBUG - timestep: 27/360.0 (2021-05-23 09:26:00)
2021-04-03 19:35:34,185 - wflow_sbm - wf_DynamicFramework_federico - INFO - saving maps
2021-04-03 19:35:34,980 - wflow_sbm - wf_DynamicFramework_federico - DEBUG - timestep: 28/360.0 (2021-05-23 09:27:00)
2021-04-03 19:35:39,564 - wflow_sbm - wf_DynamicFramework_federico - INFO - saving maps
2021-04-03 19:35:40,360 - wflow_sbm - wf_DynamicFramework_federico - DEBUG - timestep: 29/360.0 (2021-05-23 09:28:00)
2021-04-03 19:35:44,787 - wflow_sbm - wf_DynamicFramework_federico - INFO - saving maps
2021-04-03 19:35:45,556 - wflow_sbm - wf_DynamicFramework_federico - DEBUG - timestep: 30/360.0 (2021-05-23 09:29:00)
2021-04-03 19:35:50,324 - wflow_sbm - wf_DynamicFramework_federico - INFO - saving maps
2021-04-03 19:35:51,112 - wflow_sbm - wf_DynamicFramework_federico - DEBUG - timestep: 31/360.0 (2021-05-23 09:30:00)
2021-04-03 19:35:55,776 - wflow_sbm - wf_DynamicFramework_federico - INFO - saving maps
2021-04-03 19:35:56,503 - wflow_sbm - wf_DynamicFramework_federico - DEBUG - timestep: 32/360.0 (2021-05-23 09:31:00)
2021-04-03 19:36:01,166 - wflow_sbm - wf_DynamicFramework_federico - INFO - saving maps
2021-04-03 19:36:01,929 - wflow_sbm - wf_DynamicFramework_federico - DEBUG - timestep: 33/360.0 (2021-05-23 09:32:00)
2021-04-03 19:36:06,462 - wflow_sbm - wf_DynamicFramework_federico - INFO - saving maps
2021-04-03 19:36:07,247 - wflow_sbm - wf_DynamicFramework_federico - DEBUG - timestep: 34/360.0 (2021-05-23 09:33:00)
2021-04-03 19:36:11,846 - wflow_sbm - wf_DynamicFramework_federico - INFO - saving maps
2021-04-03 19:36:12,633 - wflow_sbm - wf_DynamicFramework_federico - DEBUG - timestep: 35/360.0 (2021-05-23 09:34:00)
2021-04-03 19:36:17,064 - wflow_sbm - wf_DynamicFramework_federico - INFO - saving maps
2021-04-03 19:36:17,843 - wflow_sbm - wf_DynamicFramework_federico - DEBUG - timestep: 36/360.0 (2021-05-23 09:35:00)
2021-04-03 19:36:22,379 - wflow_sbm - wf_DynamicFramework_federico - INFO - saving maps
2021-04-03 19:36:23,135 - wflow_sbm - wf_DynamicFramework_federico - DEBUG - timestep: 37/360.0 (2021-05-23 09:36:00)
2021-04-03 19:36:27,645 - wflow_sbm - wf_DynamicFramework_federico - INFO - saving maps
2021-04-03 19:36:28,424 - wflow_sbm - wf_DynamicFramework_federico - DEBUG - timestep: 38/360.0 (2021-05-23 09:37:00)
2021-04-03 19:36:33,043 - wflow_sbm - wf_DynamicFramework_federico - INFO - saving maps
2021-04-03 19:36:33,771 - wflow_sbm - wf_DynamicFramework_federico - DEBUG - timestep: 39/360.0 (2021-05-23 09:38:00)
2021-04-03 19:36:38,268 - wflow_sbm - wf_DynamicFramework_federico - INFO - saving maps
2021-04-03 19:36:39,022 - wflow_sbm - wf_DynamicFramework_federico - DEBUG - timestep: 40/360.0 (2021-05-23 09:39:00)
2021-04-03 19:36:43,674 - wflow_sbm - wf_DynamicFramework_federico - INFO - saving maps
2021-04-03 19:36:44,454 - wflow_sbm - wf_DynamicFramework_federico - DEBUG - timestep: 41/360.0 (2021-05-23 09:40:00)
2021-04-03 19:36:48,869 - wflow_sbm - wf_DynamicFramework_federico - INFO - saving maps
2021-04-03 19:36:49,650 - wflow_sbm - wf_DynamicFramework_federico - DEBUG - timestep: 42/360.0 (2021-05-23 09:41:00)
2021-04-03 19:36:54,116 - wflow_sbm - wf_DynamicFramework_federico - INFO - saving maps
2021-04-03 19:36:54,894 - wflow_sbm - wf_DynamicFramework_federico - DEBUG - timestep: 43/360.0 (2021-05-23 09:42:00)
2021-04-03 19:36:59,509 - wflow_sbm - wf_DynamicFramework_federico - INFO - saving maps
2021-04-03 19:37:00,278 - wflow_sbm - wf_DynamicFramework_federico - DEBUG - timestep: 44/360.0 (2021-05-23 09:43:00)
2021-04-03 19:37:05,075 - wflow_sbm - wf_DynamicFramework_federico - INFO - saving maps
2021-04-03 19:37:05,859 - wflow_sbm - wf_DynamicFramework_federico - DEBUG - timestep: 45/360.0 (2021-05-23 09:44:00)
2021-04-03 19:37:10,509 - wflow_sbm - wf_DynamicFramework_federico - INFO - saving maps
2021-04-03 19:37:11,229 - wflow_sbm - wf_DynamicFramework_federico - DEBUG - timestep: 46/360.0 (2021-05-23 09:45:00)
2021-04-03 19:37:15,657 - wflow_sbm - wf_DynamicFramework_federico - INFO - saving maps
2021-04-03 19:37:16,399 - wflow_sbm - wf_DynamicFramework_federico - DEBUG - timestep: 47/360.0 (2021-05-23 09:46:00)
2021-04-03 19:37:20,868 - wflow_sbm - wf_DynamicFramework_federico - INFO - saving maps
2021-04-03 19:37:21,635 - wflow_sbm - wf_DynamicFramework_federico - DEBUG - timestep: 48/360.0 (2021-05-23 09:47:00)
2021-04-03 19:37:26,319 - wflow_sbm - wf_DynamicFramework_federico - INFO - saving maps
2021-04-03 19:37:27,109 - wflow_sbm - wf_DynamicFramework_federico - DEBUG - timestep: 49/360.0 (2021-05-23 09:48:00)
2021-04-03 19:37:31,612 - wflow_sbm - wf_DynamicFramework_federico - INFO - saving maps
2021-04-03 19:37:32,393 - wflow_sbm - wf_DynamicFramework_federico - DEBUG - timestep: 50/360.0 (2021-05-23 09:49:00)
2021-04-03 19:37:36,802 - wflow_sbm - wf_DynamicFramework_federico - INFO - saving maps
2021-04-03 19:37:37,574 - wflow_sbm - wf_DynamicFramework_federico - DEBUG - timestep: 51/360.0 (2021-05-23 09:50:00)
2021-04-03 19:37:42,268 - wflow_sbm - wf_DynamicFramework_federico - INFO - saving maps
2021-04-03 19:37:43,037 - wflow_sbm - wf_DynamicFramework_federico - DEBUG - timestep: 52/360.0 (2021-05-23 09:51:00)
2021-04-03 19:37:47,648 - wflow_sbm - wf_DynamicFramework_federico - INFO - saving maps
2021-04-03 19:37:48,386 - wflow_sbm - wf_DynamicFramework_federico - DEBUG - timestep: 53/360.0 (2021-05-23 09:52:00)
2021-04-03 19:37:53,100 - wflow_sbm - wf_DynamicFramework_federico - INFO - saving maps
2021-04-03 19:37:53,865 - wflow_sbm - wf_DynamicFramework_federico - DEBUG - timestep: 54/360.0 (2021-05-23 09:53:00)
2021-04-03 19:37:58,390 - wflow_sbm - wf_DynamicFramework_federico - INFO - saving maps
2021-04-03 19:37:59,182 - wflow_sbm - wf_DynamicFramework_federico - DEBUG - timestep: 55/360.0 (2021-05-23 09:54:00)
2021-04-03 19:38:03,705 - wflow_sbm - wf_DynamicFramework_federico - INFO - saving maps
2021-04-03 19:38:04,492 - wflow_sbm - wf_DynamicFramework_federico - DEBUG - timestep: 56/360.0 (2021-05-23 09:55:00)
2021-04-03 19:38:09,000 - wflow_sbm - wf_DynamicFramework_federico - INFO - saving maps
2021-04-03 19:38:09,787 - wflow_sbm - wf_DynamicFramework_federico - DEBUG - timestep: 57/360.0 (2021-05-23 09:56:00)
2021-04-03 19:38:14,306 - wflow_sbm - wf_DynamicFramework_federico - INFO - saving maps
2021-04-03 19:38:15,087 - wflow_sbm - wf_DynamicFramework_federico - DEBUG - timestep: 58/360.0 (2021-05-23 09:57:00)
2021-04-03 19:38:19,663 - wflow_sbm - wf_DynamicFramework_federico - INFO - saving maps
2021-04-03 19:38:20,417 - wflow_sbm - wf_DynamicFramework_federico - DEBUG - timestep: 59/360.0 (2021-05-23 09:58:00)
2021-04-03 19:38:24,922 - wflow_sbm - wf_DynamicFramework_federico - INFO - saving maps
2021-04-03 19:38:25,637 - wflow_sbm - wf_DynamicFramework_federico - DEBUG - timestep: 60/360.0 (2021-05-23 09:59:00)
2021-04-03 19:38:30,406 - wflow_sbm - wf_DynamicFramework_federico - INFO - saving maps
2021-04-03 19:38:31,158 - wflow_sbm - wf_DynamicFramework_federico - DEBUG - timestep: 61/360.0 (2021-05-23 10:00:00)
2021-04-03 19:38:35,728 - wflow_sbm - wf_DynamicFramework_federico - INFO - saving maps
2021-04-03 19:38:36,499 - wflow_sbm - wf_DynamicFramework_federico - DEBUG - timestep: 62/360.0 (2021-05-23 10:01:00)
2021-04-03 19:38:41,105 - wflow_sbm - wf_DynamicFramework_federico - INFO - saving maps
2021-04-03 19:38:41,866 - wflow_sbm - wf_DynamicFramework_federico - DEBUG - timestep: 63/360.0 (2021-05-23 10:02:00)
2021-04-03 19:38:46,330 - wflow_sbm - wf_DynamicFramework_federico - INFO - saving maps
2021-04-03 19:38:47,107 - wflow_sbm - wf_DynamicFramework_federico - DEBUG - timestep: 64/360.0 (2021-05-23 10:03:00)
2021-04-03 19:38:51,653 - wflow_sbm - wf_DynamicFramework_federico - INFO - saving maps
2021-04-03 19:38:52,422 - wflow_sbm - wf_DynamicFramework_federico - DEBUG - timestep: 65/360.0 (2021-05-23 10:04:00)
2021-04-03 19:38:57,432 - wflow_sbm - wf_DynamicFramework_federico - INFO - saving maps
2021-04-03 19:38:58,198 - wflow_sbm - wf_DynamicFramework_federico - DEBUG - timestep: 66/360.0 (2021-05-23 10:05:00)
2021-04-03 19:39:02,996 - wflow_sbm - wf_DynamicFramework_federico - INFO - saving maps
2021-04-03 19:39:03,718 - wflow_sbm - wf_DynamicFramework_federico - DEBUG - timestep: 67/360.0 (2021-05-23 10:06:00)
2021-04-03 19:39:08,813 - wflow_sbm - wf_DynamicFramework_federico - INFO - saving maps
2021-04-03 19:39:09,574 - wflow_sbm - wf_DynamicFramework_federico - DEBUG - timestep: 68/360.0 (2021-05-23 10:07:00)
2021-04-03 19:39:14,579 - wflow_sbm - wf_DynamicFramework_federico - INFO - saving maps
2021-04-03 19:39:15,372 - wflow_sbm - wf_DynamicFramework_federico - DEBUG - timestep: 69/360.0 (2021-05-23 10:08:00)
2021-04-03 19:39:20,252 - wflow_sbm - wf_DynamicFramework_federico - INFO - saving maps
2021-04-03 19:39:21,045 - wflow_sbm - wf_DynamicFramework_federico - DEBUG - timestep: 70/360.0 (2021-05-23 10:09:00)
2021-04-03 19:39:26,009 - wflow_sbm - wf_DynamicFramework_federico - INFO - saving maps
2021-04-03 19:39:26,797 - wflow_sbm - wf_DynamicFramework_federico - DEBUG - timestep: 71/360.0 (2021-05-23 10:10:00)
2021-04-03 19:39:31,791 - wflow_sbm - wf_DynamicFramework_federico - INFO - saving maps
2021-04-03 19:39:32,562 - wflow_sbm - wf_DynamicFramework_federico - DEBUG - timestep: 72/360.0 (2021-05-23 10:11:00)
2021-04-03 19:39:37,563 - wflow_sbm - wf_DynamicFramework_federico - INFO - saving maps
2021-04-03 19:39:38,332 - wflow_sbm - wf_DynamicFramework_federico - DEBUG - timestep: 73/360.0 (2021-05-23 10:12:00)
2021-04-03 19:39:43,160 - wflow_sbm - wf_DynamicFramework_federico - INFO - saving maps
2021-04-03 19:39:44,085 - wflow_sbm - wf_DynamicFramework_federico - DEBUG - timestep: 74/360.0 (2021-05-23 10:13:00)
2021-04-03 19:39:49,041 - wflow_sbm - wf_DynamicFramework_federico - INFO - saving maps
2021-04-03 19:39:49,820 - wflow_sbm - wf_DynamicFramework_federico - DEBUG - timestep: 75/360.0 (2021-05-23 10:14:00)
2021-04-03 19:39:54,766 - wflow_sbm - wf_DynamicFramework_federico - INFO - saving maps
2021-04-03 19:39:55,557 - wflow_sbm - wf_DynamicFramework_federico - DEBUG - timestep: 76/360.0 (2021-05-23 10:15:00)
2021-04-03 19:40:00,425 - wflow_sbm - wf_DynamicFramework_federico - INFO - saving maps
2021-04-03 19:40:01,225 - wflow_sbm - wf_DynamicFramework_federico - DEBUG - timestep: 77/360.0 (2021-05-23 10:16:00)
2021-04-03 19:40:06,132 - wflow_sbm - wf_DynamicFramework_federico - INFO - saving maps
2021-04-03 19:40:06,925 - wflow_sbm - wf_DynamicFramework_federico - DEBUG - timestep: 78/360.0 (2021-05-23 10:17:00)
2021-04-03 19:40:11,860 - wflow_sbm - wf_DynamicFramework_federico - INFO - saving maps
2021-04-03 19:40:12,626 - wflow_sbm - wf_DynamicFramework_federico - DEBUG - timestep: 79/360.0 (2021-05-23 10:18:00)
2021-04-03 19:40:17,537 - wflow_sbm - wf_DynamicFramework_federico - INFO - saving maps
2021-04-03 19:40:18,301 - wflow_sbm - wf_DynamicFramework_federico - DEBUG - timestep: 80/360.0 (2021-05-23 10:19:00)
2021-04-03 19:40:23,054 - wflow_sbm - wf_DynamicFramework_federico - INFO - saving maps
2021-04-03 19:40:23,781 - wflow_sbm - wf_DynamicFramework_federico - DEBUG - timestep: 81/360.0 (2021-05-23 10:20:00)
2021-04-03 19:40:28,711 - wflow_sbm - wf_DynamicFramework_federico - INFO - saving maps
2021-04-03 19:40:29,470 - wflow_sbm - wf_DynamicFramework_federico - DEBUG - timestep: 82/360.0 (2021-05-23 10:21:00)
2021-04-03 19:40:34,283 - wflow_sbm - wf_DynamicFramework_federico - INFO - saving maps
2021-04-03 19:40:35,078 - wflow_sbm - wf_DynamicFramework_federico - DEBUG - timestep: 83/360.0 (2021-05-23 10:22:00)
2021-04-03 19:40:39,894 - wflow_sbm - wf_DynamicFramework_federico - INFO - saving maps
2021-04-03 19:40:40,686 - wflow_sbm - wf_DynamicFramework_federico - DEBUG - timestep: 84/360.0 (2021-05-23 10:23:00)
2021-04-03 19:40:45,506 - wflow_sbm - wf_DynamicFramework_federico - INFO - saving maps
2021-04-03 19:40:46,297 - wflow_sbm - wf_DynamicFramework_federico - DEBUG - timestep: 85/360.0 (2021-05-23 10:24:00)
2021-04-03 19:40:51,055 - wflow_sbm - wf_DynamicFramework_federico - INFO - saving maps
2021-04-03 19:40:51,837 - wflow_sbm - wf_DynamicFramework_federico - DEBUG - timestep: 86/360.0 (2021-05-23 10:25:00)
2021-04-03 19:40:56,723 - wflow_sbm - wf_DynamicFramework_federico - INFO - saving maps
2021-04-03 19:40:57,493 - wflow_sbm - wf_DynamicFramework_federico - DEBUG - timestep: 87/360.0 (2021-05-23 10:26:00)
2021-04-03 19:41:02,250 - wflow_sbm - wf_DynamicFramework_federico - INFO - saving maps
2021-04-03 19:41:02,970 - wflow_sbm - wf_DynamicFramework_federico - DEBUG - timestep: 88/360.0 (2021-05-23 10:27:00)
2021-04-03 19:41:07,645 - wflow_sbm - wf_DynamicFramework_federico - INFO - saving maps
2021-04-03 19:41:08,384 - wflow_sbm - wf_DynamicFramework_federico - DEBUG - timestep: 89/360.0 (2021-05-23 10:28:00)
2021-04-03 19:41:13,070 - wflow_sbm - wf_DynamicFramework_federico - INFO - saving maps
2021-04-03 19:41:13,855 - wflow_sbm - wf_DynamicFramework_federico - DEBUG - timestep: 90/360.0 (2021-05-23 10:29:00)
2021-04-03 19:41:18,483 - wflow_sbm - wf_DynamicFramework_federico - INFO - saving maps
2021-04-03 19:41:19,274 - wflow_sbm - wf_DynamicFramework_federico - DEBUG - timestep: 91/360.0 (2021-05-23 10:30:00)
2021-04-03 19:41:24,024 - wflow_sbm - wf_DynamicFramework_federico - INFO - saving maps
2021-04-03 19:41:24,816 - wflow_sbm - wf_DynamicFramework_federico - DEBUG - timestep: 92/360.0 (2021-05-23 10:31:00)
2021-04-03 19:41:29,600 - wflow_sbm - wf_DynamicFramework_federico - INFO - saving maps
2021-04-03 19:41:30,383 - wflow_sbm - wf_DynamicFramework_federico - DEBUG - timestep: 93/360.0 (2021-05-23 10:32:00)
2021-04-03 19:41:35,077 - wflow_sbm - wf_DynamicFramework_federico - INFO - saving maps
2021-04-03 19:41:35,841 - wflow_sbm - wf_DynamicFramework_federico - DEBUG - timestep: 94/360.0 (2021-05-23 10:33:00)
2021-04-03 19:41:41,159 - wflow_sbm - wf_DynamicFramework_federico - INFO - saving maps
2021-04-03 19:41:41,880 - wflow_sbm - wf_DynamicFramework_federico - DEBUG - timestep: 95/360.0 (2021-05-23 10:34:00)
2021-04-03 19:41:46,370 - wflow_sbm - wf_DynamicFramework_federico - INFO - saving maps
2021-04-03 19:41:47,401 - wflow_sbm - wf_DynamicFramework_federico - DEBUG - timestep: 96/360.0 (2021-05-23 10:35:00)
2021-04-03 19:41:52,112 - wflow_sbm - wf_DynamicFramework_federico - INFO - saving maps
2021-04-03 19:41:52,901 - wflow_sbm - wf_DynamicFramework_federico - DEBUG - timestep: 97/360.0 (2021-05-23 10:36:00)
2021-04-03 19:41:57,794 - wflow_sbm - wf_DynamicFramework_federico - INFO - saving maps
2021-04-03 19:41:58,578 - wflow_sbm - wf_DynamicFramework_federico - DEBUG - timestep: 98/360.0 (2021-05-23 10:37:00)
2021-04-03 19:42:03,416 - wflow_sbm - wf_DynamicFramework_federico - INFO - saving maps
2021-04-03 19:42:04,213 - wflow_sbm - wf_DynamicFramework_federico - DEBUG - timestep: 99/360.0 (2021-05-23 10:38:00)
2021-04-03 19:42:09,157 - wflow_sbm - wf_DynamicFramework_federico - INFO - saving maps
2021-04-03 19:42:09,929 - wflow_sbm - wf_DynamicFramework_federico - DEBUG - timestep: 100/360.0 (2021-05-23 10:39:00)
2021-04-03 19:42:14,726 - wflow_sbm - wf_DynamicFramework_federico - INFO - saving maps
2021-04-03 19:42:15,509 - wflow_sbm - wf_DynamicFramework_federico - DEBUG - timestep: 101/360.0 (2021-05-23 10:40:00)
2021-04-03 19:42:20,336 - wflow_sbm - wf_DynamicFramework_federico - INFO - saving maps
2021-04-03 19:42:21,067 - wflow_sbm - wf_DynamicFramework_federico - DEBUG - timestep: 102/360.0 (2021-05-23 10:41:00)
2021-04-03 19:42:25,916 - wflow_sbm - wf_DynamicFramework_federico - INFO - saving maps
2021-04-03 19:42:26,675 - wflow_sbm - wf_DynamicFramework_federico - DEBUG - timestep: 103/360.0 (2021-05-23 10:42:00)
2021-04-03 19:42:31,401 - wflow_sbm - wf_DynamicFramework_federico - INFO - saving maps
2021-04-03 19:42:32,195 - wflow_sbm - wf_DynamicFramework_federico - DEBUG - timestep: 104/360.0 (2021-05-23 10:43:00)
2021-04-03 19:42:37,044 - wflow_sbm - wf_DynamicFramework_federico - INFO - saving maps
2021-04-03 19:42:37,826 - wflow_sbm - wf_DynamicFramework_federico - DEBUG - timestep: 105/360.0 (2021-05-23 10:44:00)
2021-04-03 19:42:42,625 - wflow_sbm - wf_DynamicFramework_federico - INFO - saving maps
2021-04-03 19:42:43,394 - wflow_sbm - wf_DynamicFramework_federico - DEBUG - timestep: 106/360.0 (2021-05-23 10:45:00)
2021-04-03 19:42:48,240 - wflow_sbm - wf_DynamicFramework_federico - INFO - saving maps
2021-04-03 19:42:49,007 - wflow_sbm - wf_DynamicFramework_federico - DEBUG - timestep: 107/360.0 (2021-05-23 10:46:00)
2021-04-03 19:42:53,794 - wflow_sbm - wf_DynamicFramework_federico - INFO - saving maps
2021-04-03 19:42:54,557 - wflow_sbm - wf_DynamicFramework_federico - DEBUG - timestep: 108/360.0 (2021-05-23 10:47:00)
2021-04-03 19:42:59,276 - wflow_sbm - wf_DynamicFramework_federico - INFO - saving maps
2021-04-03 19:42:59,995 - wflow_sbm - wf_DynamicFramework_federico - DEBUG - timestep: 109/360.0 (2021-05-23 10:48:00)
2021-04-03 19:43:04,780 - wflow_sbm - wf_DynamicFramework_federico - INFO - saving maps
2021-04-03 19:43:05,535 - wflow_sbm - wf_DynamicFramework_federico - DEBUG - timestep: 110/360.0 (2021-05-23 10:49:00)
2021-04-03 19:43:10,555 - wflow_sbm - wf_DynamicFramework_federico - INFO - saving maps
2021-04-03 19:43:11,343 - wflow_sbm - wf_DynamicFramework_federico - DEBUG - timestep: 111/360.0 (2021-05-23 10:50:00)
2021-04-03 19:43:16,146 - wflow_sbm - wf_DynamicFramework_federico - INFO - saving maps
2021-04-03 19:43:16,928 - wflow_sbm - wf_DynamicFramework_federico - DEBUG - timestep: 112/360.0 (2021-05-23 10:51:00)
2021-04-03 19:43:21,559 - wflow_sbm - wf_DynamicFramework_federico - INFO - saving maps
2021-04-03 19:43:22,353 - wflow_sbm - wf_DynamicFramework_federico - DEBUG - timestep: 113/360.0 (2021-05-23 10:52:00)
2021-04-03 19:43:27,058 - wflow_sbm - wf_DynamicFramework_federico - INFO - saving maps
2021-04-03 19:43:27,821 - wflow_sbm - wf_DynamicFramework_federico - DEBUG - timestep: 114/360.0 (2021-05-23 10:53:00)
2021-04-03 19:43:32,643 - wflow_sbm - wf_DynamicFramework_federico - INFO - saving maps
2021-04-03 19:43:33,409 - wflow_sbm - wf_DynamicFramework_federico - DEBUG - timestep: 115/360.0 (2021-05-23 10:54:00)
2021-04-03 19:43:38,195 - wflow_sbm - wf_DynamicFramework_federico - INFO - saving maps
2021-04-03 19:43:38,918 - wflow_sbm - wf_DynamicFramework_federico - DEBUG - timestep: 116/360.0 (2021-05-23 10:55:00)
2021-04-03 19:43:43,750 - wflow_sbm - wf_DynamicFramework_federico - INFO - saving maps
2021-04-03 19:43:44,505 - wflow_sbm - wf_DynamicFramework_federico - DEBUG - timestep: 117/360.0 (2021-05-23 10:56:00)
2021-04-03 19:43:49,160 - wflow_sbm - wf_DynamicFramework_federico - INFO - saving maps
2021-04-03 19:43:49,921 - wflow_sbm - wf_DynamicFramework_federico - DEBUG - timestep: 118/360.0 (2021-05-23 10:57:00)
2021-04-03 19:43:54,698 - wflow_sbm - wf_DynamicFramework_federico - INFO - saving maps
2021-04-03 19:43:55,468 - wflow_sbm - wf_DynamicFramework_federico - DEBUG - timestep: 119/360.0 (2021-05-23 10:58:00)
2021-04-03 19:44:00,053 - wflow_sbm - wf_DynamicFramework_federico - INFO - saving maps
2021-04-03 19:44:00,826 - wflow_sbm - wf_DynamicFramework_federico - DEBUG - timestep: 120/360.0 (2021-05-23 10:59:00)
2021-04-03 19:44:05,868 - wflow_sbm - wf_DynamicFramework_federico - INFO - saving maps
2021-04-03 19:44:06,632 - wflow_sbm - wf_DynamicFramework_federico - DEBUG - timestep: 121/360.0 (2021-05-23 11:00:00)
2021-04-03 19:44:11,310 - wflow_sbm - wf_DynamicFramework_federico - INFO - saving maps
2021-04-03 19:44:12,069 - wflow_sbm - wf_DynamicFramework_federico - DEBUG - timestep: 122/360.0 (2021-05-23 11:01:00)
2021-04-03 19:44:16,917 - wflow_sbm - wf_DynamicFramework_federico - INFO - saving maps
2021-04-03 19:44:17,634 - wflow_sbm - wf_DynamicFramework_federico - DEBUG - timestep: 123/360.0 (2021-05-23 11:02:00)
2021-04-03 19:44:22,413 - wflow_sbm - wf_DynamicFramework_federico - INFO - saving maps
2021-04-03 19:44:23,169 - wflow_sbm - wf_DynamicFramework_federico - DEBUG - timestep: 124/360.0 (2021-05-23 11:03:00)
2021-04-03 19:44:27,852 - wflow_sbm - wf_DynamicFramework_federico - INFO - saving maps
2021-04-03 19:44:28,621 - wflow_sbm - wf_DynamicFramework_federico - DEBUG - timestep: 125/360.0 (2021-05-23 11:04:00)
2021-04-03 19:44:33,436 - wflow_sbm - wf_DynamicFramework_federico - INFO - saving maps
2021-04-03 19:44:34,215 - wflow_sbm - wf_DynamicFramework_federico - DEBUG - timestep: 126/360.0 (2021-05-23 11:05:00)
2021-04-03 19:44:38,879 - wflow_sbm - wf_DynamicFramework_federico - INFO - saving maps
2021-04-03 19:44:39,656 - wflow_sbm - wf_DynamicFramework_federico - DEBUG - timestep: 127/360.0 (2021-05-23 11:06:00)
2021-04-03 19:44:44,455 - wflow_sbm - wf_DynamicFramework_federico - INFO - saving maps
2021-04-03 19:44:45,222 - wflow_sbm - wf_DynamicFramework_federico - DEBUG - timestep: 128/360.0 (2021-05-23 11:07:00)
2021-04-03 19:44:50,007 - wflow_sbm - wf_DynamicFramework_federico - INFO - saving maps
2021-04-03 19:44:50,765 - wflow_sbm - wf_DynamicFramework_federico - DEBUG - timestep: 129/360.0 (2021-05-23 11:08:00)
2021-04-03 19:44:55,820 - wflow_sbm - wf_DynamicFramework_federico - INFO - saving maps
2021-04-03 19:44:56,541 - wflow_sbm - wf_DynamicFramework_federico - DEBUG - timestep: 130/360.0 (2021-05-23 11:09:00)
2021-04-03 19:45:01,345 - wflow_sbm - wf_DynamicFramework_federico - INFO - saving maps
2021-04-03 19:45:02,100 - wflow_sbm - wf_DynamicFramework_federico - DEBUG - timestep: 131/360.0 (2021-05-23 11:10:00)
2021-04-03 19:45:06,767 - wflow_sbm - wf_DynamicFramework_federico - INFO - saving maps
2021-04-03 19:45:07,552 - wflow_sbm - wf_DynamicFramework_federico - DEBUG - timestep: 132/360.0 (2021-05-23 11:11:00)
2021-04-03 19:45:12,376 - wflow_sbm - wf_DynamicFramework_federico - INFO - saving maps
2021-04-03 19:45:13,154 - wflow_sbm - wf_DynamicFramework_federico - DEBUG - timestep: 133/360.0 (2021-05-23 11:12:00)
2021-04-03 19:45:17,861 - wflow_sbm - wf_DynamicFramework_federico - INFO - saving maps
2021-04-03 19:45:18,646 - wflow_sbm - wf_DynamicFramework_federico - DEBUG - timestep: 134/360.0 (2021-05-23 11:13:00)
2021-04-03 19:45:23,301 - wflow_sbm - wf_DynamicFramework_federico - INFO - saving maps
2021-04-03 19:45:24,065 - wflow_sbm - wf_DynamicFramework_federico - DEBUG - timestep: 135/360.0 (2021-05-23 11:14:00)
2021-04-03 19:45:28,946 - wflow_sbm - wf_DynamicFramework_federico - INFO - saving maps
2021-04-03 19:45:29,703 - wflow_sbm - wf_DynamicFramework_federico - DEBUG - timestep: 136/360.0 (2021-05-23 11:15:00)
2021-04-03 19:45:34,477 - wflow_sbm - wf_DynamicFramework_federico - INFO - saving maps
2021-04-03 19:45:35,187 - wflow_sbm - wf_DynamicFramework_federico - DEBUG - timestep: 137/360.0 (2021-05-23 11:16:00)
2021-04-03 19:45:40,069 - wflow_sbm - wf_DynamicFramework_federico - INFO - saving maps
2021-04-03 19:45:40,815 - wflow_sbm - wf_DynamicFramework_federico - DEBUG - timestep: 138/360.0 (2021-05-23 11:17:00)
2021-04-03 19:45:45,914 - wflow_sbm - wf_DynamicFramework_federico - INFO - saving maps
2021-04-03 19:45:46,676 - wflow_sbm - wf_DynamicFramework_federico - DEBUG - timestep: 139/360.0 (2021-05-23 11:18:00)
2021-04-03 19:45:51,368 - wflow_sbm - wf_DynamicFramework_federico - INFO - saving maps
2021-04-03 19:45:52,141 - wflow_sbm - wf_DynamicFramework_federico - DEBUG - timestep: 140/360.0 (2021-05-23 11:19:00)
2021-04-03 19:45:56,864 - wflow_sbm - wf_DynamicFramework_federico - INFO - saving maps
2021-04-03 19:45:57,638 - wflow_sbm - wf_DynamicFramework_federico - DEBUG - timestep: 141/360.0 (2021-05-23 11:20:00)
2021-04-03 19:46:02,364 - wflow_sbm - wf_DynamicFramework_federico - INFO - saving maps
2021-04-03 19:46:03,129 - wflow_sbm - wf_DynamicFramework_federico - DEBUG - timestep: 142/360.0 (2021-05-23 11:21:00)
2021-04-03 19:46:07,938 - wflow_sbm - wf_DynamicFramework_federico - INFO - saving maps
2021-04-03 19:46:08,701 - wflow_sbm - wf_DynamicFramework_federico - DEBUG - timestep: 143/360.0 (2021-05-23 11:22:00)
2021-04-03 19:46:13,484 - wflow_sbm - wf_DynamicFramework_federico - INFO - saving maps
2021-04-03 19:46:14,207 - wflow_sbm - wf_DynamicFramework_federico - DEBUG - timestep: 144/360.0 (2021-05-23 11:23:00)
2021-04-03 19:46:18,870 - wflow_sbm - wf_DynamicFramework_federico - INFO - saving maps
2021-04-03 19:46:19,623 - wflow_sbm - wf_DynamicFramework_federico - DEBUG - timestep: 145/360.0 (2021-05-23 11:24:00)
2021-04-03 19:46:24,450 - wflow_sbm - wf_DynamicFramework_federico - INFO - saving maps
2021-04-03 19:46:25,230 - wflow_sbm - wf_DynamicFramework_federico - DEBUG - timestep: 146/360.0 (2021-05-23 11:25:00)
2021-04-03 19:46:29,981 - wflow_sbm - wf_DynamicFramework_federico - INFO - saving maps
2021-04-03 19:46:30,752 - wflow_sbm - wf_DynamicFramework_federico - DEBUG - timestep: 147/360.0 (2021-05-23 11:26:00)
2021-04-03 19:46:36,204 - wflow_sbm - wf_DynamicFramework_federico - INFO - saving maps
2021-04-03 19:46:36,997 - wflow_sbm - wf_DynamicFramework_federico - DEBUG - timestep: 148/360.0 (2021-05-23 11:27:00)
2021-04-03 19:46:41,586 - wflow_sbm - wf_DynamicFramework_federico - INFO - saving maps
2021-04-03 19:46:42,358 - wflow_sbm - wf_DynamicFramework_federico - DEBUG - timestep: 149/360.0 (2021-05-23 11:28:00)
2021-04-03 19:46:47,173 - wflow_sbm - wf_DynamicFramework_federico - INFO - saving maps
2021-04-03 19:46:47,949 - wflow_sbm - wf_DynamicFramework_federico - DEBUG - timestep: 150/360.0 (2021-05-23 11:29:00)
2021-04-03 19:46:52,761 - wflow_sbm - wf_DynamicFramework_federico - INFO - saving maps
2021-04-03 19:46:53,482 - wflow_sbm - wf_DynamicFramework_federico - DEBUG - timestep: 151/360.0 (2021-05-23 11:30:00)
2021-04-03 19:46:58,355 - wflow_sbm - wf_DynamicFramework_federico - INFO - saving maps
2021-04-03 19:46:59,104 - wflow_sbm - wf_DynamicFramework_federico - DEBUG - timestep: 152/360.0 (2021-05-23 11:31:00)
2021-04-03 19:47:03,964 - wflow_sbm - wf_DynamicFramework_federico - INFO - saving maps
2021-04-03 19:47:04,747 - wflow_sbm - wf_DynamicFramework_federico - DEBUG - timestep: 153/360.0 (2021-05-23 11:32:00)
2021-04-03 19:47:09,559 - wflow_sbm - wf_DynamicFramework_federico - INFO - saving maps
2021-04-03 19:47:10,350 - wflow_sbm - wf_DynamicFramework_federico - DEBUG - timestep: 154/360.0 (2021-05-23 11:33:00)
2021-04-03 19:47:15,086 - wflow_sbm - wf_DynamicFramework_federico - INFO - saving maps
2021-04-03 19:47:15,880 - wflow_sbm - wf_DynamicFramework_federico - DEBUG - timestep: 155/360.0 (2021-05-23 11:34:00)
2021-04-03 19:47:20,803 - wflow_sbm - wf_DynamicFramework_federico - INFO - saving maps
2021-04-03 19:47:21,581 - wflow_sbm - wf_DynamicFramework_federico - DEBUG - timestep: 156/360.0 (2021-05-23 11:35:00)
2021-04-03 19:47:26,327 - wflow_sbm - wf_DynamicFramework_federico - INFO - saving maps
2021-04-03 19:47:27,103 - wflow_sbm - wf_DynamicFramework_federico - DEBUG - timestep: 157/360.0 (2021-05-23 11:36:00)
2021-04-03 19:47:31,883 - wflow_sbm - wf_DynamicFramework_federico - INFO - saving maps
2021-04-03 19:47:32,601 - wflow_sbm - wf_DynamicFramework_federico - DEBUG - timestep: 158/360.0 (2021-05-23 11:37:00)
2021-04-03 19:47:37,258 - wflow_sbm - wf_DynamicFramework_federico - INFO - saving maps
2021-04-03 19:47:38,012 - wflow_sbm - wf_DynamicFramework_federico - DEBUG - timestep: 159/360.0 (2021-05-23 11:38:00)
2021-04-03 19:47:42,731 - wflow_sbm - wf_DynamicFramework_federico - INFO - saving maps
2021-04-03 19:47:43,491 - wflow_sbm - wf_DynamicFramework_federico - DEBUG - timestep: 160/360.0 (2021-05-23 11:39:00)
2021-04-03 19:47:48,317 - wflow_sbm - wf_DynamicFramework_federico - INFO - saving maps
2021-04-03 19:47:49,095 - wflow_sbm - wf_DynamicFramework_federico - DEBUG - timestep: 161/360.0 (2021-05-23 11:40:00)
2021-04-03 19:47:53,797 - wflow_sbm - wf_DynamicFramework_federico - INFO - saving maps
2021-04-03 19:47:54,576 - wflow_sbm - wf_DynamicFramework_federico - DEBUG - timestep: 162/360.0 (2021-05-23 11:41:00)
2021-04-03 19:47:59,250 - wflow_sbm - wf_DynamicFramework_federico - INFO - saving maps
2021-04-03 19:48:00,017 - wflow_sbm - wf_DynamicFramework_federico - DEBUG - timestep: 163/360.0 (2021-05-23 11:42:00)
2021-04-03 19:48:04,860 - wflow_sbm - wf_DynamicFramework_federico - INFO - saving maps
2021-04-03 19:48:05,622 - wflow_sbm - wf_DynamicFramework_federico - DEBUG - timestep: 164/360.0 (2021-05-23 11:43:00)
2021-04-03 19:48:10,535 - wflow_sbm - wf_DynamicFramework_federico - INFO - saving maps
2021-04-03 19:48:11,251 - wflow_sbm - wf_DynamicFramework_federico - DEBUG - timestep: 165/360.0 (2021-05-23 11:44:00)
2021-04-03 19:48:16,068 - wflow_sbm - wf_DynamicFramework_federico - INFO - saving maps
2021-04-03 19:48:16,822 - wflow_sbm - wf_DynamicFramework_federico - DEBUG - timestep: 166/360.0 (2021-05-23 11:45:00)
2021-04-03 19:48:21,553 - wflow_sbm - wf_DynamicFramework_federico - INFO - saving maps
2021-04-03 19:48:22,337 - wflow_sbm - wf_DynamicFramework_federico - DEBUG - timestep: 167/360.0 (2021-05-23 11:46:00)
2021-04-03 19:48:27,076 - wflow_sbm - wf_DynamicFramework_federico - INFO - saving maps
2021-04-03 19:48:27,860 - wflow_sbm - wf_DynamicFramework_federico - DEBUG - timestep: 168/360.0 (2021-05-23 11:47:00)
2021-04-03 19:48:32,640 - wflow_sbm - wf_DynamicFramework_federico - INFO - saving maps
2021-04-03 19:48:33,413 - wflow_sbm - wf_DynamicFramework_federico - DEBUG - timestep: 169/360.0 (2021-05-23 11:48:00)
2021-04-03 19:48:38,211 - wflow_sbm - wf_DynamicFramework_federico - INFO - saving maps
2021-04-03 19:48:38,970 - wflow_sbm - wf_DynamicFramework_federico - DEBUG - timestep: 170/360.0 (2021-05-23 11:49:00)
2021-04-03 19:48:43,798 - wflow_sbm - wf_DynamicFramework_federico - INFO - saving maps
2021-04-03 19:48:44,540 - wflow_sbm - wf_DynamicFramework_federico - DEBUG - timestep: 171/360.0 (2021-05-23 11:50:00)
2021-04-03 19:48:49,209 - wflow_sbm - wf_DynamicFramework_federico - INFO - saving maps
2021-04-03 19:48:49,929 - wflow_sbm - wf_DynamicFramework_federico - DEBUG - timestep: 172/360.0 (2021-05-23 11:51:00)
2021-04-03 19:48:54,679 - wflow_sbm - wf_DynamicFramework_federico - INFO - saving maps
2021-04-03 19:48:55,441 - wflow_sbm - wf_DynamicFramework_federico - DEBUG - timestep: 173/360.0 (2021-05-23 11:52:00)
2021-04-03 19:49:00,215 - wflow_sbm - wf_DynamicFramework_federico - INFO - saving maps
2021-04-03 19:49:00,998 - wflow_sbm - wf_DynamicFramework_federico - DEBUG - timestep: 174/360.0 (2021-05-23 11:53:00)
2021-04-03 19:49:05,775 - wflow_sbm - wf_DynamicFramework_federico - INFO - saving maps
2021-04-03 19:49:06,563 - wflow_sbm - wf_DynamicFramework_federico - DEBUG - timestep: 175/360.0 (2021-05-23 11:54:00)
2021-04-03 19:49:11,204 - wflow_sbm - wf_DynamicFramework_federico - INFO - saving maps
2021-04-03 19:49:11,981 - wflow_sbm - wf_DynamicFramework_federico - DEBUG - timestep: 176/360.0 (2021-05-23 11:55:00)
2021-04-03 19:49:16,668 - wflow_sbm - wf_DynamicFramework_federico - INFO - saving maps
2021-04-03 19:49:17,426 - wflow_sbm - wf_DynamicFramework_federico - DEBUG - timestep: 177/360.0 (2021-05-23 11:56:00)
2021-04-03 19:49:22,252 - wflow_sbm - wf_DynamicFramework_federico - INFO - saving maps
2021-04-03 19:49:23,009 - wflow_sbm - wf_DynamicFramework_federico - DEBUG - timestep: 178/360.0 (2021-05-23 11:57:00)
2021-04-03 19:49:27,820 - wflow_sbm - wf_DynamicFramework_federico - INFO - saving maps
2021-04-03 19:49:28,538 - wflow_sbm - wf_DynamicFramework_federico - DEBUG - timestep: 179/360.0 (2021-05-23 11:58:00)
2021-04-03 19:49:33,620 - wflow_sbm - wf_DynamicFramework_federico - INFO - saving maps
2021-04-03 19:49:34,438 - wflow_sbm - wf_DynamicFramework_federico - DEBUG - timestep: 180/360.0 (2021-05-23 11:59:00)
2021-04-03 19:49:39,087 - wflow_sbm - wf_DynamicFramework_federico - INFO - saving maps
2021-04-03 19:49:39,874 - wflow_sbm - wf_DynamicFramework_federico - DEBUG - timestep: 181/360.0 (2021-05-23 12:00:00)
2021-04-03 19:49:44,634 - wflow_sbm - wf_DynamicFramework_federico - INFO - saving maps
2021-04-03 19:49:45,421 - wflow_sbm - wf_DynamicFramework_federico - DEBUG - timestep: 182/360.0 (2021-05-23 12:01:00)
2021-04-03 19:49:50,164 - wflow_sbm - wf_DynamicFramework_federico - INFO - saving maps
2021-04-03 19:49:50,947 - wflow_sbm - wf_DynamicFramework_federico - DEBUG - timestep: 183/360.0 (2021-05-23 12:02:00)
2021-04-03 19:49:55,938 - wflow_sbm - wf_DynamicFramework_federico - INFO - saving maps
2021-04-03 19:49:56,720 - wflow_sbm - wf_DynamicFramework_federico - DEBUG - timestep: 184/360.0 (2021-05-23 12:03:00)
2021-04-03 19:50:01,568 - wflow_sbm - wf_DynamicFramework_federico - INFO - saving maps
2021-04-03 19:50:02,340 - wflow_sbm - wf_DynamicFramework_federico - DEBUG - timestep: 185/360.0 (2021-05-23 12:04:00)
2021-04-03 19:50:07,088 - wflow_sbm - wf_DynamicFramework_federico - INFO - saving maps
2021-04-03 19:50:07,811 - wflow_sbm - wf_DynamicFramework_federico - DEBUG - timestep: 186/360.0 (2021-05-23 12:05:00)
2021-04-03 19:50:12,687 - wflow_sbm - wf_DynamicFramework_federico - INFO - saving maps
2021-04-03 19:50:13,446 - wflow_sbm - wf_DynamicFramework_federico - DEBUG - timestep: 187/360.0 (2021-05-23 12:06:00)
2021-04-03 19:50:18,264 - wflow_sbm - wf_DynamicFramework_federico - INFO - saving maps
2021-04-03 19:50:19,042 - wflow_sbm - wf_DynamicFramework_federico - DEBUG - timestep: 188/360.0 (2021-05-23 12:07:00)
2021-04-03 19:50:23,911 - wflow_sbm - wf_DynamicFramework_federico - INFO - saving maps
2021-04-03 19:50:24,701 - wflow_sbm - wf_DynamicFramework_federico - DEBUG - timestep: 189/360.0 (2021-05-23 12:08:00)
2021-04-03 19:50:29,465 - wflow_sbm - wf_DynamicFramework_federico - INFO - saving maps
2021-04-03 19:50:30,249 - wflow_sbm - wf_DynamicFramework_federico - DEBUG - timestep: 190/360.0 (2021-05-23 12:09:00)
2021-04-03 19:50:34,973 - wflow_sbm - wf_DynamicFramework_federico - INFO - saving maps
2021-04-03 19:50:35,744 - wflow_sbm - wf_DynamicFramework_federico - DEBUG - timestep: 191/360.0 (2021-05-23 12:10:00)
2021-04-03 19:50:40,828 - wflow_sbm - wf_DynamicFramework_federico - INFO - saving maps
2021-04-03 19:50:41,591 - wflow_sbm - wf_DynamicFramework_federico - DEBUG - timestep: 192/360.0 (2021-05-23 12:11:00)
2021-04-03 19:50:46,384 - wflow_sbm - wf_DynamicFramework_federico - INFO - saving maps
2021-04-03 19:50:47,100 - wflow_sbm - wf_DynamicFramework_federico - DEBUG - timestep: 193/360.0 (2021-05-23 12:12:00)
2021-04-03 19:50:51,971 - wflow_sbm - wf_DynamicFramework_federico - INFO - saving maps
2021-04-03 19:50:52,725 - wflow_sbm - wf_DynamicFramework_federico - DEBUG - timestep: 194/360.0 (2021-05-23 12:13:00)
2021-04-03 19:50:57,550 - wflow_sbm - wf_DynamicFramework_federico - INFO - saving maps
2021-04-03 19:50:58,324 - wflow_sbm - wf_DynamicFramework_federico - DEBUG - timestep: 195/360.0 (2021-05-23 12:14:00)
2021-04-03 19:51:03,057 - wflow_sbm - wf_DynamicFramework_federico - INFO - saving maps
2021-04-03 19:51:03,836 - wflow_sbm - wf_DynamicFramework_federico - DEBUG - timestep: 196/360.0 (2021-05-23 12:15:00)
2021-04-03 19:51:08,611 - wflow_sbm - wf_DynamicFramework_federico - INFO - saving maps
2021-04-03 19:51:09,406 - wflow_sbm - wf_DynamicFramework_federico - DEBUG - timestep: 197/360.0 (2021-05-23 12:16:00)
2021-04-03 19:51:14,199 - wflow_sbm - wf_DynamicFramework_federico - INFO - saving maps
2021-04-03 19:51:14,969 - wflow_sbm - wf_DynamicFramework_federico - DEBUG - timestep: 198/360.0 (2021-05-23 12:17:00)
2021-04-03 19:51:19,896 - wflow_sbm - wf_DynamicFramework_federico - INFO - saving maps
2021-04-03 19:51:20,653 - wflow_sbm - wf_DynamicFramework_federico - DEBUG - timestep: 199/360.0 (2021-05-23 12:18:00)
2021-04-03 19:51:25,668 - wflow_sbm - wf_DynamicFramework_federico - INFO - saving maps
2021-04-03 19:51:26,380 - wflow_sbm - wf_DynamicFramework_federico - DEBUG - timestep: 200/360.0 (2021-05-23 12:19:00)
2021-04-03 19:51:31,061 - wflow_sbm - wf_DynamicFramework_federico - INFO - saving maps
2021-04-03 19:51:31,809 - wflow_sbm - wf_DynamicFramework_federico - DEBUG - timestep: 201/360.0 (2021-05-23 12:20:00)
2021-04-03 19:51:36,644 - wflow_sbm - wf_DynamicFramework_federico - INFO - saving maps
2021-04-03 19:51:37,408 - wflow_sbm - wf_DynamicFramework_federico - DEBUG - timestep: 202/360.0 (2021-05-23 12:21:00)
2021-04-03 19:51:42,262 - wflow_sbm - wf_DynamicFramework_federico - INFO - saving maps
2021-04-03 19:51:43,038 - wflow_sbm - wf_DynamicFramework_federico - DEBUG - timestep: 203/360.0 (2021-05-23 12:22:00)
2021-04-03 19:51:47,678 - wflow_sbm - wf_DynamicFramework_federico - INFO - saving maps
2021-04-03 19:51:48,457 - wflow_sbm - wf_DynamicFramework_federico - DEBUG - timestep: 204/360.0 (2021-05-23 12:23:00)
2021-04-03 19:51:53,831 - wflow_sbm - wf_DynamicFramework_federico - INFO - saving maps
2021-04-03 19:51:54,617 - wflow_sbm - wf_DynamicFramework_federico - DEBUG - timestep: 205/360.0 (2021-05-23 12:24:00)
2021-04-03 19:51:59,313 - wflow_sbm - wf_DynamicFramework_federico - INFO - saving maps
2021-04-03 19:52:00,096 - wflow_sbm - wf_DynamicFramework_federico - DEBUG - timestep: 206/360.0 (2021-05-23 12:25:00)
2021-04-03 19:52:04,623 - wflow_sbm - wf_DynamicFramework_federico - INFO - saving maps
2021-04-03 19:52:05,352 - wflow_sbm - wf_DynamicFramework_federico - DEBUG - timestep: 207/360.0 (2021-05-23 12:26:00)
2021-04-03 19:52:10,130 - wflow_sbm - wf_DynamicFramework_federico - INFO - saving maps
2021-04-03 19:52:10,892 - wflow_sbm - wf_DynamicFramework_federico - DEBUG - timestep: 208/360.0 (2021-05-23 12:27:00)
2021-04-03 19:52:15,772 - wflow_sbm - wf_DynamicFramework_federico - INFO - saving maps
2021-04-03 19:52:16,551 - wflow_sbm - wf_DynamicFramework_federico - DEBUG - timestep: 209/360.0 (2021-05-23 12:28:00)
2021-04-03 19:52:21,404 - wflow_sbm - wf_DynamicFramework_federico - INFO - saving maps
2021-04-03 19:52:22,189 - wflow_sbm - wf_DynamicFramework_federico - DEBUG - timestep: 210/360.0 (2021-05-23 12:29:00)
2021-04-03 19:52:26,863 - wflow_sbm - wf_DynamicFramework_federico - INFO - saving maps
2021-04-03 19:52:27,639 - wflow_sbm - wf_DynamicFramework_federico - DEBUG - timestep: 211/360.0 (2021-05-23 12:30:00)
2021-04-03 19:52:32,326 - wflow_sbm - wf_DynamicFramework_federico - INFO - saving maps
2021-04-03 19:52:33,109 - wflow_sbm - wf_DynamicFramework_federico - DEBUG - timestep: 212/360.0 (2021-05-23 12:31:00)
2021-04-03 19:52:37,921 - wflow_sbm - wf_DynamicFramework_federico - INFO - saving maps
2021-04-03 19:52:38,683 - wflow_sbm - wf_DynamicFramework_federico - DEBUG - timestep: 213/360.0 (2021-05-23 12:32:00)
2021-04-03 19:52:43,401 - wflow_sbm - wf_DynamicFramework_federico - INFO - saving maps
2021-04-03 19:52:44,112 - wflow_sbm - wf_DynamicFramework_federico - DEBUG - timestep: 214/360.0 (2021-05-23 12:33:00)
2021-04-03 19:52:48,984 - wflow_sbm - wf_DynamicFramework_federico - INFO - saving maps
2021-04-03 19:52:49,726 - wflow_sbm - wf_DynamicFramework_federico - DEBUG - timestep: 215/360.0 (2021-05-23 12:34:00)
2021-04-03 19:52:54,443 - wflow_sbm - wf_DynamicFramework_federico - INFO - saving maps
2021-04-03 19:52:55,206 - wflow_sbm - wf_DynamicFramework_federico - DEBUG - timestep: 216/360.0 (2021-05-23 12:35:00)
2021-04-03 19:53:00,039 - wflow_sbm - wf_DynamicFramework_federico - INFO - saving maps
2021-04-03 19:53:00,812 - wflow_sbm - wf_DynamicFramework_federico - DEBUG - timestep: 217/360.0 (2021-05-23 12:36:00)
2021-04-03 19:53:05,693 - wflow_sbm - wf_DynamicFramework_federico - INFO - saving maps
2021-04-03 19:53:06,469 - wflow_sbm - wf_DynamicFramework_federico - DEBUG - timestep: 218/360.0 (2021-05-23 12:37:00)
2021-04-03 19:53:11,153 - wflow_sbm - wf_DynamicFramework_federico - INFO - saving maps
2021-04-03 19:53:11,925 - wflow_sbm - wf_DynamicFramework_federico - DEBUG - timestep: 219/360.0 (2021-05-23 12:38:00)
2021-04-03 19:53:16,787 - wflow_sbm - wf_DynamicFramework_federico - INFO - saving maps
2021-04-03 19:53:17,547 - wflow_sbm - wf_DynamicFramework_federico - DEBUG - timestep: 220/360.0 (2021-05-23 12:39:00)
2021-04-03 19:53:22,298 - wflow_sbm - wf_DynamicFramework_federico - INFO - saving maps
2021-04-03 19:53:23,014 - wflow_sbm - wf_DynamicFramework_federico - DEBUG - timestep: 221/360.0 (2021-05-23 12:40:00)
2021-04-03 19:53:27,884 - wflow_sbm - wf_DynamicFramework_federico - INFO - saving maps
2021-04-03 19:53:28,631 - wflow_sbm - wf_DynamicFramework_federico - DEBUG - timestep: 222/360.0 (2021-05-23 12:41:00)
2021-04-03 19:53:33,384 - wflow_sbm - wf_DynamicFramework_federico - INFO - saving maps
2021-04-03 19:53:34,155 - wflow_sbm - wf_DynamicFramework_federico - DEBUG - timestep: 223/360.0 (2021-05-23 12:42:00)
2021-04-03 19:53:38,856 - wflow_sbm - wf_DynamicFramework_federico - INFO - saving maps
2021-04-03 19:53:39,638 - wflow_sbm - wf_DynamicFramework_federico - DEBUG - timestep: 224/360.0 (2021-05-23 12:43:00)
2021-04-03 19:53:44,414 - wflow_sbm - wf_DynamicFramework_federico - INFO - saving maps
2021-04-03 19:53:45,190 - wflow_sbm - wf_DynamicFramework_federico - DEBUG - timestep: 225/360.0 (2021-05-23 12:44:00)
2021-04-03 19:53:49,945 - wflow_sbm - wf_DynamicFramework_federico - INFO - saving maps
2021-04-03 19:53:50,722 - wflow_sbm - wf_DynamicFramework_federico - DEBUG - timestep: 226/360.0 (2021-05-23 12:45:00)
2021-04-03 19:53:55,770 - wflow_sbm - wf_DynamicFramework_federico - INFO - saving maps
2021-04-03 19:53:56,534 - wflow_sbm - wf_DynamicFramework_federico - DEBUG - timestep: 227/360.0 (2021-05-23 12:46:00)
2021-04-03 19:54:01,331 - wflow_sbm - wf_DynamicFramework_federico - INFO - saving maps
2021-04-03 19:54:02,045 - wflow_sbm - wf_DynamicFramework_federico - DEBUG - timestep: 228/360.0 (2021-05-23 12:47:00)
2021-04-03 19:54:06,762 - wflow_sbm - wf_DynamicFramework_federico - INFO - saving maps
2021-04-03 19:54:07,503 - wflow_sbm - wf_DynamicFramework_federico - DEBUG - timestep: 229/360.0 (2021-05-23 12:48:00)
2021-04-03 19:54:12,298 - wflow_sbm - wf_DynamicFramework_federico - INFO - saving maps
2021-04-03 19:54:13,068 - wflow_sbm - wf_DynamicFramework_federico - DEBUG - timestep: 230/360.0 (2021-05-23 12:49:00)
2021-04-03 19:54:17,826 - wflow_sbm - wf_DynamicFramework_federico - INFO - saving maps
2021-04-03 19:54:18,602 - wflow_sbm - wf_DynamicFramework_federico - DEBUG - timestep: 231/360.0 (2021-05-23 12:50:00)
2021-04-03 19:54:23,199 - wflow_sbm - wf_DynamicFramework_federico - INFO - saving maps
2021-04-03 19:54:23,975 - wflow_sbm - wf_DynamicFramework_federico - DEBUG - timestep: 232/360.0 (2021-05-23 12:51:00)
2021-04-03 19:54:28,795 - wflow_sbm - wf_DynamicFramework_federico - INFO - saving maps
2021-04-03 19:54:29,559 - wflow_sbm - wf_DynamicFramework_federico - DEBUG - timestep: 233/360.0 (2021-05-23 12:52:00)
2021-04-03 19:54:34,305 - wflow_sbm - wf_DynamicFramework_federico - INFO - saving maps
2021-04-03 19:54:35,073 - wflow_sbm - wf_DynamicFramework_federico - DEBUG - timestep: 234/360.0 (2021-05-23 12:53:00)
2021-04-03 19:54:39,900 - wflow_sbm - wf_DynamicFramework_federico - INFO - saving maps
2021-04-03 19:54:40,618 - wflow_sbm - wf_DynamicFramework_federico - DEBUG - timestep: 235/360.0 (2021-05-23 12:54:00)
2021-04-03 19:54:45,576 - wflow_sbm - wf_DynamicFramework_federico - INFO - saving maps
2021-04-03 19:54:46,326 - wflow_sbm - wf_DynamicFramework_federico - DEBUG - timestep: 236/360.0 (2021-05-23 12:55:00)
2021-04-03 19:54:51,025 - wflow_sbm - wf_DynamicFramework_federico - INFO - saving maps
2021-04-03 19:54:51,806 - wflow_sbm - wf_DynamicFramework_federico - DEBUG - timestep: 237/360.0 (2021-05-23 12:56:00)
2021-04-03 19:54:56,649 - wflow_sbm - wf_DynamicFramework_federico - INFO - saving maps
2021-04-03 19:54:57,430 - wflow_sbm - wf_DynamicFramework_federico - DEBUG - timestep: 238/360.0 (2021-05-23 12:57:00)
2021-04-03 19:55:02,166 - wflow_sbm - wf_DynamicFramework_federico - INFO - saving maps
2021-04-03 19:55:02,954 - wflow_sbm - wf_DynamicFramework_federico - DEBUG - timestep: 239/360.0 (2021-05-23 12:58:00)
2021-04-03 19:55:07,777 - wflow_sbm - wf_DynamicFramework_federico - INFO - saving maps
2021-04-03 19:55:08,553 - wflow_sbm - wf_DynamicFramework_federico - DEBUG - timestep: 240/360.0 (2021-05-23 12:59:00)
2021-04-03 19:55:13,310 - wflow_sbm - wf_DynamicFramework_federico - INFO - saving maps
2021-04-03 19:55:14,086 - wflow_sbm - wf_DynamicFramework_federico - DEBUG - timestep: 241/360.0 (2021-05-23 13:00:00)
2021-04-03 19:55:18,815 - wflow_sbm - wf_DynamicFramework_federico - INFO - saving maps
2021-04-03 19:55:19,525 - wflow_sbm - wf_DynamicFramework_federico - DEBUG - timestep: 242/360.0 (2021-05-23 13:01:00)
2021-04-03 19:55:24,369 - wflow_sbm - wf_DynamicFramework_federico - INFO - saving maps
2021-04-03 19:55:25,125 - wflow_sbm - wf_DynamicFramework_federico - DEBUG - timestep: 243/360.0 (2021-05-23 13:02:00)
2021-04-03 19:55:29,971 - wflow_sbm - wf_DynamicFramework_federico - INFO - saving maps
2021-04-03 19:55:30,749 - wflow_sbm - wf_DynamicFramework_federico - DEBUG - timestep: 244/360.0 (2021-05-23 13:03:00)
2021-04-03 19:55:35,788 - wflow_sbm - wf_DynamicFramework_federico - INFO - saving maps
2021-04-03 19:55:36,562 - wflow_sbm - wf_DynamicFramework_federico - DEBUG - timestep: 245/360.0 (2021-05-23 13:04:00)
2021-04-03 19:55:41,307 - wflow_sbm - wf_DynamicFramework_federico - INFO - saving maps
2021-04-03 19:55:42,091 - wflow_sbm - wf_DynamicFramework_federico - DEBUG - timestep: 246/360.0 (2021-05-23 13:05:00)
2021-04-03 19:55:46,867 - wflow_sbm - wf_DynamicFramework_federico - INFO - saving maps
2021-04-03 19:55:47,590 - wflow_sbm - wf_DynamicFramework_federico - DEBUG - timestep: 247/360.0 (2021-05-23 13:06:00)
2021-04-03 19:55:52,443 - wflow_sbm - wf_DynamicFramework_federico - INFO - saving maps
2021-04-03 19:55:53,221 - wflow_sbm - wf_DynamicFramework_federico - DEBUG - timestep: 248/360.0 (2021-05-23 13:07:00)
2021-04-03 19:55:58,269 - wflow_sbm - wf_DynamicFramework_federico - INFO - saving maps
2021-04-03 19:55:58,998 - wflow_sbm - wf_DynamicFramework_federico - DEBUG - timestep: 249/360.0 (2021-05-23 13:08:00)
2021-04-03 19:56:03,806 - wflow_sbm - wf_DynamicFramework_federico - INFO - saving maps
2021-04-03 19:56:04,572 - wflow_sbm - wf_DynamicFramework_federico - DEBUG - timestep: 250/360.0 (2021-05-23 13:09:00)
2021-04-03 19:56:09,454 - wflow_sbm - wf_DynamicFramework_federico - INFO - saving maps
2021-04-03 19:56:10,252 - wflow_sbm - wf_DynamicFramework_federico - DEBUG - timestep: 251/360.0 (2021-05-23 13:10:00)
2021-04-03 19:56:14,954 - wflow_sbm - wf_DynamicFramework_federico - INFO - saving maps
2021-04-03 19:56:15,754 - wflow_sbm - wf_DynamicFramework_federico - DEBUG - timestep: 252/360.0 (2021-05-23 13:11:00)
2021-04-03 19:56:20,810 - wflow_sbm - wf_DynamicFramework_federico - INFO - saving maps
2021-04-03 19:56:21,599 - wflow_sbm - wf_DynamicFramework_federico - DEBUG - timestep: 253/360.0 (2021-05-23 13:12:00)
2021-04-03 19:56:26,356 - wflow_sbm - wf_DynamicFramework_federico - INFO - saving maps
2021-04-03 19:56:27,145 - wflow_sbm - wf_DynamicFramework_federico - DEBUG - timestep: 254/360.0 (2021-05-23 13:13:00)
2021-04-03 19:56:31,860 - wflow_sbm - wf_DynamicFramework_federico - INFO - saving maps
2021-04-03 19:56:32,627 - wflow_sbm - wf_DynamicFramework_federico - DEBUG - timestep: 255/360.0 (2021-05-23 13:14:00)
2021-04-03 19:56:37,308 - wflow_sbm - wf_DynamicFramework_federico - INFO - saving maps
2021-04-03 19:56:38,028 - wflow_sbm - wf_DynamicFramework_federico - DEBUG - timestep: 256/360.0 (2021-05-23 13:15:00)
2021-04-03 19:56:42,898 - wflow_sbm - wf_DynamicFramework_federico - INFO - saving maps
2021-04-03 19:56:43,651 - wflow_sbm - wf_DynamicFramework_federico - DEBUG - timestep: 257/360.0 (2021-05-23 13:16:00)
2021-04-03 19:56:48,469 - wflow_sbm - wf_DynamicFramework_federico - INFO - saving maps
2021-04-03 19:56:49,255 - wflow_sbm - wf_DynamicFramework_federico - DEBUG - timestep: 258/360.0 (2021-05-23 13:17:00)
2021-04-03 19:56:54,026 - wflow_sbm - wf_DynamicFramework_federico - INFO - saving maps
2021-04-03 19:56:54,813 - wflow_sbm - wf_DynamicFramework_federico - DEBUG - timestep: 259/360.0 (2021-05-23 13:18:00)
2021-04-03 19:56:59,406 - wflow_sbm - wf_DynamicFramework_federico - INFO - saving maps
2021-04-03 19:57:00,191 - wflow_sbm - wf_DynamicFramework_federico - DEBUG - timestep: 260/360.0 (2021-05-23 13:19:00)
2021-04-03 19:57:05,231 - wflow_sbm - wf_DynamicFramework_federico - INFO - saving maps
2021-04-03 19:57:06,001 - wflow_sbm - wf_DynamicFramework_federico - DEBUG - timestep: 261/360.0 (2021-05-23 13:20:00)
2021-04-03 19:57:10,618 - wflow_sbm - wf_DynamicFramework_federico - INFO - saving maps
2021-04-03 19:57:11,382 - wflow_sbm - wf_DynamicFramework_federico - DEBUG - timestep: 262/360.0 (2021-05-23 13:21:00)
2021-04-03 19:57:16,206 - wflow_sbm - wf_DynamicFramework_federico - INFO - saving maps
2021-04-03 19:57:16,932 - wflow_sbm - wf_DynamicFramework_federico - DEBUG - timestep: 263/360.0 (2021-05-23 13:22:00)
2021-04-03 19:57:21,692 - wflow_sbm - wf_DynamicFramework_federico - INFO - saving maps
2021-04-03 19:57:22,446 - wflow_sbm - wf_DynamicFramework_federico - DEBUG - timestep: 264/360.0 (2021-05-23 13:23:00)
2021-04-03 19:57:27,132 - wflow_sbm - wf_DynamicFramework_federico - INFO - saving maps
2021-04-03 19:57:27,895 - wflow_sbm - wf_DynamicFramework_federico - DEBUG - timestep: 265/360.0 (2021-05-23 13:24:00)
2021-04-03 19:57:32,711 - wflow_sbm - wf_DynamicFramework_federico - INFO - saving maps
2021-04-03 19:57:33,479 - wflow_sbm - wf_DynamicFramework_federico - DEBUG - timestep: 266/360.0 (2021-05-23 13:25:00)
2021-04-03 19:57:38,184 - wflow_sbm - wf_DynamicFramework_federico - INFO - saving maps
2021-04-03 19:57:38,967 - wflow_sbm - wf_DynamicFramework_federico - DEBUG - timestep: 267/360.0 (2021-05-23 13:26:00)
2021-04-03 19:57:43,766 - wflow_sbm - wf_DynamicFramework_federico - INFO - saving maps
2021-04-03 19:57:44,539 - wflow_sbm - wf_DynamicFramework_federico - DEBUG - timestep: 268/360.0 (2021-05-23 13:27:00)
2021-04-03 19:57:49,261 - wflow_sbm - wf_DynamicFramework_federico - INFO - saving maps
2021-04-03 19:57:50,039 - wflow_sbm - wf_DynamicFramework_federico - DEBUG - timestep: 269/360.0 (2021-05-23 13:28:00)
2021-04-03 19:57:54,709 - wflow_sbm - wf_DynamicFramework_federico - INFO - saving maps
2021-04-03 19:57:55,571 - wflow_sbm - wf_DynamicFramework_federico - DEBUG - timestep: 270/360.0 (2021-05-23 13:29:00)
2021-04-03 19:58:00,598 - wflow_sbm - wf_DynamicFramework_federico - INFO - saving maps
2021-04-03 19:58:01,374 - wflow_sbm - wf_DynamicFramework_federico - DEBUG - timestep: 271/360.0 (2021-05-23 13:30:00)
2021-04-03 19:58:06,248 - wflow_sbm - wf_DynamicFramework_federico - INFO - saving maps
2021-04-03 19:58:07,061 - wflow_sbm - wf_DynamicFramework_federico - DEBUG - timestep: 272/360.0 (2021-05-23 13:31:00)
2021-04-03 19:58:12,040 - wflow_sbm - wf_DynamicFramework_federico - INFO - saving maps
2021-04-03 19:58:12,837 - wflow_sbm - wf_DynamicFramework_federico - DEBUG - timestep: 273/360.0 (2021-05-23 13:32:00)
2021-04-03 19:58:17,566 - wflow_sbm - wf_DynamicFramework_federico - INFO - saving maps
2021-04-03 19:58:18,356 - wflow_sbm - wf_DynamicFramework_federico - DEBUG - timestep: 274/360.0 (2021-05-23 13:33:00)
2021-04-03 19:58:23,064 - wflow_sbm - wf_DynamicFramework_federico - INFO - saving maps
2021-04-03 19:58:23,847 - wflow_sbm - wf_DynamicFramework_federico - DEBUG - timestep: 275/360.0 (2021-05-23 13:34:00)
2021-04-03 19:58:28,871 - wflow_sbm - wf_DynamicFramework_federico - INFO - saving maps
2021-04-03 19:58:29,661 - wflow_sbm - wf_DynamicFramework_federico - DEBUG - timestep: 276/360.0 (2021-05-23 13:35:00)
2021-04-03 19:58:34,699 - wflow_sbm - wf_DynamicFramework_federico - INFO - saving maps
2021-04-03 19:58:35,443 - wflow_sbm - wf_DynamicFramework_federico - DEBUG - timestep: 277/360.0 (2021-05-23 13:36:00)
2021-04-03 19:58:40,120 - wflow_sbm - wf_DynamicFramework_federico - INFO - saving maps
2021-04-03 19:58:40,884 - wflow_sbm - wf_DynamicFramework_federico - DEBUG - timestep: 278/360.0 (2021-05-23 13:37:00)
2021-04-03 19:58:45,811 - wflow_sbm - wf_DynamicFramework_federico - INFO - saving maps
2021-04-03 19:58:46,599 - wflow_sbm - wf_DynamicFramework_federico - DEBUG - timestep: 279/360.0 (2021-05-23 13:38:00)
2021-04-03 19:58:51,360 - wflow_sbm - wf_DynamicFramework_federico - INFO - saving maps
2021-04-03 19:58:52,145 - wflow_sbm - wf_DynamicFramework_federico - DEBUG - timestep: 280/360.0 (2021-05-23 13:39:00)
2021-04-03 19:58:56,785 - wflow_sbm - wf_DynamicFramework_federico - INFO - saving maps
2021-04-03 19:58:57,568 - wflow_sbm - wf_DynamicFramework_federico - DEBUG - timestep: 281/360.0 (2021-05-23 13:40:00)
2021-04-03 19:59:02,220 - wflow_sbm - wf_DynamicFramework_federico - INFO - saving maps
2021-04-03 19:59:02,994 - wflow_sbm - wf_DynamicFramework_federico - DEBUG - timestep: 282/360.0 (2021-05-23 13:41:00)
2021-04-03 19:59:07,633 - wflow_sbm - wf_DynamicFramework_federico - INFO - saving maps
2021-04-03 19:59:08,393 - wflow_sbm - wf_DynamicFramework_federico - DEBUG - timestep: 283/360.0 (2021-05-23 13:42:00)
2021-04-03 19:59:13,234 - wflow_sbm - wf_DynamicFramework_federico - INFO - saving maps
2021-04-03 19:59:13,953 - wflow_sbm - wf_DynamicFramework_federico - DEBUG - timestep: 284/360.0 (2021-05-23 13:43:00)
2021-04-03 19:59:18,618 - wflow_sbm - wf_DynamicFramework_federico - INFO - saving maps
2021-04-03 19:59:19,382 - wflow_sbm - wf_DynamicFramework_federico - DEBUG - timestep: 285/360.0 (2021-05-23 13:44:00)
2021-04-03 19:59:24,135 - wflow_sbm - wf_DynamicFramework_federico - INFO - saving maps
2021-04-03 19:59:24,915 - wflow_sbm - wf_DynamicFramework_federico - DEBUG - timestep: 286/360.0 (2021-05-23 13:45:00)
2021-04-03 19:59:29,887 - wflow_sbm - wf_DynamicFramework_federico - INFO - saving maps
2021-04-03 19:59:30,689 - wflow_sbm - wf_DynamicFramework_federico - DEBUG - timestep: 287/360.0 (2021-05-23 13:46:00)
2021-04-03 19:59:35,460 - wflow_sbm - wf_DynamicFramework_federico - INFO - saving maps
2021-04-03 19:59:36,271 - wflow_sbm - wf_DynamicFramework_federico - DEBUG - timestep: 288/360.0 (2021-05-23 13:47:00)
2021-04-03 19:59:41,205 - wflow_sbm - wf_DynamicFramework_federico - INFO - saving maps
2021-04-03 19:59:41,986 - wflow_sbm - wf_DynamicFramework_federico - DEBUG - timestep: 289/360.0 (2021-05-23 13:48:00)
2021-04-03 19:59:46,697 - wflow_sbm - wf_DynamicFramework_federico - INFO - saving maps
2021-04-03 19:59:47,478 - wflow_sbm - wf_DynamicFramework_federico - DEBUG - timestep: 290/360.0 (2021-05-23 13:49:00)
2021-04-03 19:59:52,327 - wflow_sbm - wf_DynamicFramework_federico - INFO - saving maps
2021-04-03 19:59:53,052 - wflow_sbm - wf_DynamicFramework_federico - DEBUG - timestep: 291/360.0 (2021-05-23 13:50:00)
2021-04-03 19:59:57,846 - wflow_sbm - wf_DynamicFramework_federico - INFO - saving maps
2021-04-03 19:59:58,607 - wflow_sbm - wf_DynamicFramework_federico - DEBUG - timestep: 292/360.0 (2021-05-23 13:51:00)
2021-04-03 20:00:03,409 - wflow_sbm - wf_DynamicFramework_federico - INFO - saving maps
2021-04-03 20:00:04,186 - wflow_sbm - wf_DynamicFramework_federico - DEBUG - timestep: 293/360.0 (2021-05-23 13:52:00)
2021-04-03 20:00:09,098 - wflow_sbm - wf_DynamicFramework_federico - INFO - saving maps
2021-04-03 20:00:09,880 - wflow_sbm - wf_DynamicFramework_federico - DEBUG - timestep: 294/360.0 (2021-05-23 13:53:00)
2021-04-03 20:00:14,740 - wflow_sbm - wf_DynamicFramework_federico - INFO - saving maps
2021-04-03 20:00:15,529 - wflow_sbm - wf_DynamicFramework_federico - DEBUG - timestep: 295/360.0 (2021-05-23 13:54:00)
2021-04-03 20:00:20,164 - wflow_sbm - wf_DynamicFramework_federico - INFO - saving maps
2021-04-03 20:00:20,938 - wflow_sbm - wf_DynamicFramework_federico - DEBUG - timestep: 296/360.0 (2021-05-23 13:55:00)
2021-04-03 20:00:25,824 - wflow_sbm - wf_DynamicFramework_federico - INFO - saving maps
2021-04-03 20:00:26,596 - wflow_sbm - wf_DynamicFramework_federico - DEBUG - timestep: 297/360.0 (2021-05-23 13:56:00)
2021-04-03 20:00:31,255 - wflow_sbm - wf_DynamicFramework_federico - INFO - saving maps
2021-04-03 20:00:31,979 - wflow_sbm - wf_DynamicFramework_federico - DEBUG - timestep: 298/360.0 (2021-05-23 13:57:00)
2021-04-03 20:00:36,826 - wflow_sbm - wf_DynamicFramework_federico - INFO - saving maps
2021-04-03 20:00:37,575 - wflow_sbm - wf_DynamicFramework_federico - DEBUG - timestep: 299/360.0 (2021-05-23 13:58:00)
2021-04-03 20:00:42,234 - wflow_sbm - wf_DynamicFramework_federico - INFO - saving maps
2021-04-03 20:00:43,008 - wflow_sbm - wf_DynamicFramework_federico - DEBUG - timestep: 300/360.0 (2021-05-23 13:59:00)
2021-04-03 20:00:47,878 - wflow_sbm - wf_DynamicFramework_federico - INFO - saving maps
2021-04-03 20:00:48,662 - wflow_sbm - wf_DynamicFramework_federico - DEBUG - timestep: 301/360.0 (2021-05-23 14:00:00)
2021-04-03 20:00:53,274 - wflow_sbm - wf_DynamicFramework_federico - INFO - saving maps
2021-04-03 20:00:54,051 - wflow_sbm - wf_DynamicFramework_federico - DEBUG - timestep: 302/360.0 (2021-05-23 14:01:00)
2021-04-03 20:00:58,719 - wflow_sbm - wf_DynamicFramework_federico - INFO - saving maps
2021-04-03 20:00:59,489 - wflow_sbm - wf_DynamicFramework_federico - DEBUG - timestep: 303/360.0 (2021-05-23 14:02:00)
2021-04-03 20:01:04,147 - wflow_sbm - wf_DynamicFramework_federico - INFO - saving maps
2021-04-03 20:01:04,928 - wflow_sbm - wf_DynamicFramework_federico - DEBUG - timestep: 304/360.0 (2021-05-23 14:03:00)
2021-04-03 20:01:09,707 - wflow_sbm - wf_DynamicFramework_federico - INFO - saving maps
2021-04-03 20:01:10,436 - wflow_sbm - wf_DynamicFramework_federico - DEBUG - timestep: 305/360.0 (2021-05-23 14:04:00)
2021-04-03 20:01:15,104 - wflow_sbm - wf_DynamicFramework_federico - INFO - saving maps
2021-04-03 20:01:15,858 - wflow_sbm - wf_DynamicFramework_federico - DEBUG - timestep: 306/360.0 (2021-05-23 14:05:00)
2021-04-03 20:01:20,850 - wflow_sbm - wf_DynamicFramework_federico - INFO - saving maps
2021-04-03 20:01:21,630 - wflow_sbm - wf_DynamicFramework_federico - DEBUG - timestep: 307/360.0 (2021-05-23 14:06:00)
2021-04-03 20:01:26,336 - wflow_sbm - wf_DynamicFramework_federico - INFO - saving maps
2021-04-03 20:01:27,117 - wflow_sbm - wf_DynamicFramework_federico - DEBUG - timestep: 308/360.0 (2021-05-23 14:07:00)
2021-04-03 20:01:31,726 - wflow_sbm - wf_DynamicFramework_federico - INFO - saving maps
2021-04-03 20:01:32,517 - wflow_sbm - wf_DynamicFramework_federico - DEBUG - timestep: 309/360.0 (2021-05-23 14:08:00)
2021-04-03 20:01:37,320 - wflow_sbm - wf_DynamicFramework_federico - INFO - saving maps
2021-04-03 20:01:38,089 - wflow_sbm - wf_DynamicFramework_federico - DEBUG - timestep: 310/360.0 (2021-05-23 14:09:00)
2021-04-03 20:01:42,852 - wflow_sbm - wf_DynamicFramework_federico - INFO - saving maps
2021-04-03 20:01:43,610 - wflow_sbm - wf_DynamicFramework_federico - DEBUG - timestep: 311/360.0 (2021-05-23 14:10:00)
2021-04-03 20:01:48,313 - wflow_sbm - wf_DynamicFramework_federico - INFO - saving maps
2021-04-03 20:01:49,033 - wflow_sbm - wf_DynamicFramework_federico - DEBUG - timestep: 312/360.0 (2021-05-23 14:11:00)
2021-04-03 20:01:53,722 - wflow_sbm - wf_DynamicFramework_federico - INFO - saving maps
2021-04-03 20:01:54,477 - wflow_sbm - wf_DynamicFramework_federico - DEBUG - timestep: 313/360.0 (2021-05-23 14:12:00)
2021-04-03 20:01:59,151 - wflow_sbm - wf_DynamicFramework_federico - INFO - saving maps
2021-04-03 20:01:59,927 - wflow_sbm - wf_DynamicFramework_federico - DEBUG - timestep: 314/360.0 (2021-05-23 14:13:00)
2021-04-03 20:02:04,580 - wflow_sbm - wf_DynamicFramework_federico - INFO - saving maps
2021-04-03 20:02:05,348 - wflow_sbm - wf_DynamicFramework_federico - DEBUG - timestep: 315/360.0 (2021-05-23 14:14:00)
2021-04-03 20:02:10,063 - wflow_sbm - wf_DynamicFramework_federico - INFO - saving maps
2021-04-03 20:02:10,853 - wflow_sbm - wf_DynamicFramework_federico - DEBUG - timestep: 316/360.0 (2021-05-23 14:15:00)
2021-04-03 20:02:15,871 - wflow_sbm - wf_DynamicFramework_federico - INFO - saving maps
2021-04-03 20:02:16,643 - wflow_sbm - wf_DynamicFramework_federico - DEBUG - timestep: 317/360.0 (2021-05-23 14:16:00)
2021-04-03 20:02:21,402 - wflow_sbm - wf_DynamicFramework_federico - INFO - saving maps
2021-04-03 20:02:22,169 - wflow_sbm - wf_DynamicFramework_federico - DEBUG - timestep: 318/360.0 (2021-05-23 14:17:00)
2021-04-03 20:02:26,861 - wflow_sbm - wf_DynamicFramework_federico - INFO - saving maps
2021-04-03 20:02:27,577 - wflow_sbm - wf_DynamicFramework_federico - DEBUG - timestep: 319/360.0 (2021-05-23 14:18:00)
2021-04-03 20:02:32,373 - wflow_sbm - wf_DynamicFramework_federico - INFO - saving maps
2021-04-03 20:02:33,118 - wflow_sbm - wf_DynamicFramework_federico - DEBUG - timestep: 320/360.0 (2021-05-23 14:19:00)
2021-04-03 20:02:37,894 - wflow_sbm - wf_DynamicFramework_federico - INFO - saving maps
2021-04-03 20:02:38,669 - wflow_sbm - wf_DynamicFramework_federico - DEBUG - timestep: 321/360.0 (2021-05-23 14:20:00)
2021-04-03 20:02:43,337 - wflow_sbm - wf_DynamicFramework_federico - INFO - saving maps
2021-04-03 20:02:44,115 - wflow_sbm - wf_DynamicFramework_federico - DEBUG - timestep: 322/360.0 (2021-05-23 14:21:00)
2021-04-03 20:02:48,843 - wflow_sbm - wf_DynamicFramework_federico - INFO - saving maps
2021-04-03 20:02:49,622 - wflow_sbm - wf_DynamicFramework_federico - DEBUG - timestep: 323/360.0 (2021-05-23 14:22:00)
2021-04-03 20:02:54,355 - wflow_sbm - wf_DynamicFramework_federico - INFO - saving maps
2021-04-03 20:02:55,128 - wflow_sbm - wf_DynamicFramework_federico - DEBUG - timestep: 324/360.0 (2021-05-23 14:23:00)
2021-04-03 20:02:59,953 - wflow_sbm - wf_DynamicFramework_federico - INFO - saving maps
2021-04-03 20:03:00,711 - wflow_sbm - wf_DynamicFramework_federico - DEBUG - timestep: 325/360.0 (2021-05-23 14:24:00)
2021-04-03 20:03:05,727 - wflow_sbm - wf_DynamicFramework_federico - INFO - saving maps
2021-04-03 20:03:06,443 - wflow_sbm - wf_DynamicFramework_federico - DEBUG - timestep: 326/360.0 (2021-05-23 14:25:00)
2021-04-03 20:03:11,106 - wflow_sbm - wf_DynamicFramework_federico - INFO - saving maps
2021-04-03 20:03:11,829 - wflow_sbm - wf_DynamicFramework_federico - DEBUG - timestep: 327/360.0 (2021-05-23 14:26:00)
2021-04-03 20:03:16,569 - wflow_sbm - wf_DynamicFramework_federico - INFO - saving maps
2021-04-03 20:03:17,323 - wflow_sbm - wf_DynamicFramework_federico - DEBUG - timestep: 328/360.0 (2021-05-23 14:27:00)
2021-04-03 20:03:22,106 - wflow_sbm - wf_DynamicFramework_federico - INFO - saving maps
2021-04-03 20:03:22,870 - wflow_sbm - wf_DynamicFramework_federico - DEBUG - timestep: 329/360.0 (2021-05-23 14:28:00)
2021-04-03 20:03:27,650 - wflow_sbm - wf_DynamicFramework_federico - INFO - saving maps
2021-04-03 20:03:28,430 - wflow_sbm - wf_DynamicFramework_federico - DEBUG - timestep: 330/360.0 (2021-05-23 14:29:00)
2021-04-03 20:03:33,192 - wflow_sbm - wf_DynamicFramework_federico - INFO - saving maps
2021-04-03 20:03:33,961 - wflow_sbm - wf_DynamicFramework_federico - DEBUG - timestep: 331/360.0 (2021-05-23 14:30:00)
2021-04-03 20:03:38,669 - wflow_sbm - wf_DynamicFramework_federico - INFO - saving maps
2021-04-03 20:03:39,442 - wflow_sbm - wf_DynamicFramework_federico - DEBUG - timestep: 332/360.0 (2021-05-23 14:31:00)
2021-04-03 20:03:44,217 - wflow_sbm - wf_DynamicFramework_federico - INFO - saving maps
2021-04-03 20:03:45,063 - wflow_sbm - wf_DynamicFramework_federico - DEBUG - timestep: 333/360.0 (2021-05-23 14:32:00)
2021-04-03 20:03:49,840 - wflow_sbm - wf_DynamicFramework_federico - INFO - saving maps
2021-04-03 20:03:50,587 - wflow_sbm - wf_DynamicFramework_federico - DEBUG - timestep: 334/360.0 (2021-05-23 14:33:00)
2021-04-03 20:03:55,275 - wflow_sbm - wf_DynamicFramework_federico - INFO - saving maps
2021-04-03 20:03:56,064 - wflow_sbm - wf_DynamicFramework_federico - DEBUG - timestep: 335/360.0 (2021-05-23 14:34:00)
2021-04-03 20:04:01,259 - wflow_sbm - wf_DynamicFramework_federico - INFO - saving maps
2021-04-03 20:04:02,162 - wflow_sbm - wf_DynamicFramework_federico - DEBUG - timestep: 336/360.0 (2021-05-23 14:35:00)
2021-04-03 20:04:06,731 - wflow_sbm - wf_DynamicFramework_federico - INFO - saving maps
2021-04-03 20:04:07,509 - wflow_sbm - wf_DynamicFramework_federico - DEBUG - timestep: 337/360.0 (2021-05-23 14:36:00)
2021-04-03 20:04:12,240 - wflow_sbm - wf_DynamicFramework_federico - INFO - saving maps
2021-04-03 20:04:12,999 - wflow_sbm - wf_DynamicFramework_federico - DEBUG - timestep: 338/360.0 (2021-05-23 14:37:00)
2021-04-03 20:04:17,834 - wflow_sbm - wf_DynamicFramework_federico - INFO - saving maps
2021-04-03 20:04:18,595 - wflow_sbm - wf_DynamicFramework_federico - DEBUG - timestep: 339/360.0 (2021-05-23 14:38:00)
2021-04-03 20:04:23,383 - wflow_sbm - wf_DynamicFramework_federico - INFO - saving maps
2021-04-03 20:04:24,102 - wflow_sbm - wf_DynamicFramework_federico - DEBUG - timestep: 340/360.0 (2021-05-23 14:39:00)
2021-04-03 20:04:28,940 - wflow_sbm - wf_DynamicFramework_federico - INFO - saving maps
2021-04-03 20:04:29,705 - wflow_sbm - wf_DynamicFramework_federico - DEBUG - timestep: 341/360.0 (2021-05-23 14:40:00)
2021-04-03 20:04:34,429 - wflow_sbm - wf_DynamicFramework_federico - INFO - saving maps
2021-04-03 20:04:35,210 - wflow_sbm - wf_DynamicFramework_federico - DEBUG - timestep: 342/360.0 (2021-05-23 14:41:00)
2021-04-03 20:04:40,054 - wflow_sbm - wf_DynamicFramework_federico - INFO - saving maps
2021-04-03 20:04:40,842 - wflow_sbm - wf_DynamicFramework_federico - DEBUG - timestep: 343/360.0 (2021-05-23 14:42:00)
2021-04-03 20:04:45,791 - wflow_sbm - wf_DynamicFramework_federico - INFO - saving maps
2021-04-03 20:04:46,572 - wflow_sbm - wf_DynamicFramework_federico - DEBUG - timestep: 344/360.0 (2021-05-23 14:43:00)
2021-04-03 20:04:51,246 - wflow_sbm - wf_DynamicFramework_federico - INFO - saving maps
2021-04-03 20:04:52,024 - wflow_sbm - wf_DynamicFramework_federico - DEBUG - timestep: 345/360.0 (2021-05-23 14:44:00)
2021-04-03 20:04:56,849 - wflow_sbm - wf_DynamicFramework_federico - INFO - saving maps
2021-04-03 20:04:57,613 - wflow_sbm - wf_DynamicFramework_federico - DEBUG - timestep: 346/360.0 (2021-05-23 14:45:00)
2021-04-03 20:05:02,381 - wflow_sbm - wf_DynamicFramework_federico - INFO - saving maps
2021-04-03 20:05:03,096 - wflow_sbm - wf_DynamicFramework_federico - DEBUG - timestep: 347/360.0 (2021-05-23 14:46:00)
2021-04-03 20:05:07,920 - wflow_sbm - wf_DynamicFramework_federico - INFO - saving maps
2021-04-03 20:05:08,666 - wflow_sbm - wf_DynamicFramework_federico - DEBUG - timestep: 348/360.0 (2021-05-23 14:47:00)
2021-04-03 20:05:13,536 - wflow_sbm - wf_DynamicFramework_federico - INFO - saving maps
2021-04-03 20:05:14,302 - wflow_sbm - wf_DynamicFramework_federico - DEBUG - timestep: 349/360.0 (2021-05-23 14:48:00)
2021-04-03 20:05:19,014 - wflow_sbm - wf_DynamicFramework_federico - INFO - saving maps
2021-04-03 20:05:19,792 - wflow_sbm - wf_DynamicFramework_federico - DEBUG - timestep: 350/360.0 (2021-05-23 14:49:00)
2021-04-03 20:05:24,480 - wflow_sbm - wf_DynamicFramework_federico - INFO - saving maps
2021-04-03 20:05:25,280 - wflow_sbm - wf_DynamicFramework_federico - DEBUG - timestep: 351/360.0 (2021-05-23 14:50:00)
2021-04-03 20:05:29,870 - wflow_sbm - wf_DynamicFramework_federico - INFO - saving maps
2021-04-03 20:05:30,651 - wflow_sbm - wf_DynamicFramework_federico - DEBUG - timestep: 352/360.0 (2021-05-23 14:51:00)
2021-04-03 20:05:35,315 - wflow_sbm - wf_DynamicFramework_federico - INFO - saving maps
2021-04-03 20:05:36,082 - wflow_sbm - wf_DynamicFramework_federico - DEBUG - timestep: 353/360.0 (2021-05-23 14:52:00)
2021-04-03 20:05:40,762 - wflow_sbm - wf_DynamicFramework_federico - INFO - saving maps
2021-04-03 20:05:41,488 - wflow_sbm - wf_DynamicFramework_federico - DEBUG - timestep: 354/360.0 (2021-05-23 14:53:00)
2021-04-03 20:05:46,151 - wflow_sbm - wf_DynamicFramework_federico - INFO - saving maps
2021-04-03 20:05:46,906 - wflow_sbm - wf_DynamicFramework_federico - DEBUG - timestep: 355/360.0 (2021-05-23 14:54:00)
2021-04-03 20:05:51,711 - wflow_sbm - wf_DynamicFramework_federico - INFO - saving maps
2021-04-03 20:05:52,479 - wflow_sbm - wf_DynamicFramework_federico - DEBUG - timestep: 356/360.0 (2021-05-23 14:55:00)
2021-04-03 20:05:57,191 - wflow_sbm - wf_DynamicFramework_federico - INFO - saving maps
2021-04-03 20:05:57,958 - wflow_sbm - wf_DynamicFramework_federico - DEBUG - timestep: 357/360.0 (2021-05-23 14:56:00)
2021-04-03 20:06:02,620 - wflow_sbm - wf_DynamicFramework_federico - INFO - saving maps
2021-04-03 20:06:03,409 - wflow_sbm - wf_DynamicFramework_federico - DEBUG - timestep: 358/360.0 (2021-05-23 14:57:00)
2021-04-03 20:06:08,240 - wflow_sbm - wf_DynamicFramework_federico - INFO - saving maps
2021-04-03 20:06:09,007 - wflow_sbm - wf_DynamicFramework_federico - DEBUG - timestep: 359/360.0 (2021-05-23 14:58:00)
2021-04-03 20:06:13,738 - wflow_sbm - wf_DynamicFramework_federico - INFO - saving maps
2021-04-03 20:06:14,514 - wflow_sbm - wf_DynamicFramework_federico - DEBUG - timestep: 360/360.0 (2021-05-23 14:59:00)
2021-04-03 20:06:14,514 - wflow_sbm - wflow_sbm_federico - INFO - Saving initial conditions...
2021-04-03 20:06:16,041 - wflow_sbm - wf_DynamicFramework_federico - INFO - Saving summary maps to disk...
