2021-04-03 19:33:07,462 - wflow_sbm - pcrut - DEBUG - File logging to /Users/antolini/paper1/hewett_ts1min_70mm1_0mm5/DS1_300916_par/wflow.log
2021-04-03 19:33:07,462 - wflow_sbm - wf_DynamicFramework_federico - INFO - wflow_sbm 2020.1.1 Case: /Users/antolini/paper1/hewett_ts1min_70mm1_0mm5 Runid: DS1_300916_par
2021-04-03 19:33:07,462 - wflow_sbm - wf_DynamicFramework_federico - INFO - Initialise framework version: 2020.1.1
2021-04-03 19:33:07,466 - wflow_sbm - wf_DynamicFramework_federico - WARNING - Ini file made for sbm but found __main__ in code.
2021-04-03 19:33:10,603 - wflow_sbm - wf_DynamicFramework_federico - INFO - Adding csv output at /Users/antolini/paper1/hewett_ts1min_70mm1_0mm5/staticmaps/step2/wflow_subcatch.map function: average
2021-04-03 19:33:10,634 - wflow_sbm - wf_DynamicFramework_federico - INFO - Adding csv output at /Users/antolini/paper1/hewett_ts1min_70mm1_0mm5/staticmaps/step2/wflow_gauges.map function: maximum
2021-04-03 19:33:10,662 - wflow_sbm - wf_DynamicFramework_federico - INFO - Adding csv output at /Users/antolini/paper1/hewett_ts1min_70mm1_0mm5/staticmaps/step2/wflow_gauges.map function: average
2021-04-03 19:33:10,699 - wflow_sbm - wf_DynamicFramework_federico - INFO - Adding csv output at /Users/antolini/paper1/hewett_ts1min_70mm1_0mm5/DS1_300916_par/reservoirs/ReservoirLocs_DS1_300916_par.map function: average
2021-04-03 19:33:10,728 - wflow_sbm - wf_DynamicFramework_federico - INFO - Adding tss output at /Users/antolini/paper1/hewett_ts1min_70mm1_0mm5/staticmaps/step2/wflow_gauges.map function: average
2021-04-03 19:33:10,729 - wflow_sbm - wflow_sbm_federico - INFO - running for 360 timesteps
2021-04-03 19:33:10,773 - wflow_sbm - wf_DynamicFramework_federico - DEBUG - Static input data (/Users/antolini/paper1/hewett_ts1min_70mm1_0mm5/staticmaps/step2/wflow_riverlength.map)  not present, returning 0.0
2021-04-03 19:33:10,836 - wflow_sbm - wf_DynamicFramework_federico - DEBUG - Static input data (/Users/antolini/paper1/hewett_ts1min_70mm1_0mm5/staticmaps/step2/wflow_inflow.map)  not present, returning 0.0
2021-04-03 19:33:10,867 - wflow_sbm - wf_DynamicFramework_federico - DEBUG - Static input data (/Users/antolini/paper1/hewett_ts1min_70mm1_0mm5\staticmaps/wflow_tempcor.map)  not present, returning 0.0
2021-04-03 19:33:10,915 - wflow_sbm - wflow_sbm_federico - INFO - Linking parameters to landuse, catchment and soil...
2021-04-03 19:33:10,915 - wflow_sbm - wf_DynamicFramework_federico - INFO - Adding Precipitation to model.
2021-04-03 19:33:10,915 - wflow_sbm - wf_DynamicFramework_federico - DEBUG - Static input data (/Users/antolini/paper1/hewett_ts1min_70mm1_0mm5/inmaps/P.map)  not present, returning 0.0
2021-04-03 19:33:10,925 - wflow_sbm - wf_DynamicFramework_federico - INFO - Adding PotenEvap to model.
2021-04-03 19:33:10,925 - wflow_sbm - wf_DynamicFramework_federico - DEBUG - Static input data (/Users/antolini/paper1/hewett_ts1min_70mm1_0mm5/inmaps/PET.map)  not present, returning 0.0
2021-04-03 19:33:10,934 - wflow_sbm - wf_DynamicFramework_federico - INFO - Adding Temperature to model.
2021-04-03 19:33:10,934 - wflow_sbm - wf_DynamicFramework_federico - DEBUG - Static input data (/Users/antolini/paper1/hewett_ts1min_70mm1_0mm5/inmaps/TEMP.map)  not present, returning 10.0
2021-04-03 19:33:10,944 - wflow_sbm - wf_DynamicFramework_federico - INFO - Adding Inflow to model.
2021-04-03 19:33:10,953 - wflow_sbm - wf_DynamicFramework_federico - INFO - Adding IrrigationAreas to model.
2021-04-03 19:33:10,954 - wflow_sbm - wf_DynamicFramework_federico - DEBUG - Static input data (/Users/antolini/paper1/hewett_ts1min_70mm1_0mm5/staticmaps/wflow_irrigationareas.map)  not present, returning 0.0
2021-04-03 19:33:10,959 - wflow_sbm - wf_DynamicFramework_federico - INFO - Adding IrrigationSurfaceIntakes to model.
2021-04-03 19:33:10,959 - wflow_sbm - wf_DynamicFramework_federico - DEBUG - Static input data (/Users/antolini/paper1/hewett_ts1min_70mm1_0mm5/staticmaps/wflow_irrisurfaceintake.map)  not present, returning 0.0
2021-04-03 19:33:10,964 - wflow_sbm - wf_DynamicFramework_federico - INFO - Adding IrrigationPaddyAreas to model.
2021-04-03 19:33:10,964 - wflow_sbm - wf_DynamicFramework_federico - DEBUG - Static input data (/Users/antolini/paper1/hewett_ts1min_70mm1_0mm5/staticmaps/wflow_irrigationpaddyareas.map)  not present, returning 0.0
2021-04-03 19:33:10,970 - wflow_sbm - wf_DynamicFramework_federico - INFO - Adding IrrigationSurfaceReturn to model.
2021-04-03 19:33:10,970 - wflow_sbm - wf_DynamicFramework_federico - DEBUG - Static input data (/Users/antolini/paper1/hewett_ts1min_70mm1_0mm5/staticmaps/wflow_irrisurfacereturns.map)  not present, returning 0.0
2021-04-03 19:33:10,975 - wflow_sbm - wf_DynamicFramework_federico - INFO - Adding h_max to model.
2021-04-03 19:33:10,975 - wflow_sbm - wf_DynamicFramework_federico - DEBUG - Static input data (/Users/antolini/paper1/hewett_ts1min_70mm1_0mm5/staticmaps/wflow_hmax.map)  not present, returning 0.0
2021-04-03 19:33:10,981 - wflow_sbm - wf_DynamicFramework_federico - INFO - Adding h_min to model.
2021-04-03 19:33:10,981 - wflow_sbm - wf_DynamicFramework_federico - DEBUG - Static input data (/Users/antolini/paper1/hewett_ts1min_70mm1_0mm5/staticmaps/wflow_hmin.map)  not present, returning 0.0
2021-04-03 19:33:10,986 - wflow_sbm - wf_DynamicFramework_federico - INFO - Adding h_p to model.
2021-04-03 19:33:10,986 - wflow_sbm - wf_DynamicFramework_federico - DEBUG - Static input data (/Users/antolini/paper1/hewett_ts1min_70mm1_0mm5/staticmaps/wflow_hp.map)  not present, returning 0.0
2021-04-03 19:33:11,032 - wflow_sbm - wf_DynamicFramework_federico - INFO - Creating map from table: /Users/antolini/paper1/hewett_ts1min_70mm1_0mm5/intbl/RunoffGeneratingGWPerc.tbl
2021-04-03 19:33:11,159 - wflow_sbm - wf_DynamicFramework_federico - INFO - Creating map from table: /Users/antolini/paper1/hewett_ts1min_70mm1_0mm5/intbl/MaxCanopyStorage.tbl
2021-04-03 19:33:11,260 - wflow_sbm - wf_DynamicFramework_federico - INFO - Creating map from table: /Users/antolini/paper1/hewett_ts1min_70mm1_0mm5/intbl/CanopyGapFraction.tbl
2021-04-03 19:33:11,359 - wflow_sbm - wf_DynamicFramework_federico - INFO - Creating map from table: /Users/antolini/paper1/hewett_ts1min_70mm1_0mm5/intbl/EoverR.tbl
2021-04-03 19:33:11,460 - wflow_sbm - wf_DynamicFramework_federico - INFO - Creating map from table: /Users/antolini/paper1/hewett_ts1min_70mm1_0mm5/intbl/RootingDepth.tbl
2021-04-03 19:33:11,599 - wflow_sbm - wf_DynamicFramework_federico - INFO - Creating map from table: /Users/antolini/paper1/hewett_ts1min_70mm1_0mm5/intbl/rootdistpar.tbl
2021-04-03 19:33:11,772 - wflow_sbm - wf_DynamicFramework_federico - INFO - Creating map from table: /Users/antolini/paper1/hewett_ts1min_70mm1_0mm5/intbl/InfiltCapSoil.tbl
2021-04-03 19:33:11,887 - wflow_sbm - wf_DynamicFramework_federico - INFO - Creating map from table: /Users/antolini/paper1/hewett_ts1min_70mm1_0mm5/intbl/CapScale.tbl
2021-04-03 19:33:12,001 - wflow_sbm - wf_DynamicFramework_federico - INFO - Creating map from table: /Users/antolini/paper1/hewett_ts1min_70mm1_0mm5/intbl/InfiltCapPath.tbl
2021-04-03 19:33:12,126 - wflow_sbm - wf_DynamicFramework_federico - INFO - Creating map from table: /Users/antolini/paper1/hewett_ts1min_70mm1_0mm5/intbl/MaxLeakage.tbl
2021-04-03 19:33:12,233 - wflow_sbm - wf_DynamicFramework_federico - INFO - Creating map from table: /Users/antolini/paper1/hewett_ts1min_70mm1_0mm5/intbl/MaxPercolation.tbl
2021-04-03 19:33:12,345 - wflow_sbm - wf_DynamicFramework_federico - INFO - Creating map from table: /Users/antolini/paper1/hewett_ts1min_70mm1_0mm5/intbl/PathFrac.tbl
2021-04-03 19:33:12,451 - wflow_sbm - wf_DynamicFramework_federico - INFO - Creating map from table: /Users/antolini/paper1/hewett_ts1min_70mm1_0mm5/intbl/SoilThickness.tbl
2021-04-03 19:33:12,538 - wflow_sbm - wf_DynamicFramework_federico - INFO - Creating map from table: /Users/antolini/paper1/hewett_ts1min_70mm1_0mm5/intbl/thetaR.tbl
2021-04-03 19:33:12,624 - wflow_sbm - wf_DynamicFramework_federico - INFO - Creating map from table: /Users/antolini/paper1/hewett_ts1min_70mm1_0mm5/intbl/thetaS.tbl
2021-04-03 19:33:12,709 - wflow_sbm - wf_DynamicFramework_federico - INFO - Creating map from table: /Users/antolini/paper1/hewett_ts1min_70mm1_0mm5/intbl/SoilMinThickness.tbl
2021-04-03 19:33:12,795 - wflow_sbm - wf_DynamicFramework_federico - INFO - Creating map from table: /Users/antolini/paper1/hewett_ts1min_70mm1_0mm5/intbl/KsatVer.tbl
2021-04-03 19:33:12,892 - wflow_sbm - wf_DynamicFramework_federico - INFO - Creating map from table: /Users/antolini/paper1/hewett_ts1min_70mm1_0mm5/intbl/MporeFrac.tbl
2021-04-03 19:33:12,978 - wflow_sbm - wf_DynamicFramework_federico - INFO - Creating map from table: /Users/antolini/paper1/hewett_ts1min_70mm1_0mm5/intbl/KsatHorFrac.tbl
2021-04-03 19:33:13,090 - wflow_sbm - wf_DynamicFramework_federico - INFO - Creating map from table: /Users/antolini/paper1/hewett_ts1min_70mm1_0mm5/intbl/M.tbl
2021-04-03 19:33:13,191 - wflow_sbm - wf_DynamicFramework_federico - INFO - Creating map from table: /Users/antolini/paper1/hewett_ts1min_70mm1_0mm5/intbl/N.tbl
2021-04-03 19:33:13,275 - wflow_sbm - wf_DynamicFramework_federico - INFO - Creating map from table: /Users/antolini/paper1/hewett_ts1min_70mm1_0mm5/intbl/N_River.tbl
2021-04-03 19:33:13,361 - wflow_sbm - wf_DynamicFramework_federico - INFO - Creating map from table: /Users/antolini/paper1/hewett_ts1min_70mm1_0mm5/intbl/WaterFrac.tbl
2021-04-03 19:33:13,445 - wflow_sbm - wf_DynamicFramework_federico - INFO - Creating map from table: /Users/antolini/paper1/hewett_ts1min_70mm1_0mm5/intbl/et_reftopot.tbl
2021-04-03 19:33:14,002 - wflow_sbm - wflow_sbm_federico - INFO - A total of 17 simple reservoirs and 0 complex reservoirs found.
2021-04-03 19:33:15,448 - wflow_sbm - wf_DynamicFramework_federico - WARNING - tbl file not found (/Users/antolini/paper1/hewett_ts1min_70mm1_0mm5/intbl/KsatVerFrac.tbl) returning default value: 1.0
2021-04-03 19:33:15,510 - wflow_sbm - wf_DynamicFramework_federico - WARNING - tbl file not found (/Users/antolini/paper1/hewett_ts1min_70mm1_0mm5/intbl/c.tbl) returning default value: 10.0
2021-04-03 19:33:15,681 - wflow_sbm - wflow_sbm_federico - INFO - Initializing of model variables..
2021-04-03 19:33:16,424 - wflow_sbm - wflow_sbm_federico - INFO - Saving summary maps...
2021-04-03 19:33:16,425 - wflow_sbm - wflow_sbm_federico - INFO - End of initial section
2021-04-03 19:33:16,432 - wflow_sbm - wflow_sbm_federico - INFO - Setting initial conditions to default
2021-04-03 19:33:21,089 - wflow_sbm - wf_DynamicFramework_federico - INFO - saving maps
2021-04-03 19:33:21,906 - wflow_sbm - wf_DynamicFramework_federico - DEBUG - timestep: 1/360.0 (2021-05-23 09:00:00)
2021-04-03 19:33:26,472 - wflow_sbm - wf_DynamicFramework_federico - INFO - saving maps
2021-04-03 19:33:27,212 - wflow_sbm - wf_DynamicFramework_federico - DEBUG - timestep: 2/360.0 (2021-05-23 09:01:00)
2021-04-03 19:33:31,678 - wflow_sbm - wf_DynamicFramework_federico - INFO - saving maps
2021-04-03 19:33:32,533 - wflow_sbm - wf_DynamicFramework_federico - DEBUG - timestep: 3/360.0 (2021-05-23 09:02:00)
2021-04-03 19:33:37,044 - wflow_sbm - wf_DynamicFramework_federico - INFO - saving maps
2021-04-03 19:33:37,911 - wflow_sbm - wf_DynamicFramework_federico - DEBUG - timestep: 4/360.0 (2021-05-23 09:03:00)
2021-04-03 19:33:42,332 - wflow_sbm - wf_DynamicFramework_federico - INFO - saving maps
2021-04-03 19:33:43,109 - wflow_sbm - wf_DynamicFramework_federico - DEBUG - timestep: 5/360.0 (2021-05-23 09:04:00)
2021-04-03 19:33:48,768 - wflow_sbm - wf_DynamicFramework_federico - INFO - saving maps
2021-04-03 19:33:49,557 - wflow_sbm - wf_DynamicFramework_federico - DEBUG - timestep: 6/360.0 (2021-05-23 09:05:00)
2021-04-03 19:33:55,584 - wflow_sbm - wf_DynamicFramework_federico - INFO - saving maps
2021-04-03 19:33:56,451 - wflow_sbm - wf_DynamicFramework_federico - DEBUG - timestep: 7/360.0 (2021-05-23 09:06:00)
2021-04-03 19:34:02,446 - wflow_sbm - wf_DynamicFramework_federico - INFO - saving maps
2021-04-03 19:34:03,333 - wflow_sbm - wf_DynamicFramework_federico - DEBUG - timestep: 8/360.0 (2021-05-23 09:07:00)
2021-04-03 19:34:09,087 - wflow_sbm - wf_DynamicFramework_federico - INFO - saving maps
2021-04-03 19:34:09,954 - wflow_sbm - wf_DynamicFramework_federico - DEBUG - timestep: 9/360.0 (2021-05-23 09:08:00)
2021-04-03 19:34:15,509 - wflow_sbm - wf_DynamicFramework_federico - INFO - saving maps
2021-04-03 19:34:16,363 - wflow_sbm - wf_DynamicFramework_federico - DEBUG - timestep: 10/360.0 (2021-05-23 09:09:00)
2021-04-03 19:34:22,122 - wflow_sbm - wf_DynamicFramework_federico - INFO - saving maps
2021-04-03 19:34:22,915 - wflow_sbm - wf_DynamicFramework_federico - DEBUG - timestep: 11/360.0 (2021-05-23 09:10:00)
2021-04-03 19:34:28,467 - wflow_sbm - wf_DynamicFramework_federico - INFO - saving maps
2021-04-03 19:34:29,261 - wflow_sbm - wf_DynamicFramework_federico - DEBUG - timestep: 12/360.0 (2021-05-23 09:11:00)
2021-04-03 19:34:34,879 - wflow_sbm - wf_DynamicFramework_federico - INFO - saving maps
2021-04-03 19:34:35,734 - wflow_sbm - wf_DynamicFramework_federico - DEBUG - timestep: 13/360.0 (2021-05-23 09:12:00)
2021-04-03 19:34:41,459 - wflow_sbm - wf_DynamicFramework_federico - INFO - saving maps
2021-04-03 19:34:42,331 - wflow_sbm - wf_DynamicFramework_federico - DEBUG - timestep: 14/360.0 (2021-05-23 09:13:00)
2021-04-03 19:34:48,081 - wflow_sbm - wf_DynamicFramework_federico - INFO - saving maps
2021-04-03 19:34:48,977 - wflow_sbm - wf_DynamicFramework_federico - DEBUG - timestep: 15/360.0 (2021-05-23 09:14:00)
2021-04-03 19:34:54,606 - wflow_sbm - wf_DynamicFramework_federico - INFO - saving maps
2021-04-03 19:34:55,479 - wflow_sbm - wf_DynamicFramework_federico - DEBUG - timestep: 16/360.0 (2021-05-23 09:15:00)
2021-04-03 19:35:00,974 - wflow_sbm - wf_DynamicFramework_federico - INFO - saving maps
2021-04-03 19:35:01,777 - wflow_sbm - wf_DynamicFramework_federico - DEBUG - timestep: 17/360.0 (2021-05-23 09:16:00)
2021-04-03 19:35:07,256 - wflow_sbm - wf_DynamicFramework_federico - INFO - saving maps
2021-04-03 19:35:08,090 - wflow_sbm - wf_DynamicFramework_federico - DEBUG - timestep: 18/360.0 (2021-05-23 09:17:00)
2021-04-03 19:35:13,717 - wflow_sbm - wf_DynamicFramework_federico - INFO - saving maps
2021-04-03 19:35:14,516 - wflow_sbm - wf_DynamicFramework_federico - DEBUG - timestep: 19/360.0 (2021-05-23 09:18:00)
2021-04-03 19:35:19,889 - wflow_sbm - wf_DynamicFramework_federico - INFO - saving maps
2021-04-03 19:35:20,724 - wflow_sbm - wf_DynamicFramework_federico - DEBUG - timestep: 20/360.0 (2021-05-23 09:19:00)
2021-04-03 19:35:26,412 - wflow_sbm - wf_DynamicFramework_federico - INFO - saving maps
2021-04-03 19:35:27,256 - wflow_sbm - wf_DynamicFramework_federico - DEBUG - timestep: 21/360.0 (2021-05-23 09:20:00)
2021-04-03 19:35:32,586 - wflow_sbm - wf_DynamicFramework_federico - INFO - saving maps
2021-04-03 19:35:33,386 - wflow_sbm - wf_DynamicFramework_federico - DEBUG - timestep: 22/360.0 (2021-05-23 09:21:00)
2021-04-03 19:35:38,801 - wflow_sbm - wf_DynamicFramework_federico - INFO - saving maps
2021-04-03 19:35:39,646 - wflow_sbm - wf_DynamicFramework_federico - DEBUG - timestep: 23/360.0 (2021-05-23 09:22:00)
2021-04-03 19:35:45,129 - wflow_sbm - wf_DynamicFramework_federico - INFO - saving maps
2021-04-03 19:35:45,998 - wflow_sbm - wf_DynamicFramework_federico - DEBUG - timestep: 24/360.0 (2021-05-23 09:23:00)
2021-04-03 19:35:51,436 - wflow_sbm - wf_DynamicFramework_federico - INFO - saving maps
2021-04-03 19:35:52,316 - wflow_sbm - wf_DynamicFramework_federico - DEBUG - timestep: 25/360.0 (2021-05-23 09:24:00)
2021-04-03 19:35:57,717 - wflow_sbm - wf_DynamicFramework_federico - INFO - saving maps
2021-04-03 19:35:58,509 - wflow_sbm - wf_DynamicFramework_federico - DEBUG - timestep: 26/360.0 (2021-05-23 09:25:00)
2021-04-03 19:36:03,869 - wflow_sbm - wf_DynamicFramework_federico - INFO - saving maps
2021-04-03 19:36:04,698 - wflow_sbm - wf_DynamicFramework_federico - DEBUG - timestep: 27/360.0 (2021-05-23 09:26:00)
2021-04-03 19:36:09,976 - wflow_sbm - wf_DynamicFramework_federico - INFO - saving maps
2021-04-03 19:36:10,818 - wflow_sbm - wf_DynamicFramework_federico - DEBUG - timestep: 28/360.0 (2021-05-23 09:27:00)
2021-04-03 19:36:16,070 - wflow_sbm - wf_DynamicFramework_federico - INFO - saving maps
2021-04-03 19:36:16,923 - wflow_sbm - wf_DynamicFramework_federico - DEBUG - timestep: 29/360.0 (2021-05-23 09:28:00)
2021-04-03 19:36:22,107 - wflow_sbm - wf_DynamicFramework_federico - INFO - saving maps
2021-04-03 19:36:22,969 - wflow_sbm - wf_DynamicFramework_federico - DEBUG - timestep: 30/360.0 (2021-05-23 09:29:00)
2021-04-03 19:36:27,922 - wflow_sbm - wf_DynamicFramework_federico - INFO - saving maps
2021-04-03 19:36:28,754 - wflow_sbm - wf_DynamicFramework_federico - DEBUG - timestep: 31/360.0 (2021-05-23 09:30:00)
2021-04-03 19:36:34,246 - wflow_sbm - wf_DynamicFramework_federico - INFO - saving maps
2021-04-03 19:36:35,096 - wflow_sbm - wf_DynamicFramework_federico - DEBUG - timestep: 32/360.0 (2021-05-23 09:31:00)
2021-04-03 19:36:40,511 - wflow_sbm - wf_DynamicFramework_federico - INFO - saving maps
2021-04-03 19:36:41,306 - wflow_sbm - wf_DynamicFramework_federico - DEBUG - timestep: 33/360.0 (2021-05-23 09:32:00)
2021-04-03 19:36:46,768 - wflow_sbm - wf_DynamicFramework_federico - INFO - saving maps
2021-04-03 19:36:47,541 - wflow_sbm - wf_DynamicFramework_federico - DEBUG - timestep: 34/360.0 (2021-05-23 09:33:00)
2021-04-03 19:36:52,863 - wflow_sbm - wf_DynamicFramework_federico - INFO - saving maps
2021-04-03 19:36:53,706 - wflow_sbm - wf_DynamicFramework_federico - DEBUG - timestep: 35/360.0 (2021-05-23 09:34:00)
2021-04-03 19:36:59,151 - wflow_sbm - wf_DynamicFramework_federico - INFO - saving maps
2021-04-03 19:37:00,041 - wflow_sbm - wf_DynamicFramework_federico - DEBUG - timestep: 36/360.0 (2021-05-23 09:35:00)
2021-04-03 19:37:05,434 - wflow_sbm - wf_DynamicFramework_federico - INFO - saving maps
2021-04-03 19:37:06,254 - wflow_sbm - wf_DynamicFramework_federico - DEBUG - timestep: 37/360.0 (2021-05-23 09:36:00)
2021-04-03 19:37:11,629 - wflow_sbm - wf_DynamicFramework_federico - INFO - saving maps
2021-04-03 19:37:12,526 - wflow_sbm - wf_DynamicFramework_federico - DEBUG - timestep: 38/360.0 (2021-05-23 09:37:00)
2021-04-03 19:37:18,112 - wflow_sbm - wf_DynamicFramework_federico - INFO - saving maps
2021-04-03 19:37:18,998 - wflow_sbm - wf_DynamicFramework_federico - DEBUG - timestep: 39/360.0 (2021-05-23 09:38:00)
2021-04-03 19:37:24,431 - wflow_sbm - wf_DynamicFramework_federico - INFO - saving maps
2021-04-03 19:37:25,245 - wflow_sbm - wf_DynamicFramework_federico - DEBUG - timestep: 40/360.0 (2021-05-23 09:39:00)
2021-04-03 19:37:30,537 - wflow_sbm - wf_DynamicFramework_federico - INFO - saving maps
2021-04-03 19:37:31,396 - wflow_sbm - wf_DynamicFramework_federico - DEBUG - timestep: 41/360.0 (2021-05-23 09:40:00)
2021-04-03 19:37:37,007 - wflow_sbm - wf_DynamicFramework_federico - INFO - saving maps
2021-04-03 19:37:37,902 - wflow_sbm - wf_DynamicFramework_federico - DEBUG - timestep: 42/360.0 (2021-05-23 09:41:00)
2021-04-03 19:37:43,627 - wflow_sbm - wf_DynamicFramework_federico - INFO - saving maps
2021-04-03 19:37:44,450 - wflow_sbm - wf_DynamicFramework_federico - DEBUG - timestep: 43/360.0 (2021-05-23 09:42:00)
2021-04-03 19:37:49,770 - wflow_sbm - wf_DynamicFramework_federico - INFO - saving maps
2021-04-03 19:37:50,661 - wflow_sbm - wf_DynamicFramework_federico - DEBUG - timestep: 44/360.0 (2021-05-23 09:43:00)
2021-04-03 19:37:56,053 - wflow_sbm - wf_DynamicFramework_federico - INFO - saving maps
2021-04-03 19:37:56,954 - wflow_sbm - wf_DynamicFramework_federico - DEBUG - timestep: 45/360.0 (2021-05-23 09:44:00)
2021-04-03 19:38:02,525 - wflow_sbm - wf_DynamicFramework_federico - INFO - saving maps
2021-04-03 19:38:03,415 - wflow_sbm - wf_DynamicFramework_federico - DEBUG - timestep: 46/360.0 (2021-05-23 09:45:00)
2021-04-03 19:38:09,003 - wflow_sbm - wf_DynamicFramework_federico - INFO - saving maps
2021-04-03 19:38:09,822 - wflow_sbm - wf_DynamicFramework_federico - DEBUG - timestep: 47/360.0 (2021-05-23 09:46:00)
2021-04-03 19:38:15,253 - wflow_sbm - wf_DynamicFramework_federico - INFO - saving maps
2021-04-03 19:38:16,134 - wflow_sbm - wf_DynamicFramework_federico - DEBUG - timestep: 48/360.0 (2021-05-23 09:47:00)
2021-04-03 19:38:21,512 - wflow_sbm - wf_DynamicFramework_federico - INFO - saving maps
2021-04-03 19:38:22,427 - wflow_sbm - wf_DynamicFramework_federico - DEBUG - timestep: 49/360.0 (2021-05-23 09:48:00)
2021-04-03 19:38:27,912 - wflow_sbm - wf_DynamicFramework_federico - INFO - saving maps
2021-04-03 19:38:28,808 - wflow_sbm - wf_DynamicFramework_federico - DEBUG - timestep: 50/360.0 (2021-05-23 09:49:00)
2021-04-03 19:38:33,987 - wflow_sbm - wf_DynamicFramework_federico - INFO - saving maps
2021-04-03 19:38:34,876 - wflow_sbm - wf_DynamicFramework_federico - DEBUG - timestep: 51/360.0 (2021-05-23 09:50:00)
2021-04-03 19:38:39,996 - wflow_sbm - wf_DynamicFramework_federico - INFO - saving maps
2021-04-03 19:38:40,795 - wflow_sbm - wf_DynamicFramework_federico - DEBUG - timestep: 52/360.0 (2021-05-23 09:51:00)
2021-04-03 19:38:45,551 - wflow_sbm - wf_DynamicFramework_federico - INFO - saving maps
2021-04-03 19:38:46,382 - wflow_sbm - wf_DynamicFramework_federico - DEBUG - timestep: 53/360.0 (2021-05-23 09:52:00)
2021-04-03 19:38:51,048 - wflow_sbm - wf_DynamicFramework_federico - INFO - saving maps
2021-04-03 19:38:51,802 - wflow_sbm - wf_DynamicFramework_federico - DEBUG - timestep: 54/360.0 (2021-05-23 09:53:00)
2021-04-03 19:38:56,923 - wflow_sbm - wf_DynamicFramework_federico - INFO - saving maps
2021-04-03 19:38:57,779 - wflow_sbm - wf_DynamicFramework_federico - DEBUG - timestep: 55/360.0 (2021-05-23 09:54:00)
2021-04-03 19:39:02,896 - wflow_sbm - wf_DynamicFramework_federico - INFO - saving maps
2021-04-03 19:39:03,705 - wflow_sbm - wf_DynamicFramework_federico - DEBUG - timestep: 56/360.0 (2021-05-23 09:55:00)
2021-04-03 19:39:08,874 - wflow_sbm - wf_DynamicFramework_federico - INFO - saving maps
2021-04-03 19:39:09,746 - wflow_sbm - wf_DynamicFramework_federico - DEBUG - timestep: 57/360.0 (2021-05-23 09:56:00)
2021-04-03 19:39:14,993 - wflow_sbm - wf_DynamicFramework_federico - INFO - saving maps
2021-04-03 19:39:15,857 - wflow_sbm - wf_DynamicFramework_federico - DEBUG - timestep: 58/360.0 (2021-05-23 09:57:00)
2021-04-03 19:39:20,961 - wflow_sbm - wf_DynamicFramework_federico - INFO - saving maps
2021-04-03 19:39:21,830 - wflow_sbm - wf_DynamicFramework_federico - DEBUG - timestep: 59/360.0 (2021-05-23 09:58:00)
2021-04-03 19:39:26,880 - wflow_sbm - wf_DynamicFramework_federico - INFO - saving maps
2021-04-03 19:39:27,936 - wflow_sbm - wf_DynamicFramework_federico - DEBUG - timestep: 60/360.0 (2021-05-23 09:59:00)
2021-04-03 19:39:33,079 - wflow_sbm - wf_DynamicFramework_federico - INFO - saving maps
2021-04-03 19:39:33,892 - wflow_sbm - wf_DynamicFramework_federico - DEBUG - timestep: 61/360.0 (2021-05-23 10:00:00)
2021-04-03 19:39:39,181 - wflow_sbm - wf_DynamicFramework_federico - INFO - saving maps
2021-04-03 19:39:40,070 - wflow_sbm - wf_DynamicFramework_federico - DEBUG - timestep: 62/360.0 (2021-05-23 10:01:00)
2021-04-03 19:39:45,431 - wflow_sbm - wf_DynamicFramework_federico - INFO - saving maps
2021-04-03 19:39:46,379 - wflow_sbm - wf_DynamicFramework_federico - DEBUG - timestep: 63/360.0 (2021-05-23 10:02:00)
2021-04-03 19:39:51,803 - wflow_sbm - wf_DynamicFramework_federico - INFO - saving maps
2021-04-03 19:39:52,691 - wflow_sbm - wf_DynamicFramework_federico - DEBUG - timestep: 64/360.0 (2021-05-23 10:03:00)
2021-04-03 19:39:57,990 - wflow_sbm - wf_DynamicFramework_federico - INFO - saving maps
2021-04-03 19:39:58,877 - wflow_sbm - wf_DynamicFramework_federico - DEBUG - timestep: 65/360.0 (2021-05-23 10:04:00)
2021-04-03 19:40:04,592 - wflow_sbm - wf_DynamicFramework_federico - INFO - saving maps
2021-04-03 19:40:05,473 - wflow_sbm - wf_DynamicFramework_federico - DEBUG - timestep: 66/360.0 (2021-05-23 10:05:00)
2021-04-03 19:40:11,233 - wflow_sbm - wf_DynamicFramework_federico - INFO - saving maps
2021-04-03 19:40:12,115 - wflow_sbm - wf_DynamicFramework_federico - DEBUG - timestep: 67/360.0 (2021-05-23 10:06:00)
2021-04-03 19:40:17,838 - wflow_sbm - wf_DynamicFramework_federico - INFO - saving maps
2021-04-03 19:40:18,653 - wflow_sbm - wf_DynamicFramework_federico - DEBUG - timestep: 68/360.0 (2021-05-23 10:07:00)
2021-04-03 19:40:24,387 - wflow_sbm - wf_DynamicFramework_federico - INFO - saving maps
2021-04-03 19:40:25,345 - wflow_sbm - wf_DynamicFramework_federico - DEBUG - timestep: 69/360.0 (2021-05-23 10:08:00)
2021-04-03 19:40:31,001 - wflow_sbm - wf_DynamicFramework_federico - INFO - saving maps
2021-04-03 19:40:31,889 - wflow_sbm - wf_DynamicFramework_federico - DEBUG - timestep: 70/360.0 (2021-05-23 10:09:00)
2021-04-03 19:40:37,615 - wflow_sbm - wf_DynamicFramework_federico - INFO - saving maps
2021-04-03 19:40:38,505 - wflow_sbm - wf_DynamicFramework_federico - DEBUG - timestep: 71/360.0 (2021-05-23 10:10:00)
2021-04-03 19:40:44,171 - wflow_sbm - wf_DynamicFramework_federico - INFO - saving maps
2021-04-03 19:40:45,063 - wflow_sbm - wf_DynamicFramework_federico - DEBUG - timestep: 72/360.0 (2021-05-23 10:11:00)
2021-04-03 19:40:50,812 - wflow_sbm - wf_DynamicFramework_federico - INFO - saving maps
2021-04-03 19:40:51,695 - wflow_sbm - wf_DynamicFramework_federico - DEBUG - timestep: 73/360.0 (2021-05-23 10:12:00)
2021-04-03 19:40:57,373 - wflow_sbm - wf_DynamicFramework_federico - INFO - saving maps
2021-04-03 19:40:58,259 - wflow_sbm - wf_DynamicFramework_federico - DEBUG - timestep: 74/360.0 (2021-05-23 10:13:00)
2021-04-03 19:41:03,900 - wflow_sbm - wf_DynamicFramework_federico - INFO - saving maps
2021-04-03 19:41:04,680 - wflow_sbm - wf_DynamicFramework_federico - DEBUG - timestep: 75/360.0 (2021-05-23 10:14:00)
2021-04-03 19:41:10,476 - wflow_sbm - wf_DynamicFramework_federico - INFO - saving maps
2021-04-03 19:41:11,346 - wflow_sbm - wf_DynamicFramework_federico - DEBUG - timestep: 76/360.0 (2021-05-23 10:15:00)
2021-04-03 19:41:17,061 - wflow_sbm - wf_DynamicFramework_federico - INFO - saving maps
2021-04-03 19:41:17,956 - wflow_sbm - wf_DynamicFramework_federico - DEBUG - timestep: 77/360.0 (2021-05-23 10:16:00)
2021-04-03 19:41:23,617 - wflow_sbm - wf_DynamicFramework_federico - INFO - saving maps
2021-04-03 19:41:24,682 - wflow_sbm - wf_DynamicFramework_federico - DEBUG - timestep: 78/360.0 (2021-05-23 10:17:00)
2021-04-03 19:41:29,889 - wflow_sbm - wf_DynamicFramework_federico - INFO - saving maps
2021-04-03 19:41:30,823 - wflow_sbm - wf_DynamicFramework_federico - DEBUG - timestep: 79/360.0 (2021-05-23 10:18:00)
2021-04-03 19:41:36,304 - wflow_sbm - wf_DynamicFramework_federico - INFO - saving maps
2021-04-03 19:41:37,149 - wflow_sbm - wf_DynamicFramework_federico - DEBUG - timestep: 80/360.0 (2021-05-23 10:19:00)
2021-04-03 19:41:42,289 - wflow_sbm - wf_DynamicFramework_federico - INFO - saving maps
2021-04-03 19:41:43,334 - wflow_sbm - wf_DynamicFramework_federico - DEBUG - timestep: 81/360.0 (2021-05-23 10:20:00)
2021-04-03 19:41:49,047 - wflow_sbm - wf_DynamicFramework_federico - INFO - saving maps
2021-04-03 19:41:50,057 - wflow_sbm - wf_DynamicFramework_federico - DEBUG - timestep: 82/360.0 (2021-05-23 10:21:00)
2021-04-03 19:41:55,475 - wflow_sbm - wf_DynamicFramework_federico - INFO - saving maps
2021-04-03 19:41:56,270 - wflow_sbm - wf_DynamicFramework_federico - DEBUG - timestep: 83/360.0 (2021-05-23 10:22:00)
2021-04-03 19:42:01,154 - wflow_sbm - wf_DynamicFramework_federico - INFO - saving maps
2021-04-03 19:42:01,961 - wflow_sbm - wf_DynamicFramework_federico - DEBUG - timestep: 84/360.0 (2021-05-23 10:23:00)
2021-04-03 19:42:07,210 - wflow_sbm - wf_DynamicFramework_federico - INFO - saving maps
2021-04-03 19:42:08,058 - wflow_sbm - wf_DynamicFramework_federico - DEBUG - timestep: 85/360.0 (2021-05-23 10:24:00)
2021-04-03 19:42:13,394 - wflow_sbm - wf_DynamicFramework_federico - INFO - saving maps
2021-04-03 19:42:14,245 - wflow_sbm - wf_DynamicFramework_federico - DEBUG - timestep: 86/360.0 (2021-05-23 10:25:00)
2021-04-03 19:42:19,633 - wflow_sbm - wf_DynamicFramework_federico - INFO - saving maps
2021-04-03 19:42:20,516 - wflow_sbm - wf_DynamicFramework_federico - DEBUG - timestep: 87/360.0 (2021-05-23 10:26:00)
2021-04-03 19:42:25,963 - wflow_sbm - wf_DynamicFramework_federico - INFO - saving maps
2021-04-03 19:42:26,842 - wflow_sbm - wf_DynamicFramework_federico - DEBUG - timestep: 88/360.0 (2021-05-23 10:27:00)
2021-04-03 19:42:32,330 - wflow_sbm - wf_DynamicFramework_federico - INFO - saving maps
2021-04-03 19:42:33,162 - wflow_sbm - wf_DynamicFramework_federico - DEBUG - timestep: 89/360.0 (2021-05-23 10:28:00)
2021-04-03 19:42:38,551 - wflow_sbm - wf_DynamicFramework_federico - INFO - saving maps
2021-04-03 19:42:39,423 - wflow_sbm - wf_DynamicFramework_federico - DEBUG - timestep: 90/360.0 (2021-05-23 10:29:00)
2021-04-03 19:42:44,810 - wflow_sbm - wf_DynamicFramework_federico - INFO - saving maps
2021-04-03 19:42:45,706 - wflow_sbm - wf_DynamicFramework_federico - DEBUG - timestep: 91/360.0 (2021-05-23 10:30:00)
2021-04-03 19:42:51,097 - wflow_sbm - wf_DynamicFramework_federico - INFO - saving maps
2021-04-03 19:42:51,997 - wflow_sbm - wf_DynamicFramework_federico - DEBUG - timestep: 92/360.0 (2021-05-23 10:31:00)
2021-04-03 19:42:57,385 - wflow_sbm - wf_DynamicFramework_federico - INFO - saving maps
2021-04-03 19:42:58,266 - wflow_sbm - wf_DynamicFramework_federico - DEBUG - timestep: 93/360.0 (2021-05-23 10:32:00)
2021-04-03 19:43:03,741 - wflow_sbm - wf_DynamicFramework_federico - INFO - saving maps
2021-04-03 19:43:04,660 - wflow_sbm - wf_DynamicFramework_federico - DEBUG - timestep: 94/360.0 (2021-05-23 10:33:00)
2021-04-03 19:43:10,482 - wflow_sbm - wf_DynamicFramework_federico - INFO - saving maps
2021-04-03 19:43:11,377 - wflow_sbm - wf_DynamicFramework_federico - DEBUG - timestep: 95/360.0 (2021-05-23 10:34:00)
2021-04-03 19:43:17,053 - wflow_sbm - wf_DynamicFramework_federico - INFO - saving maps
2021-04-03 19:43:17,886 - wflow_sbm - wf_DynamicFramework_federico - DEBUG - timestep: 96/360.0 (2021-05-23 10:35:00)
2021-04-03 19:43:23,722 - wflow_sbm - wf_DynamicFramework_federico - INFO - saving maps
2021-04-03 19:43:24,576 - wflow_sbm - wf_DynamicFramework_federico - DEBUG - timestep: 97/360.0 (2021-05-23 10:36:00)
2021-04-03 19:43:29,672 - wflow_sbm - wf_DynamicFramework_federico - INFO - saving maps
2021-04-03 19:43:30,549 - wflow_sbm - wf_DynamicFramework_federico - DEBUG - timestep: 98/360.0 (2021-05-23 10:37:00)
2021-04-03 19:43:35,982 - wflow_sbm - wf_DynamicFramework_federico - INFO - saving maps
2021-04-03 19:43:36,869 - wflow_sbm - wf_DynamicFramework_federico - DEBUG - timestep: 99/360.0 (2021-05-23 10:38:00)
2021-04-03 19:43:42,325 - wflow_sbm - wf_DynamicFramework_federico - INFO - saving maps
2021-04-03 19:43:43,204 - wflow_sbm - wf_DynamicFramework_federico - DEBUG - timestep: 100/360.0 (2021-05-23 10:39:00)
2021-04-03 19:43:49,000 - wflow_sbm - wf_DynamicFramework_federico - INFO - saving maps
2021-04-03 19:43:49,877 - wflow_sbm - wf_DynamicFramework_federico - DEBUG - timestep: 101/360.0 (2021-05-23 10:40:00)
2021-04-03 19:43:55,429 - wflow_sbm - wf_DynamicFramework_federico - INFO - saving maps
2021-04-03 19:43:56,423 - wflow_sbm - wf_DynamicFramework_federico - DEBUG - timestep: 102/360.0 (2021-05-23 10:41:00)
2021-04-03 19:44:01,588 - wflow_sbm - wf_DynamicFramework_federico - INFO - saving maps
2021-04-03 19:44:02,395 - wflow_sbm - wf_DynamicFramework_federico - DEBUG - timestep: 103/360.0 (2021-05-23 10:42:00)
2021-04-03 19:44:08,031 - wflow_sbm - wf_DynamicFramework_federico - INFO - saving maps
2021-04-03 19:44:08,898 - wflow_sbm - wf_DynamicFramework_federico - DEBUG - timestep: 104/360.0 (2021-05-23 10:43:00)
2021-04-03 19:44:14,596 - wflow_sbm - wf_DynamicFramework_federico - INFO - saving maps
2021-04-03 19:44:15,509 - wflow_sbm - wf_DynamicFramework_federico - DEBUG - timestep: 105/360.0 (2021-05-23 10:44:00)
2021-04-03 19:44:21,131 - wflow_sbm - wf_DynamicFramework_federico - INFO - saving maps
2021-04-03 19:44:22,031 - wflow_sbm - wf_DynamicFramework_federico - DEBUG - timestep: 106/360.0 (2021-05-23 10:45:00)
2021-04-03 19:44:27,328 - wflow_sbm - wf_DynamicFramework_federico - INFO - saving maps
2021-04-03 19:44:28,149 - wflow_sbm - wf_DynamicFramework_federico - DEBUG - timestep: 107/360.0 (2021-05-23 10:46:00)
2021-04-03 19:44:33,628 - wflow_sbm - wf_DynamicFramework_federico - INFO - saving maps
2021-04-03 19:44:34,489 - wflow_sbm - wf_DynamicFramework_federico - DEBUG - timestep: 108/360.0 (2021-05-23 10:47:00)
2021-04-03 19:44:39,819 - wflow_sbm - wf_DynamicFramework_federico - INFO - saving maps
2021-04-03 19:44:40,674 - wflow_sbm - wf_DynamicFramework_federico - DEBUG - timestep: 109/360.0 (2021-05-23 10:48:00)
2021-04-03 19:44:46,120 - wflow_sbm - wf_DynamicFramework_federico - INFO - saving maps
2021-04-03 19:44:46,944 - wflow_sbm - wf_DynamicFramework_federico - DEBUG - timestep: 110/360.0 (2021-05-23 10:49:00)
2021-04-03 19:44:52,425 - wflow_sbm - wf_DynamicFramework_federico - INFO - saving maps
2021-04-03 19:44:53,275 - wflow_sbm - wf_DynamicFramework_federico - DEBUG - timestep: 111/360.0 (2021-05-23 10:50:00)
2021-04-03 19:44:58,753 - wflow_sbm - wf_DynamicFramework_federico - INFO - saving maps
2021-04-03 19:44:59,614 - wflow_sbm - wf_DynamicFramework_federico - DEBUG - timestep: 112/360.0 (2021-05-23 10:51:00)
2021-04-03 19:45:05,125 - wflow_sbm - wf_DynamicFramework_federico - INFO - saving maps
2021-04-03 19:45:05,998 - wflow_sbm - wf_DynamicFramework_federico - DEBUG - timestep: 113/360.0 (2021-05-23 10:52:00)
2021-04-03 19:45:11,513 - wflow_sbm - wf_DynamicFramework_federico - INFO - saving maps
2021-04-03 19:45:12,401 - wflow_sbm - wf_DynamicFramework_federico - DEBUG - timestep: 114/360.0 (2021-05-23 10:53:00)
2021-04-03 19:45:18,025 - wflow_sbm - wf_DynamicFramework_federico - INFO - saving maps
2021-04-03 19:45:18,913 - wflow_sbm - wf_DynamicFramework_federico - DEBUG - timestep: 115/360.0 (2021-05-23 10:54:00)
2021-04-03 19:45:24,545 - wflow_sbm - wf_DynamicFramework_federico - INFO - saving maps
2021-04-03 19:45:25,445 - wflow_sbm - wf_DynamicFramework_federico - DEBUG - timestep: 116/360.0 (2021-05-23 10:55:00)
2021-04-03 19:45:31,027 - wflow_sbm - wf_DynamicFramework_federico - INFO - saving maps
2021-04-03 19:45:31,864 - wflow_sbm - wf_DynamicFramework_federico - DEBUG - timestep: 117/360.0 (2021-05-23 10:56:00)
2021-04-03 19:45:37,498 - wflow_sbm - wf_DynamicFramework_federico - INFO - saving maps
2021-04-03 19:45:38,360 - wflow_sbm - wf_DynamicFramework_federico - DEBUG - timestep: 118/360.0 (2021-05-23 10:57:00)
2021-04-03 19:45:44,069 - wflow_sbm - wf_DynamicFramework_federico - INFO - saving maps
2021-04-03 19:45:44,909 - wflow_sbm - wf_DynamicFramework_federico - DEBUG - timestep: 119/360.0 (2021-05-23 10:58:00)
2021-04-03 19:45:50,185 - wflow_sbm - wf_DynamicFramework_federico - INFO - saving maps
2021-04-03 19:45:51,013 - wflow_sbm - wf_DynamicFramework_federico - DEBUG - timestep: 120/360.0 (2021-05-23 10:59:00)
2021-04-03 19:45:56,694 - wflow_sbm - wf_DynamicFramework_federico - INFO - saving maps
2021-04-03 19:45:57,583 - wflow_sbm - wf_DynamicFramework_federico - DEBUG - timestep: 121/360.0 (2021-05-23 11:00:00)
2021-04-03 19:46:03,111 - wflow_sbm - wf_DynamicFramework_federico - INFO - saving maps
2021-04-03 19:46:04,010 - wflow_sbm - wf_DynamicFramework_federico - DEBUG - timestep: 122/360.0 (2021-05-23 11:01:00)
2021-04-03 19:46:09,568 - wflow_sbm - wf_DynamicFramework_federico - INFO - saving maps
2021-04-03 19:46:10,483 - wflow_sbm - wf_DynamicFramework_federico - DEBUG - timestep: 123/360.0 (2021-05-23 11:02:00)
2021-04-03 19:46:16,130 - wflow_sbm - wf_DynamicFramework_federico - INFO - saving maps
2021-04-03 19:46:16,968 - wflow_sbm - wf_DynamicFramework_federico - DEBUG - timestep: 124/360.0 (2021-05-23 11:03:00)
2021-04-03 19:46:22,515 - wflow_sbm - wf_DynamicFramework_federico - INFO - saving maps
2021-04-03 19:46:23,385 - wflow_sbm - wf_DynamicFramework_federico - DEBUG - timestep: 125/360.0 (2021-05-23 11:04:00)
2021-04-03 19:46:28,721 - wflow_sbm - wf_DynamicFramework_federico - INFO - saving maps
2021-04-03 19:46:29,680 - wflow_sbm - wf_DynamicFramework_federico - DEBUG - timestep: 126/360.0 (2021-05-23 11:05:00)
2021-04-03 19:46:34,889 - wflow_sbm - wf_DynamicFramework_federico - INFO - saving maps
2021-04-03 19:46:35,714 - wflow_sbm - wf_DynamicFramework_federico - DEBUG - timestep: 127/360.0 (2021-05-23 11:06:00)
2021-04-03 19:46:41,159 - wflow_sbm - wf_DynamicFramework_federico - INFO - saving maps
2021-04-03 19:46:42,023 - wflow_sbm - wf_DynamicFramework_federico - DEBUG - timestep: 128/360.0 (2021-05-23 11:07:00)
2021-04-03 19:46:47,577 - wflow_sbm - wf_DynamicFramework_federico - INFO - saving maps
2021-04-03 19:46:48,448 - wflow_sbm - wf_DynamicFramework_federico - DEBUG - timestep: 129/360.0 (2021-05-23 11:08:00)
2021-04-03 19:46:54,117 - wflow_sbm - wf_DynamicFramework_federico - INFO - saving maps
2021-04-03 19:46:55,066 - wflow_sbm - wf_DynamicFramework_federico - DEBUG - timestep: 130/360.0 (2021-05-23 11:09:00)
2021-04-03 19:47:00,721 - wflow_sbm - wf_DynamicFramework_federico - INFO - saving maps
2021-04-03 19:47:01,610 - wflow_sbm - wf_DynamicFramework_federico - DEBUG - timestep: 131/360.0 (2021-05-23 11:10:00)
2021-04-03 19:47:07,270 - wflow_sbm - wf_DynamicFramework_federico - INFO - saving maps
2021-04-03 19:47:08,122 - wflow_sbm - wf_DynamicFramework_federico - DEBUG - timestep: 132/360.0 (2021-05-23 11:11:00)
2021-04-03 19:47:13,880 - wflow_sbm - wf_DynamicFramework_federico - INFO - saving maps
2021-04-03 19:47:14,790 - wflow_sbm - wf_DynamicFramework_federico - DEBUG - timestep: 133/360.0 (2021-05-23 11:12:00)
2021-04-03 19:47:20,898 - wflow_sbm - wf_DynamicFramework_federico - INFO - saving maps
2021-04-03 19:47:21,814 - wflow_sbm - wf_DynamicFramework_federico - DEBUG - timestep: 134/360.0 (2021-05-23 11:13:00)
2021-04-03 19:47:27,332 - wflow_sbm - wf_DynamicFramework_federico - INFO - saving maps
2021-04-03 19:47:28,343 - wflow_sbm - wf_DynamicFramework_federico - DEBUG - timestep: 135/360.0 (2021-05-23 11:14:00)
2021-04-03 19:47:33,915 - wflow_sbm - wf_DynamicFramework_federico - INFO - saving maps
2021-04-03 19:47:34,816 - wflow_sbm - wf_DynamicFramework_federico - DEBUG - timestep: 136/360.0 (2021-05-23 11:15:00)
2021-04-03 19:47:40,358 - wflow_sbm - wf_DynamicFramework_federico - INFO - saving maps
2021-04-03 19:47:41,245 - wflow_sbm - wf_DynamicFramework_federico - DEBUG - timestep: 137/360.0 (2021-05-23 11:16:00)
2021-04-03 19:47:46,901 - wflow_sbm - wf_DynamicFramework_federico - INFO - saving maps
2021-04-03 19:47:47,724 - wflow_sbm - wf_DynamicFramework_federico - DEBUG - timestep: 138/360.0 (2021-05-23 11:17:00)
2021-04-03 19:47:53,356 - wflow_sbm - wf_DynamicFramework_federico - INFO - saving maps
2021-04-03 19:47:54,218 - wflow_sbm - wf_DynamicFramework_federico - DEBUG - timestep: 139/360.0 (2021-05-23 11:18:00)
2021-04-03 19:48:00,028 - wflow_sbm - wf_DynamicFramework_federico - INFO - saving maps
2021-04-03 19:48:00,935 - wflow_sbm - wf_DynamicFramework_federico - DEBUG - timestep: 140/360.0 (2021-05-23 11:19:00)
2021-04-03 19:48:06,681 - wflow_sbm - wf_DynamicFramework_federico - INFO - saving maps
2021-04-03 19:48:07,700 - wflow_sbm - wf_DynamicFramework_federico - DEBUG - timestep: 141/360.0 (2021-05-23 11:20:00)
2021-04-03 19:48:13,164 - wflow_sbm - wf_DynamicFramework_federico - INFO - saving maps
2021-04-03 19:48:14,039 - wflow_sbm - wf_DynamicFramework_federico - DEBUG - timestep: 142/360.0 (2021-05-23 11:21:00)
2021-04-03 19:48:19,529 - wflow_sbm - wf_DynamicFramework_federico - INFO - saving maps
2021-04-03 19:48:20,386 - wflow_sbm - wf_DynamicFramework_federico - DEBUG - timestep: 143/360.0 (2021-05-23 11:22:00)
2021-04-03 19:48:26,205 - wflow_sbm - wf_DynamicFramework_federico - INFO - saving maps
2021-04-03 19:48:27,103 - wflow_sbm - wf_DynamicFramework_federico - DEBUG - timestep: 144/360.0 (2021-05-23 11:23:00)
2021-04-03 19:48:32,635 - wflow_sbm - wf_DynamicFramework_federico - INFO - saving maps
2021-04-03 19:48:33,455 - wflow_sbm - wf_DynamicFramework_federico - DEBUG - timestep: 145/360.0 (2021-05-23 11:24:00)
2021-04-03 19:48:39,474 - wflow_sbm - wf_DynamicFramework_federico - INFO - saving maps
2021-04-03 19:48:40,357 - wflow_sbm - wf_DynamicFramework_federico - DEBUG - timestep: 146/360.0 (2021-05-23 11:25:00)
2021-04-03 19:48:46,009 - wflow_sbm - wf_DynamicFramework_federico - INFO - saving maps
2021-04-03 19:48:46,913 - wflow_sbm - wf_DynamicFramework_federico - DEBUG - timestep: 147/360.0 (2021-05-23 11:26:00)
2021-04-03 19:48:52,535 - wflow_sbm - wf_DynamicFramework_federico - INFO - saving maps
2021-04-03 19:48:53,410 - wflow_sbm - wf_DynamicFramework_federico - DEBUG - timestep: 148/360.0 (2021-05-23 11:27:00)
2021-04-03 19:48:58,993 - wflow_sbm - wf_DynamicFramework_federico - INFO - saving maps
2021-04-03 19:48:59,880 - wflow_sbm - wf_DynamicFramework_federico - DEBUG - timestep: 149/360.0 (2021-05-23 11:28:00)
2021-04-03 19:49:05,460 - wflow_sbm - wf_DynamicFramework_federico - INFO - saving maps
2021-04-03 19:49:06,357 - wflow_sbm - wf_DynamicFramework_federico - DEBUG - timestep: 150/360.0 (2021-05-23 11:29:00)
2021-04-03 19:49:11,901 - wflow_sbm - wf_DynamicFramework_federico - INFO - saving maps
2021-04-03 19:49:12,796 - wflow_sbm - wf_DynamicFramework_federico - DEBUG - timestep: 151/360.0 (2021-05-23 11:30:00)
2021-04-03 19:49:18,284 - wflow_sbm - wf_DynamicFramework_federico - INFO - saving maps
2021-04-03 19:49:19,108 - wflow_sbm - wf_DynamicFramework_federico - DEBUG - timestep: 152/360.0 (2021-05-23 11:31:00)
2021-04-03 19:49:24,639 - wflow_sbm - wf_DynamicFramework_federico - INFO - saving maps
2021-04-03 19:49:25,644 - wflow_sbm - wf_DynamicFramework_federico - DEBUG - timestep: 153/360.0 (2021-05-23 11:32:00)
2021-04-03 19:49:31,130 - wflow_sbm - wf_DynamicFramework_federico - INFO - saving maps
2021-04-03 19:49:32,101 - wflow_sbm - wf_DynamicFramework_federico - DEBUG - timestep: 154/360.0 (2021-05-23 11:33:00)
2021-04-03 19:49:37,218 - wflow_sbm - wf_DynamicFramework_federico - INFO - saving maps
2021-04-03 19:49:38,113 - wflow_sbm - wf_DynamicFramework_federico - DEBUG - timestep: 155/360.0 (2021-05-23 11:34:00)
2021-04-03 19:49:43,436 - wflow_sbm - wf_DynamicFramework_federico - INFO - saving maps
2021-04-03 19:49:44,338 - wflow_sbm - wf_DynamicFramework_federico - DEBUG - timestep: 156/360.0 (2021-05-23 11:35:00)
2021-04-03 19:49:49,803 - wflow_sbm - wf_DynamicFramework_federico - INFO - saving maps
2021-04-03 19:49:50,710 - wflow_sbm - wf_DynamicFramework_federico - DEBUG - timestep: 157/360.0 (2021-05-23 11:36:00)
2021-04-03 19:49:56,414 - wflow_sbm - wf_DynamicFramework_federico - INFO - saving maps
2021-04-03 19:49:57,301 - wflow_sbm - wf_DynamicFramework_federico - DEBUG - timestep: 158/360.0 (2021-05-23 11:37:00)
2021-04-03 19:50:02,965 - wflow_sbm - wf_DynamicFramework_federico - INFO - saving maps
2021-04-03 19:50:03,798 - wflow_sbm - wf_DynamicFramework_federico - DEBUG - timestep: 159/360.0 (2021-05-23 11:38:00)
2021-04-03 19:50:09,393 - wflow_sbm - wf_DynamicFramework_federico - INFO - saving maps
2021-04-03 19:50:10,288 - wflow_sbm - wf_DynamicFramework_federico - DEBUG - timestep: 160/360.0 (2021-05-23 11:39:00)
2021-04-03 19:50:15,920 - wflow_sbm - wf_DynamicFramework_federico - INFO - saving maps
2021-04-03 19:50:16,817 - wflow_sbm - wf_DynamicFramework_federico - DEBUG - timestep: 161/360.0 (2021-05-23 11:40:00)
2021-04-03 19:50:22,422 - wflow_sbm - wf_DynamicFramework_federico - INFO - saving maps
2021-04-03 19:50:23,380 - wflow_sbm - wf_DynamicFramework_federico - DEBUG - timestep: 162/360.0 (2021-05-23 11:41:00)
2021-04-03 19:50:29,005 - wflow_sbm - wf_DynamicFramework_federico - INFO - saving maps
2021-04-03 19:50:29,912 - wflow_sbm - wf_DynamicFramework_federico - DEBUG - timestep: 163/360.0 (2021-05-23 11:42:00)
2021-04-03 19:50:35,549 - wflow_sbm - wf_DynamicFramework_federico - INFO - saving maps
2021-04-03 19:50:36,422 - wflow_sbm - wf_DynamicFramework_federico - DEBUG - timestep: 164/360.0 (2021-05-23 11:43:00)
2021-04-03 19:50:41,961 - wflow_sbm - wf_DynamicFramework_federico - INFO - saving maps
2021-04-03 19:50:42,862 - wflow_sbm - wf_DynamicFramework_federico - DEBUG - timestep: 165/360.0 (2021-05-23 11:44:00)
2021-04-03 19:50:48,452 - wflow_sbm - wf_DynamicFramework_federico - INFO - saving maps
2021-04-03 19:50:49,284 - wflow_sbm - wf_DynamicFramework_federico - DEBUG - timestep: 166/360.0 (2021-05-23 11:45:00)
2021-04-03 19:50:54,820 - wflow_sbm - wf_DynamicFramework_federico - INFO - saving maps
2021-04-03 19:50:55,686 - wflow_sbm - wf_DynamicFramework_federico - DEBUG - timestep: 167/360.0 (2021-05-23 11:46:00)
2021-04-03 19:51:01,196 - wflow_sbm - wf_DynamicFramework_federico - INFO - saving maps
2021-04-03 19:51:02,066 - wflow_sbm - wf_DynamicFramework_federico - DEBUG - timestep: 168/360.0 (2021-05-23 11:47:00)
2021-04-03 19:51:07,760 - wflow_sbm - wf_DynamicFramework_federico - INFO - saving maps
2021-04-03 19:51:08,567 - wflow_sbm - wf_DynamicFramework_federico - DEBUG - timestep: 169/360.0 (2021-05-23 11:48:00)
2021-04-03 19:51:14,098 - wflow_sbm - wf_DynamicFramework_federico - INFO - saving maps
2021-04-03 19:51:14,963 - wflow_sbm - wf_DynamicFramework_federico - DEBUG - timestep: 170/360.0 (2021-05-23 11:49:00)
2021-04-03 19:51:20,780 - wflow_sbm - wf_DynamicFramework_federico - INFO - saving maps
2021-04-03 19:51:21,655 - wflow_sbm - wf_DynamicFramework_federico - DEBUG - timestep: 171/360.0 (2021-05-23 11:50:00)
2021-04-03 19:51:27,468 - wflow_sbm - wf_DynamicFramework_federico - INFO - saving maps
2021-04-03 19:51:28,490 - wflow_sbm - wf_DynamicFramework_federico - DEBUG - timestep: 172/360.0 (2021-05-23 11:51:00)
2021-04-03 19:51:34,294 - wflow_sbm - wf_DynamicFramework_federico - INFO - saving maps
2021-04-03 19:51:35,073 - wflow_sbm - wf_DynamicFramework_federico - DEBUG - timestep: 173/360.0 (2021-05-23 11:52:00)
2021-04-03 19:51:40,449 - wflow_sbm - wf_DynamicFramework_federico - INFO - saving maps
2021-04-03 19:51:41,335 - wflow_sbm - wf_DynamicFramework_federico - DEBUG - timestep: 174/360.0 (2021-05-23 11:53:00)
2021-04-03 19:51:46,867 - wflow_sbm - wf_DynamicFramework_federico - INFO - saving maps
2021-04-03 19:51:47,863 - wflow_sbm - wf_DynamicFramework_federico - DEBUG - timestep: 175/360.0 (2021-05-23 11:54:00)
2021-04-03 19:51:53,278 - wflow_sbm - wf_DynamicFramework_federico - INFO - saving maps
2021-04-03 19:51:54,190 - wflow_sbm - wf_DynamicFramework_federico - DEBUG - timestep: 176/360.0 (2021-05-23 11:55:00)
2021-04-03 19:51:59,665 - wflow_sbm - wf_DynamicFramework_federico - INFO - saving maps
2021-04-03 19:52:00,560 - wflow_sbm - wf_DynamicFramework_federico - DEBUG - timestep: 177/360.0 (2021-05-23 11:56:00)
2021-04-03 19:52:06,156 - wflow_sbm - wf_DynamicFramework_federico - INFO - saving maps
2021-04-03 19:52:07,071 - wflow_sbm - wf_DynamicFramework_federico - DEBUG - timestep: 178/360.0 (2021-05-23 11:57:00)
2021-04-03 19:52:12,715 - wflow_sbm - wf_DynamicFramework_federico - INFO - saving maps
2021-04-03 19:52:13,601 - wflow_sbm - wf_DynamicFramework_federico - DEBUG - timestep: 179/360.0 (2021-05-23 11:58:00)
2021-04-03 19:52:19,226 - wflow_sbm - wf_DynamicFramework_federico - INFO - saving maps
2021-04-03 19:52:20,051 - wflow_sbm - wf_DynamicFramework_federico - DEBUG - timestep: 180/360.0 (2021-05-23 11:59:00)
2021-04-03 19:52:25,690 - wflow_sbm - wf_DynamicFramework_federico - INFO - saving maps
2021-04-03 19:52:26,481 - wflow_sbm - wf_DynamicFramework_federico - DEBUG - timestep: 181/360.0 (2021-05-23 12:00:00)
2021-04-03 19:52:31,976 - wflow_sbm - wf_DynamicFramework_federico - INFO - saving maps
2021-04-03 19:52:32,844 - wflow_sbm - wf_DynamicFramework_federico - DEBUG - timestep: 182/360.0 (2021-05-23 12:01:00)
2021-04-03 19:52:38,492 - wflow_sbm - wf_DynamicFramework_federico - INFO - saving maps
2021-04-03 19:52:39,401 - wflow_sbm - wf_DynamicFramework_federico - DEBUG - timestep: 183/360.0 (2021-05-23 12:02:00)
2021-04-03 19:52:45,000 - wflow_sbm - wf_DynamicFramework_federico - INFO - saving maps
2021-04-03 19:52:45,917 - wflow_sbm - wf_DynamicFramework_federico - DEBUG - timestep: 184/360.0 (2021-05-23 12:03:00)
2021-04-03 19:52:51,555 - wflow_sbm - wf_DynamicFramework_federico - INFO - saving maps
2021-04-03 19:52:52,446 - wflow_sbm - wf_DynamicFramework_federico - DEBUG - timestep: 185/360.0 (2021-05-23 12:04:00)
2021-04-03 19:52:58,072 - wflow_sbm - wf_DynamicFramework_federico - INFO - saving maps
2021-04-03 19:52:58,953 - wflow_sbm - wf_DynamicFramework_federico - DEBUG - timestep: 186/360.0 (2021-05-23 12:05:00)
2021-04-03 19:53:04,495 - wflow_sbm - wf_DynamicFramework_federico - INFO - saving maps
2021-04-03 19:53:05,297 - wflow_sbm - wf_DynamicFramework_federico - DEBUG - timestep: 187/360.0 (2021-05-23 12:06:00)
2021-04-03 19:53:10,943 - wflow_sbm - wf_DynamicFramework_federico - INFO - saving maps
2021-04-03 19:53:11,798 - wflow_sbm - wf_DynamicFramework_federico - DEBUG - timestep: 188/360.0 (2021-05-23 12:07:00)
2021-04-03 19:53:17,333 - wflow_sbm - wf_DynamicFramework_federico - INFO - saving maps
2021-04-03 19:53:18,229 - wflow_sbm - wf_DynamicFramework_federico - DEBUG - timestep: 189/360.0 (2021-05-23 12:08:00)
2021-04-03 19:53:23,941 - wflow_sbm - wf_DynamicFramework_federico - INFO - saving maps
2021-04-03 19:53:24,989 - wflow_sbm - wf_DynamicFramework_federico - DEBUG - timestep: 190/360.0 (2021-05-23 12:09:00)
2021-04-03 19:53:30,674 - wflow_sbm - wf_DynamicFramework_federico - INFO - saving maps
2021-04-03 19:53:31,606 - wflow_sbm - wf_DynamicFramework_federico - DEBUG - timestep: 191/360.0 (2021-05-23 12:10:00)
2021-04-03 19:53:36,918 - wflow_sbm - wf_DynamicFramework_federico - INFO - saving maps
2021-04-03 19:53:37,807 - wflow_sbm - wf_DynamicFramework_federico - DEBUG - timestep: 192/360.0 (2021-05-23 12:11:00)
2021-04-03 19:53:43,347 - wflow_sbm - wf_DynamicFramework_federico - INFO - saving maps
2021-04-03 19:53:44,180 - wflow_sbm - wf_DynamicFramework_federico - DEBUG - timestep: 193/360.0 (2021-05-23 12:12:00)
2021-04-03 19:53:50,213 - wflow_sbm - wf_DynamicFramework_federico - INFO - saving maps
2021-04-03 19:53:51,148 - wflow_sbm - wf_DynamicFramework_federico - DEBUG - timestep: 194/360.0 (2021-05-23 12:13:00)
2021-04-03 19:53:56,654 - wflow_sbm - wf_DynamicFramework_federico - INFO - saving maps
2021-04-03 19:53:57,516 - wflow_sbm - wf_DynamicFramework_federico - DEBUG - timestep: 195/360.0 (2021-05-23 12:14:00)
2021-04-03 19:54:03,243 - wflow_sbm - wf_DynamicFramework_federico - INFO - saving maps
2021-04-03 19:54:04,135 - wflow_sbm - wf_DynamicFramework_federico - DEBUG - timestep: 196/360.0 (2021-05-23 12:15:00)
2021-04-03 19:54:09,623 - wflow_sbm - wf_DynamicFramework_federico - INFO - saving maps
2021-04-03 19:54:10,536 - wflow_sbm - wf_DynamicFramework_federico - DEBUG - timestep: 197/360.0 (2021-05-23 12:16:00)
2021-04-03 19:54:16,058 - wflow_sbm - wf_DynamicFramework_federico - INFO - saving maps
2021-04-03 19:54:16,950 - wflow_sbm - wf_DynamicFramework_federico - DEBUG - timestep: 198/360.0 (2021-05-23 12:17:00)
2021-04-03 19:54:22,548 - wflow_sbm - wf_DynamicFramework_federico - INFO - saving maps
2021-04-03 19:54:23,403 - wflow_sbm - wf_DynamicFramework_federico - DEBUG - timestep: 199/360.0 (2021-05-23 12:18:00)
2021-04-03 19:54:28,356 - wflow_sbm - wf_DynamicFramework_federico - INFO - saving maps
2021-04-03 19:54:29,179 - wflow_sbm - wf_DynamicFramework_federico - DEBUG - timestep: 200/360.0 (2021-05-23 12:19:00)
2021-04-03 19:54:34,274 - wflow_sbm - wf_DynamicFramework_federico - INFO - saving maps
2021-04-03 19:54:35,096 - wflow_sbm - wf_DynamicFramework_federico - DEBUG - timestep: 201/360.0 (2021-05-23 12:20:00)
2021-04-03 19:54:40,620 - wflow_sbm - wf_DynamicFramework_federico - INFO - saving maps
2021-04-03 19:54:41,473 - wflow_sbm - wf_DynamicFramework_federico - DEBUG - timestep: 202/360.0 (2021-05-23 12:21:00)
2021-04-03 19:54:46,982 - wflow_sbm - wf_DynamicFramework_federico - INFO - saving maps
2021-04-03 19:54:47,895 - wflow_sbm - wf_DynamicFramework_federico - DEBUG - timestep: 203/360.0 (2021-05-23 12:22:00)
2021-04-03 19:54:53,671 - wflow_sbm - wf_DynamicFramework_federico - INFO - saving maps
2021-04-03 19:54:54,571 - wflow_sbm - wf_DynamicFramework_federico - DEBUG - timestep: 204/360.0 (2021-05-23 12:23:00)
2021-04-03 19:55:00,153 - wflow_sbm - wf_DynamicFramework_federico - INFO - saving maps
2021-04-03 19:55:01,043 - wflow_sbm - wf_DynamicFramework_federico - DEBUG - timestep: 205/360.0 (2021-05-23 12:24:00)
2021-04-03 19:55:06,857 - wflow_sbm - wf_DynamicFramework_federico - INFO - saving maps
2021-04-03 19:55:07,758 - wflow_sbm - wf_DynamicFramework_federico - DEBUG - timestep: 206/360.0 (2021-05-23 12:25:00)
2021-04-03 19:55:13,424 - wflow_sbm - wf_DynamicFramework_federico - INFO - saving maps
2021-04-03 19:55:14,318 - wflow_sbm - wf_DynamicFramework_federico - DEBUG - timestep: 207/360.0 (2021-05-23 12:26:00)
2021-04-03 19:55:19,989 - wflow_sbm - wf_DynamicFramework_federico - INFO - saving maps
2021-04-03 19:55:20,823 - wflow_sbm - wf_DynamicFramework_federico - DEBUG - timestep: 208/360.0 (2021-05-23 12:27:00)
2021-04-03 19:55:26,564 - wflow_sbm - wf_DynamicFramework_federico - INFO - saving maps
2021-04-03 19:55:27,555 - wflow_sbm - wf_DynamicFramework_federico - DEBUG - timestep: 209/360.0 (2021-05-23 12:28:00)
2021-04-03 19:55:33,148 - wflow_sbm - wf_DynamicFramework_federico - INFO - saving maps
2021-04-03 19:55:33,996 - wflow_sbm - wf_DynamicFramework_federico - DEBUG - timestep: 210/360.0 (2021-05-23 12:29:00)
2021-04-03 19:55:39,392 - wflow_sbm - wf_DynamicFramework_federico - INFO - saving maps
2021-04-03 19:55:40,255 - wflow_sbm - wf_DynamicFramework_federico - DEBUG - timestep: 211/360.0 (2021-05-23 12:30:00)
2021-04-03 19:55:45,900 - wflow_sbm - wf_DynamicFramework_federico - INFO - saving maps
2021-04-03 19:55:46,783 - wflow_sbm - wf_DynamicFramework_federico - DEBUG - timestep: 212/360.0 (2021-05-23 12:31:00)
2021-04-03 19:55:52,686 - wflow_sbm - wf_DynamicFramework_federico - INFO - saving maps
2021-04-03 19:55:53,787 - wflow_sbm - wf_DynamicFramework_federico - DEBUG - timestep: 213/360.0 (2021-05-23 12:32:00)
2021-04-03 19:55:59,531 - wflow_sbm - wf_DynamicFramework_federico - INFO - saving maps
2021-04-03 19:56:00,426 - wflow_sbm - wf_DynamicFramework_federico - DEBUG - timestep: 214/360.0 (2021-05-23 12:33:00)
2021-04-03 19:56:06,204 - wflow_sbm - wf_DynamicFramework_federico - INFO - saving maps
2021-04-03 19:56:07,034 - wflow_sbm - wf_DynamicFramework_federico - DEBUG - timestep: 215/360.0 (2021-05-23 12:34:00)
2021-04-03 19:56:12,616 - wflow_sbm - wf_DynamicFramework_federico - INFO - saving maps
2021-04-03 19:56:13,472 - wflow_sbm - wf_DynamicFramework_federico - DEBUG - timestep: 216/360.0 (2021-05-23 12:35:00)
2021-04-03 19:56:19,015 - wflow_sbm - wf_DynamicFramework_federico - INFO - saving maps
2021-04-03 19:56:19,902 - wflow_sbm - wf_DynamicFramework_federico - DEBUG - timestep: 217/360.0 (2021-05-23 12:36:00)
2021-04-03 19:56:25,451 - wflow_sbm - wf_DynamicFramework_federico - INFO - saving maps
2021-04-03 19:56:26,292 - wflow_sbm - wf_DynamicFramework_federico - DEBUG - timestep: 218/360.0 (2021-05-23 12:37:00)
2021-04-03 19:56:31,258 - wflow_sbm - wf_DynamicFramework_federico - INFO - saving maps
2021-04-03 19:56:32,089 - wflow_sbm - wf_DynamicFramework_federico - DEBUG - timestep: 219/360.0 (2021-05-23 12:38:00)
2021-04-03 19:56:36,956 - wflow_sbm - wf_DynamicFramework_federico - INFO - saving maps
2021-04-03 19:56:37,752 - wflow_sbm - wf_DynamicFramework_federico - DEBUG - timestep: 220/360.0 (2021-05-23 12:39:00)
2021-04-03 19:56:42,617 - wflow_sbm - wf_DynamicFramework_federico - INFO - saving maps
2021-04-03 19:56:43,409 - wflow_sbm - wf_DynamicFramework_federico - DEBUG - timestep: 221/360.0 (2021-05-23 12:40:00)
2021-04-03 19:56:48,287 - wflow_sbm - wf_DynamicFramework_federico - INFO - saving maps
2021-04-03 19:56:49,033 - wflow_sbm - wf_DynamicFramework_federico - DEBUG - timestep: 222/360.0 (2021-05-23 12:41:00)
2021-04-03 19:56:53,781 - wflow_sbm - wf_DynamicFramework_federico - INFO - saving maps
2021-04-03 19:56:54,559 - wflow_sbm - wf_DynamicFramework_federico - DEBUG - timestep: 223/360.0 (2021-05-23 12:42:00)
2021-04-03 19:56:59,298 - wflow_sbm - wf_DynamicFramework_federico - INFO - saving maps
2021-04-03 19:57:00,097 - wflow_sbm - wf_DynamicFramework_federico - DEBUG - timestep: 224/360.0 (2021-05-23 12:43:00)
2021-04-03 19:57:05,125 - wflow_sbm - wf_DynamicFramework_federico - INFO - saving maps
2021-04-03 19:57:06,016 - wflow_sbm - wf_DynamicFramework_federico - DEBUG - timestep: 225/360.0 (2021-05-23 12:44:00)
2021-04-03 19:57:11,402 - wflow_sbm - wf_DynamicFramework_federico - INFO - saving maps
2021-04-03 19:57:12,264 - wflow_sbm - wf_DynamicFramework_federico - DEBUG - timestep: 226/360.0 (2021-05-23 12:45:00)
2021-04-03 19:57:17,654 - wflow_sbm - wf_DynamicFramework_federico - INFO - saving maps
2021-04-03 19:57:18,505 - wflow_sbm - wf_DynamicFramework_federico - DEBUG - timestep: 227/360.0 (2021-05-23 12:46:00)
2021-04-03 19:57:23,826 - wflow_sbm - wf_DynamicFramework_federico - INFO - saving maps
2021-04-03 19:57:24,679 - wflow_sbm - wf_DynamicFramework_federico - DEBUG - timestep: 228/360.0 (2021-05-23 12:47:00)
2021-04-03 19:57:29,935 - wflow_sbm - wf_DynamicFramework_federico - INFO - saving maps
2021-04-03 19:57:30,723 - wflow_sbm - wf_DynamicFramework_federico - DEBUG - timestep: 229/360.0 (2021-05-23 12:48:00)
2021-04-03 19:57:35,898 - wflow_sbm - wf_DynamicFramework_federico - INFO - saving maps
2021-04-03 19:57:36,721 - wflow_sbm - wf_DynamicFramework_federico - DEBUG - timestep: 230/360.0 (2021-05-23 12:49:00)
2021-04-03 19:57:42,095 - wflow_sbm - wf_DynamicFramework_federico - INFO - saving maps
2021-04-03 19:57:42,952 - wflow_sbm - wf_DynamicFramework_federico - DEBUG - timestep: 231/360.0 (2021-05-23 12:50:00)
2021-04-03 19:57:48,260 - wflow_sbm - wf_DynamicFramework_federico - INFO - saving maps
2021-04-03 19:57:49,086 - wflow_sbm - wf_DynamicFramework_federico - DEBUG - timestep: 232/360.0 (2021-05-23 12:51:00)
2021-04-03 19:57:54,035 - wflow_sbm - wf_DynamicFramework_federico - INFO - saving maps
2021-04-03 19:57:54,863 - wflow_sbm - wf_DynamicFramework_federico - DEBUG - timestep: 233/360.0 (2021-05-23 12:52:00)
2021-04-03 19:58:00,213 - wflow_sbm - wf_DynamicFramework_federico - INFO - saving maps
2021-04-03 19:58:01,018 - wflow_sbm - wf_DynamicFramework_federico - DEBUG - timestep: 234/360.0 (2021-05-23 12:53:00)
2021-04-03 19:58:06,594 - wflow_sbm - wf_DynamicFramework_federico - INFO - saving maps
2021-04-03 19:58:07,392 - wflow_sbm - wf_DynamicFramework_federico - DEBUG - timestep: 235/360.0 (2021-05-23 12:54:00)
2021-04-03 19:58:12,249 - wflow_sbm - wf_DynamicFramework_federico - INFO - saving maps
2021-04-03 19:58:12,999 - wflow_sbm - wf_DynamicFramework_federico - DEBUG - timestep: 236/360.0 (2021-05-23 12:55:00)
2021-04-03 19:58:18,700 - wflow_sbm - wf_DynamicFramework_federico - INFO - saving maps
2021-04-03 19:58:19,555 - wflow_sbm - wf_DynamicFramework_federico - DEBUG - timestep: 237/360.0 (2021-05-23 12:56:00)
2021-04-03 19:58:24,864 - wflow_sbm - wf_DynamicFramework_federico - INFO - saving maps
2021-04-03 19:58:25,671 - wflow_sbm - wf_DynamicFramework_federico - DEBUG - timestep: 238/360.0 (2021-05-23 12:57:00)
2021-04-03 19:58:30,620 - wflow_sbm - wf_DynamicFramework_federico - INFO - saving maps
2021-04-03 19:58:31,607 - wflow_sbm - wf_DynamicFramework_federico - DEBUG - timestep: 239/360.0 (2021-05-23 12:58:00)
2021-04-03 19:58:37,021 - wflow_sbm - wf_DynamicFramework_federico - INFO - saving maps
2021-04-03 19:58:37,890 - wflow_sbm - wf_DynamicFramework_federico - DEBUG - timestep: 240/360.0 (2021-05-23 12:59:00)
2021-04-03 19:58:43,144 - wflow_sbm - wf_DynamicFramework_federico - INFO - saving maps
2021-04-03 19:58:44,001 - wflow_sbm - wf_DynamicFramework_federico - DEBUG - timestep: 241/360.0 (2021-05-23 13:00:00)
2021-04-03 19:58:49,320 - wflow_sbm - wf_DynamicFramework_federico - INFO - saving maps
2021-04-03 19:58:50,149 - wflow_sbm - wf_DynamicFramework_federico - DEBUG - timestep: 242/360.0 (2021-05-23 13:01:00)
2021-04-03 19:58:55,468 - wflow_sbm - wf_DynamicFramework_federico - INFO - saving maps
2021-04-03 19:58:56,274 - wflow_sbm - wf_DynamicFramework_federico - DEBUG - timestep: 243/360.0 (2021-05-23 13:02:00)
2021-04-03 19:59:01,694 - wflow_sbm - wf_DynamicFramework_federico - INFO - saving maps
2021-04-03 19:59:02,536 - wflow_sbm - wf_DynamicFramework_federico - DEBUG - timestep: 244/360.0 (2021-05-23 13:03:00)
2021-04-03 19:59:07,829 - wflow_sbm - wf_DynamicFramework_federico - INFO - saving maps
2021-04-03 19:59:08,697 - wflow_sbm - wf_DynamicFramework_federico - DEBUG - timestep: 245/360.0 (2021-05-23 13:04:00)
2021-04-03 19:59:14,087 - wflow_sbm - wf_DynamicFramework_federico - INFO - saving maps
2021-04-03 19:59:14,963 - wflow_sbm - wf_DynamicFramework_federico - DEBUG - timestep: 246/360.0 (2021-05-23 13:05:00)
2021-04-03 19:59:20,477 - wflow_sbm - wf_DynamicFramework_federico - INFO - saving maps
2021-04-03 19:59:21,376 - wflow_sbm - wf_DynamicFramework_federico - DEBUG - timestep: 247/360.0 (2021-05-23 13:06:00)
2021-04-03 19:59:26,808 - wflow_sbm - wf_DynamicFramework_federico - INFO - saving maps
2021-04-03 19:59:27,721 - wflow_sbm - wf_DynamicFramework_federico - DEBUG - timestep: 248/360.0 (2021-05-23 13:07:00)
2021-04-03 19:59:33,293 - wflow_sbm - wf_DynamicFramework_federico - INFO - saving maps
2021-04-03 19:59:34,285 - wflow_sbm - wf_DynamicFramework_federico - DEBUG - timestep: 249/360.0 (2021-05-23 13:08:00)
2021-04-03 19:59:39,323 - wflow_sbm - wf_DynamicFramework_federico - INFO - saving maps
2021-04-03 19:59:40,062 - wflow_sbm - wf_DynamicFramework_federico - DEBUG - timestep: 250/360.0 (2021-05-23 13:09:00)
2021-04-03 19:59:45,276 - wflow_sbm - wf_DynamicFramework_federico - INFO - saving maps
2021-04-03 19:59:46,049 - wflow_sbm - wf_DynamicFramework_federico - DEBUG - timestep: 251/360.0 (2021-05-23 13:10:00)
2021-04-03 19:59:50,969 - wflow_sbm - wf_DynamicFramework_federico - INFO - saving maps
2021-04-03 19:59:52,021 - wflow_sbm - wf_DynamicFramework_federico - DEBUG - timestep: 252/360.0 (2021-05-23 13:11:00)
2021-04-03 19:59:56,810 - wflow_sbm - wf_DynamicFramework_federico - INFO - saving maps
2021-04-03 19:59:57,597 - wflow_sbm - wf_DynamicFramework_federico - DEBUG - timestep: 253/360.0 (2021-05-23 13:12:00)
2021-04-03 20:00:02,776 - wflow_sbm - wf_DynamicFramework_federico - INFO - saving maps
2021-04-03 20:00:03,675 - wflow_sbm - wf_DynamicFramework_federico - DEBUG - timestep: 254/360.0 (2021-05-23 13:13:00)
2021-04-03 20:00:09,180 - wflow_sbm - wf_DynamicFramework_federico - INFO - saving maps
2021-04-03 20:00:10,032 - wflow_sbm - wf_DynamicFramework_federico - DEBUG - timestep: 255/360.0 (2021-05-23 13:14:00)
2021-04-03 20:00:15,439 - wflow_sbm - wf_DynamicFramework_federico - INFO - saving maps
2021-04-03 20:00:16,284 - wflow_sbm - wf_DynamicFramework_federico - DEBUG - timestep: 256/360.0 (2021-05-23 13:15:00)
2021-04-03 20:00:21,679 - wflow_sbm - wf_DynamicFramework_federico - INFO - saving maps
2021-04-03 20:00:22,624 - wflow_sbm - wf_DynamicFramework_federico - DEBUG - timestep: 257/360.0 (2021-05-23 13:16:00)
2021-04-03 20:00:27,836 - wflow_sbm - wf_DynamicFramework_federico - INFO - saving maps
2021-04-03 20:00:28,633 - wflow_sbm - wf_DynamicFramework_federico - DEBUG - timestep: 258/360.0 (2021-05-23 13:17:00)
2021-04-03 20:00:33,511 - wflow_sbm - wf_DynamicFramework_federico - INFO - saving maps
2021-04-03 20:00:34,333 - wflow_sbm - wf_DynamicFramework_federico - DEBUG - timestep: 259/360.0 (2021-05-23 13:18:00)
2021-04-03 20:00:39,324 - wflow_sbm - wf_DynamicFramework_federico - INFO - saving maps
2021-04-03 20:00:40,208 - wflow_sbm - wf_DynamicFramework_federico - DEBUG - timestep: 260/360.0 (2021-05-23 13:19:00)
2021-04-03 20:00:45,511 - wflow_sbm - wf_DynamicFramework_federico - INFO - saving maps
2021-04-03 20:00:46,392 - wflow_sbm - wf_DynamicFramework_federico - DEBUG - timestep: 261/360.0 (2021-05-23 13:20:00)
2021-04-03 20:00:51,754 - wflow_sbm - wf_DynamicFramework_federico - INFO - saving maps
2021-04-03 20:00:52,605 - wflow_sbm - wf_DynamicFramework_federico - DEBUG - timestep: 262/360.0 (2021-05-23 13:21:00)
2021-04-03 20:00:58,050 - wflow_sbm - wf_DynamicFramework_federico - INFO - saving maps
2021-04-03 20:00:58,929 - wflow_sbm - wf_DynamicFramework_federico - DEBUG - timestep: 263/360.0 (2021-05-23 13:22:00)
2021-04-03 20:01:04,672 - wflow_sbm - wf_DynamicFramework_federico - INFO - saving maps
2021-04-03 20:01:05,512 - wflow_sbm - wf_DynamicFramework_federico - DEBUG - timestep: 264/360.0 (2021-05-23 13:23:00)
2021-04-03 20:01:10,460 - wflow_sbm - wf_DynamicFramework_federico - INFO - saving maps
2021-04-03 20:01:11,260 - wflow_sbm - wf_DynamicFramework_federico - DEBUG - timestep: 265/360.0 (2021-05-23 13:24:00)
2021-04-03 20:01:16,765 - wflow_sbm - wf_DynamicFramework_federico - INFO - saving maps
2021-04-03 20:01:17,601 - wflow_sbm - wf_DynamicFramework_federico - DEBUG - timestep: 266/360.0 (2021-05-23 13:25:00)
2021-04-03 20:01:22,934 - wflow_sbm - wf_DynamicFramework_federico - INFO - saving maps
2021-04-03 20:01:23,915 - wflow_sbm - wf_DynamicFramework_federico - DEBUG - timestep: 267/360.0 (2021-05-23 13:26:00)
2021-04-03 20:01:29,320 - wflow_sbm - wf_DynamicFramework_federico - INFO - saving maps
2021-04-03 20:01:30,214 - wflow_sbm - wf_DynamicFramework_federico - DEBUG - timestep: 268/360.0 (2021-05-23 13:27:00)
2021-04-03 20:01:35,759 - wflow_sbm - wf_DynamicFramework_federico - INFO - saving maps
2021-04-03 20:01:36,635 - wflow_sbm - wf_DynamicFramework_federico - DEBUG - timestep: 269/360.0 (2021-05-23 13:28:00)
2021-04-03 20:01:42,271 - wflow_sbm - wf_DynamicFramework_federico - INFO - saving maps
2021-04-03 20:01:43,137 - wflow_sbm - wf_DynamicFramework_federico - DEBUG - timestep: 270/360.0 (2021-05-23 13:29:00)
2021-04-03 20:01:48,997 - wflow_sbm - wf_DynamicFramework_federico - INFO - saving maps
2021-04-03 20:01:49,819 - wflow_sbm - wf_DynamicFramework_federico - DEBUG - timestep: 271/360.0 (2021-05-23 13:30:00)
2021-04-03 20:01:55,479 - wflow_sbm - wf_DynamicFramework_federico - INFO - saving maps
2021-04-03 20:01:56,351 - wflow_sbm - wf_DynamicFramework_federico - DEBUG - timestep: 272/360.0 (2021-05-23 13:31:00)
2021-04-03 20:02:01,930 - wflow_sbm - wf_DynamicFramework_federico - INFO - saving maps
2021-04-03 20:02:02,821 - wflow_sbm - wf_DynamicFramework_federico - DEBUG - timestep: 273/360.0 (2021-05-23 13:32:00)
2021-04-03 20:02:08,336 - wflow_sbm - wf_DynamicFramework_federico - INFO - saving maps
2021-04-03 20:02:09,231 - wflow_sbm - wf_DynamicFramework_federico - DEBUG - timestep: 274/360.0 (2021-05-23 13:33:00)
2021-04-03 20:02:14,674 - wflow_sbm - wf_DynamicFramework_federico - INFO - saving maps
2021-04-03 20:02:15,571 - wflow_sbm - wf_DynamicFramework_federico - DEBUG - timestep: 275/360.0 (2021-05-23 13:34:00)
2021-04-03 20:02:21,055 - wflow_sbm - wf_DynamicFramework_federico - INFO - saving maps
2021-04-03 20:02:21,939 - wflow_sbm - wf_DynamicFramework_federico - DEBUG - timestep: 276/360.0 (2021-05-23 13:35:00)
2021-04-03 20:02:27,411 - wflow_sbm - wf_DynamicFramework_federico - INFO - saving maps
2021-04-03 20:02:28,286 - wflow_sbm - wf_DynamicFramework_federico - DEBUG - timestep: 277/360.0 (2021-05-23 13:36:00)
2021-04-03 20:02:33,839 - wflow_sbm - wf_DynamicFramework_federico - INFO - saving maps
2021-04-03 20:02:34,667 - wflow_sbm - wf_DynamicFramework_federico - DEBUG - timestep: 278/360.0 (2021-05-23 13:37:00)
2021-04-03 20:02:40,431 - wflow_sbm - wf_DynamicFramework_federico - INFO - saving maps
2021-04-03 20:02:41,260 - wflow_sbm - wf_DynamicFramework_federico - DEBUG - timestep: 279/360.0 (2021-05-23 13:38:00)
2021-04-03 20:02:46,871 - wflow_sbm - wf_DynamicFramework_federico - INFO - saving maps
2021-04-03 20:02:47,738 - wflow_sbm - wf_DynamicFramework_federico - DEBUG - timestep: 280/360.0 (2021-05-23 13:39:00)
2021-04-03 20:02:53,365 - wflow_sbm - wf_DynamicFramework_federico - INFO - saving maps
2021-04-03 20:02:54,262 - wflow_sbm - wf_DynamicFramework_federico - DEBUG - timestep: 281/360.0 (2021-05-23 13:40:00)
2021-04-03 20:02:59,750 - wflow_sbm - wf_DynamicFramework_federico - INFO - saving maps
2021-04-03 20:03:00,636 - wflow_sbm - wf_DynamicFramework_federico - DEBUG - timestep: 282/360.0 (2021-05-23 13:41:00)
2021-04-03 20:03:06,400 - wflow_sbm - wf_DynamicFramework_federico - INFO - saving maps
2021-04-03 20:03:07,393 - wflow_sbm - wf_DynamicFramework_federico - DEBUG - timestep: 283/360.0 (2021-05-23 13:42:00)
2021-04-03 20:03:13,389 - wflow_sbm - wf_DynamicFramework_federico - INFO - saving maps
2021-04-03 20:03:14,343 - wflow_sbm - wf_DynamicFramework_federico - DEBUG - timestep: 284/360.0 (2021-05-23 13:43:00)
2021-04-03 20:03:19,964 - wflow_sbm - wf_DynamicFramework_federico - INFO - saving maps
2021-04-03 20:03:20,777 - wflow_sbm - wf_DynamicFramework_federico - DEBUG - timestep: 285/360.0 (2021-05-23 13:44:00)
2021-04-03 20:03:26,300 - wflow_sbm - wf_DynamicFramework_federico - INFO - saving maps
2021-04-03 20:03:27,158 - wflow_sbm - wf_DynamicFramework_federico - DEBUG - timestep: 286/360.0 (2021-05-23 13:45:00)
2021-04-03 20:03:32,517 - wflow_sbm - wf_DynamicFramework_federico - INFO - saving maps
2021-04-03 20:03:33,431 - wflow_sbm - wf_DynamicFramework_federico - DEBUG - timestep: 287/360.0 (2021-05-23 13:46:00)
2021-04-03 20:03:39,000 - wflow_sbm - wf_DynamicFramework_federico - INFO - saving maps
2021-04-03 20:03:39,886 - wflow_sbm - wf_DynamicFramework_federico - DEBUG - timestep: 288/360.0 (2021-05-23 13:47:00)
2021-04-03 20:03:45,218 - wflow_sbm - wf_DynamicFramework_federico - INFO - saving maps
2021-04-03 20:03:46,164 - wflow_sbm - wf_DynamicFramework_federico - DEBUG - timestep: 289/360.0 (2021-05-23 13:48:00)
2021-04-03 20:03:51,699 - wflow_sbm - wf_DynamicFramework_federico - INFO - saving maps
2021-04-03 20:03:52,594 - wflow_sbm - wf_DynamicFramework_federico - DEBUG - timestep: 290/360.0 (2021-05-23 13:49:00)
2021-04-03 20:03:58,097 - wflow_sbm - wf_DynamicFramework_federico - INFO - saving maps
2021-04-03 20:03:58,976 - wflow_sbm - wf_DynamicFramework_federico - DEBUG - timestep: 291/360.0 (2021-05-23 13:50:00)
2021-04-03 20:04:04,339 - wflow_sbm - wf_DynamicFramework_federico - INFO - saving maps
2021-04-03 20:04:05,103 - wflow_sbm - wf_DynamicFramework_federico - DEBUG - timestep: 292/360.0 (2021-05-23 13:51:00)
2021-04-03 20:04:10,372 - wflow_sbm - wf_DynamicFramework_federico - INFO - saving maps
2021-04-03 20:04:11,266 - wflow_sbm - wf_DynamicFramework_federico - DEBUG - timestep: 293/360.0 (2021-05-23 13:52:00)
2021-04-03 20:04:16,970 - wflow_sbm - wf_DynamicFramework_federico - INFO - saving maps
2021-04-03 20:04:17,855 - wflow_sbm - wf_DynamicFramework_federico - DEBUG - timestep: 294/360.0 (2021-05-23 13:53:00)
2021-04-03 20:04:23,332 - wflow_sbm - wf_DynamicFramework_federico - INFO - saving maps
2021-04-03 20:04:24,218 - wflow_sbm - wf_DynamicFramework_federico - DEBUG - timestep: 295/360.0 (2021-05-23 13:54:00)
2021-04-03 20:04:29,669 - wflow_sbm - wf_DynamicFramework_federico - INFO - saving maps
2021-04-03 20:04:30,564 - wflow_sbm - wf_DynamicFramework_federico - DEBUG - timestep: 296/360.0 (2021-05-23 13:55:00)
2021-04-03 20:04:36,248 - wflow_sbm - wf_DynamicFramework_federico - INFO - saving maps
2021-04-03 20:04:37,135 - wflow_sbm - wf_DynamicFramework_federico - DEBUG - timestep: 297/360.0 (2021-05-23 13:56:00)
2021-04-03 20:04:42,759 - wflow_sbm - wf_DynamicFramework_federico - INFO - saving maps
2021-04-03 20:04:43,640 - wflow_sbm - wf_DynamicFramework_federico - DEBUG - timestep: 298/360.0 (2021-05-23 13:57:00)
2021-04-03 20:04:49,196 - wflow_sbm - wf_DynamicFramework_federico - INFO - saving maps
2021-04-03 20:04:50,004 - wflow_sbm - wf_DynamicFramework_federico - DEBUG - timestep: 299/360.0 (2021-05-23 13:58:00)
2021-04-03 20:04:55,594 - wflow_sbm - wf_DynamicFramework_federico - INFO - saving maps
2021-04-03 20:04:56,442 - wflow_sbm - wf_DynamicFramework_federico - DEBUG - timestep: 300/360.0 (2021-05-23 13:59:00)
2021-04-03 20:05:02,007 - wflow_sbm - wf_DynamicFramework_federico - INFO - saving maps
2021-04-03 20:05:02,893 - wflow_sbm - wf_DynamicFramework_federico - DEBUG - timestep: 301/360.0 (2021-05-23 14:00:00)
2021-04-03 20:05:08,419 - wflow_sbm - wf_DynamicFramework_federico - INFO - saving maps
2021-04-03 20:05:09,299 - wflow_sbm - wf_DynamicFramework_federico - DEBUG - timestep: 302/360.0 (2021-05-23 14:01:00)
2021-04-03 20:05:14,795 - wflow_sbm - wf_DynamicFramework_federico - INFO - saving maps
2021-04-03 20:05:15,684 - wflow_sbm - wf_DynamicFramework_federico - DEBUG - timestep: 303/360.0 (2021-05-23 14:02:00)
2021-04-03 20:05:21,199 - wflow_sbm - wf_DynamicFramework_federico - INFO - saving maps
2021-04-03 20:05:22,091 - wflow_sbm - wf_DynamicFramework_federico - DEBUG - timestep: 304/360.0 (2021-05-23 14:03:00)
2021-04-03 20:05:27,764 - wflow_sbm - wf_DynamicFramework_federico - INFO - saving maps
2021-04-03 20:05:28,641 - wflow_sbm - wf_DynamicFramework_federico - DEBUG - timestep: 305/360.0 (2021-05-23 14:04:00)
2021-04-03 20:05:34,170 - wflow_sbm - wf_DynamicFramework_federico - INFO - saving maps
2021-04-03 20:05:34,993 - wflow_sbm - wf_DynamicFramework_federico - DEBUG - timestep: 306/360.0 (2021-05-23 14:05:00)
2021-04-03 20:05:40,627 - wflow_sbm - wf_DynamicFramework_federico - INFO - saving maps
2021-04-03 20:05:41,500 - wflow_sbm - wf_DynamicFramework_federico - DEBUG - timestep: 307/360.0 (2021-05-23 14:06:00)
2021-04-03 20:05:47,274 - wflow_sbm - wf_DynamicFramework_federico - INFO - saving maps
2021-04-03 20:05:48,173 - wflow_sbm - wf_DynamicFramework_federico - DEBUG - timestep: 308/360.0 (2021-05-23 14:07:00)
2021-04-03 20:05:53,790 - wflow_sbm - wf_DynamicFramework_federico - INFO - saving maps
2021-04-03 20:05:54,692 - wflow_sbm - wf_DynamicFramework_federico - DEBUG - timestep: 309/360.0 (2021-05-23 14:08:00)
2021-04-03 20:06:00,216 - wflow_sbm - wf_DynamicFramework_federico - INFO - saving maps
2021-04-03 20:06:01,120 - wflow_sbm - wf_DynamicFramework_federico - DEBUG - timestep: 310/360.0 (2021-05-23 14:09:00)
2021-04-03 20:06:06,618 - wflow_sbm - wf_DynamicFramework_federico - INFO - saving maps
2021-04-03 20:06:07,495 - wflow_sbm - wf_DynamicFramework_federico - DEBUG - timestep: 311/360.0 (2021-05-23 14:10:00)
2021-04-03 20:06:12,994 - wflow_sbm - wf_DynamicFramework_federico - INFO - saving maps
2021-04-03 20:06:13,891 - wflow_sbm - wf_DynamicFramework_federico - DEBUG - timestep: 312/360.0 (2021-05-23 14:11:00)
2021-04-03 20:06:19,480 - wflow_sbm - wf_DynamicFramework_federico - INFO - saving maps
2021-04-03 20:06:20,276 - wflow_sbm - wf_DynamicFramework_federico - DEBUG - timestep: 313/360.0 (2021-05-23 14:12:00)
2021-04-03 20:06:25,637 - wflow_sbm - wf_DynamicFramework_federico - INFO - saving maps
2021-04-03 20:06:26,438 - wflow_sbm - wf_DynamicFramework_federico - DEBUG - timestep: 314/360.0 (2021-05-23 14:13:00)
2021-04-03 20:06:31,718 - wflow_sbm - wf_DynamicFramework_federico - INFO - saving maps
2021-04-03 20:06:32,575 - wflow_sbm - wf_DynamicFramework_federico - DEBUG - timestep: 315/360.0 (2021-05-23 14:14:00)
2021-04-03 20:06:37,915 - wflow_sbm - wf_DynamicFramework_federico - INFO - saving maps
2021-04-03 20:06:38,779 - wflow_sbm - wf_DynamicFramework_federico - DEBUG - timestep: 316/360.0 (2021-05-23 14:15:00)
2021-04-03 20:06:43,913 - wflow_sbm - wf_DynamicFramework_federico - INFO - saving maps
2021-04-03 20:06:44,727 - wflow_sbm - wf_DynamicFramework_federico - DEBUG - timestep: 317/360.0 (2021-05-23 14:16:00)
2021-04-03 20:06:50,021 - wflow_sbm - wf_DynamicFramework_federico - INFO - saving maps
2021-04-03 20:06:50,863 - wflow_sbm - wf_DynamicFramework_federico - DEBUG - timestep: 318/360.0 (2021-05-23 14:17:00)
2021-04-03 20:06:56,244 - wflow_sbm - wf_DynamicFramework_federico - INFO - saving maps
2021-04-03 20:06:57,093 - wflow_sbm - wf_DynamicFramework_federico - DEBUG - timestep: 319/360.0 (2021-05-23 14:18:00)
2021-04-03 20:07:02,423 - wflow_sbm - wf_DynamicFramework_federico - INFO - saving maps
2021-04-03 20:07:03,219 - wflow_sbm - wf_DynamicFramework_federico - DEBUG - timestep: 320/360.0 (2021-05-23 14:19:00)
2021-04-03 20:07:08,548 - wflow_sbm - wf_DynamicFramework_federico - INFO - saving maps
2021-04-03 20:07:09,367 - wflow_sbm - wf_DynamicFramework_federico - DEBUG - timestep: 321/360.0 (2021-05-23 14:20:00)
2021-04-03 20:07:14,620 - wflow_sbm - wf_DynamicFramework_federico - INFO - saving maps
2021-04-03 20:07:15,447 - wflow_sbm - wf_DynamicFramework_federico - DEBUG - timestep: 322/360.0 (2021-05-23 14:21:00)
2021-04-03 20:07:20,849 - wflow_sbm - wf_DynamicFramework_federico - INFO - saving maps
2021-04-03 20:07:21,722 - wflow_sbm - wf_DynamicFramework_federico - DEBUG - timestep: 323/360.0 (2021-05-23 14:22:00)
2021-04-03 20:07:27,249 - wflow_sbm - wf_DynamicFramework_federico - INFO - saving maps
2021-04-03 20:07:28,089 - wflow_sbm - wf_DynamicFramework_federico - DEBUG - timestep: 324/360.0 (2021-05-23 14:23:00)
2021-04-03 20:07:33,342 - wflow_sbm - wf_DynamicFramework_federico - INFO - saving maps
2021-04-03 20:07:34,175 - wflow_sbm - wf_DynamicFramework_federico - DEBUG - timestep: 325/360.0 (2021-05-23 14:24:00)
2021-04-03 20:07:39,393 - wflow_sbm - wf_DynamicFramework_federico - INFO - saving maps
2021-04-03 20:07:40,225 - wflow_sbm - wf_DynamicFramework_federico - DEBUG - timestep: 326/360.0 (2021-05-23 14:25:00)
2021-04-03 20:07:45,432 - wflow_sbm - wf_DynamicFramework_federico - INFO - saving maps
2021-04-03 20:07:46,220 - wflow_sbm - wf_DynamicFramework_federico - DEBUG - timestep: 327/360.0 (2021-05-23 14:26:00)
2021-04-03 20:07:51,413 - wflow_sbm - wf_DynamicFramework_federico - INFO - saving maps
2021-04-03 20:07:52,225 - wflow_sbm - wf_DynamicFramework_federico - DEBUG - timestep: 328/360.0 (2021-05-23 14:27:00)
2021-04-03 20:07:57,389 - wflow_sbm - wf_DynamicFramework_federico - INFO - saving maps
2021-04-03 20:07:58,201 - wflow_sbm - wf_DynamicFramework_federico - DEBUG - timestep: 329/360.0 (2021-05-23 14:28:00)
2021-04-03 20:08:03,305 - wflow_sbm - wf_DynamicFramework_federico - INFO - saving maps
2021-04-03 20:08:04,130 - wflow_sbm - wf_DynamicFramework_federico - DEBUG - timestep: 330/360.0 (2021-05-23 14:29:00)
2021-04-03 20:08:09,178 - wflow_sbm - wf_DynamicFramework_federico - INFO - saving maps
2021-04-03 20:08:10,004 - wflow_sbm - wf_DynamicFramework_federico - DEBUG - timestep: 331/360.0 (2021-05-23 14:30:00)
2021-04-03 20:08:15,035 - wflow_sbm - wf_DynamicFramework_federico - INFO - saving maps
2021-04-03 20:08:15,854 - wflow_sbm - wf_DynamicFramework_federico - DEBUG - timestep: 332/360.0 (2021-05-23 14:31:00)
2021-04-03 20:08:20,918 - wflow_sbm - wf_DynamicFramework_federico - INFO - saving maps
2021-04-03 20:08:21,725 - wflow_sbm - wf_DynamicFramework_federico - DEBUG - timestep: 333/360.0 (2021-05-23 14:32:00)
2021-04-03 20:08:26,955 - wflow_sbm - wf_DynamicFramework_federico - INFO - saving maps
2021-04-03 20:08:27,717 - wflow_sbm - wf_DynamicFramework_federico - DEBUG - timestep: 334/360.0 (2021-05-23 14:33:00)
2021-04-03 20:08:32,706 - wflow_sbm - wf_DynamicFramework_federico - INFO - saving maps
2021-04-03 20:08:33,484 - wflow_sbm - wf_DynamicFramework_federico - DEBUG - timestep: 335/360.0 (2021-05-23 14:34:00)
2021-04-03 20:08:38,513 - wflow_sbm - wf_DynamicFramework_federico - INFO - saving maps
2021-04-03 20:08:39,357 - wflow_sbm - wf_DynamicFramework_federico - DEBUG - timestep: 336/360.0 (2021-05-23 14:35:00)
2021-04-03 20:08:44,354 - wflow_sbm - wf_DynamicFramework_federico - INFO - saving maps
2021-04-03 20:08:45,140 - wflow_sbm - wf_DynamicFramework_federico - DEBUG - timestep: 337/360.0 (2021-05-23 14:36:00)
2021-04-03 20:08:50,066 - wflow_sbm - wf_DynamicFramework_federico - INFO - saving maps
2021-04-03 20:08:50,862 - wflow_sbm - wf_DynamicFramework_federico - DEBUG - timestep: 338/360.0 (2021-05-23 14:37:00)
2021-04-03 20:08:55,706 - wflow_sbm - wf_DynamicFramework_federico - INFO - saving maps
2021-04-03 20:08:56,499 - wflow_sbm - wf_DynamicFramework_federico - DEBUG - timestep: 339/360.0 (2021-05-23 14:38:00)
2021-04-03 20:09:01,440 - wflow_sbm - wf_DynamicFramework_federico - INFO - saving maps
2021-04-03 20:09:02,220 - wflow_sbm - wf_DynamicFramework_federico - DEBUG - timestep: 340/360.0 (2021-05-23 14:39:00)
2021-04-03 20:09:07,024 - wflow_sbm - wf_DynamicFramework_federico - INFO - saving maps
2021-04-03 20:09:07,765 - wflow_sbm - wf_DynamicFramework_federico - DEBUG - timestep: 341/360.0 (2021-05-23 14:40:00)
2021-04-03 20:09:12,555 - wflow_sbm - wf_DynamicFramework_federico - INFO - saving maps
2021-04-03 20:09:13,327 - wflow_sbm - wf_DynamicFramework_federico - DEBUG - timestep: 342/360.0 (2021-05-23 14:41:00)
2021-04-03 20:09:18,253 - wflow_sbm - wf_DynamicFramework_federico - INFO - saving maps
2021-04-03 20:09:19,048 - wflow_sbm - wf_DynamicFramework_federico - DEBUG - timestep: 343/360.0 (2021-05-23 14:42:00)
2021-04-03 20:09:23,852 - wflow_sbm - wf_DynamicFramework_federico - INFO - saving maps
2021-04-03 20:09:24,659 - wflow_sbm - wf_DynamicFramework_federico - DEBUG - timestep: 344/360.0 (2021-05-23 14:43:00)
2021-04-03 20:09:29,437 - wflow_sbm - wf_DynamicFramework_federico - INFO - saving maps
2021-04-03 20:09:30,238 - wflow_sbm - wf_DynamicFramework_federico - DEBUG - timestep: 345/360.0 (2021-05-23 14:44:00)
2021-04-03 20:09:35,249 - wflow_sbm - wf_DynamicFramework_federico - INFO - saving maps
2021-04-03 20:09:36,036 - wflow_sbm - wf_DynamicFramework_federico - DEBUG - timestep: 346/360.0 (2021-05-23 14:45:00)
2021-04-03 20:09:40,876 - wflow_sbm - wf_DynamicFramework_federico - INFO - saving maps
2021-04-03 20:09:41,646 - wflow_sbm - wf_DynamicFramework_federico - DEBUG - timestep: 347/360.0 (2021-05-23 14:46:00)
2021-04-03 20:09:46,524 - wflow_sbm - wf_DynamicFramework_federico - INFO - saving maps
2021-04-03 20:09:47,243 - wflow_sbm - wf_DynamicFramework_federico - DEBUG - timestep: 348/360.0 (2021-05-23 14:47:00)
2021-04-03 20:09:51,889 - wflow_sbm - wf_DynamicFramework_federico - INFO - saving maps
2021-04-03 20:09:52,629 - wflow_sbm - wf_DynamicFramework_federico - DEBUG - timestep: 349/360.0 (2021-05-23 14:48:00)
2021-04-03 20:09:57,400 - wflow_sbm - wf_DynamicFramework_federico - INFO - saving maps
2021-04-03 20:09:58,149 - wflow_sbm - wf_DynamicFramework_federico - DEBUG - timestep: 350/360.0 (2021-05-23 14:49:00)
2021-04-03 20:10:02,807 - wflow_sbm - wf_DynamicFramework_federico - INFO - saving maps
2021-04-03 20:10:03,556 - wflow_sbm - wf_DynamicFramework_federico - DEBUG - timestep: 351/360.0 (2021-05-23 14:50:00)
2021-04-03 20:10:08,269 - wflow_sbm - wf_DynamicFramework_federico - INFO - saving maps
2021-04-03 20:10:09,002 - wflow_sbm - wf_DynamicFramework_federico - DEBUG - timestep: 352/360.0 (2021-05-23 14:51:00)
2021-04-03 20:10:13,312 - wflow_sbm - wf_DynamicFramework_federico - INFO - saving maps
2021-04-03 20:10:14,041 - wflow_sbm - wf_DynamicFramework_federico - DEBUG - timestep: 353/360.0 (2021-05-23 14:52:00)
2021-04-03 20:10:18,248 - wflow_sbm - wf_DynamicFramework_federico - INFO - saving maps
2021-04-03 20:10:18,967 - wflow_sbm - wf_DynamicFramework_federico - DEBUG - timestep: 354/360.0 (2021-05-23 14:53:00)
2021-04-03 20:10:23,174 - wflow_sbm - wf_DynamicFramework_federico - INFO - saving maps
2021-04-03 20:10:23,872 - wflow_sbm - wf_DynamicFramework_federico - DEBUG - timestep: 355/360.0 (2021-05-23 14:54:00)
2021-04-03 20:10:28,184 - wflow_sbm - wf_DynamicFramework_federico - INFO - saving maps
2021-04-03 20:10:28,893 - wflow_sbm - wf_DynamicFramework_federico - DEBUG - timestep: 356/360.0 (2021-05-23 14:55:00)
2021-04-03 20:10:33,211 - wflow_sbm - wf_DynamicFramework_federico - INFO - saving maps
2021-04-03 20:10:33,936 - wflow_sbm - wf_DynamicFramework_federico - DEBUG - timestep: 357/360.0 (2021-05-23 14:56:00)
2021-04-03 20:10:38,157 - wflow_sbm - wf_DynamicFramework_federico - INFO - saving maps
2021-04-03 20:10:38,888 - wflow_sbm - wf_DynamicFramework_federico - DEBUG - timestep: 358/360.0 (2021-05-23 14:57:00)
2021-04-03 20:10:43,078 - wflow_sbm - wf_DynamicFramework_federico - INFO - saving maps
2021-04-03 20:10:43,812 - wflow_sbm - wf_DynamicFramework_federico - DEBUG - timestep: 359/360.0 (2021-05-23 14:58:00)
2021-04-03 20:10:48,110 - wflow_sbm - wf_DynamicFramework_federico - INFO - saving maps
2021-04-03 20:10:48,832 - wflow_sbm - wf_DynamicFramework_federico - DEBUG - timestep: 360/360.0 (2021-05-23 14:59:00)
2021-04-03 20:10:48,832 - wflow_sbm - wflow_sbm_federico - INFO - Saving initial conditions...
2021-04-03 20:10:49,462 - wflow_sbm - wf_DynamicFramework_federico - INFO - Saving summary maps to disk...
