2021-04-03 19:33:07,454 - wflow_sbm - pcrut - DEBUG - File logging to /Users/antolini/paper1/hewett_ts1min_70mm1_0mm5/US1_300611_par/wflow.log
2021-04-03 19:33:07,454 - wflow_sbm - wf_DynamicFramework_federico - INFO - wflow_sbm 2020.1.1 Case: /Users/antolini/paper1/hewett_ts1min_70mm1_0mm5 Runid: US1_300611_par
2021-04-03 19:33:07,454 - wflow_sbm - wf_DynamicFramework_federico - INFO - Initialise framework version: 2020.1.1
2021-04-03 19:33:07,457 - wflow_sbm - wf_DynamicFramework_federico - WARNING - Ini file made for sbm but found __main__ in code.
2021-04-03 19:33:10,485 - wflow_sbm - wf_DynamicFramework_federico - INFO - Adding csv output at /Users/antolini/paper1/hewett_ts1min_70mm1_0mm5/staticmaps/step2/wflow_subcatch.map function: average
2021-04-03 19:33:10,527 - wflow_sbm - wf_DynamicFramework_federico - INFO - Adding csv output at /Users/antolini/paper1/hewett_ts1min_70mm1_0mm5/staticmaps/step2/wflow_gauges.map function: maximum
2021-04-03 19:33:10,582 - wflow_sbm - wf_DynamicFramework_federico - INFO - Adding csv output at /Users/antolini/paper1/hewett_ts1min_70mm1_0mm5/staticmaps/step2/wflow_gauges.map function: average
2021-04-03 19:33:10,622 - wflow_sbm - wf_DynamicFramework_federico - INFO - Adding csv output at /Users/antolini/paper1/hewett_ts1min_70mm1_0mm5/US1_300611_par/reservoirs/ReservoirLocs_US1_300611_par.map function: average
2021-04-03 19:33:10,650 - wflow_sbm - wf_DynamicFramework_federico - INFO - Adding tss output at /Users/antolini/paper1/hewett_ts1min_70mm1_0mm5/staticmaps/step2/wflow_gauges.map function: average
2021-04-03 19:33:10,651 - wflow_sbm - wflow_sbm_federico - INFO - running for 360 timesteps
2021-04-03 19:33:10,698 - wflow_sbm - wf_DynamicFramework_federico - DEBUG - Static input data (/Users/antolini/paper1/hewett_ts1min_70mm1_0mm5/staticmaps/step2/wflow_riverlength.map)  not present, returning 0.0
2021-04-03 19:33:10,759 - wflow_sbm - wf_DynamicFramework_federico - DEBUG - Static input data (/Users/antolini/paper1/hewett_ts1min_70mm1_0mm5/staticmaps/step2/wflow_inflow.map)  not present, returning 0.0
2021-04-03 19:33:10,790 - wflow_sbm - wf_DynamicFramework_federico - DEBUG - Static input data (/Users/antolini/paper1/hewett_ts1min_70mm1_0mm5\staticmaps/wflow_tempcor.map)  not present, returning 0.0
2021-04-03 19:33:10,835 - wflow_sbm - wflow_sbm_federico - INFO - Linking parameters to landuse, catchment and soil...
2021-04-03 19:33:10,836 - wflow_sbm - wf_DynamicFramework_federico - INFO - Adding Precipitation to model.
2021-04-03 19:33:10,836 - wflow_sbm - wf_DynamicFramework_federico - DEBUG - Static input data (/Users/antolini/paper1/hewett_ts1min_70mm1_0mm5/inmaps/P.map)  not present, returning 0.0
2021-04-03 19:33:10,845 - wflow_sbm - wf_DynamicFramework_federico - INFO - Adding PotenEvap to model.
2021-04-03 19:33:10,846 - wflow_sbm - wf_DynamicFramework_federico - DEBUG - Static input data (/Users/antolini/paper1/hewett_ts1min_70mm1_0mm5/inmaps/PET.map)  not present, returning 0.0
2021-04-03 19:33:10,855 - wflow_sbm - wf_DynamicFramework_federico - INFO - Adding Temperature to model.
2021-04-03 19:33:10,856 - wflow_sbm - wf_DynamicFramework_federico - DEBUG - Static input data (/Users/antolini/paper1/hewett_ts1min_70mm1_0mm5/inmaps/TEMP.map)  not present, returning 10.0
2021-04-03 19:33:10,866 - wflow_sbm - wf_DynamicFramework_federico - INFO - Adding Inflow to model.
2021-04-03 19:33:10,877 - wflow_sbm - wf_DynamicFramework_federico - INFO - Adding IrrigationAreas to model.
2021-04-03 19:33:10,877 - wflow_sbm - wf_DynamicFramework_federico - DEBUG - Static input data (/Users/antolini/paper1/hewett_ts1min_70mm1_0mm5/staticmaps/wflow_irrigationareas.map)  not present, returning 0.0
2021-04-03 19:33:10,882 - wflow_sbm - wf_DynamicFramework_federico - INFO - Adding IrrigationSurfaceIntakes to model.
2021-04-03 19:33:10,882 - wflow_sbm - wf_DynamicFramework_federico - DEBUG - Static input data (/Users/antolini/paper1/hewett_ts1min_70mm1_0mm5/staticmaps/wflow_irrisurfaceintake.map)  not present, returning 0.0
2021-04-03 19:33:10,887 - wflow_sbm - wf_DynamicFramework_federico - INFO - Adding IrrigationPaddyAreas to model.
2021-04-03 19:33:10,888 - wflow_sbm - wf_DynamicFramework_federico - DEBUG - Static input data (/Users/antolini/paper1/hewett_ts1min_70mm1_0mm5/staticmaps/wflow_irrigationpaddyareas.map)  not present, returning 0.0
2021-04-03 19:33:10,893 - wflow_sbm - wf_DynamicFramework_federico - INFO - Adding IrrigationSurfaceReturn to model.
2021-04-03 19:33:10,893 - wflow_sbm - wf_DynamicFramework_federico - DEBUG - Static input data (/Users/antolini/paper1/hewett_ts1min_70mm1_0mm5/staticmaps/wflow_irrisurfacereturns.map)  not present, returning 0.0
2021-04-03 19:33:10,898 - wflow_sbm - wf_DynamicFramework_federico - INFO - Adding h_max to model.
2021-04-03 19:33:10,898 - wflow_sbm - wf_DynamicFramework_federico - DEBUG - Static input data (/Users/antolini/paper1/hewett_ts1min_70mm1_0mm5/staticmaps/wflow_hmax.map)  not present, returning 0.0
2021-04-03 19:33:10,903 - wflow_sbm - wf_DynamicFramework_federico - INFO - Adding h_min to model.
2021-04-03 19:33:10,903 - wflow_sbm - wf_DynamicFramework_federico - DEBUG - Static input data (/Users/antolini/paper1/hewett_ts1min_70mm1_0mm5/staticmaps/wflow_hmin.map)  not present, returning 0.0
2021-04-03 19:33:10,908 - wflow_sbm - wf_DynamicFramework_federico - INFO - Adding h_p to model.
2021-04-03 19:33:10,908 - wflow_sbm - wf_DynamicFramework_federico - DEBUG - Static input data (/Users/antolini/paper1/hewett_ts1min_70mm1_0mm5/staticmaps/wflow_hp.map)  not present, returning 0.0
2021-04-03 19:33:10,953 - wflow_sbm - wf_DynamicFramework_federico - INFO - Creating map from table: /Users/antolini/paper1/hewett_ts1min_70mm1_0mm5/intbl/RunoffGeneratingGWPerc.tbl
2021-04-03 19:33:11,056 - wflow_sbm - wf_DynamicFramework_federico - INFO - Creating map from table: /Users/antolini/paper1/hewett_ts1min_70mm1_0mm5/intbl/MaxCanopyStorage.tbl
2021-04-03 19:33:11,159 - wflow_sbm - wf_DynamicFramework_federico - INFO - Creating map from table: /Users/antolini/paper1/hewett_ts1min_70mm1_0mm5/intbl/CanopyGapFraction.tbl
2021-04-03 19:33:11,258 - wflow_sbm - wf_DynamicFramework_federico - INFO - Creating map from table: /Users/antolini/paper1/hewett_ts1min_70mm1_0mm5/intbl/EoverR.tbl
2021-04-03 19:33:11,358 - wflow_sbm - wf_DynamicFramework_federico - INFO - Creating map from table: /Users/antolini/paper1/hewett_ts1min_70mm1_0mm5/intbl/RootingDepth.tbl
2021-04-03 19:33:11,440 - wflow_sbm - wf_DynamicFramework_federico - INFO - Creating map from table: /Users/antolini/paper1/hewett_ts1min_70mm1_0mm5/intbl/rootdistpar.tbl
2021-04-03 19:33:11,524 - wflow_sbm - wf_DynamicFramework_federico - INFO - Creating map from table: /Users/antolini/paper1/hewett_ts1min_70mm1_0mm5/intbl/InfiltCapSoil.tbl
2021-04-03 19:33:11,627 - wflow_sbm - wf_DynamicFramework_federico - INFO - Creating map from table: /Users/antolini/paper1/hewett_ts1min_70mm1_0mm5/intbl/CapScale.tbl
2021-04-03 19:33:11,714 - wflow_sbm - wf_DynamicFramework_federico - INFO - Creating map from table: /Users/antolini/paper1/hewett_ts1min_70mm1_0mm5/intbl/InfiltCapPath.tbl
2021-04-03 19:33:11,815 - wflow_sbm - wf_DynamicFramework_federico - INFO - Creating map from table: /Users/antolini/paper1/hewett_ts1min_70mm1_0mm5/intbl/MaxLeakage.tbl
2021-04-03 19:33:11,913 - wflow_sbm - wf_DynamicFramework_federico - INFO - Creating map from table: /Users/antolini/paper1/hewett_ts1min_70mm1_0mm5/intbl/MaxPercolation.tbl
2021-04-03 19:33:12,031 - wflow_sbm - wf_DynamicFramework_federico - INFO - Creating map from table: /Users/antolini/paper1/hewett_ts1min_70mm1_0mm5/intbl/PathFrac.tbl
2021-04-03 19:33:12,120 - wflow_sbm - wf_DynamicFramework_federico - INFO - Creating map from table: /Users/antolini/paper1/hewett_ts1min_70mm1_0mm5/intbl/SoilThickness.tbl
2021-04-03 19:33:12,206 - wflow_sbm - wf_DynamicFramework_federico - INFO - Creating map from table: /Users/antolini/paper1/hewett_ts1min_70mm1_0mm5/intbl/thetaR.tbl
2021-04-03 19:33:12,292 - wflow_sbm - wf_DynamicFramework_federico - INFO - Creating map from table: /Users/antolini/paper1/hewett_ts1min_70mm1_0mm5/intbl/thetaS.tbl
2021-04-03 19:33:12,395 - wflow_sbm - wf_DynamicFramework_federico - INFO - Creating map from table: /Users/antolini/paper1/hewett_ts1min_70mm1_0mm5/intbl/SoilMinThickness.tbl
2021-04-03 19:33:12,483 - wflow_sbm - wf_DynamicFramework_federico - INFO - Creating map from table: /Users/antolini/paper1/hewett_ts1min_70mm1_0mm5/intbl/KsatVer.tbl
2021-04-03 19:33:12,579 - wflow_sbm - wf_DynamicFramework_federico - INFO - Creating map from table: /Users/antolini/paper1/hewett_ts1min_70mm1_0mm5/intbl/MporeFrac.tbl
2021-04-03 19:33:12,671 - wflow_sbm - wf_DynamicFramework_federico - INFO - Creating map from table: /Users/antolini/paper1/hewett_ts1min_70mm1_0mm5/intbl/KsatHorFrac.tbl
2021-04-03 19:33:12,778 - wflow_sbm - wf_DynamicFramework_federico - INFO - Creating map from table: /Users/antolini/paper1/hewett_ts1min_70mm1_0mm5/intbl/M.tbl
2021-04-03 19:33:12,881 - wflow_sbm - wf_DynamicFramework_federico - INFO - Creating map from table: /Users/antolini/paper1/hewett_ts1min_70mm1_0mm5/intbl/N.tbl
2021-04-03 19:33:12,966 - wflow_sbm - wf_DynamicFramework_federico - INFO - Creating map from table: /Users/antolini/paper1/hewett_ts1min_70mm1_0mm5/intbl/N_River.tbl
2021-04-03 19:33:13,053 - wflow_sbm - wf_DynamicFramework_federico - INFO - Creating map from table: /Users/antolini/paper1/hewett_ts1min_70mm1_0mm5/intbl/WaterFrac.tbl
2021-04-03 19:33:13,139 - wflow_sbm - wf_DynamicFramework_federico - INFO - Creating map from table: /Users/antolini/paper1/hewett_ts1min_70mm1_0mm5/intbl/et_reftopot.tbl
2021-04-03 19:33:13,732 - wflow_sbm - wflow_sbm_federico - INFO - A total of 15 simple reservoirs and 0 complex reservoirs found.
2021-04-03 19:33:15,028 - wflow_sbm - wf_DynamicFramework_federico - WARNING - tbl file not found (/Users/antolini/paper1/hewett_ts1min_70mm1_0mm5/intbl/KsatVerFrac.tbl) returning default value: 1.0
2021-04-03 19:33:15,076 - wflow_sbm - wf_DynamicFramework_federico - WARNING - tbl file not found (/Users/antolini/paper1/hewett_ts1min_70mm1_0mm5/intbl/c.tbl) returning default value: 10.0
2021-04-03 19:33:15,228 - wflow_sbm - wflow_sbm_federico - INFO - Initializing of model variables..
2021-04-03 19:33:16,008 - wflow_sbm - wflow_sbm_federico - INFO - Saving summary maps...
2021-04-03 19:33:16,008 - wflow_sbm - wflow_sbm_federico - INFO - End of initial section
2021-04-03 19:33:16,018 - wflow_sbm - wflow_sbm_federico - INFO - Setting initial conditions to default
2021-04-03 19:33:20,993 - wflow_sbm - wf_DynamicFramework_federico - INFO - saving maps
2021-04-03 19:33:21,767 - wflow_sbm - wf_DynamicFramework_federico - DEBUG - timestep: 1/360.0 (2021-05-23 09:00:00)
2021-04-03 19:33:26,408 - wflow_sbm - wf_DynamicFramework_federico - INFO - saving maps
2021-04-03 19:33:27,128 - wflow_sbm - wf_DynamicFramework_federico - DEBUG - timestep: 2/360.0 (2021-05-23 09:01:00)
2021-04-03 19:33:31,689 - wflow_sbm - wf_DynamicFramework_federico - INFO - saving maps
2021-04-03 19:33:32,539 - wflow_sbm - wf_DynamicFramework_federico - DEBUG - timestep: 3/360.0 (2021-05-23 09:02:00)
2021-04-03 19:33:37,055 - wflow_sbm - wf_DynamicFramework_federico - INFO - saving maps
2021-04-03 19:33:37,940 - wflow_sbm - wf_DynamicFramework_federico - DEBUG - timestep: 4/360.0 (2021-05-23 09:03:00)
2021-04-03 19:33:42,388 - wflow_sbm - wf_DynamicFramework_federico - INFO - saving maps
2021-04-03 19:33:43,251 - wflow_sbm - wf_DynamicFramework_federico - DEBUG - timestep: 5/360.0 (2021-05-23 09:04:00)
2021-04-03 19:33:48,929 - wflow_sbm - wf_DynamicFramework_federico - INFO - saving maps
2021-04-03 19:33:49,798 - wflow_sbm - wf_DynamicFramework_federico - DEBUG - timestep: 6/360.0 (2021-05-23 09:05:00)
2021-04-03 19:33:55,566 - wflow_sbm - wf_DynamicFramework_federico - INFO - saving maps
2021-04-03 19:33:56,431 - wflow_sbm - wf_DynamicFramework_federico - DEBUG - timestep: 7/360.0 (2021-05-23 09:06:00)
2021-04-03 19:34:02,133 - wflow_sbm - wf_DynamicFramework_federico - INFO - saving maps
2021-04-03 19:34:02,995 - wflow_sbm - wf_DynamicFramework_federico - DEBUG - timestep: 8/360.0 (2021-05-23 09:07:00)
2021-04-03 19:34:08,454 - wflow_sbm - wf_DynamicFramework_federico - INFO - saving maps
2021-04-03 19:34:09,300 - wflow_sbm - wf_DynamicFramework_federico - DEBUG - timestep: 9/360.0 (2021-05-23 09:08:00)
2021-04-03 19:34:14,717 - wflow_sbm - wf_DynamicFramework_federico - INFO - saving maps
2021-04-03 19:34:15,563 - wflow_sbm - wf_DynamicFramework_federico - DEBUG - timestep: 10/360.0 (2021-05-23 09:09:00)
2021-04-03 19:34:21,006 - wflow_sbm - wf_DynamicFramework_federico - INFO - saving maps
2021-04-03 19:34:21,793 - wflow_sbm - wf_DynamicFramework_federico - DEBUG - timestep: 11/360.0 (2021-05-23 09:10:00)
2021-04-03 19:34:27,198 - wflow_sbm - wf_DynamicFramework_federico - INFO - saving maps
2021-04-03 19:34:28,023 - wflow_sbm - wf_DynamicFramework_federico - DEBUG - timestep: 12/360.0 (2021-05-23 09:11:00)
2021-04-03 19:34:33,525 - wflow_sbm - wf_DynamicFramework_federico - INFO - saving maps
2021-04-03 19:34:34,367 - wflow_sbm - wf_DynamicFramework_federico - DEBUG - timestep: 13/360.0 (2021-05-23 09:12:00)
2021-04-03 19:34:39,695 - wflow_sbm - wf_DynamicFramework_federico - INFO - saving maps
2021-04-03 19:34:40,513 - wflow_sbm - wf_DynamicFramework_federico - DEBUG - timestep: 14/360.0 (2021-05-23 09:13:00)
2021-04-03 19:34:45,812 - wflow_sbm - wf_DynamicFramework_federico - INFO - saving maps
2021-04-03 19:34:46,639 - wflow_sbm - wf_DynamicFramework_federico - DEBUG - timestep: 15/360.0 (2021-05-23 09:14:00)
2021-04-03 19:34:51,908 - wflow_sbm - wf_DynamicFramework_federico - INFO - saving maps
2021-04-03 19:34:52,754 - wflow_sbm - wf_DynamicFramework_federico - DEBUG - timestep: 16/360.0 (2021-05-23 09:15:00)
2021-04-03 19:34:58,149 - wflow_sbm - wf_DynamicFramework_federico - INFO - saving maps
2021-04-03 19:34:58,989 - wflow_sbm - wf_DynamicFramework_federico - DEBUG - timestep: 17/360.0 (2021-05-23 09:16:00)
2021-04-03 19:35:04,387 - wflow_sbm - wf_DynamicFramework_federico - INFO - saving maps
2021-04-03 19:35:05,259 - wflow_sbm - wf_DynamicFramework_federico - DEBUG - timestep: 18/360.0 (2021-05-23 09:17:00)
2021-04-03 19:35:10,582 - wflow_sbm - wf_DynamicFramework_federico - INFO - saving maps
2021-04-03 19:35:11,437 - wflow_sbm - wf_DynamicFramework_federico - DEBUG - timestep: 19/360.0 (2021-05-23 09:18:00)
2021-04-03 19:35:16,631 - wflow_sbm - wf_DynamicFramework_federico - INFO - saving maps
2021-04-03 19:35:17,478 - wflow_sbm - wf_DynamicFramework_federico - DEBUG - timestep: 20/360.0 (2021-05-23 09:19:00)
2021-04-03 19:35:22,671 - wflow_sbm - wf_DynamicFramework_federico - INFO - saving maps
2021-04-03 19:35:23,516 - wflow_sbm - wf_DynamicFramework_federico - DEBUG - timestep: 21/360.0 (2021-05-23 09:20:00)
2021-04-03 19:35:28,837 - wflow_sbm - wf_DynamicFramework_federico - INFO - saving maps
2021-04-03 19:35:29,617 - wflow_sbm - wf_DynamicFramework_federico - DEBUG - timestep: 22/360.0 (2021-05-23 09:21:00)
2021-04-03 19:35:34,964 - wflow_sbm - wf_DynamicFramework_federico - INFO - saving maps
2021-04-03 19:35:35,792 - wflow_sbm - wf_DynamicFramework_federico - DEBUG - timestep: 23/360.0 (2021-05-23 09:22:00)
2021-04-03 19:35:41,003 - wflow_sbm - wf_DynamicFramework_federico - INFO - saving maps
2021-04-03 19:35:41,858 - wflow_sbm - wf_DynamicFramework_federico - DEBUG - timestep: 24/360.0 (2021-05-23 09:23:00)
2021-04-03 19:35:47,031 - wflow_sbm - wf_DynamicFramework_federico - INFO - saving maps
2021-04-03 19:35:47,899 - wflow_sbm - wf_DynamicFramework_federico - DEBUG - timestep: 25/360.0 (2021-05-23 09:24:00)
2021-04-03 19:35:53,057 - wflow_sbm - wf_DynamicFramework_federico - INFO - saving maps
2021-04-03 19:35:53,910 - wflow_sbm - wf_DynamicFramework_federico - DEBUG - timestep: 26/360.0 (2021-05-23 09:25:00)
2021-04-03 19:35:59,075 - wflow_sbm - wf_DynamicFramework_federico - INFO - saving maps
2021-04-03 19:35:59,911 - wflow_sbm - wf_DynamicFramework_federico - DEBUG - timestep: 27/360.0 (2021-05-23 09:26:00)
2021-04-03 19:36:05,073 - wflow_sbm - wf_DynamicFramework_federico - INFO - saving maps
2021-04-03 19:36:05,912 - wflow_sbm - wf_DynamicFramework_federico - DEBUG - timestep: 28/360.0 (2021-05-23 09:27:00)
2021-04-03 19:36:11,061 - wflow_sbm - wf_DynamicFramework_federico - INFO - saving maps
2021-04-03 19:36:11,900 - wflow_sbm - wf_DynamicFramework_federico - DEBUG - timestep: 29/360.0 (2021-05-23 09:28:00)
2021-04-03 19:36:17,000 - wflow_sbm - wf_DynamicFramework_federico - INFO - saving maps
2021-04-03 19:36:17,848 - wflow_sbm - wf_DynamicFramework_federico - DEBUG - timestep: 30/360.0 (2021-05-23 09:29:00)
2021-04-03 19:36:23,204 - wflow_sbm - wf_DynamicFramework_federico - INFO - saving maps
2021-04-03 19:36:24,149 - wflow_sbm - wf_DynamicFramework_federico - DEBUG - timestep: 31/360.0 (2021-05-23 09:30:00)
2021-04-03 19:36:29,350 - wflow_sbm - wf_DynamicFramework_federico - INFO - saving maps
2021-04-03 19:36:30,243 - wflow_sbm - wf_DynamicFramework_federico - DEBUG - timestep: 32/360.0 (2021-05-23 09:31:00)
2021-04-03 19:36:35,629 - wflow_sbm - wf_DynamicFramework_federico - INFO - saving maps
2021-04-03 19:36:36,511 - wflow_sbm - wf_DynamicFramework_federico - DEBUG - timestep: 33/360.0 (2021-05-23 09:32:00)
2021-04-03 19:36:41,778 - wflow_sbm - wf_DynamicFramework_federico - INFO - saving maps
2021-04-03 19:36:42,655 - wflow_sbm - wf_DynamicFramework_federico - DEBUG - timestep: 34/360.0 (2021-05-23 09:33:00)
2021-04-03 19:36:47,917 - wflow_sbm - wf_DynamicFramework_federico - INFO - saving maps
2021-04-03 19:36:48,788 - wflow_sbm - wf_DynamicFramework_federico - DEBUG - timestep: 35/360.0 (2021-05-23 09:34:00)
2021-04-03 19:36:54,002 - wflow_sbm - wf_DynamicFramework_federico - INFO - saving maps
2021-04-03 19:36:54,869 - wflow_sbm - wf_DynamicFramework_federico - DEBUG - timestep: 36/360.0 (2021-05-23 09:35:00)
2021-04-03 19:37:00,124 - wflow_sbm - wf_DynamicFramework_federico - INFO - saving maps
2021-04-03 19:37:00,997 - wflow_sbm - wf_DynamicFramework_federico - DEBUG - timestep: 37/360.0 (2021-05-23 09:36:00)
2021-04-03 19:37:06,215 - wflow_sbm - wf_DynamicFramework_federico - INFO - saving maps
2021-04-03 19:37:07,111 - wflow_sbm - wf_DynamicFramework_federico - DEBUG - timestep: 38/360.0 (2021-05-23 09:37:00)
2021-04-03 19:37:12,526 - wflow_sbm - wf_DynamicFramework_federico - INFO - saving maps
2021-04-03 19:37:13,421 - wflow_sbm - wf_DynamicFramework_federico - DEBUG - timestep: 39/360.0 (2021-05-23 09:38:00)
2021-04-03 19:37:18,686 - wflow_sbm - wf_DynamicFramework_federico - INFO - saving maps
2021-04-03 19:37:19,538 - wflow_sbm - wf_DynamicFramework_federico - DEBUG - timestep: 40/360.0 (2021-05-23 09:39:00)
2021-04-03 19:37:24,863 - wflow_sbm - wf_DynamicFramework_federico - INFO - saving maps
2021-04-03 19:37:25,725 - wflow_sbm - wf_DynamicFramework_federico - DEBUG - timestep: 41/360.0 (2021-05-23 09:40:00)
2021-04-03 19:37:30,980 - wflow_sbm - wf_DynamicFramework_federico - INFO - saving maps
2021-04-03 19:37:31,834 - wflow_sbm - wf_DynamicFramework_federico - DEBUG - timestep: 42/360.0 (2021-05-23 09:41:00)
2021-04-03 19:37:37,008 - wflow_sbm - wf_DynamicFramework_federico - INFO - saving maps
2021-04-03 19:37:37,872 - wflow_sbm - wf_DynamicFramework_federico - DEBUG - timestep: 43/360.0 (2021-05-23 09:42:00)
2021-04-03 19:37:42,987 - wflow_sbm - wf_DynamicFramework_federico - INFO - saving maps
2021-04-03 19:37:43,920 - wflow_sbm - wf_DynamicFramework_federico - DEBUG - timestep: 44/360.0 (2021-05-23 09:43:00)
2021-04-03 19:37:49,158 - wflow_sbm - wf_DynamicFramework_federico - INFO - saving maps
2021-04-03 19:37:50,029 - wflow_sbm - wf_DynamicFramework_federico - DEBUG - timestep: 45/360.0 (2021-05-23 09:44:00)
2021-04-03 19:37:55,219 - wflow_sbm - wf_DynamicFramework_federico - INFO - saving maps
2021-04-03 19:37:56,081 - wflow_sbm - wf_DynamicFramework_federico - DEBUG - timestep: 46/360.0 (2021-05-23 09:45:00)
2021-04-03 19:38:01,240 - wflow_sbm - wf_DynamicFramework_federico - INFO - saving maps
2021-04-03 19:38:02,094 - wflow_sbm - wf_DynamicFramework_federico - DEBUG - timestep: 47/360.0 (2021-05-23 09:46:00)
2021-04-03 19:38:07,238 - wflow_sbm - wf_DynamicFramework_federico - INFO - saving maps
2021-04-03 19:38:08,088 - wflow_sbm - wf_DynamicFramework_federico - DEBUG - timestep: 48/360.0 (2021-05-23 09:47:00)
2021-04-03 19:38:13,218 - wflow_sbm - wf_DynamicFramework_federico - INFO - saving maps
2021-04-03 19:38:14,060 - wflow_sbm - wf_DynamicFramework_federico - DEBUG - timestep: 49/360.0 (2021-05-23 09:48:00)
2021-04-03 19:38:19,193 - wflow_sbm - wf_DynamicFramework_federico - INFO - saving maps
2021-04-03 19:38:20,048 - wflow_sbm - wf_DynamicFramework_federico - DEBUG - timestep: 50/360.0 (2021-05-23 09:49:00)
2021-04-03 19:38:25,415 - wflow_sbm - wf_DynamicFramework_federico - INFO - saving maps
2021-04-03 19:38:26,271 - wflow_sbm - wf_DynamicFramework_federico - DEBUG - timestep: 51/360.0 (2021-05-23 09:50:00)
2021-04-03 19:38:31,608 - wflow_sbm - wf_DynamicFramework_federico - INFO - saving maps
2021-04-03 19:38:32,491 - wflow_sbm - wf_DynamicFramework_federico - DEBUG - timestep: 52/360.0 (2021-05-23 09:51:00)
2021-04-03 19:38:37,743 - wflow_sbm - wf_DynamicFramework_federico - INFO - saving maps
2021-04-03 19:38:38,600 - wflow_sbm - wf_DynamicFramework_federico - DEBUG - timestep: 53/360.0 (2021-05-23 09:52:00)
2021-04-03 19:38:43,769 - wflow_sbm - wf_DynamicFramework_federico - INFO - saving maps
2021-04-03 19:38:44,620 - wflow_sbm - wf_DynamicFramework_federico - DEBUG - timestep: 54/360.0 (2021-05-23 09:53:00)
2021-04-03 19:38:49,727 - wflow_sbm - wf_DynamicFramework_federico - INFO - saving maps
2021-04-03 19:38:50,579 - wflow_sbm - wf_DynamicFramework_federico - DEBUG - timestep: 55/360.0 (2021-05-23 09:54:00)
2021-04-03 19:38:55,686 - wflow_sbm - wf_DynamicFramework_federico - INFO - saving maps
2021-04-03 19:38:56,536 - wflow_sbm - wf_DynamicFramework_federico - DEBUG - timestep: 56/360.0 (2021-05-23 09:55:00)
2021-04-03 19:39:01,652 - wflow_sbm - wf_DynamicFramework_federico - INFO - saving maps
2021-04-03 19:39:02,522 - wflow_sbm - wf_DynamicFramework_federico - DEBUG - timestep: 57/360.0 (2021-05-23 09:56:00)
2021-04-03 19:39:07,609 - wflow_sbm - wf_DynamicFramework_federico - INFO - saving maps
2021-04-03 19:39:08,469 - wflow_sbm - wf_DynamicFramework_federico - DEBUG - timestep: 58/360.0 (2021-05-23 09:57:00)
2021-04-03 19:39:13,689 - wflow_sbm - wf_DynamicFramework_federico - INFO - saving maps
2021-04-03 19:39:14,561 - wflow_sbm - wf_DynamicFramework_federico - DEBUG - timestep: 59/360.0 (2021-05-23 09:58:00)
2021-04-03 19:39:19,582 - wflow_sbm - wf_DynamicFramework_federico - INFO - saving maps
2021-04-03 19:39:20,441 - wflow_sbm - wf_DynamicFramework_federico - DEBUG - timestep: 60/360.0 (2021-05-23 09:59:00)
2021-04-03 19:39:25,504 - wflow_sbm - wf_DynamicFramework_federico - INFO - saving maps
2021-04-03 19:39:26,358 - wflow_sbm - wf_DynamicFramework_federico - DEBUG - timestep: 61/360.0 (2021-05-23 10:00:00)
2021-04-03 19:39:31,337 - wflow_sbm - wf_DynamicFramework_federico - INFO - saving maps
2021-04-03 19:39:32,202 - wflow_sbm - wf_DynamicFramework_federico - DEBUG - timestep: 62/360.0 (2021-05-23 10:01:00)
2021-04-03 19:39:37,230 - wflow_sbm - wf_DynamicFramework_federico - INFO - saving maps
2021-04-03 19:39:38,083 - wflow_sbm - wf_DynamicFramework_federico - DEBUG - timestep: 63/360.0 (2021-05-23 10:02:00)
2021-04-03 19:39:43,057 - wflow_sbm - wf_DynamicFramework_federico - INFO - saving maps
2021-04-03 19:39:43,908 - wflow_sbm - wf_DynamicFramework_federico - DEBUG - timestep: 64/360.0 (2021-05-23 10:03:00)
2021-04-03 19:39:48,926 - wflow_sbm - wf_DynamicFramework_federico - INFO - saving maps
2021-04-03 19:39:49,785 - wflow_sbm - wf_DynamicFramework_federico - DEBUG - timestep: 65/360.0 (2021-05-23 10:04:00)
2021-04-03 19:39:55,252 - wflow_sbm - wf_DynamicFramework_federico - INFO - saving maps
2021-04-03 19:39:56,095 - wflow_sbm - wf_DynamicFramework_federico - DEBUG - timestep: 66/360.0 (2021-05-23 10:05:00)
2021-04-03 19:40:01,402 - wflow_sbm - wf_DynamicFramework_federico - INFO - saving maps
2021-04-03 19:40:02,254 - wflow_sbm - wf_DynamicFramework_federico - DEBUG - timestep: 67/360.0 (2021-05-23 10:06:00)
2021-04-03 19:40:07,669 - wflow_sbm - wf_DynamicFramework_federico - INFO - saving maps
2021-04-03 19:40:08,517 - wflow_sbm - wf_DynamicFramework_federico - DEBUG - timestep: 68/360.0 (2021-05-23 10:07:00)
2021-04-03 19:40:13,994 - wflow_sbm - wf_DynamicFramework_federico - INFO - saving maps
2021-04-03 19:40:14,848 - wflow_sbm - wf_DynamicFramework_federico - DEBUG - timestep: 69/360.0 (2021-05-23 10:08:00)
2021-04-03 19:40:20,108 - wflow_sbm - wf_DynamicFramework_federico - INFO - saving maps
2021-04-03 19:40:20,957 - wflow_sbm - wf_DynamicFramework_federico - DEBUG - timestep: 70/360.0 (2021-05-23 10:09:00)
2021-04-03 19:40:26,409 - wflow_sbm - wf_DynamicFramework_federico - INFO - saving maps
2021-04-03 19:40:27,247 - wflow_sbm - wf_DynamicFramework_federico - DEBUG - timestep: 71/360.0 (2021-05-23 10:10:00)
2021-04-03 19:40:32,576 - wflow_sbm - wf_DynamicFramework_federico - INFO - saving maps
2021-04-03 19:40:33,424 - wflow_sbm - wf_DynamicFramework_federico - DEBUG - timestep: 72/360.0 (2021-05-23 10:11:00)
2021-04-03 19:40:38,891 - wflow_sbm - wf_DynamicFramework_federico - INFO - saving maps
2021-04-03 19:40:39,748 - wflow_sbm - wf_DynamicFramework_federico - DEBUG - timestep: 73/360.0 (2021-05-23 10:12:00)
2021-04-03 19:40:45,047 - wflow_sbm - wf_DynamicFramework_federico - INFO - saving maps
2021-04-03 19:40:45,916 - wflow_sbm - wf_DynamicFramework_federico - DEBUG - timestep: 74/360.0 (2021-05-23 10:13:00)
2021-04-03 19:40:51,247 - wflow_sbm - wf_DynamicFramework_federico - INFO - saving maps
2021-04-03 19:40:52,102 - wflow_sbm - wf_DynamicFramework_federico - DEBUG - timestep: 75/360.0 (2021-05-23 10:14:00)
2021-04-03 19:40:57,636 - wflow_sbm - wf_DynamicFramework_federico - INFO - saving maps
2021-04-03 19:40:58,500 - wflow_sbm - wf_DynamicFramework_federico - DEBUG - timestep: 76/360.0 (2021-05-23 10:15:00)
2021-04-03 19:41:03,859 - wflow_sbm - wf_DynamicFramework_federico - INFO - saving maps
2021-04-03 19:41:04,719 - wflow_sbm - wf_DynamicFramework_federico - DEBUG - timestep: 77/360.0 (2021-05-23 10:16:00)
2021-04-03 19:41:10,185 - wflow_sbm - wf_DynamicFramework_federico - INFO - saving maps
2021-04-03 19:41:11,037 - wflow_sbm - wf_DynamicFramework_federico - DEBUG - timestep: 78/360.0 (2021-05-23 10:17:00)
2021-04-03 19:41:16,325 - wflow_sbm - wf_DynamicFramework_federico - INFO - saving maps
2021-04-03 19:41:17,160 - wflow_sbm - wf_DynamicFramework_federico - DEBUG - timestep: 79/360.0 (2021-05-23 10:18:00)
2021-04-03 19:41:22,562 - wflow_sbm - wf_DynamicFramework_federico - INFO - saving maps
2021-04-03 19:41:23,411 - wflow_sbm - wf_DynamicFramework_federico - DEBUG - timestep: 80/360.0 (2021-05-23 10:19:00)
2021-04-03 19:41:28,706 - wflow_sbm - wf_DynamicFramework_federico - INFO - saving maps
2021-04-03 19:41:29,569 - wflow_sbm - wf_DynamicFramework_federico - DEBUG - timestep: 81/360.0 (2021-05-23 10:20:00)
2021-04-03 19:41:34,944 - wflow_sbm - wf_DynamicFramework_federico - INFO - saving maps
2021-04-03 19:41:35,801 - wflow_sbm - wf_DynamicFramework_federico - DEBUG - timestep: 82/360.0 (2021-05-23 10:21:00)
2021-04-03 19:41:41,128 - wflow_sbm - wf_DynamicFramework_federico - INFO - saving maps
2021-04-03 19:41:41,999 - wflow_sbm - wf_DynamicFramework_federico - DEBUG - timestep: 83/360.0 (2021-05-23 10:22:00)
2021-04-03 19:41:47,275 - wflow_sbm - wf_DynamicFramework_federico - INFO - saving maps
2021-04-03 19:41:48,138 - wflow_sbm - wf_DynamicFramework_federico - DEBUG - timestep: 84/360.0 (2021-05-23 10:23:00)
2021-04-03 19:41:53,327 - wflow_sbm - wf_DynamicFramework_federico - INFO - saving maps
2021-04-03 19:41:54,189 - wflow_sbm - wf_DynamicFramework_federico - DEBUG - timestep: 85/360.0 (2021-05-23 10:24:00)
2021-04-03 19:41:59,382 - wflow_sbm - wf_DynamicFramework_federico - INFO - saving maps
2021-04-03 19:42:00,229 - wflow_sbm - wf_DynamicFramework_federico - DEBUG - timestep: 86/360.0 (2021-05-23 10:25:00)
2021-04-03 19:42:05,476 - wflow_sbm - wf_DynamicFramework_federico - INFO - saving maps
2021-04-03 19:42:06,319 - wflow_sbm - wf_DynamicFramework_federico - DEBUG - timestep: 87/360.0 (2021-05-23 10:26:00)
2021-04-03 19:42:11,542 - wflow_sbm - wf_DynamicFramework_federico - INFO - saving maps
2021-04-03 19:42:12,383 - wflow_sbm - wf_DynamicFramework_federico - DEBUG - timestep: 88/360.0 (2021-05-23 10:27:00)
2021-04-03 19:42:17,730 - wflow_sbm - wf_DynamicFramework_federico - INFO - saving maps
2021-04-03 19:42:18,575 - wflow_sbm - wf_DynamicFramework_federico - DEBUG - timestep: 89/360.0 (2021-05-23 10:28:00)
2021-04-03 19:42:23,758 - wflow_sbm - wf_DynamicFramework_federico - INFO - saving maps
2021-04-03 19:42:24,584 - wflow_sbm - wf_DynamicFramework_federico - DEBUG - timestep: 90/360.0 (2021-05-23 10:29:00)
2021-04-03 19:42:29,731 - wflow_sbm - wf_DynamicFramework_federico - INFO - saving maps
2021-04-03 19:42:30,554 - wflow_sbm - wf_DynamicFramework_federico - DEBUG - timestep: 91/360.0 (2021-05-23 10:30:00)
2021-04-03 19:42:35,768 - wflow_sbm - wf_DynamicFramework_federico - INFO - saving maps
2021-04-03 19:42:36,602 - wflow_sbm - wf_DynamicFramework_federico - DEBUG - timestep: 92/360.0 (2021-05-23 10:31:00)
2021-04-03 19:42:41,936 - wflow_sbm - wf_DynamicFramework_federico - INFO - saving maps
2021-04-03 19:42:42,778 - wflow_sbm - wf_DynamicFramework_federico - DEBUG - timestep: 93/360.0 (2021-05-23 10:32:00)
2021-04-03 19:42:47,979 - wflow_sbm - wf_DynamicFramework_federico - INFO - saving maps
2021-04-03 19:42:48,830 - wflow_sbm - wf_DynamicFramework_federico - DEBUG - timestep: 94/360.0 (2021-05-23 10:33:00)
2021-04-03 19:42:54,160 - wflow_sbm - wf_DynamicFramework_federico - INFO - saving maps
2021-04-03 19:42:55,017 - wflow_sbm - wf_DynamicFramework_federico - DEBUG - timestep: 95/360.0 (2021-05-23 10:34:00)
2021-04-03 19:43:00,382 - wflow_sbm - wf_DynamicFramework_federico - INFO - saving maps
2021-04-03 19:43:01,234 - wflow_sbm - wf_DynamicFramework_federico - DEBUG - timestep: 96/360.0 (2021-05-23 10:35:00)
2021-04-03 19:43:06,547 - wflow_sbm - wf_DynamicFramework_federico - INFO - saving maps
2021-04-03 19:43:07,395 - wflow_sbm - wf_DynamicFramework_federico - DEBUG - timestep: 97/360.0 (2021-05-23 10:36:00)
2021-04-03 19:43:12,566 - wflow_sbm - wf_DynamicFramework_federico - INFO - saving maps
2021-04-03 19:43:13,402 - wflow_sbm - wf_DynamicFramework_federico - DEBUG - timestep: 98/360.0 (2021-05-23 10:37:00)
2021-04-03 19:43:18,665 - wflow_sbm - wf_DynamicFramework_federico - INFO - saving maps
2021-04-03 19:43:19,502 - wflow_sbm - wf_DynamicFramework_federico - DEBUG - timestep: 99/360.0 (2021-05-23 10:38:00)
2021-04-03 19:43:24,635 - wflow_sbm - wf_DynamicFramework_federico - INFO - saving maps
2021-04-03 19:43:25,451 - wflow_sbm - wf_DynamicFramework_federico - DEBUG - timestep: 100/360.0 (2021-05-23 10:39:00)
2021-04-03 19:43:30,648 - wflow_sbm - wf_DynamicFramework_federico - INFO - saving maps
2021-04-03 19:43:31,467 - wflow_sbm - wf_DynamicFramework_federico - DEBUG - timestep: 101/360.0 (2021-05-23 10:40:00)
2021-04-03 19:43:36,784 - wflow_sbm - wf_DynamicFramework_federico - INFO - saving maps
2021-04-03 19:43:37,608 - wflow_sbm - wf_DynamicFramework_federico - DEBUG - timestep: 102/360.0 (2021-05-23 10:41:00)
2021-04-03 19:43:42,809 - wflow_sbm - wf_DynamicFramework_federico - INFO - saving maps
2021-04-03 19:43:43,628 - wflow_sbm - wf_DynamicFramework_federico - DEBUG - timestep: 103/360.0 (2021-05-23 10:42:00)
2021-04-03 19:43:48,805 - wflow_sbm - wf_DynamicFramework_federico - INFO - saving maps
2021-04-03 19:43:49,631 - wflow_sbm - wf_DynamicFramework_federico - DEBUG - timestep: 104/360.0 (2021-05-23 10:43:00)
2021-04-03 19:43:54,862 - wflow_sbm - wf_DynamicFramework_federico - INFO - saving maps
2021-04-03 19:43:55,678 - wflow_sbm - wf_DynamicFramework_federico - DEBUG - timestep: 105/360.0 (2021-05-23 10:44:00)
2021-04-03 19:44:01,002 - wflow_sbm - wf_DynamicFramework_federico - INFO - saving maps
2021-04-03 19:44:01,842 - wflow_sbm - wf_DynamicFramework_federico - DEBUG - timestep: 106/360.0 (2021-05-23 10:45:00)
2021-04-03 19:44:07,082 - wflow_sbm - wf_DynamicFramework_federico - INFO - saving maps
2021-04-03 19:44:07,935 - wflow_sbm - wf_DynamicFramework_federico - DEBUG - timestep: 107/360.0 (2021-05-23 10:46:00)
2021-04-03 19:44:13,147 - wflow_sbm - wf_DynamicFramework_federico - INFO - saving maps
2021-04-03 19:44:13,979 - wflow_sbm - wf_DynamicFramework_federico - DEBUG - timestep: 108/360.0 (2021-05-23 10:47:00)
2021-04-03 19:44:19,160 - wflow_sbm - wf_DynamicFramework_federico - INFO - saving maps
2021-04-03 19:44:20,013 - wflow_sbm - wf_DynamicFramework_federico - DEBUG - timestep: 109/360.0 (2021-05-23 10:48:00)
2021-04-03 19:44:25,194 - wflow_sbm - wf_DynamicFramework_federico - INFO - saving maps
2021-04-03 19:44:26,029 - wflow_sbm - wf_DynamicFramework_federico - DEBUG - timestep: 110/360.0 (2021-05-23 10:49:00)
2021-04-03 19:44:31,180 - wflow_sbm - wf_DynamicFramework_federico - INFO - saving maps
2021-04-03 19:44:32,013 - wflow_sbm - wf_DynamicFramework_federico - DEBUG - timestep: 111/360.0 (2021-05-23 10:50:00)
2021-04-03 19:44:37,182 - wflow_sbm - wf_DynamicFramework_federico - INFO - saving maps
2021-04-03 19:44:38,017 - wflow_sbm - wf_DynamicFramework_federico - DEBUG - timestep: 112/360.0 (2021-05-23 10:51:00)
2021-04-03 19:44:43,219 - wflow_sbm - wf_DynamicFramework_federico - INFO - saving maps
2021-04-03 19:44:44,044 - wflow_sbm - wf_DynamicFramework_federico - DEBUG - timestep: 113/360.0 (2021-05-23 10:52:00)
2021-04-03 19:44:49,420 - wflow_sbm - wf_DynamicFramework_federico - INFO - saving maps
2021-04-03 19:44:50,259 - wflow_sbm - wf_DynamicFramework_federico - DEBUG - timestep: 114/360.0 (2021-05-23 10:53:00)
2021-04-03 19:44:55,450 - wflow_sbm - wf_DynamicFramework_federico - INFO - saving maps
2021-04-03 19:44:56,292 - wflow_sbm - wf_DynamicFramework_federico - DEBUG - timestep: 115/360.0 (2021-05-23 10:54:00)
2021-04-03 19:45:01,476 - wflow_sbm - wf_DynamicFramework_federico - INFO - saving maps
2021-04-03 19:45:02,315 - wflow_sbm - wf_DynamicFramework_federico - DEBUG - timestep: 116/360.0 (2021-05-23 10:55:00)
2021-04-03 19:45:07,609 - wflow_sbm - wf_DynamicFramework_federico - INFO - saving maps
2021-04-03 19:45:08,459 - wflow_sbm - wf_DynamicFramework_federico - DEBUG - timestep: 117/360.0 (2021-05-23 10:56:00)
2021-04-03 19:45:13,617 - wflow_sbm - wf_DynamicFramework_federico - INFO - saving maps
2021-04-03 19:45:14,480 - wflow_sbm - wf_DynamicFramework_federico - DEBUG - timestep: 118/360.0 (2021-05-23 10:57:00)
2021-04-03 19:45:19,720 - wflow_sbm - wf_DynamicFramework_federico - INFO - saving maps
2021-04-03 19:45:20,597 - wflow_sbm - wf_DynamicFramework_federico - DEBUG - timestep: 119/360.0 (2021-05-23 10:58:00)
2021-04-03 19:45:25,713 - wflow_sbm - wf_DynamicFramework_federico - INFO - saving maps
2021-04-03 19:45:26,581 - wflow_sbm - wf_DynamicFramework_federico - DEBUG - timestep: 120/360.0 (2021-05-23 10:59:00)
2021-04-03 19:45:31,744 - wflow_sbm - wf_DynamicFramework_federico - INFO - saving maps
2021-04-03 19:45:32,613 - wflow_sbm - wf_DynamicFramework_federico - DEBUG - timestep: 121/360.0 (2021-05-23 11:00:00)
2021-04-03 19:45:37,764 - wflow_sbm - wf_DynamicFramework_federico - INFO - saving maps
2021-04-03 19:45:38,615 - wflow_sbm - wf_DynamicFramework_federico - DEBUG - timestep: 122/360.0 (2021-05-23 11:01:00)
2021-04-03 19:45:43,841 - wflow_sbm - wf_DynamicFramework_federico - INFO - saving maps
2021-04-03 19:45:44,678 - wflow_sbm - wf_DynamicFramework_federico - DEBUG - timestep: 123/360.0 (2021-05-23 11:02:00)
2021-04-03 19:45:49,831 - wflow_sbm - wf_DynamicFramework_federico - INFO - saving maps
2021-04-03 19:45:50,676 - wflow_sbm - wf_DynamicFramework_federico - DEBUG - timestep: 124/360.0 (2021-05-23 11:03:00)
2021-04-03 19:45:55,877 - wflow_sbm - wf_DynamicFramework_federico - INFO - saving maps
2021-04-03 19:45:56,734 - wflow_sbm - wf_DynamicFramework_federico - DEBUG - timestep: 125/360.0 (2021-05-23 11:04:00)
2021-04-03 19:46:01,876 - wflow_sbm - wf_DynamicFramework_federico - INFO - saving maps
2021-04-03 19:46:02,733 - wflow_sbm - wf_DynamicFramework_federico - DEBUG - timestep: 126/360.0 (2021-05-23 11:05:00)
2021-04-03 19:46:07,939 - wflow_sbm - wf_DynamicFramework_federico - INFO - saving maps
2021-04-03 19:46:08,795 - wflow_sbm - wf_DynamicFramework_federico - DEBUG - timestep: 127/360.0 (2021-05-23 11:06:00)
2021-04-03 19:46:14,041 - wflow_sbm - wf_DynamicFramework_federico - INFO - saving maps
2021-04-03 19:46:14,888 - wflow_sbm - wf_DynamicFramework_federico - DEBUG - timestep: 128/360.0 (2021-05-23 11:07:00)
2021-04-03 19:46:20,101 - wflow_sbm - wf_DynamicFramework_federico - INFO - saving maps
2021-04-03 19:46:20,970 - wflow_sbm - wf_DynamicFramework_federico - DEBUG - timestep: 129/360.0 (2021-05-23 11:08:00)
2021-04-03 19:46:26,231 - wflow_sbm - wf_DynamicFramework_federico - INFO - saving maps
2021-04-03 19:46:27,088 - wflow_sbm - wf_DynamicFramework_federico - DEBUG - timestep: 130/360.0 (2021-05-23 11:09:00)
2021-04-03 19:46:32,228 - wflow_sbm - wf_DynamicFramework_federico - INFO - saving maps
2021-04-03 19:46:33,094 - wflow_sbm - wf_DynamicFramework_federico - DEBUG - timestep: 131/360.0 (2021-05-23 11:10:00)
2021-04-03 19:46:38,227 - wflow_sbm - wf_DynamicFramework_federico - INFO - saving maps
2021-04-03 19:46:39,090 - wflow_sbm - wf_DynamicFramework_federico - DEBUG - timestep: 132/360.0 (2021-05-23 11:11:00)
2021-04-03 19:46:44,457 - wflow_sbm - wf_DynamicFramework_federico - INFO - saving maps
2021-04-03 19:46:45,322 - wflow_sbm - wf_DynamicFramework_federico - DEBUG - timestep: 133/360.0 (2021-05-23 11:12:00)
2021-04-03 19:46:50,438 - wflow_sbm - wf_DynamicFramework_federico - INFO - saving maps
2021-04-03 19:46:51,281 - wflow_sbm - wf_DynamicFramework_federico - DEBUG - timestep: 134/360.0 (2021-05-23 11:13:00)
2021-04-03 19:46:56,592 - wflow_sbm - wf_DynamicFramework_federico - INFO - saving maps
2021-04-03 19:46:57,437 - wflow_sbm - wf_DynamicFramework_federico - DEBUG - timestep: 135/360.0 (2021-05-23 11:14:00)
2021-04-03 19:47:02,541 - wflow_sbm - wf_DynamicFramework_federico - INFO - saving maps
2021-04-03 19:47:03,383 - wflow_sbm - wf_DynamicFramework_federico - DEBUG - timestep: 136/360.0 (2021-05-23 11:15:00)
2021-04-03 19:47:08,551 - wflow_sbm - wf_DynamicFramework_federico - INFO - saving maps
2021-04-03 19:47:09,398 - wflow_sbm - wf_DynamicFramework_federico - DEBUG - timestep: 137/360.0 (2021-05-23 11:16:00)
2021-04-03 19:47:14,586 - wflow_sbm - wf_DynamicFramework_federico - INFO - saving maps
2021-04-03 19:47:15,417 - wflow_sbm - wf_DynamicFramework_federico - DEBUG - timestep: 138/360.0 (2021-05-23 11:17:00)
2021-04-03 19:47:20,623 - wflow_sbm - wf_DynamicFramework_federico - INFO - saving maps
2021-04-03 19:47:21,463 - wflow_sbm - wf_DynamicFramework_federico - DEBUG - timestep: 139/360.0 (2021-05-23 11:18:00)
2021-04-03 19:47:26,787 - wflow_sbm - wf_DynamicFramework_federico - INFO - saving maps
2021-04-03 19:47:27,605 - wflow_sbm - wf_DynamicFramework_federico - DEBUG - timestep: 140/360.0 (2021-05-23 11:19:00)
2021-04-03 19:47:32,989 - wflow_sbm - wf_DynamicFramework_federico - INFO - saving maps
2021-04-03 19:47:33,854 - wflow_sbm - wf_DynamicFramework_federico - DEBUG - timestep: 141/360.0 (2021-05-23 11:20:00)
2021-04-03 19:47:39,049 - wflow_sbm - wf_DynamicFramework_federico - INFO - saving maps
2021-04-03 19:47:39,892 - wflow_sbm - wf_DynamicFramework_federico - DEBUG - timestep: 142/360.0 (2021-05-23 11:21:00)
2021-04-03 19:47:45,114 - wflow_sbm - wf_DynamicFramework_federico - INFO - saving maps
2021-04-03 19:47:45,962 - wflow_sbm - wf_DynamicFramework_federico - DEBUG - timestep: 143/360.0 (2021-05-23 11:22:00)
2021-04-03 19:47:51,184 - wflow_sbm - wf_DynamicFramework_federico - INFO - saving maps
2021-04-03 19:47:52,026 - wflow_sbm - wf_DynamicFramework_federico - DEBUG - timestep: 144/360.0 (2021-05-23 11:23:00)
2021-04-03 19:47:57,184 - wflow_sbm - wf_DynamicFramework_federico - INFO - saving maps
2021-04-03 19:47:58,014 - wflow_sbm - wf_DynamicFramework_federico - DEBUG - timestep: 145/360.0 (2021-05-23 11:24:00)
2021-04-03 19:48:03,256 - wflow_sbm - wf_DynamicFramework_federico - INFO - saving maps
2021-04-03 19:48:04,098 - wflow_sbm - wf_DynamicFramework_federico - DEBUG - timestep: 146/360.0 (2021-05-23 11:25:00)
2021-04-03 19:48:09,326 - wflow_sbm - wf_DynamicFramework_federico - INFO - saving maps
2021-04-03 19:48:10,168 - wflow_sbm - wf_DynamicFramework_federico - DEBUG - timestep: 147/360.0 (2021-05-23 11:26:00)
2021-04-03 19:48:15,371 - wflow_sbm - wf_DynamicFramework_federico - INFO - saving maps
2021-04-03 19:48:16,224 - wflow_sbm - wf_DynamicFramework_federico - DEBUG - timestep: 148/360.0 (2021-05-23 11:27:00)
2021-04-03 19:48:21,622 - wflow_sbm - wf_DynamicFramework_federico - INFO - saving maps
2021-04-03 19:48:22,476 - wflow_sbm - wf_DynamicFramework_federico - DEBUG - timestep: 149/360.0 (2021-05-23 11:28:00)
2021-04-03 19:48:27,766 - wflow_sbm - wf_DynamicFramework_federico - INFO - saving maps
2021-04-03 19:48:28,636 - wflow_sbm - wf_DynamicFramework_federico - DEBUG - timestep: 150/360.0 (2021-05-23 11:29:00)
2021-04-03 19:48:33,815 - wflow_sbm - wf_DynamicFramework_federico - INFO - saving maps
2021-04-03 19:48:34,681 - wflow_sbm - wf_DynamicFramework_federico - DEBUG - timestep: 151/360.0 (2021-05-23 11:30:00)
2021-04-03 19:48:39,897 - wflow_sbm - wf_DynamicFramework_federico - INFO - saving maps
2021-04-03 19:48:40,749 - wflow_sbm - wf_DynamicFramework_federico - DEBUG - timestep: 152/360.0 (2021-05-23 11:31:00)
2021-04-03 19:48:46,008 - wflow_sbm - wf_DynamicFramework_federico - INFO - saving maps
2021-04-03 19:48:46,867 - wflow_sbm - wf_DynamicFramework_federico - DEBUG - timestep: 153/360.0 (2021-05-23 11:32:00)
2021-04-03 19:48:52,050 - wflow_sbm - wf_DynamicFramework_federico - INFO - saving maps
2021-04-03 19:48:52,907 - wflow_sbm - wf_DynamicFramework_federico - DEBUG - timestep: 154/360.0 (2021-05-23 11:33:00)
2021-04-03 19:48:58,205 - wflow_sbm - wf_DynamicFramework_federico - INFO - saving maps
2021-04-03 19:48:59,035 - wflow_sbm - wf_DynamicFramework_federico - DEBUG - timestep: 155/360.0 (2021-05-23 11:34:00)
2021-04-03 19:49:04,252 - wflow_sbm - wf_DynamicFramework_federico - INFO - saving maps
2021-04-03 19:49:05,097 - wflow_sbm - wf_DynamicFramework_federico - DEBUG - timestep: 156/360.0 (2021-05-23 11:35:00)
2021-04-03 19:49:10,341 - wflow_sbm - wf_DynamicFramework_federico - INFO - saving maps
2021-04-03 19:49:11,177 - wflow_sbm - wf_DynamicFramework_federico - DEBUG - timestep: 157/360.0 (2021-05-23 11:36:00)
2021-04-03 19:49:16,430 - wflow_sbm - wf_DynamicFramework_federico - INFO - saving maps
2021-04-03 19:49:17,283 - wflow_sbm - wf_DynamicFramework_federico - DEBUG - timestep: 158/360.0 (2021-05-23 11:37:00)
2021-04-03 19:49:22,561 - wflow_sbm - wf_DynamicFramework_federico - INFO - saving maps
2021-04-03 19:49:23,400 - wflow_sbm - wf_DynamicFramework_federico - DEBUG - timestep: 159/360.0 (2021-05-23 11:38:00)
2021-04-03 19:49:28,691 - wflow_sbm - wf_DynamicFramework_federico - INFO - saving maps
2021-04-03 19:49:29,552 - wflow_sbm - wf_DynamicFramework_federico - DEBUG - timestep: 160/360.0 (2021-05-23 11:39:00)
2021-04-03 19:49:34,752 - wflow_sbm - wf_DynamicFramework_federico - INFO - saving maps
2021-04-03 19:49:35,604 - wflow_sbm - wf_DynamicFramework_federico - DEBUG - timestep: 161/360.0 (2021-05-23 11:40:00)
2021-04-03 19:49:40,792 - wflow_sbm - wf_DynamicFramework_federico - INFO - saving maps
2021-04-03 19:49:41,631 - wflow_sbm - wf_DynamicFramework_federico - DEBUG - timestep: 162/360.0 (2021-05-23 11:41:00)
2021-04-03 19:49:46,834 - wflow_sbm - wf_DynamicFramework_federico - INFO - saving maps
2021-04-03 19:49:47,675 - wflow_sbm - wf_DynamicFramework_federico - DEBUG - timestep: 163/360.0 (2021-05-23 11:42:00)
2021-04-03 19:49:53,009 - wflow_sbm - wf_DynamicFramework_federico - INFO - saving maps
2021-04-03 19:49:53,855 - wflow_sbm - wf_DynamicFramework_federico - DEBUG - timestep: 164/360.0 (2021-05-23 11:43:00)
2021-04-03 19:49:59,009 - wflow_sbm - wf_DynamicFramework_federico - INFO - saving maps
2021-04-03 19:49:59,854 - wflow_sbm - wf_DynamicFramework_federico - DEBUG - timestep: 165/360.0 (2021-05-23 11:44:00)
2021-04-03 19:50:04,953 - wflow_sbm - wf_DynamicFramework_federico - INFO - saving maps
2021-04-03 19:50:05,788 - wflow_sbm - wf_DynamicFramework_federico - DEBUG - timestep: 166/360.0 (2021-05-23 11:45:00)
2021-04-03 19:50:11,037 - wflow_sbm - wf_DynamicFramework_federico - INFO - saving maps
2021-04-03 19:50:11,877 - wflow_sbm - wf_DynamicFramework_federico - DEBUG - timestep: 167/360.0 (2021-05-23 11:46:00)
2021-04-03 19:50:17,228 - wflow_sbm - wf_DynamicFramework_federico - INFO - saving maps
2021-04-03 19:50:18,084 - wflow_sbm - wf_DynamicFramework_federico - DEBUG - timestep: 168/360.0 (2021-05-23 11:47:00)
2021-04-03 19:50:23,296 - wflow_sbm - wf_DynamicFramework_federico - INFO - saving maps
2021-04-03 19:50:24,142 - wflow_sbm - wf_DynamicFramework_federico - DEBUG - timestep: 169/360.0 (2021-05-23 11:48:00)
2021-04-03 19:50:29,304 - wflow_sbm - wf_DynamicFramework_federico - INFO - saving maps
2021-04-03 19:50:30,158 - wflow_sbm - wf_DynamicFramework_federico - DEBUG - timestep: 170/360.0 (2021-05-23 11:49:00)
2021-04-03 19:50:35,377 - wflow_sbm - wf_DynamicFramework_federico - INFO - saving maps
2021-04-03 19:50:36,227 - wflow_sbm - wf_DynamicFramework_federico - DEBUG - timestep: 171/360.0 (2021-05-23 11:50:00)
2021-04-03 19:50:41,458 - wflow_sbm - wf_DynamicFramework_federico - INFO - saving maps
2021-04-03 19:50:42,323 - wflow_sbm - wf_DynamicFramework_federico - DEBUG - timestep: 172/360.0 (2021-05-23 11:51:00)
2021-04-03 19:50:47,542 - wflow_sbm - wf_DynamicFramework_federico - INFO - saving maps
2021-04-03 19:50:48,413 - wflow_sbm - wf_DynamicFramework_federico - DEBUG - timestep: 173/360.0 (2021-05-23 11:52:00)
2021-04-03 19:50:53,574 - wflow_sbm - wf_DynamicFramework_federico - INFO - saving maps
2021-04-03 19:50:54,440 - wflow_sbm - wf_DynamicFramework_federico - DEBUG - timestep: 174/360.0 (2021-05-23 11:53:00)
2021-04-03 19:50:59,611 - wflow_sbm - wf_DynamicFramework_federico - INFO - saving maps
2021-04-03 19:51:00,471 - wflow_sbm - wf_DynamicFramework_federico - DEBUG - timestep: 175/360.0 (2021-05-23 11:54:00)
2021-04-03 19:51:05,757 - wflow_sbm - wf_DynamicFramework_federico - INFO - saving maps
2021-04-03 19:51:06,605 - wflow_sbm - wf_DynamicFramework_federico - DEBUG - timestep: 176/360.0 (2021-05-23 11:55:00)
2021-04-03 19:51:11,788 - wflow_sbm - wf_DynamicFramework_federico - INFO - saving maps
2021-04-03 19:51:12,631 - wflow_sbm - wf_DynamicFramework_federico - DEBUG - timestep: 177/360.0 (2021-05-23 11:56:00)
2021-04-03 19:51:18,036 - wflow_sbm - wf_DynamicFramework_federico - INFO - saving maps
2021-04-03 19:51:18,878 - wflow_sbm - wf_DynamicFramework_federico - DEBUG - timestep: 178/360.0 (2021-05-23 11:57:00)
2021-04-03 19:51:24,286 - wflow_sbm - wf_DynamicFramework_federico - INFO - saving maps
2021-04-03 19:51:25,108 - wflow_sbm - wf_DynamicFramework_federico - DEBUG - timestep: 179/360.0 (2021-05-23 11:58:00)
2021-04-03 19:51:30,314 - wflow_sbm - wf_DynamicFramework_federico - INFO - saving maps
2021-04-03 19:51:31,169 - wflow_sbm - wf_DynamicFramework_federico - DEBUG - timestep: 180/360.0 (2021-05-23 11:59:00)
2021-04-03 19:51:36,471 - wflow_sbm - wf_DynamicFramework_federico - INFO - saving maps
2021-04-03 19:51:37,321 - wflow_sbm - wf_DynamicFramework_federico - DEBUG - timestep: 181/360.0 (2021-05-23 12:00:00)
2021-04-03 19:51:42,553 - wflow_sbm - wf_DynamicFramework_federico - INFO - saving maps
2021-04-03 19:51:43,398 - wflow_sbm - wf_DynamicFramework_federico - DEBUG - timestep: 182/360.0 (2021-05-23 12:01:00)
2021-04-03 19:51:48,794 - wflow_sbm - wf_DynamicFramework_federico - INFO - saving maps
2021-04-03 19:51:49,644 - wflow_sbm - wf_DynamicFramework_federico - DEBUG - timestep: 183/360.0 (2021-05-23 12:02:00)
2021-04-03 19:51:54,878 - wflow_sbm - wf_DynamicFramework_federico - INFO - saving maps
2021-04-03 19:51:55,737 - wflow_sbm - wf_DynamicFramework_federico - DEBUG - timestep: 184/360.0 (2021-05-23 12:03:00)
2021-04-03 19:52:00,912 - wflow_sbm - wf_DynamicFramework_federico - INFO - saving maps
2021-04-03 19:52:01,757 - wflow_sbm - wf_DynamicFramework_federico - DEBUG - timestep: 185/360.0 (2021-05-23 12:04:00)
2021-04-03 19:52:06,892 - wflow_sbm - wf_DynamicFramework_federico - INFO - saving maps
2021-04-03 19:52:07,744 - wflow_sbm - wf_DynamicFramework_federico - DEBUG - timestep: 186/360.0 (2021-05-23 12:05:00)
2021-04-03 19:52:13,101 - wflow_sbm - wf_DynamicFramework_federico - INFO - saving maps
2021-04-03 19:52:13,941 - wflow_sbm - wf_DynamicFramework_federico - DEBUG - timestep: 187/360.0 (2021-05-23 12:06:00)
2021-04-03 19:52:19,171 - wflow_sbm - wf_DynamicFramework_federico - INFO - saving maps
2021-04-03 19:52:20,007 - wflow_sbm - wf_DynamicFramework_federico - DEBUG - timestep: 188/360.0 (2021-05-23 12:07:00)
2021-04-03 19:52:25,344 - wflow_sbm - wf_DynamicFramework_federico - INFO - saving maps
2021-04-03 19:52:26,169 - wflow_sbm - wf_DynamicFramework_federico - DEBUG - timestep: 189/360.0 (2021-05-23 12:08:00)
2021-04-03 19:52:31,340 - wflow_sbm - wf_DynamicFramework_federico - INFO - saving maps
2021-04-03 19:52:32,170 - wflow_sbm - wf_DynamicFramework_federico - DEBUG - timestep: 190/360.0 (2021-05-23 12:09:00)
2021-04-03 19:52:37,361 - wflow_sbm - wf_DynamicFramework_federico - INFO - saving maps
2021-04-03 19:52:38,202 - wflow_sbm - wf_DynamicFramework_federico - DEBUG - timestep: 191/360.0 (2021-05-23 12:10:00)
2021-04-03 19:52:43,396 - wflow_sbm - wf_DynamicFramework_federico - INFO - saving maps
2021-04-03 19:52:44,237 - wflow_sbm - wf_DynamicFramework_federico - DEBUG - timestep: 192/360.0 (2021-05-23 12:11:00)
2021-04-03 19:52:49,701 - wflow_sbm - wf_DynamicFramework_federico - INFO - saving maps
2021-04-03 19:52:50,542 - wflow_sbm - wf_DynamicFramework_federico - DEBUG - timestep: 193/360.0 (2021-05-23 12:12:00)
2021-04-03 19:52:55,718 - wflow_sbm - wf_DynamicFramework_federico - INFO - saving maps
2021-04-03 19:52:56,560 - wflow_sbm - wf_DynamicFramework_federico - DEBUG - timestep: 194/360.0 (2021-05-23 12:13:00)
2021-04-03 19:53:01,765 - wflow_sbm - wf_DynamicFramework_federico - INFO - saving maps
2021-04-03 19:53:02,606 - wflow_sbm - wf_DynamicFramework_federico - DEBUG - timestep: 195/360.0 (2021-05-23 12:14:00)
2021-04-03 19:53:07,735 - wflow_sbm - wf_DynamicFramework_federico - INFO - saving maps
2021-04-03 19:53:08,591 - wflow_sbm - wf_DynamicFramework_federico - DEBUG - timestep: 196/360.0 (2021-05-23 12:15:00)
2021-04-03 19:53:13,911 - wflow_sbm - wf_DynamicFramework_federico - INFO - saving maps
2021-04-03 19:53:14,758 - wflow_sbm - wf_DynamicFramework_federico - DEBUG - timestep: 197/360.0 (2021-05-23 12:16:00)
2021-04-03 19:53:19,902 - wflow_sbm - wf_DynamicFramework_federico - INFO - saving maps
2021-04-03 19:53:20,755 - wflow_sbm - wf_DynamicFramework_federico - DEBUG - timestep: 198/360.0 (2021-05-23 12:17:00)
2021-04-03 19:53:26,072 - wflow_sbm - wf_DynamicFramework_federico - INFO - saving maps
2021-04-03 19:53:26,918 - wflow_sbm - wf_DynamicFramework_federico - DEBUG - timestep: 199/360.0 (2021-05-23 12:18:00)
2021-04-03 19:53:32,081 - wflow_sbm - wf_DynamicFramework_federico - INFO - saving maps
2021-04-03 19:53:32,929 - wflow_sbm - wf_DynamicFramework_federico - DEBUG - timestep: 200/360.0 (2021-05-23 12:19:00)
2021-04-03 19:53:38,252 - wflow_sbm - wf_DynamicFramework_federico - INFO - saving maps
2021-04-03 19:53:39,097 - wflow_sbm - wf_DynamicFramework_federico - DEBUG - timestep: 201/360.0 (2021-05-23 12:20:00)
2021-04-03 19:53:44,268 - wflow_sbm - wf_DynamicFramework_federico - INFO - saving maps
2021-04-03 19:53:45,129 - wflow_sbm - wf_DynamicFramework_federico - DEBUG - timestep: 202/360.0 (2021-05-23 12:21:00)
2021-04-03 19:53:50,452 - wflow_sbm - wf_DynamicFramework_federico - INFO - saving maps
2021-04-03 19:53:51,301 - wflow_sbm - wf_DynamicFramework_federico - DEBUG - timestep: 203/360.0 (2021-05-23 12:22:00)
2021-04-03 19:53:56,646 - wflow_sbm - wf_DynamicFramework_federico - INFO - saving maps
2021-04-03 19:53:57,509 - wflow_sbm - wf_DynamicFramework_federico - DEBUG - timestep: 204/360.0 (2021-05-23 12:23:00)
2021-04-03 19:54:02,810 - wflow_sbm - wf_DynamicFramework_federico - INFO - saving maps
2021-04-03 19:54:03,667 - wflow_sbm - wf_DynamicFramework_federico - DEBUG - timestep: 205/360.0 (2021-05-23 12:24:00)
2021-04-03 19:54:08,804 - wflow_sbm - wf_DynamicFramework_federico - INFO - saving maps
2021-04-03 19:54:09,665 - wflow_sbm - wf_DynamicFramework_federico - DEBUG - timestep: 206/360.0 (2021-05-23 12:25:00)
2021-04-03 19:54:14,905 - wflow_sbm - wf_DynamicFramework_federico - INFO - saving maps
2021-04-03 19:54:15,753 - wflow_sbm - wf_DynamicFramework_federico - DEBUG - timestep: 207/360.0 (2021-05-23 12:26:00)
2021-04-03 19:54:21,067 - wflow_sbm - wf_DynamicFramework_federico - INFO - saving maps
2021-04-03 19:54:21,919 - wflow_sbm - wf_DynamicFramework_federico - DEBUG - timestep: 208/360.0 (2021-05-23 12:27:00)
2021-04-03 19:54:27,139 - wflow_sbm - wf_DynamicFramework_federico - INFO - saving maps
2021-04-03 19:54:27,973 - wflow_sbm - wf_DynamicFramework_federico - DEBUG - timestep: 209/360.0 (2021-05-23 12:28:00)
2021-04-03 19:54:33,041 - wflow_sbm - wf_DynamicFramework_federico - INFO - saving maps
2021-04-03 19:54:33,892 - wflow_sbm - wf_DynamicFramework_federico - DEBUG - timestep: 210/360.0 (2021-05-23 12:29:00)
2021-04-03 19:54:39,357 - wflow_sbm - wf_DynamicFramework_federico - INFO - saving maps
2021-04-03 19:54:40,231 - wflow_sbm - wf_DynamicFramework_federico - DEBUG - timestep: 211/360.0 (2021-05-23 12:30:00)
2021-04-03 19:54:45,685 - wflow_sbm - wf_DynamicFramework_federico - INFO - saving maps
2021-04-03 19:54:46,564 - wflow_sbm - wf_DynamicFramework_federico - DEBUG - timestep: 212/360.0 (2021-05-23 12:31:00)
2021-04-03 19:54:52,017 - wflow_sbm - wf_DynamicFramework_federico - INFO - saving maps
2021-04-03 19:54:52,897 - wflow_sbm - wf_DynamicFramework_federico - DEBUG - timestep: 213/360.0 (2021-05-23 12:32:00)
2021-04-03 19:54:58,248 - wflow_sbm - wf_DynamicFramework_federico - INFO - saving maps
2021-04-03 19:54:59,127 - wflow_sbm - wf_DynamicFramework_federico - DEBUG - timestep: 214/360.0 (2021-05-23 12:33:00)
2021-04-03 19:55:04,495 - wflow_sbm - wf_DynamicFramework_federico - INFO - saving maps
2021-04-03 19:55:05,352 - wflow_sbm - wf_DynamicFramework_federico - DEBUG - timestep: 215/360.0 (2021-05-23 12:34:00)
2021-04-03 19:55:10,612 - wflow_sbm - wf_DynamicFramework_federico - INFO - saving maps
2021-04-03 19:55:11,478 - wflow_sbm - wf_DynamicFramework_federico - DEBUG - timestep: 216/360.0 (2021-05-23 12:35:00)
2021-04-03 19:55:16,721 - wflow_sbm - wf_DynamicFramework_federico - INFO - saving maps
2021-04-03 19:55:17,566 - wflow_sbm - wf_DynamicFramework_federico - DEBUG - timestep: 217/360.0 (2021-05-23 12:36:00)
2021-04-03 19:55:22,842 - wflow_sbm - wf_DynamicFramework_federico - INFO - saving maps
2021-04-03 19:55:23,689 - wflow_sbm - wf_DynamicFramework_federico - DEBUG - timestep: 218/360.0 (2021-05-23 12:37:00)
2021-04-03 19:55:28,934 - wflow_sbm - wf_DynamicFramework_federico - INFO - saving maps
2021-04-03 19:55:29,794 - wflow_sbm - wf_DynamicFramework_federico - DEBUG - timestep: 219/360.0 (2021-05-23 12:38:00)
2021-04-03 19:55:35,408 - wflow_sbm - wf_DynamicFramework_federico - INFO - saving maps
2021-04-03 19:55:36,286 - wflow_sbm - wf_DynamicFramework_federico - DEBUG - timestep: 220/360.0 (2021-05-23 12:39:00)
2021-04-03 19:55:41,552 - wflow_sbm - wf_DynamicFramework_federico - INFO - saving maps
2021-04-03 19:55:42,584 - wflow_sbm - wf_DynamicFramework_federico - DEBUG - timestep: 221/360.0 (2021-05-23 12:40:00)
2021-04-03 19:55:48,129 - wflow_sbm - wf_DynamicFramework_federico - INFO - saving maps
2021-04-03 19:55:49,019 - wflow_sbm - wf_DynamicFramework_federico - DEBUG - timestep: 222/360.0 (2021-05-23 12:41:00)
2021-04-03 19:55:54,654 - wflow_sbm - wf_DynamicFramework_federico - INFO - saving maps
2021-04-03 19:55:55,547 - wflow_sbm - wf_DynamicFramework_federico - DEBUG - timestep: 223/360.0 (2021-05-23 12:42:00)
2021-04-03 19:56:01,061 - wflow_sbm - wf_DynamicFramework_federico - INFO - saving maps
2021-04-03 19:56:01,942 - wflow_sbm - wf_DynamicFramework_federico - DEBUG - timestep: 224/360.0 (2021-05-23 12:43:00)
2021-04-03 19:56:07,394 - wflow_sbm - wf_DynamicFramework_federico - INFO - saving maps
2021-04-03 19:56:08,259 - wflow_sbm - wf_DynamicFramework_federico - DEBUG - timestep: 225/360.0 (2021-05-23 12:44:00)
2021-04-03 19:56:13,820 - wflow_sbm - wf_DynamicFramework_federico - INFO - saving maps
2021-04-03 19:56:14,697 - wflow_sbm - wf_DynamicFramework_federico - DEBUG - timestep: 226/360.0 (2021-05-23 12:45:00)
2021-04-03 19:56:20,124 - wflow_sbm - wf_DynamicFramework_federico - INFO - saving maps
2021-04-03 19:56:20,995 - wflow_sbm - wf_DynamicFramework_federico - DEBUG - timestep: 227/360.0 (2021-05-23 12:46:00)
2021-04-03 19:56:26,708 - wflow_sbm - wf_DynamicFramework_federico - INFO - saving maps
2021-04-03 19:56:27,586 - wflow_sbm - wf_DynamicFramework_federico - DEBUG - timestep: 228/360.0 (2021-05-23 12:47:00)
2021-04-03 19:56:33,068 - wflow_sbm - wf_DynamicFramework_federico - INFO - saving maps
2021-04-03 19:56:33,955 - wflow_sbm - wf_DynamicFramework_federico - DEBUG - timestep: 229/360.0 (2021-05-23 12:48:00)
2021-04-03 19:56:39,291 - wflow_sbm - wf_DynamicFramework_federico - INFO - saving maps
2021-04-03 19:56:40,120 - wflow_sbm - wf_DynamicFramework_federico - DEBUG - timestep: 230/360.0 (2021-05-23 12:49:00)
2021-04-03 19:56:45,439 - wflow_sbm - wf_DynamicFramework_federico - INFO - saving maps
2021-04-03 19:56:46,255 - wflow_sbm - wf_DynamicFramework_federico - DEBUG - timestep: 231/360.0 (2021-05-23 12:50:00)
2021-04-03 19:56:51,555 - wflow_sbm - wf_DynamicFramework_federico - INFO - saving maps
2021-04-03 19:56:52,381 - wflow_sbm - wf_DynamicFramework_federico - DEBUG - timestep: 232/360.0 (2021-05-23 12:51:00)
2021-04-03 19:56:57,703 - wflow_sbm - wf_DynamicFramework_federico - INFO - saving maps
2021-04-03 19:56:58,545 - wflow_sbm - wf_DynamicFramework_federico - DEBUG - timestep: 233/360.0 (2021-05-23 12:52:00)
2021-04-03 19:57:03,867 - wflow_sbm - wf_DynamicFramework_federico - INFO - saving maps
2021-04-03 19:57:04,896 - wflow_sbm - wf_DynamicFramework_federico - DEBUG - timestep: 234/360.0 (2021-05-23 12:53:00)
2021-04-03 19:57:10,202 - wflow_sbm - wf_DynamicFramework_federico - INFO - saving maps
2021-04-03 19:57:11,066 - wflow_sbm - wf_DynamicFramework_federico - DEBUG - timestep: 235/360.0 (2021-05-23 12:54:00)
2021-04-03 19:57:16,285 - wflow_sbm - wf_DynamicFramework_federico - INFO - saving maps
2021-04-03 19:57:17,161 - wflow_sbm - wf_DynamicFramework_federico - DEBUG - timestep: 236/360.0 (2021-05-23 12:55:00)
2021-04-03 19:57:22,541 - wflow_sbm - wf_DynamicFramework_federico - INFO - saving maps
2021-04-03 19:57:23,397 - wflow_sbm - wf_DynamicFramework_federico - DEBUG - timestep: 237/360.0 (2021-05-23 12:56:00)
2021-04-03 19:57:28,619 - wflow_sbm - wf_DynamicFramework_federico - INFO - saving maps
2021-04-03 19:57:29,480 - wflow_sbm - wf_DynamicFramework_federico - DEBUG - timestep: 238/360.0 (2021-05-23 12:57:00)
2021-04-03 19:57:34,719 - wflow_sbm - wf_DynamicFramework_federico - INFO - saving maps
2021-04-03 19:57:35,567 - wflow_sbm - wf_DynamicFramework_federico - DEBUG - timestep: 239/360.0 (2021-05-23 12:58:00)
2021-04-03 19:57:40,726 - wflow_sbm - wf_DynamicFramework_federico - INFO - saving maps
2021-04-03 19:57:41,562 - wflow_sbm - wf_DynamicFramework_federico - DEBUG - timestep: 240/360.0 (2021-05-23 12:59:00)
2021-04-03 19:57:46,771 - wflow_sbm - wf_DynamicFramework_federico - INFO - saving maps
2021-04-03 19:57:47,614 - wflow_sbm - wf_DynamicFramework_federico - DEBUG - timestep: 241/360.0 (2021-05-23 13:00:00)
2021-04-03 19:57:52,823 - wflow_sbm - wf_DynamicFramework_federico - INFO - saving maps
2021-04-03 19:57:53,662 - wflow_sbm - wf_DynamicFramework_federico - DEBUG - timestep: 242/360.0 (2021-05-23 13:01:00)
2021-04-03 19:57:58,925 - wflow_sbm - wf_DynamicFramework_federico - INFO - saving maps
2021-04-03 19:57:59,761 - wflow_sbm - wf_DynamicFramework_federico - DEBUG - timestep: 243/360.0 (2021-05-23 13:02:00)
2021-04-03 19:58:05,001 - wflow_sbm - wf_DynamicFramework_federico - INFO - saving maps
2021-04-03 19:58:05,841 - wflow_sbm - wf_DynamicFramework_federico - DEBUG - timestep: 244/360.0 (2021-05-23 13:03:00)
2021-04-03 19:58:11,051 - wflow_sbm - wf_DynamicFramework_federico - INFO - saving maps
2021-04-03 19:58:11,908 - wflow_sbm - wf_DynamicFramework_federico - DEBUG - timestep: 245/360.0 (2021-05-23 13:04:00)
2021-04-03 19:58:17,085 - wflow_sbm - wf_DynamicFramework_federico - INFO - saving maps
2021-04-03 19:58:17,926 - wflow_sbm - wf_DynamicFramework_federico - DEBUG - timestep: 246/360.0 (2021-05-23 13:05:00)
2021-04-03 19:58:23,236 - wflow_sbm - wf_DynamicFramework_federico - INFO - saving maps
2021-04-03 19:58:24,104 - wflow_sbm - wf_DynamicFramework_federico - DEBUG - timestep: 247/360.0 (2021-05-23 13:06:00)
2021-04-03 19:58:29,329 - wflow_sbm - wf_DynamicFramework_federico - INFO - saving maps
2021-04-03 19:58:30,179 - wflow_sbm - wf_DynamicFramework_federico - DEBUG - timestep: 248/360.0 (2021-05-23 13:07:00)
2021-04-03 19:58:35,328 - wflow_sbm - wf_DynamicFramework_federico - INFO - saving maps
2021-04-03 19:58:36,193 - wflow_sbm - wf_DynamicFramework_federico - DEBUG - timestep: 249/360.0 (2021-05-23 13:08:00)
2021-04-03 19:58:41,308 - wflow_sbm - wf_DynamicFramework_federico - INFO - saving maps
2021-04-03 19:58:42,166 - wflow_sbm - wf_DynamicFramework_federico - DEBUG - timestep: 250/360.0 (2021-05-23 13:09:00)
2021-04-03 19:58:47,340 - wflow_sbm - wf_DynamicFramework_federico - INFO - saving maps
2021-04-03 19:58:48,199 - wflow_sbm - wf_DynamicFramework_federico - DEBUG - timestep: 251/360.0 (2021-05-23 13:10:00)
2021-04-03 19:58:53,367 - wflow_sbm - wf_DynamicFramework_federico - INFO - saving maps
2021-04-03 19:58:54,221 - wflow_sbm - wf_DynamicFramework_federico - DEBUG - timestep: 252/360.0 (2021-05-23 13:11:00)
2021-04-03 19:58:59,370 - wflow_sbm - wf_DynamicFramework_federico - INFO - saving maps
2021-04-03 19:59:00,221 - wflow_sbm - wf_DynamicFramework_federico - DEBUG - timestep: 253/360.0 (2021-05-23 13:12:00)
2021-04-03 19:59:05,377 - wflow_sbm - wf_DynamicFramework_federico - INFO - saving maps
2021-04-03 19:59:06,213 - wflow_sbm - wf_DynamicFramework_federico - DEBUG - timestep: 254/360.0 (2021-05-23 13:13:00)
2021-04-03 19:59:11,397 - wflow_sbm - wf_DynamicFramework_federico - INFO - saving maps
2021-04-03 19:59:12,222 - wflow_sbm - wf_DynamicFramework_federico - DEBUG - timestep: 255/360.0 (2021-05-23 13:14:00)
2021-04-03 19:59:17,385 - wflow_sbm - wf_DynamicFramework_federico - INFO - saving maps
2021-04-03 19:59:18,244 - wflow_sbm - wf_DynamicFramework_federico - DEBUG - timestep: 256/360.0 (2021-05-23 13:15:00)
2021-04-03 19:59:23,445 - wflow_sbm - wf_DynamicFramework_federico - INFO - saving maps
2021-04-03 19:59:24,312 - wflow_sbm - wf_DynamicFramework_federico - DEBUG - timestep: 257/360.0 (2021-05-23 13:16:00)
2021-04-03 19:59:29,548 - wflow_sbm - wf_DynamicFramework_federico - INFO - saving maps
2021-04-03 19:59:30,408 - wflow_sbm - wf_DynamicFramework_federico - DEBUG - timestep: 258/360.0 (2021-05-23 13:17:00)
2021-04-03 19:59:35,586 - wflow_sbm - wf_DynamicFramework_federico - INFO - saving maps
2021-04-03 19:59:36,445 - wflow_sbm - wf_DynamicFramework_federico - DEBUG - timestep: 259/360.0 (2021-05-23 13:18:00)
2021-04-03 19:59:41,689 - wflow_sbm - wf_DynamicFramework_federico - INFO - saving maps
2021-04-03 19:59:42,539 - wflow_sbm - wf_DynamicFramework_federico - DEBUG - timestep: 260/360.0 (2021-05-23 13:19:00)
2021-04-03 19:59:47,670 - wflow_sbm - wf_DynamicFramework_federico - INFO - saving maps
2021-04-03 19:59:48,501 - wflow_sbm - wf_DynamicFramework_federico - DEBUG - timestep: 261/360.0 (2021-05-23 13:20:00)
2021-04-03 19:59:53,694 - wflow_sbm - wf_DynamicFramework_federico - INFO - saving maps
2021-04-03 19:59:54,523 - wflow_sbm - wf_DynamicFramework_federico - DEBUG - timestep: 262/360.0 (2021-05-23 13:21:00)
2021-04-03 19:59:59,710 - wflow_sbm - wf_DynamicFramework_federico - INFO - saving maps
2021-04-03 20:00:00,563 - wflow_sbm - wf_DynamicFramework_federico - DEBUG - timestep: 263/360.0 (2021-05-23 13:22:00)
2021-04-03 20:00:05,723 - wflow_sbm - wf_DynamicFramework_federico - INFO - saving maps
2021-04-03 20:00:06,572 - wflow_sbm - wf_DynamicFramework_federico - DEBUG - timestep: 264/360.0 (2021-05-23 13:23:00)
2021-04-03 20:00:11,808 - wflow_sbm - wf_DynamicFramework_federico - INFO - saving maps
2021-04-03 20:00:12,641 - wflow_sbm - wf_DynamicFramework_federico - DEBUG - timestep: 265/360.0 (2021-05-23 13:24:00)
2021-04-03 20:00:17,770 - wflow_sbm - wf_DynamicFramework_federico - INFO - saving maps
2021-04-03 20:00:18,618 - wflow_sbm - wf_DynamicFramework_federico - DEBUG - timestep: 266/360.0 (2021-05-23 13:25:00)
2021-04-03 20:00:23,757 - wflow_sbm - wf_DynamicFramework_federico - INFO - saving maps
2021-04-03 20:00:24,572 - wflow_sbm - wf_DynamicFramework_federico - DEBUG - timestep: 267/360.0 (2021-05-23 13:26:00)
2021-04-03 20:00:30,049 - wflow_sbm - wf_DynamicFramework_federico - INFO - saving maps
2021-04-03 20:00:30,877 - wflow_sbm - wf_DynamicFramework_federico - DEBUG - timestep: 268/360.0 (2021-05-23 13:27:00)
2021-04-03 20:00:36,058 - wflow_sbm - wf_DynamicFramework_federico - INFO - saving maps
2021-04-03 20:00:36,887 - wflow_sbm - wf_DynamicFramework_federico - DEBUG - timestep: 269/360.0 (2021-05-23 13:28:00)
2021-04-03 20:00:42,118 - wflow_sbm - wf_DynamicFramework_federico - INFO - saving maps
2021-04-03 20:00:42,955 - wflow_sbm - wf_DynamicFramework_federico - DEBUG - timestep: 270/360.0 (2021-05-23 13:29:00)
2021-04-03 20:00:48,186 - wflow_sbm - wf_DynamicFramework_federico - INFO - saving maps
2021-04-03 20:00:49,032 - wflow_sbm - wf_DynamicFramework_federico - DEBUG - timestep: 271/360.0 (2021-05-23 13:30:00)
2021-04-03 20:00:54,214 - wflow_sbm - wf_DynamicFramework_federico - INFO - saving maps
2021-04-03 20:00:55,080 - wflow_sbm - wf_DynamicFramework_federico - DEBUG - timestep: 272/360.0 (2021-05-23 13:31:00)
2021-04-03 20:01:00,308 - wflow_sbm - wf_DynamicFramework_federico - INFO - saving maps
2021-04-03 20:01:01,169 - wflow_sbm - wf_DynamicFramework_federico - DEBUG - timestep: 273/360.0 (2021-05-23 13:32:00)
2021-04-03 20:01:06,321 - wflow_sbm - wf_DynamicFramework_federico - INFO - saving maps
2021-04-03 20:01:07,177 - wflow_sbm - wf_DynamicFramework_federico - DEBUG - timestep: 274/360.0 (2021-05-23 13:33:00)
2021-04-03 20:01:12,334 - wflow_sbm - wf_DynamicFramework_federico - INFO - saving maps
2021-04-03 20:01:13,168 - wflow_sbm - wf_DynamicFramework_federico - DEBUG - timestep: 275/360.0 (2021-05-23 13:34:00)
2021-04-03 20:01:18,334 - wflow_sbm - wf_DynamicFramework_federico - INFO - saving maps
2021-04-03 20:01:19,153 - wflow_sbm - wf_DynamicFramework_federico - DEBUG - timestep: 276/360.0 (2021-05-23 13:35:00)
2021-04-03 20:01:24,325 - wflow_sbm - wf_DynamicFramework_federico - INFO - saving maps
2021-04-03 20:01:25,087 - wflow_sbm - wf_DynamicFramework_federico - DEBUG - timestep: 277/360.0 (2021-05-23 13:36:00)
2021-04-03 20:01:30,321 - wflow_sbm - wf_DynamicFramework_federico - INFO - saving maps
2021-04-03 20:01:31,166 - wflow_sbm - wf_DynamicFramework_federico - DEBUG - timestep: 278/360.0 (2021-05-23 13:37:00)
2021-04-03 20:01:36,340 - wflow_sbm - wf_DynamicFramework_federico - INFO - saving maps
2021-04-03 20:01:37,167 - wflow_sbm - wf_DynamicFramework_federico - DEBUG - timestep: 279/360.0 (2021-05-23 13:38:00)
2021-04-03 20:01:42,411 - wflow_sbm - wf_DynamicFramework_federico - INFO - saving maps
2021-04-03 20:01:43,239 - wflow_sbm - wf_DynamicFramework_federico - DEBUG - timestep: 280/360.0 (2021-05-23 13:39:00)
2021-04-03 20:01:48,474 - wflow_sbm - wf_DynamicFramework_federico - INFO - saving maps
2021-04-03 20:01:49,316 - wflow_sbm - wf_DynamicFramework_federico - DEBUG - timestep: 281/360.0 (2021-05-23 13:40:00)
2021-04-03 20:01:54,598 - wflow_sbm - wf_DynamicFramework_federico - INFO - saving maps
2021-04-03 20:01:55,456 - wflow_sbm - wf_DynamicFramework_federico - DEBUG - timestep: 282/360.0 (2021-05-23 13:41:00)
2021-04-03 20:02:00,871 - wflow_sbm - wf_DynamicFramework_federico - INFO - saving maps
2021-04-03 20:02:01,729 - wflow_sbm - wf_DynamicFramework_federico - DEBUG - timestep: 283/360.0 (2021-05-23 13:42:00)
2021-04-03 20:02:06,905 - wflow_sbm - wf_DynamicFramework_federico - INFO - saving maps
2021-04-03 20:02:07,764 - wflow_sbm - wf_DynamicFramework_federico - DEBUG - timestep: 284/360.0 (2021-05-23 13:43:00)
2021-04-03 20:02:12,977 - wflow_sbm - wf_DynamicFramework_federico - INFO - saving maps
2021-04-03 20:02:13,824 - wflow_sbm - wf_DynamicFramework_federico - DEBUG - timestep: 285/360.0 (2021-05-23 13:44:00)
2021-04-03 20:02:19,001 - wflow_sbm - wf_DynamicFramework_federico - INFO - saving maps
2021-04-03 20:02:19,835 - wflow_sbm - wf_DynamicFramework_federico - DEBUG - timestep: 286/360.0 (2021-05-23 13:45:00)
2021-04-03 20:02:24,947 - wflow_sbm - wf_DynamicFramework_federico - INFO - saving maps
2021-04-03 20:02:25,770 - wflow_sbm - wf_DynamicFramework_federico - DEBUG - timestep: 287/360.0 (2021-05-23 13:46:00)
2021-04-03 20:02:30,944 - wflow_sbm - wf_DynamicFramework_federico - INFO - saving maps
2021-04-03 20:02:31,787 - wflow_sbm - wf_DynamicFramework_federico - DEBUG - timestep: 288/360.0 (2021-05-23 13:47:00)
2021-04-03 20:02:36,916 - wflow_sbm - wf_DynamicFramework_federico - INFO - saving maps
2021-04-03 20:02:37,772 - wflow_sbm - wf_DynamicFramework_federico - DEBUG - timestep: 289/360.0 (2021-05-23 13:48:00)
2021-04-03 20:02:42,936 - wflow_sbm - wf_DynamicFramework_federico - INFO - saving maps
2021-04-03 20:02:43,789 - wflow_sbm - wf_DynamicFramework_federico - DEBUG - timestep: 290/360.0 (2021-05-23 13:49:00)
2021-04-03 20:02:48,909 - wflow_sbm - wf_DynamicFramework_federico - INFO - saving maps
2021-04-03 20:02:49,764 - wflow_sbm - wf_DynamicFramework_federico - DEBUG - timestep: 291/360.0 (2021-05-23 13:50:00)
2021-04-03 20:02:54,950 - wflow_sbm - wf_DynamicFramework_federico - INFO - saving maps
2021-04-03 20:02:55,820 - wflow_sbm - wf_DynamicFramework_federico - DEBUG - timestep: 292/360.0 (2021-05-23 13:51:00)
2021-04-03 20:03:00,979 - wflow_sbm - wf_DynamicFramework_federico - INFO - saving maps
2021-04-03 20:03:01,837 - wflow_sbm - wf_DynamicFramework_federico - DEBUG - timestep: 293/360.0 (2021-05-23 13:52:00)
2021-04-03 20:03:07,027 - wflow_sbm - wf_DynamicFramework_federico - INFO - saving maps
2021-04-03 20:03:07,904 - wflow_sbm - wf_DynamicFramework_federico - DEBUG - timestep: 294/360.0 (2021-05-23 13:53:00)
2021-04-03 20:03:13,138 - wflow_sbm - wf_DynamicFramework_federico - INFO - saving maps
2021-04-03 20:03:14,002 - wflow_sbm - wf_DynamicFramework_federico - DEBUG - timestep: 295/360.0 (2021-05-23 13:54:00)
2021-04-03 20:03:19,223 - wflow_sbm - wf_DynamicFramework_federico - INFO - saving maps
2021-04-03 20:03:20,058 - wflow_sbm - wf_DynamicFramework_federico - DEBUG - timestep: 296/360.0 (2021-05-23 13:55:00)
2021-04-03 20:03:25,255 - wflow_sbm - wf_DynamicFramework_federico - INFO - saving maps
2021-04-03 20:03:26,097 - wflow_sbm - wf_DynamicFramework_federico - DEBUG - timestep: 297/360.0 (2021-05-23 13:56:00)
2021-04-03 20:03:31,310 - wflow_sbm - wf_DynamicFramework_federico - INFO - saving maps
2021-04-03 20:03:32,136 - wflow_sbm - wf_DynamicFramework_federico - DEBUG - timestep: 298/360.0 (2021-05-23 13:57:00)
2021-04-03 20:03:37,317 - wflow_sbm - wf_DynamicFramework_federico - INFO - saving maps
2021-04-03 20:03:38,156 - wflow_sbm - wf_DynamicFramework_federico - DEBUG - timestep: 299/360.0 (2021-05-23 13:58:00)
2021-04-03 20:03:43,457 - wflow_sbm - wf_DynamicFramework_federico - INFO - saving maps
2021-04-03 20:03:44,430 - wflow_sbm - wf_DynamicFramework_federico - DEBUG - timestep: 300/360.0 (2021-05-23 13:59:00)
2021-04-03 20:03:49,638 - wflow_sbm - wf_DynamicFramework_federico - INFO - saving maps
2021-04-03 20:03:50,494 - wflow_sbm - wf_DynamicFramework_federico - DEBUG - timestep: 301/360.0 (2021-05-23 14:00:00)
2021-04-03 20:03:55,816 - wflow_sbm - wf_DynamicFramework_federico - INFO - saving maps
2021-04-03 20:03:56,662 - wflow_sbm - wf_DynamicFramework_federico - DEBUG - timestep: 302/360.0 (2021-05-23 14:01:00)
2021-04-03 20:04:01,938 - wflow_sbm - wf_DynamicFramework_federico - INFO - saving maps
2021-04-03 20:04:02,778 - wflow_sbm - wf_DynamicFramework_federico - DEBUG - timestep: 303/360.0 (2021-05-23 14:02:00)
2021-04-03 20:04:08,019 - wflow_sbm - wf_DynamicFramework_federico - INFO - saving maps
2021-04-03 20:04:08,871 - wflow_sbm - wf_DynamicFramework_federico - DEBUG - timestep: 304/360.0 (2021-05-23 14:03:00)
2021-04-03 20:04:14,082 - wflow_sbm - wf_DynamicFramework_federico - INFO - saving maps
2021-04-03 20:04:14,936 - wflow_sbm - wf_DynamicFramework_federico - DEBUG - timestep: 305/360.0 (2021-05-23 14:04:00)
2021-04-03 20:04:20,119 - wflow_sbm - wf_DynamicFramework_federico - INFO - saving maps
2021-04-03 20:04:20,974 - wflow_sbm - wf_DynamicFramework_federico - DEBUG - timestep: 306/360.0 (2021-05-23 14:05:00)
2021-04-03 20:04:26,154 - wflow_sbm - wf_DynamicFramework_federico - INFO - saving maps
2021-04-03 20:04:27,008 - wflow_sbm - wf_DynamicFramework_federico - DEBUG - timestep: 307/360.0 (2021-05-23 14:06:00)
2021-04-03 20:04:32,210 - wflow_sbm - wf_DynamicFramework_federico - INFO - saving maps
2021-04-03 20:04:33,055 - wflow_sbm - wf_DynamicFramework_federico - DEBUG - timestep: 308/360.0 (2021-05-23 14:07:00)
2021-04-03 20:04:38,215 - wflow_sbm - wf_DynamicFramework_federico - INFO - saving maps
2021-04-03 20:04:39,055 - wflow_sbm - wf_DynamicFramework_federico - DEBUG - timestep: 309/360.0 (2021-05-23 14:08:00)
2021-04-03 20:04:44,215 - wflow_sbm - wf_DynamicFramework_federico - INFO - saving maps
2021-04-03 20:04:45,056 - wflow_sbm - wf_DynamicFramework_federico - DEBUG - timestep: 310/360.0 (2021-05-23 14:09:00)
2021-04-03 20:04:50,195 - wflow_sbm - wf_DynamicFramework_federico - INFO - saving maps
2021-04-03 20:04:51,049 - wflow_sbm - wf_DynamicFramework_federico - DEBUG - timestep: 311/360.0 (2021-05-23 14:10:00)
2021-04-03 20:04:56,250 - wflow_sbm - wf_DynamicFramework_federico - INFO - saving maps
2021-04-03 20:04:57,096 - wflow_sbm - wf_DynamicFramework_federico - DEBUG - timestep: 312/360.0 (2021-05-23 14:11:00)
2021-04-03 20:05:02,267 - wflow_sbm - wf_DynamicFramework_federico - INFO - saving maps
2021-04-03 20:05:03,123 - wflow_sbm - wf_DynamicFramework_federico - DEBUG - timestep: 313/360.0 (2021-05-23 14:12:00)
2021-04-03 20:05:08,511 - wflow_sbm - wf_DynamicFramework_federico - INFO - saving maps
2021-04-03 20:05:09,346 - wflow_sbm - wf_DynamicFramework_federico - DEBUG - timestep: 314/360.0 (2021-05-23 14:13:00)
2021-04-03 20:05:14,580 - wflow_sbm - wf_DynamicFramework_federico - INFO - saving maps
2021-04-03 20:05:15,427 - wflow_sbm - wf_DynamicFramework_federico - DEBUG - timestep: 315/360.0 (2021-05-23 14:14:00)
2021-04-03 20:05:20,628 - wflow_sbm - wf_DynamicFramework_federico - INFO - saving maps
2021-04-03 20:05:21,479 - wflow_sbm - wf_DynamicFramework_federico - DEBUG - timestep: 316/360.0 (2021-05-23 14:15:00)
2021-04-03 20:05:27,012 - wflow_sbm - wf_DynamicFramework_federico - INFO - saving maps
2021-04-03 20:05:27,863 - wflow_sbm - wf_DynamicFramework_federico - DEBUG - timestep: 317/360.0 (2021-05-23 14:16:00)
2021-04-03 20:05:33,088 - wflow_sbm - wf_DynamicFramework_federico - INFO - saving maps
2021-04-03 20:05:33,930 - wflow_sbm - wf_DynamicFramework_federico - DEBUG - timestep: 318/360.0 (2021-05-23 14:17:00)
2021-04-03 20:05:39,112 - wflow_sbm - wf_DynamicFramework_federico - INFO - saving maps
2021-04-03 20:05:39,949 - wflow_sbm - wf_DynamicFramework_federico - DEBUG - timestep: 319/360.0 (2021-05-23 14:18:00)
2021-04-03 20:05:45,107 - wflow_sbm - wf_DynamicFramework_federico - INFO - saving maps
2021-04-03 20:05:45,931 - wflow_sbm - wf_DynamicFramework_federico - DEBUG - timestep: 320/360.0 (2021-05-23 14:19:00)
2021-04-03 20:05:51,127 - wflow_sbm - wf_DynamicFramework_federico - INFO - saving maps
2021-04-03 20:05:51,963 - wflow_sbm - wf_DynamicFramework_federico - DEBUG - timestep: 321/360.0 (2021-05-23 14:20:00)
2021-04-03 20:05:57,158 - wflow_sbm - wf_DynamicFramework_federico - INFO - saving maps
2021-04-03 20:05:58,002 - wflow_sbm - wf_DynamicFramework_federico - DEBUG - timestep: 322/360.0 (2021-05-23 14:21:00)
2021-04-03 20:06:03,318 - wflow_sbm - wf_DynamicFramework_federico - INFO - saving maps
2021-04-03 20:06:04,160 - wflow_sbm - wf_DynamicFramework_federico - DEBUG - timestep: 323/360.0 (2021-05-23 14:22:00)
2021-04-03 20:06:09,358 - wflow_sbm - wf_DynamicFramework_federico - INFO - saving maps
2021-04-03 20:06:10,200 - wflow_sbm - wf_DynamicFramework_federico - DEBUG - timestep: 324/360.0 (2021-05-23 14:23:00)
2021-04-03 20:06:15,342 - wflow_sbm - wf_DynamicFramework_federico - INFO - saving maps
2021-04-03 20:06:16,176 - wflow_sbm - wf_DynamicFramework_federico - DEBUG - timestep: 325/360.0 (2021-05-23 14:24:00)
2021-04-03 20:06:21,529 - wflow_sbm - wf_DynamicFramework_federico - INFO - saving maps
2021-04-03 20:06:22,339 - wflow_sbm - wf_DynamicFramework_federico - DEBUG - timestep: 326/360.0 (2021-05-23 14:25:00)
2021-04-03 20:06:27,490 - wflow_sbm - wf_DynamicFramework_federico - INFO - saving maps
2021-04-03 20:06:28,309 - wflow_sbm - wf_DynamicFramework_federico - DEBUG - timestep: 327/360.0 (2021-05-23 14:26:00)
2021-04-03 20:06:33,360 - wflow_sbm - wf_DynamicFramework_federico - INFO - saving maps
2021-04-03 20:06:34,174 - wflow_sbm - wf_DynamicFramework_federico - DEBUG - timestep: 328/360.0 (2021-05-23 14:27:00)
2021-04-03 20:06:39,171 - wflow_sbm - wf_DynamicFramework_federico - INFO - saving maps
2021-04-03 20:06:39,997 - wflow_sbm - wf_DynamicFramework_federico - DEBUG - timestep: 329/360.0 (2021-05-23 14:28:00)
2021-04-03 20:06:45,003 - wflow_sbm - wf_DynamicFramework_federico - INFO - saving maps
2021-04-03 20:06:45,822 - wflow_sbm - wf_DynamicFramework_federico - DEBUG - timestep: 330/360.0 (2021-05-23 14:29:00)
2021-04-03 20:06:50,750 - wflow_sbm - wf_DynamicFramework_federico - INFO - saving maps
2021-04-03 20:06:51,570 - wflow_sbm - wf_DynamicFramework_federico - DEBUG - timestep: 331/360.0 (2021-05-23 14:30:00)
2021-04-03 20:06:56,529 - wflow_sbm - wf_DynamicFramework_federico - INFO - saving maps
2021-04-03 20:06:57,353 - wflow_sbm - wf_DynamicFramework_federico - DEBUG - timestep: 332/360.0 (2021-05-23 14:31:00)
2021-04-03 20:07:02,360 - wflow_sbm - wf_DynamicFramework_federico - INFO - saving maps
2021-04-03 20:07:03,171 - wflow_sbm - wf_DynamicFramework_federico - DEBUG - timestep: 333/360.0 (2021-05-23 14:32:00)
2021-04-03 20:07:08,193 - wflow_sbm - wf_DynamicFramework_federico - INFO - saving maps
2021-04-03 20:07:09,009 - wflow_sbm - wf_DynamicFramework_federico - DEBUG - timestep: 334/360.0 (2021-05-23 14:33:00)
2021-04-03 20:07:14,048 - wflow_sbm - wf_DynamicFramework_federico - INFO - saving maps
2021-04-03 20:07:14,865 - wflow_sbm - wf_DynamicFramework_federico - DEBUG - timestep: 335/360.0 (2021-05-23 14:34:00)
2021-04-03 20:07:19,886 - wflow_sbm - wf_DynamicFramework_federico - INFO - saving maps
2021-04-03 20:07:20,708 - wflow_sbm - wf_DynamicFramework_federico - DEBUG - timestep: 336/360.0 (2021-05-23 14:35:00)
2021-04-03 20:07:25,904 - wflow_sbm - wf_DynamicFramework_federico - INFO - saving maps
2021-04-03 20:07:26,743 - wflow_sbm - wf_DynamicFramework_federico - DEBUG - timestep: 337/360.0 (2021-05-23 14:36:00)
2021-04-03 20:07:31,731 - wflow_sbm - wf_DynamicFramework_federico - INFO - saving maps
2021-04-03 20:07:32,554 - wflow_sbm - wf_DynamicFramework_federico - DEBUG - timestep: 338/360.0 (2021-05-23 14:37:00)
2021-04-03 20:07:37,496 - wflow_sbm - wf_DynamicFramework_federico - INFO - saving maps
2021-04-03 20:07:38,302 - wflow_sbm - wf_DynamicFramework_federico - DEBUG - timestep: 339/360.0 (2021-05-23 14:38:00)
2021-04-03 20:07:43,305 - wflow_sbm - wf_DynamicFramework_federico - INFO - saving maps
2021-04-03 20:07:44,125 - wflow_sbm - wf_DynamicFramework_federico - DEBUG - timestep: 340/360.0 (2021-05-23 14:39:00)
2021-04-03 20:07:49,101 - wflow_sbm - wf_DynamicFramework_federico - INFO - saving maps
2021-04-03 20:07:49,925 - wflow_sbm - wf_DynamicFramework_federico - DEBUG - timestep: 341/360.0 (2021-05-23 14:40:00)
2021-04-03 20:07:54,894 - wflow_sbm - wf_DynamicFramework_federico - INFO - saving maps
2021-04-03 20:07:55,727 - wflow_sbm - wf_DynamicFramework_federico - DEBUG - timestep: 342/360.0 (2021-05-23 14:41:00)
2021-04-03 20:08:00,683 - wflow_sbm - wf_DynamicFramework_federico - INFO - saving maps
2021-04-03 20:08:01,525 - wflow_sbm - wf_DynamicFramework_federico - DEBUG - timestep: 343/360.0 (2021-05-23 14:42:00)
2021-04-03 20:08:06,548 - wflow_sbm - wf_DynamicFramework_federico - INFO - saving maps
2021-04-03 20:08:07,384 - wflow_sbm - wf_DynamicFramework_federico - DEBUG - timestep: 344/360.0 (2021-05-23 14:43:00)
2021-04-03 20:08:12,338 - wflow_sbm - wf_DynamicFramework_federico - INFO - saving maps
2021-04-03 20:08:13,175 - wflow_sbm - wf_DynamicFramework_federico - DEBUG - timestep: 345/360.0 (2021-05-23 14:44:00)
2021-04-03 20:08:18,093 - wflow_sbm - wf_DynamicFramework_federico - INFO - saving maps
2021-04-03 20:08:18,929 - wflow_sbm - wf_DynamicFramework_federico - DEBUG - timestep: 346/360.0 (2021-05-23 14:45:00)
2021-04-03 20:08:23,909 - wflow_sbm - wf_DynamicFramework_federico - INFO - saving maps
2021-04-03 20:08:24,881 - wflow_sbm - wf_DynamicFramework_federico - DEBUG - timestep: 347/360.0 (2021-05-23 14:46:00)
2021-04-03 20:08:29,929 - wflow_sbm - wf_DynamicFramework_federico - INFO - saving maps
2021-04-03 20:08:30,767 - wflow_sbm - wf_DynamicFramework_federico - DEBUG - timestep: 348/360.0 (2021-05-23 14:47:00)
2021-04-03 20:08:36,136 - wflow_sbm - wf_DynamicFramework_federico - INFO - saving maps
2021-04-03 20:08:36,994 - wflow_sbm - wf_DynamicFramework_federico - DEBUG - timestep: 349/360.0 (2021-05-23 14:48:00)
2021-04-03 20:08:42,410 - wflow_sbm - wf_DynamicFramework_federico - INFO - saving maps
2021-04-03 20:08:43,258 - wflow_sbm - wf_DynamicFramework_federico - DEBUG - timestep: 350/360.0 (2021-05-23 14:49:00)
2021-04-03 20:08:48,475 - wflow_sbm - wf_DynamicFramework_federico - INFO - saving maps
2021-04-03 20:08:49,300 - wflow_sbm - wf_DynamicFramework_federico - DEBUG - timestep: 351/360.0 (2021-05-23 14:50:00)
2021-04-03 20:08:54,372 - wflow_sbm - wf_DynamicFramework_federico - INFO - saving maps
2021-04-03 20:08:55,205 - wflow_sbm - wf_DynamicFramework_federico - DEBUG - timestep: 352/360.0 (2021-05-23 14:51:00)
2021-04-03 20:09:00,186 - wflow_sbm - wf_DynamicFramework_federico - INFO - saving maps
2021-04-03 20:09:01,012 - wflow_sbm - wf_DynamicFramework_federico - DEBUG - timestep: 353/360.0 (2021-05-23 14:52:00)
2021-04-03 20:09:06,065 - wflow_sbm - wf_DynamicFramework_federico - INFO - saving maps
2021-04-03 20:09:06,871 - wflow_sbm - wf_DynamicFramework_federico - DEBUG - timestep: 354/360.0 (2021-05-23 14:53:00)
2021-04-03 20:09:11,808 - wflow_sbm - wf_DynamicFramework_federico - INFO - saving maps
2021-04-03 20:09:12,593 - wflow_sbm - wf_DynamicFramework_federico - DEBUG - timestep: 355/360.0 (2021-05-23 14:54:00)
2021-04-03 20:09:17,408 - wflow_sbm - wf_DynamicFramework_federico - INFO - saving maps
2021-04-03 20:09:18,238 - wflow_sbm - wf_DynamicFramework_federico - DEBUG - timestep: 356/360.0 (2021-05-23 14:55:00)
2021-04-03 20:09:23,170 - wflow_sbm - wf_DynamicFramework_federico - INFO - saving maps
2021-04-03 20:09:23,977 - wflow_sbm - wf_DynamicFramework_federico - DEBUG - timestep: 357/360.0 (2021-05-23 14:56:00)
2021-04-03 20:09:28,813 - wflow_sbm - wf_DynamicFramework_federico - INFO - saving maps
2021-04-03 20:09:29,616 - wflow_sbm - wf_DynamicFramework_federico - DEBUG - timestep: 358/360.0 (2021-05-23 14:57:00)
2021-04-03 20:09:34,630 - wflow_sbm - wf_DynamicFramework_federico - INFO - saving maps
2021-04-03 20:09:35,445 - wflow_sbm - wf_DynamicFramework_federico - DEBUG - timestep: 359/360.0 (2021-05-23 14:58:00)
2021-04-03 20:09:40,333 - wflow_sbm - wf_DynamicFramework_federico - INFO - saving maps
2021-04-03 20:09:41,149 - wflow_sbm - wf_DynamicFramework_federico - DEBUG - timestep: 360/360.0 (2021-05-23 14:59:00)
2021-04-03 20:09:41,149 - wflow_sbm - wflow_sbm_federico - INFO - Saving initial conditions...
2021-04-03 20:09:41,799 - wflow_sbm - wf_DynamicFramework_federico - INFO - Saving summary maps to disk...
