2021-04-03 19:33:07,454 - wflow_sbm - pcrut - DEBUG - File logging to /Users/antolini/paper1/hewett_ts1min_70mm1_0mm5/mix_0001/wflow.log
2021-04-03 19:33:07,454 - wflow_sbm - wf_DynamicFramework_federico - INFO - wflow_sbm 2020.1.1 Case: /Users/antolini/paper1/hewett_ts1min_70mm1_0mm5 Runid: mix_0001
2021-04-03 19:33:07,454 - wflow_sbm - wf_DynamicFramework_federico - INFO - Initialise framework version: 2020.1.1
2021-04-03 19:33:07,457 - wflow_sbm - wf_DynamicFramework_federico - WARNING - Ini file made for sbm but found __main__ in code.
2021-04-03 19:33:08,894 - wflow_sbm - wf_DynamicFramework_federico - INFO - Adding csv output at /Users/antolini/paper1/hewett_ts1min_70mm1_0mm5/staticmaps/step2/wflow_subcatch.map function: average
2021-04-03 19:33:08,967 - wflow_sbm - wf_DynamicFramework_federico - INFO - Adding csv output at /Users/antolini/paper1/hewett_ts1min_70mm1_0mm5/staticmaps/step2/wflow_gauges.map function: maximum
2021-04-03 19:33:09,039 - wflow_sbm - wf_DynamicFramework_federico - INFO - Adding csv output at /Users/antolini/paper1/hewett_ts1min_70mm1_0mm5/staticmaps/step2/wflow_gauges.map function: average
2021-04-03 19:33:09,122 - wflow_sbm - wf_DynamicFramework_federico - INFO - Adding csv output at /Users/antolini/paper1/hewett_ts1min_70mm1_0mm5/mix_0001/reservoirs/ReservoirLocs_mix_0001.map function: average
2021-04-03 19:33:09,197 - wflow_sbm - wf_DynamicFramework_federico - INFO - Adding tss output at /Users/antolini/paper1/hewett_ts1min_70mm1_0mm5/staticmaps/step2/wflow_gauges.map function: average
2021-04-03 19:33:09,197 - wflow_sbm - wflow_sbm_federico - INFO - running for 360 timesteps
2021-04-03 19:33:09,335 - wflow_sbm - wf_DynamicFramework_federico - DEBUG - Static input data (/Users/antolini/paper1/hewett_ts1min_70mm1_0mm5/staticmaps/step2/wflow_riverlength.map)  not present, returning 0.0
2021-04-03 19:33:09,448 - wflow_sbm - wf_DynamicFramework_federico - DEBUG - Static input data (/Users/antolini/paper1/hewett_ts1min_70mm1_0mm5/staticmaps/step2/wflow_inflow.map)  not present, returning 0.0
2021-04-03 19:33:09,481 - wflow_sbm - wf_DynamicFramework_federico - DEBUG - Static input data (/Users/antolini/paper1/hewett_ts1min_70mm1_0mm5\staticmaps/wflow_tempcor.map)  not present, returning 0.0
2021-04-03 19:33:09,526 - wflow_sbm - wflow_sbm_federico - INFO - Linking parameters to landuse, catchment and soil...
2021-04-03 19:33:09,526 - wflow_sbm - wf_DynamicFramework_federico - INFO - Adding Precipitation to model.
2021-04-03 19:33:09,527 - wflow_sbm - wf_DynamicFramework_federico - DEBUG - Static input data (/Users/antolini/paper1/hewett_ts1min_70mm1_0mm5/inmaps/P.map)  not present, returning 0.0
2021-04-03 19:33:09,536 - wflow_sbm - wf_DynamicFramework_federico - INFO - Adding PotenEvap to model.
2021-04-03 19:33:09,537 - wflow_sbm - wf_DynamicFramework_federico - DEBUG - Static input data (/Users/antolini/paper1/hewett_ts1min_70mm1_0mm5/inmaps/PET.map)  not present, returning 0.0
2021-04-03 19:33:09,546 - wflow_sbm - wf_DynamicFramework_federico - INFO - Adding Temperature to model.
2021-04-03 19:33:09,547 - wflow_sbm - wf_DynamicFramework_federico - DEBUG - Static input data (/Users/antolini/paper1/hewett_ts1min_70mm1_0mm5/inmaps/TEMP.map)  not present, returning 10.0
2021-04-03 19:33:09,556 - wflow_sbm - wf_DynamicFramework_federico - INFO - Adding Inflow to model.
2021-04-03 19:33:09,566 - wflow_sbm - wf_DynamicFramework_federico - INFO - Adding IrrigationAreas to model.
2021-04-03 19:33:09,566 - wflow_sbm - wf_DynamicFramework_federico - DEBUG - Static input data (/Users/antolini/paper1/hewett_ts1min_70mm1_0mm5/staticmaps/wflow_irrigationareas.map)  not present, returning 0.0
2021-04-03 19:33:09,570 - wflow_sbm - wf_DynamicFramework_federico - INFO - Adding IrrigationSurfaceIntakes to model.
2021-04-03 19:33:09,571 - wflow_sbm - wf_DynamicFramework_federico - DEBUG - Static input data (/Users/antolini/paper1/hewett_ts1min_70mm1_0mm5/staticmaps/wflow_irrisurfaceintake.map)  not present, returning 0.0
2021-04-03 19:33:09,575 - wflow_sbm - wf_DynamicFramework_federico - INFO - Adding IrrigationPaddyAreas to model.
2021-04-03 19:33:09,575 - wflow_sbm - wf_DynamicFramework_federico - DEBUG - Static input data (/Users/antolini/paper1/hewett_ts1min_70mm1_0mm5/staticmaps/wflow_irrigationpaddyareas.map)  not present, returning 0.0
2021-04-03 19:33:09,580 - wflow_sbm - wf_DynamicFramework_federico - INFO - Adding IrrigationSurfaceReturn to model.
2021-04-03 19:33:09,580 - wflow_sbm - wf_DynamicFramework_federico - DEBUG - Static input data (/Users/antolini/paper1/hewett_ts1min_70mm1_0mm5/staticmaps/wflow_irrisurfacereturns.map)  not present, returning 0.0
2021-04-03 19:33:09,585 - wflow_sbm - wf_DynamicFramework_federico - INFO - Adding h_max to model.
2021-04-03 19:33:09,585 - wflow_sbm - wf_DynamicFramework_federico - DEBUG - Static input data (/Users/antolini/paper1/hewett_ts1min_70mm1_0mm5/staticmaps/wflow_hmax.map)  not present, returning 0.0
2021-04-03 19:33:09,590 - wflow_sbm - wf_DynamicFramework_federico - INFO - Adding h_min to model.
2021-04-03 19:33:09,590 - wflow_sbm - wf_DynamicFramework_federico - DEBUG - Static input data (/Users/antolini/paper1/hewett_ts1min_70mm1_0mm5/staticmaps/wflow_hmin.map)  not present, returning 0.0
2021-04-03 19:33:09,595 - wflow_sbm - wf_DynamicFramework_federico - INFO - Adding h_p to model.
2021-04-03 19:33:09,595 - wflow_sbm - wf_DynamicFramework_federico - DEBUG - Static input data (/Users/antolini/paper1/hewett_ts1min_70mm1_0mm5/staticmaps/wflow_hp.map)  not present, returning 0.0
2021-04-03 19:33:09,648 - wflow_sbm - wf_DynamicFramework_federico - INFO - Creating map from table: /Users/antolini/paper1/hewett_ts1min_70mm1_0mm5/intbl/RunoffGeneratingGWPerc.tbl
2021-04-03 19:33:09,748 - wflow_sbm - wf_DynamicFramework_federico - INFO - Creating map from table: /Users/antolini/paper1/hewett_ts1min_70mm1_0mm5/intbl/MaxCanopyStorage.tbl
2021-04-03 19:33:09,846 - wflow_sbm - wf_DynamicFramework_federico - INFO - Creating map from table: /Users/antolini/paper1/hewett_ts1min_70mm1_0mm5/intbl/CanopyGapFraction.tbl
2021-04-03 19:33:09,944 - wflow_sbm - wf_DynamicFramework_federico - INFO - Creating map from table: /Users/antolini/paper1/hewett_ts1min_70mm1_0mm5/intbl/EoverR.tbl
2021-04-03 19:33:10,047 - wflow_sbm - wf_DynamicFramework_federico - INFO - Creating map from table: /Users/antolini/paper1/hewett_ts1min_70mm1_0mm5/intbl/RootingDepth.tbl
2021-04-03 19:33:10,131 - wflow_sbm - wf_DynamicFramework_federico - INFO - Creating map from table: /Users/antolini/paper1/hewett_ts1min_70mm1_0mm5/intbl/rootdistpar.tbl
2021-04-03 19:33:10,213 - wflow_sbm - wf_DynamicFramework_federico - INFO - Creating map from table: /Users/antolini/paper1/hewett_ts1min_70mm1_0mm5/intbl/InfiltCapSoil.tbl
2021-04-03 19:33:10,304 - wflow_sbm - wf_DynamicFramework_federico - INFO - Creating map from table: /Users/antolini/paper1/hewett_ts1min_70mm1_0mm5/intbl/CapScale.tbl
2021-04-03 19:33:10,386 - wflow_sbm - wf_DynamicFramework_federico - INFO - Creating map from table: /Users/antolini/paper1/hewett_ts1min_70mm1_0mm5/intbl/InfiltCapPath.tbl
2021-04-03 19:33:10,480 - wflow_sbm - wf_DynamicFramework_federico - INFO - Creating map from table: /Users/antolini/paper1/hewett_ts1min_70mm1_0mm5/intbl/MaxLeakage.tbl
2021-04-03 19:33:10,594 - wflow_sbm - wf_DynamicFramework_federico - INFO - Creating map from table: /Users/antolini/paper1/hewett_ts1min_70mm1_0mm5/intbl/MaxPercolation.tbl
2021-04-03 19:33:10,704 - wflow_sbm - wf_DynamicFramework_federico - INFO - Creating map from table: /Users/antolini/paper1/hewett_ts1min_70mm1_0mm5/intbl/PathFrac.tbl
2021-04-03 19:33:10,787 - wflow_sbm - wf_DynamicFramework_federico - INFO - Creating map from table: /Users/antolini/paper1/hewett_ts1min_70mm1_0mm5/intbl/SoilThickness.tbl
2021-04-03 19:33:10,869 - wflow_sbm - wf_DynamicFramework_federico - INFO - Creating map from table: /Users/antolini/paper1/hewett_ts1min_70mm1_0mm5/intbl/thetaR.tbl
2021-04-03 19:33:10,950 - wflow_sbm - wf_DynamicFramework_federico - INFO - Creating map from table: /Users/antolini/paper1/hewett_ts1min_70mm1_0mm5/intbl/thetaS.tbl
2021-04-03 19:33:11,034 - wflow_sbm - wf_DynamicFramework_federico - INFO - Creating map from table: /Users/antolini/paper1/hewett_ts1min_70mm1_0mm5/intbl/SoilMinThickness.tbl
2021-04-03 19:33:11,141 - wflow_sbm - wf_DynamicFramework_federico - INFO - Creating map from table: /Users/antolini/paper1/hewett_ts1min_70mm1_0mm5/intbl/KsatVer.tbl
2021-04-03 19:33:11,235 - wflow_sbm - wf_DynamicFramework_federico - INFO - Creating map from table: /Users/antolini/paper1/hewett_ts1min_70mm1_0mm5/intbl/MporeFrac.tbl
2021-04-03 19:33:11,319 - wflow_sbm - wf_DynamicFramework_federico - INFO - Creating map from table: /Users/antolini/paper1/hewett_ts1min_70mm1_0mm5/intbl/KsatHorFrac.tbl
2021-04-03 19:33:11,416 - wflow_sbm - wf_DynamicFramework_federico - INFO - Creating map from table: /Users/antolini/paper1/hewett_ts1min_70mm1_0mm5/intbl/M.tbl
2021-04-03 19:33:11,538 - wflow_sbm - wf_DynamicFramework_federico - INFO - Creating map from table: /Users/antolini/paper1/hewett_ts1min_70mm1_0mm5/intbl/N.tbl
2021-04-03 19:33:11,620 - wflow_sbm - wf_DynamicFramework_federico - INFO - Creating map from table: /Users/antolini/paper1/hewett_ts1min_70mm1_0mm5/intbl/N_River.tbl
2021-04-03 19:33:11,704 - wflow_sbm - wf_DynamicFramework_federico - INFO - Creating map from table: /Users/antolini/paper1/hewett_ts1min_70mm1_0mm5/intbl/WaterFrac.tbl
2021-04-03 19:33:11,785 - wflow_sbm - wf_DynamicFramework_federico - INFO - Creating map from table: /Users/antolini/paper1/hewett_ts1min_70mm1_0mm5/intbl/et_reftopot.tbl
2021-04-03 19:33:12,366 - wflow_sbm - wflow_sbm_federico - INFO - A total of 7 simple reservoirs and 0 complex reservoirs found.
2021-04-03 19:33:13,580 - wflow_sbm - wf_DynamicFramework_federico - WARNING - tbl file not found (/Users/antolini/paper1/hewett_ts1min_70mm1_0mm5/intbl/KsatVerFrac.tbl) returning default value: 1.0
2021-04-03 19:33:13,626 - wflow_sbm - wf_DynamicFramework_federico - WARNING - tbl file not found (/Users/antolini/paper1/hewett_ts1min_70mm1_0mm5/intbl/c.tbl) returning default value: 10.0
2021-04-03 19:33:13,786 - wflow_sbm - wflow_sbm_federico - INFO - Initializing of model variables..
2021-04-03 19:33:14,506 - wflow_sbm - wflow_sbm_federico - INFO - Saving summary maps...
2021-04-03 19:33:14,506 - wflow_sbm - wflow_sbm_federico - INFO - End of initial section
2021-04-03 19:33:14,512 - wflow_sbm - wflow_sbm_federico - INFO - Setting initial conditions to default
2021-04-03 19:33:18,352 - wflow_sbm - wf_DynamicFramework_federico - INFO - saving maps
2021-04-03 19:33:19,102 - wflow_sbm - wf_DynamicFramework_federico - DEBUG - timestep: 1/360.0 (2021-05-23 09:00:00)
2021-04-03 19:33:22,799 - wflow_sbm - wf_DynamicFramework_federico - INFO - saving maps
2021-04-03 19:33:23,470 - wflow_sbm - wf_DynamicFramework_federico - DEBUG - timestep: 2/360.0 (2021-05-23 09:01:00)
2021-04-03 19:33:27,267 - wflow_sbm - wf_DynamicFramework_federico - INFO - saving maps
2021-04-03 19:33:28,031 - wflow_sbm - wf_DynamicFramework_federico - DEBUG - timestep: 3/360.0 (2021-05-23 09:02:00)
2021-04-03 19:33:31,800 - wflow_sbm - wf_DynamicFramework_federico - INFO - saving maps
2021-04-03 19:33:32,576 - wflow_sbm - wf_DynamicFramework_federico - DEBUG - timestep: 4/360.0 (2021-05-23 09:03:00)
2021-04-03 19:33:36,266 - wflow_sbm - wf_DynamicFramework_federico - INFO - saving maps
2021-04-03 19:33:36,987 - wflow_sbm - wf_DynamicFramework_federico - DEBUG - timestep: 5/360.0 (2021-05-23 09:04:00)
2021-04-03 19:33:41,972 - wflow_sbm - wf_DynamicFramework_federico - INFO - saving maps
2021-04-03 19:33:42,675 - wflow_sbm - wf_DynamicFramework_federico - DEBUG - timestep: 6/360.0 (2021-05-23 09:05:00)
2021-04-03 19:33:47,650 - wflow_sbm - wf_DynamicFramework_federico - INFO - saving maps
2021-04-03 19:33:48,396 - wflow_sbm - wf_DynamicFramework_federico - DEBUG - timestep: 7/360.0 (2021-05-23 09:06:00)
2021-04-03 19:33:53,139 - wflow_sbm - wf_DynamicFramework_federico - INFO - saving maps
2021-04-03 19:33:53,916 - wflow_sbm - wf_DynamicFramework_federico - DEBUG - timestep: 8/360.0 (2021-05-23 09:07:00)
2021-04-03 19:33:58,543 - wflow_sbm - wf_DynamicFramework_federico - INFO - saving maps
2021-04-03 19:33:59,326 - wflow_sbm - wf_DynamicFramework_federico - DEBUG - timestep: 9/360.0 (2021-05-23 09:08:00)
2021-04-03 19:34:04,029 - wflow_sbm - wf_DynamicFramework_federico - INFO - saving maps
2021-04-03 19:34:04,813 - wflow_sbm - wf_DynamicFramework_federico - DEBUG - timestep: 10/360.0 (2021-05-23 09:09:00)
2021-04-03 19:34:09,442 - wflow_sbm - wf_DynamicFramework_federico - INFO - saving maps
2021-04-03 19:34:10,153 - wflow_sbm - wf_DynamicFramework_federico - DEBUG - timestep: 11/360.0 (2021-05-23 09:10:00)
2021-04-03 19:34:14,846 - wflow_sbm - wf_DynamicFramework_federico - INFO - saving maps
2021-04-03 19:34:15,545 - wflow_sbm - wf_DynamicFramework_federico - DEBUG - timestep: 12/360.0 (2021-05-23 09:11:00)
2021-04-03 19:34:20,163 - wflow_sbm - wf_DynamicFramework_federico - INFO - saving maps
2021-04-03 19:34:20,909 - wflow_sbm - wf_DynamicFramework_federico - DEBUG - timestep: 13/360.0 (2021-05-23 09:12:00)
2021-04-03 19:34:25,622 - wflow_sbm - wf_DynamicFramework_federico - INFO - saving maps
2021-04-03 19:34:26,398 - wflow_sbm - wf_DynamicFramework_federico - DEBUG - timestep: 14/360.0 (2021-05-23 09:13:00)
2021-04-03 19:34:30,873 - wflow_sbm - wf_DynamicFramework_federico - INFO - saving maps
2021-04-03 19:34:31,657 - wflow_sbm - wf_DynamicFramework_federico - DEBUG - timestep: 15/360.0 (2021-05-23 09:14:00)
2021-04-03 19:34:36,121 - wflow_sbm - wf_DynamicFramework_federico - INFO - saving maps
2021-04-03 19:34:36,889 - wflow_sbm - wf_DynamicFramework_federico - DEBUG - timestep: 16/360.0 (2021-05-23 09:15:00)
2021-04-03 19:34:41,441 - wflow_sbm - wf_DynamicFramework_federico - INFO - saving maps
2021-04-03 19:34:42,168 - wflow_sbm - wf_DynamicFramework_federico - DEBUG - timestep: 17/360.0 (2021-05-23 09:16:00)
2021-04-03 19:34:46,903 - wflow_sbm - wf_DynamicFramework_federico - INFO - saving maps
2021-04-03 19:34:47,649 - wflow_sbm - wf_DynamicFramework_federico - DEBUG - timestep: 18/360.0 (2021-05-23 09:17:00)
2021-04-03 19:34:52,274 - wflow_sbm - wf_DynamicFramework_federico - INFO - saving maps
2021-04-03 19:34:53,003 - wflow_sbm - wf_DynamicFramework_federico - DEBUG - timestep: 19/360.0 (2021-05-23 09:18:00)
2021-04-03 19:34:57,644 - wflow_sbm - wf_DynamicFramework_federico - INFO - saving maps
2021-04-03 19:34:58,407 - wflow_sbm - wf_DynamicFramework_federico - DEBUG - timestep: 20/360.0 (2021-05-23 09:19:00)
2021-04-03 19:35:02,973 - wflow_sbm - wf_DynamicFramework_federico - INFO - saving maps
2021-04-03 19:35:03,761 - wflow_sbm - wf_DynamicFramework_federico - DEBUG - timestep: 21/360.0 (2021-05-23 09:20:00)
2021-04-03 19:35:08,348 - wflow_sbm - wf_DynamicFramework_federico - INFO - saving maps
2021-04-03 19:35:09,084 - wflow_sbm - wf_DynamicFramework_federico - DEBUG - timestep: 22/360.0 (2021-05-23 09:21:00)
2021-04-03 19:35:13,611 - wflow_sbm - wf_DynamicFramework_federico - INFO - saving maps
2021-04-03 19:35:14,376 - wflow_sbm - wf_DynamicFramework_federico - DEBUG - timestep: 23/360.0 (2021-05-23 09:22:00)
2021-04-03 19:35:18,949 - wflow_sbm - wf_DynamicFramework_federico - INFO - saving maps
2021-04-03 19:35:19,723 - wflow_sbm - wf_DynamicFramework_federico - DEBUG - timestep: 24/360.0 (2021-05-23 09:23:00)
2021-04-03 19:35:24,181 - wflow_sbm - wf_DynamicFramework_federico - INFO - saving maps
2021-04-03 19:35:24,964 - wflow_sbm - wf_DynamicFramework_federico - DEBUG - timestep: 25/360.0 (2021-05-23 09:24:00)
2021-04-03 19:35:29,381 - wflow_sbm - wf_DynamicFramework_federico - INFO - saving maps
2021-04-03 19:35:30,107 - wflow_sbm - wf_DynamicFramework_federico - DEBUG - timestep: 26/360.0 (2021-05-23 09:25:00)
2021-04-03 19:35:34,581 - wflow_sbm - wf_DynamicFramework_federico - INFO - saving maps
2021-04-03 19:35:35,341 - wflow_sbm - wf_DynamicFramework_federico - DEBUG - timestep: 27/360.0 (2021-05-23 09:26:00)
2021-04-03 19:35:39,826 - wflow_sbm - wf_DynamicFramework_federico - INFO - saving maps
2021-04-03 19:35:40,609 - wflow_sbm - wf_DynamicFramework_federico - DEBUG - timestep: 28/360.0 (2021-05-23 09:27:00)
2021-04-03 19:35:45,157 - wflow_sbm - wf_DynamicFramework_federico - INFO - saving maps
2021-04-03 19:35:45,943 - wflow_sbm - wf_DynamicFramework_federico - DEBUG - timestep: 29/360.0 (2021-05-23 09:28:00)
2021-04-03 19:35:50,343 - wflow_sbm - wf_DynamicFramework_federico - INFO - saving maps
2021-04-03 19:35:51,129 - wflow_sbm - wf_DynamicFramework_federico - DEBUG - timestep: 30/360.0 (2021-05-23 09:29:00)
2021-04-03 19:35:55,730 - wflow_sbm - wf_DynamicFramework_federico - INFO - saving maps
2021-04-03 19:35:56,509 - wflow_sbm - wf_DynamicFramework_federico - DEBUG - timestep: 31/360.0 (2021-05-23 09:30:00)
2021-04-03 19:36:01,121 - wflow_sbm - wf_DynamicFramework_federico - INFO - saving maps
2021-04-03 19:36:01,890 - wflow_sbm - wf_DynamicFramework_federico - DEBUG - timestep: 32/360.0 (2021-05-23 09:31:00)
2021-04-03 19:36:06,372 - wflow_sbm - wf_DynamicFramework_federico - INFO - saving maps
2021-04-03 19:36:07,084 - wflow_sbm - wf_DynamicFramework_federico - DEBUG - timestep: 33/360.0 (2021-05-23 09:32:00)
2021-04-03 19:36:11,620 - wflow_sbm - wf_DynamicFramework_federico - INFO - saving maps
2021-04-03 19:36:12,323 - wflow_sbm - wf_DynamicFramework_federico - DEBUG - timestep: 34/360.0 (2021-05-23 09:33:00)
2021-04-03 19:36:16,668 - wflow_sbm - wf_DynamicFramework_federico - INFO - saving maps
2021-04-03 19:36:17,413 - wflow_sbm - wf_DynamicFramework_federico - DEBUG - timestep: 35/360.0 (2021-05-23 09:34:00)
2021-04-03 19:36:21,753 - wflow_sbm - wf_DynamicFramework_federico - INFO - saving maps
2021-04-03 19:36:22,527 - wflow_sbm - wf_DynamicFramework_federico - DEBUG - timestep: 36/360.0 (2021-05-23 09:35:00)
2021-04-03 19:36:26,835 - wflow_sbm - wf_DynamicFramework_federico - INFO - saving maps
2021-04-03 19:36:27,616 - wflow_sbm - wf_DynamicFramework_federico - DEBUG - timestep: 37/360.0 (2021-05-23 09:36:00)
2021-04-03 19:36:31,935 - wflow_sbm - wf_DynamicFramework_federico - INFO - saving maps
2021-04-03 19:36:32,709 - wflow_sbm - wf_DynamicFramework_federico - DEBUG - timestep: 38/360.0 (2021-05-23 09:37:00)
2021-04-03 19:36:37,153 - wflow_sbm - wf_DynamicFramework_federico - INFO - saving maps
2021-04-03 19:36:37,925 - wflow_sbm - wf_DynamicFramework_federico - DEBUG - timestep: 39/360.0 (2021-05-23 09:38:00)
2021-04-03 19:36:42,282 - wflow_sbm - wf_DynamicFramework_federico - INFO - saving maps
2021-04-03 19:36:43,001 - wflow_sbm - wf_DynamicFramework_federico - DEBUG - timestep: 40/360.0 (2021-05-23 09:39:00)
2021-04-03 19:36:47,309 - wflow_sbm - wf_DynamicFramework_federico - INFO - saving maps
2021-04-03 19:36:48,051 - wflow_sbm - wf_DynamicFramework_federico - DEBUG - timestep: 41/360.0 (2021-05-23 09:40:00)
2021-04-03 19:36:52,453 - wflow_sbm - wf_DynamicFramework_federico - INFO - saving maps
2021-04-03 19:36:53,225 - wflow_sbm - wf_DynamicFramework_federico - DEBUG - timestep: 42/360.0 (2021-05-23 09:41:00)
2021-04-03 19:36:57,539 - wflow_sbm - wf_DynamicFramework_federico - INFO - saving maps
2021-04-03 19:36:58,318 - wflow_sbm - wf_DynamicFramework_federico - DEBUG - timestep: 43/360.0 (2021-05-23 09:42:00)
2021-04-03 19:37:02,582 - wflow_sbm - wf_DynamicFramework_federico - INFO - saving maps
2021-04-03 19:37:03,380 - wflow_sbm - wf_DynamicFramework_federico - DEBUG - timestep: 44/360.0 (2021-05-23 09:43:00)
2021-04-03 19:37:07,969 - wflow_sbm - wf_DynamicFramework_federico - INFO - saving maps
2021-04-03 19:37:08,754 - wflow_sbm - wf_DynamicFramework_federico - DEBUG - timestep: 45/360.0 (2021-05-23 09:44:00)
2021-04-03 19:37:13,126 - wflow_sbm - wf_DynamicFramework_federico - INFO - saving maps
2021-04-03 19:37:13,900 - wflow_sbm - wf_DynamicFramework_federico - DEBUG - timestep: 46/360.0 (2021-05-23 09:45:00)
2021-04-03 19:37:18,397 - wflow_sbm - wf_DynamicFramework_federico - INFO - saving maps
2021-04-03 19:37:19,144 - wflow_sbm - wf_DynamicFramework_federico - DEBUG - timestep: 47/360.0 (2021-05-23 09:46:00)
2021-04-03 19:37:23,741 - wflow_sbm - wf_DynamicFramework_federico - INFO - saving maps
2021-04-03 19:37:24,521 - wflow_sbm - wf_DynamicFramework_federico - DEBUG - timestep: 48/360.0 (2021-05-23 09:47:00)
2021-04-03 19:37:29,067 - wflow_sbm - wf_DynamicFramework_federico - INFO - saving maps
2021-04-03 19:37:29,852 - wflow_sbm - wf_DynamicFramework_federico - DEBUG - timestep: 49/360.0 (2021-05-23 09:48:00)
2021-04-03 19:37:34,175 - wflow_sbm - wf_DynamicFramework_federico - INFO - saving maps
2021-04-03 19:37:34,970 - wflow_sbm - wf_DynamicFramework_federico - DEBUG - timestep: 50/360.0 (2021-05-23 09:49:00)
2021-04-03 19:37:39,283 - wflow_sbm - wf_DynamicFramework_federico - INFO - saving maps
2021-04-03 19:37:40,082 - wflow_sbm - wf_DynamicFramework_federico - DEBUG - timestep: 51/360.0 (2021-05-23 09:50:00)
2021-04-03 19:37:44,377 - wflow_sbm - wf_DynamicFramework_federico - INFO - saving maps
2021-04-03 19:37:45,170 - wflow_sbm - wf_DynamicFramework_federico - DEBUG - timestep: 52/360.0 (2021-05-23 09:51:00)
2021-04-03 19:37:49,591 - wflow_sbm - wf_DynamicFramework_federico - INFO - saving maps
2021-04-03 19:37:50,365 - wflow_sbm - wf_DynamicFramework_federico - DEBUG - timestep: 53/360.0 (2021-05-23 09:52:00)
2021-04-03 19:37:54,721 - wflow_sbm - wf_DynamicFramework_federico - INFO - saving maps
2021-04-03 19:37:55,451 - wflow_sbm - wf_DynamicFramework_federico - DEBUG - timestep: 54/360.0 (2021-05-23 09:53:00)
2021-04-03 19:37:59,886 - wflow_sbm - wf_DynamicFramework_federico - INFO - saving maps
2021-04-03 19:38:00,642 - wflow_sbm - wf_DynamicFramework_federico - DEBUG - timestep: 55/360.0 (2021-05-23 09:54:00)
2021-04-03 19:38:04,916 - wflow_sbm - wf_DynamicFramework_federico - INFO - saving maps
2021-04-03 19:38:05,707 - wflow_sbm - wf_DynamicFramework_federico - DEBUG - timestep: 56/360.0 (2021-05-23 09:55:00)
2021-04-03 19:38:09,984 - wflow_sbm - wf_DynamicFramework_federico - INFO - saving maps
2021-04-03 19:38:10,773 - wflow_sbm - wf_DynamicFramework_federico - DEBUG - timestep: 57/360.0 (2021-05-23 09:56:00)
2021-04-03 19:38:15,049 - wflow_sbm - wf_DynamicFramework_federico - INFO - saving maps
2021-04-03 19:38:15,844 - wflow_sbm - wf_DynamicFramework_federico - DEBUG - timestep: 58/360.0 (2021-05-23 09:57:00)
2021-04-03 19:38:20,249 - wflow_sbm - wf_DynamicFramework_federico - INFO - saving maps
2021-04-03 19:38:21,029 - wflow_sbm - wf_DynamicFramework_federico - DEBUG - timestep: 59/360.0 (2021-05-23 09:58:00)
2021-04-03 19:38:25,375 - wflow_sbm - wf_DynamicFramework_federico - INFO - saving maps
2021-04-03 19:38:26,141 - wflow_sbm - wf_DynamicFramework_federico - DEBUG - timestep: 60/360.0 (2021-05-23 09:59:00)
2021-04-03 19:38:30,533 - wflow_sbm - wf_DynamicFramework_federico - INFO - saving maps
2021-04-03 19:38:31,262 - wflow_sbm - wf_DynamicFramework_federico - DEBUG - timestep: 61/360.0 (2021-05-23 10:00:00)
2021-04-03 19:38:35,858 - wflow_sbm - wf_DynamicFramework_federico - INFO - saving maps
2021-04-03 19:38:36,614 - wflow_sbm - wf_DynamicFramework_federico - DEBUG - timestep: 62/360.0 (2021-05-23 10:01:00)
2021-04-03 19:38:41,220 - wflow_sbm - wf_DynamicFramework_federico - INFO - saving maps
2021-04-03 19:38:41,989 - wflow_sbm - wf_DynamicFramework_federico - DEBUG - timestep: 63/360.0 (2021-05-23 10:02:00)
2021-04-03 19:38:46,437 - wflow_sbm - wf_DynamicFramework_federico - INFO - saving maps
2021-04-03 19:38:47,224 - wflow_sbm - wf_DynamicFramework_federico - DEBUG - timestep: 64/360.0 (2021-05-23 10:03:00)
2021-04-03 19:38:51,759 - wflow_sbm - wf_DynamicFramework_federico - INFO - saving maps
2021-04-03 19:38:52,547 - wflow_sbm - wf_DynamicFramework_federico - DEBUG - timestep: 65/360.0 (2021-05-23 10:04:00)
2021-04-03 19:38:57,453 - wflow_sbm - wf_DynamicFramework_federico - INFO - saving maps
2021-04-03 19:38:58,236 - wflow_sbm - wf_DynamicFramework_federico - DEBUG - timestep: 66/360.0 (2021-05-23 10:05:00)
2021-04-03 19:39:03,126 - wflow_sbm - wf_DynamicFramework_federico - INFO - saving maps
2021-04-03 19:39:03,898 - wflow_sbm - wf_DynamicFramework_federico - DEBUG - timestep: 67/360.0 (2021-05-23 10:06:00)
2021-04-03 19:39:08,826 - wflow_sbm - wf_DynamicFramework_federico - INFO - saving maps
2021-04-03 19:39:09,563 - wflow_sbm - wf_DynamicFramework_federico - DEBUG - timestep: 68/360.0 (2021-05-23 10:07:00)
2021-04-03 19:39:14,537 - wflow_sbm - wf_DynamicFramework_federico - INFO - saving maps
2021-04-03 19:39:15,303 - wflow_sbm - wf_DynamicFramework_federico - DEBUG - timestep: 69/360.0 (2021-05-23 10:08:00)
2021-04-03 19:39:20,405 - wflow_sbm - wf_DynamicFramework_federico - INFO - saving maps
2021-04-03 19:39:21,195 - wflow_sbm - wf_DynamicFramework_federico - DEBUG - timestep: 70/360.0 (2021-05-23 10:09:00)
2021-04-03 19:39:26,089 - wflow_sbm - wf_DynamicFramework_federico - INFO - saving maps
2021-04-03 19:39:26,877 - wflow_sbm - wf_DynamicFramework_federico - DEBUG - timestep: 71/360.0 (2021-05-23 10:10:00)
2021-04-03 19:39:31,843 - wflow_sbm - wf_DynamicFramework_federico - INFO - saving maps
2021-04-03 19:39:32,624 - wflow_sbm - wf_DynamicFramework_federico - DEBUG - timestep: 72/360.0 (2021-05-23 10:11:00)
2021-04-03 19:39:37,615 - wflow_sbm - wf_DynamicFramework_federico - INFO - saving maps
2021-04-03 19:39:38,387 - wflow_sbm - wf_DynamicFramework_federico - DEBUG - timestep: 73/360.0 (2021-05-23 10:12:00)
2021-04-03 19:39:43,266 - wflow_sbm - wf_DynamicFramework_federico - INFO - saving maps
2021-04-03 19:39:44,038 - wflow_sbm - wf_DynamicFramework_federico - DEBUG - timestep: 74/360.0 (2021-05-23 10:13:00)
2021-04-03 19:39:49,110 - wflow_sbm - wf_DynamicFramework_federico - INFO - saving maps
2021-04-03 19:39:49,843 - wflow_sbm - wf_DynamicFramework_federico - DEBUG - timestep: 75/360.0 (2021-05-23 10:14:00)
2021-04-03 19:39:54,674 - wflow_sbm - wf_DynamicFramework_federico - INFO - saving maps
2021-04-03 19:39:55,435 - wflow_sbm - wf_DynamicFramework_federico - DEBUG - timestep: 76/360.0 (2021-05-23 10:15:00)
2021-04-03 19:40:00,451 - wflow_sbm - wf_DynamicFramework_federico - INFO - saving maps
2021-04-03 19:40:01,249 - wflow_sbm - wf_DynamicFramework_federico - DEBUG - timestep: 77/360.0 (2021-05-23 10:16:00)
2021-04-03 19:40:06,189 - wflow_sbm - wf_DynamicFramework_federico - INFO - saving maps
2021-04-03 19:40:06,978 - wflow_sbm - wf_DynamicFramework_federico - DEBUG - timestep: 78/360.0 (2021-05-23 10:17:00)
2021-04-03 19:40:11,845 - wflow_sbm - wf_DynamicFramework_federico - INFO - saving maps
2021-04-03 19:40:12,625 - wflow_sbm - wf_DynamicFramework_federico - DEBUG - timestep: 79/360.0 (2021-05-23 10:18:00)
2021-04-03 19:40:17,593 - wflow_sbm - wf_DynamicFramework_federico - INFO - saving maps
2021-04-03 19:40:18,375 - wflow_sbm - wf_DynamicFramework_federico - DEBUG - timestep: 80/360.0 (2021-05-23 10:19:00)
2021-04-03 19:40:23,175 - wflow_sbm - wf_DynamicFramework_federico - INFO - saving maps
2021-04-03 19:40:23,953 - wflow_sbm - wf_DynamicFramework_federico - DEBUG - timestep: 81/360.0 (2021-05-23 10:20:00)
2021-04-03 19:40:28,711 - wflow_sbm - wf_DynamicFramework_federico - INFO - saving maps
2021-04-03 19:40:29,462 - wflow_sbm - wf_DynamicFramework_federico - DEBUG - timestep: 82/360.0 (2021-05-23 10:21:00)
2021-04-03 19:40:34,478 - wflow_sbm - wf_DynamicFramework_federico - INFO - saving maps
2021-04-03 19:40:35,256 - wflow_sbm - wf_DynamicFramework_federico - DEBUG - timestep: 83/360.0 (2021-05-23 10:22:00)
2021-04-03 19:40:40,143 - wflow_sbm - wf_DynamicFramework_federico - INFO - saving maps
2021-04-03 19:40:40,942 - wflow_sbm - wf_DynamicFramework_federico - DEBUG - timestep: 84/360.0 (2021-05-23 10:23:00)
2021-04-03 19:40:45,829 - wflow_sbm - wf_DynamicFramework_federico - INFO - saving maps
2021-04-03 19:40:46,632 - wflow_sbm - wf_DynamicFramework_federico - DEBUG - timestep: 85/360.0 (2021-05-23 10:24:00)
2021-04-03 19:40:51,260 - wflow_sbm - wf_DynamicFramework_federico - INFO - saving maps
2021-04-03 19:40:52,056 - wflow_sbm - wf_DynamicFramework_federico - DEBUG - timestep: 86/360.0 (2021-05-23 10:25:00)
2021-04-03 19:40:56,866 - wflow_sbm - wf_DynamicFramework_federico - INFO - saving maps
2021-04-03 19:40:57,650 - wflow_sbm - wf_DynamicFramework_federico - DEBUG - timestep: 87/360.0 (2021-05-23 10:26:00)
2021-04-03 19:41:02,409 - wflow_sbm - wf_DynamicFramework_federico - INFO - saving maps
2021-04-03 19:41:03,174 - wflow_sbm - wf_DynamicFramework_federico - DEBUG - timestep: 88/360.0 (2021-05-23 10:27:00)
2021-04-03 19:41:08,006 - wflow_sbm - wf_DynamicFramework_federico - INFO - saving maps
2021-04-03 19:41:08,715 - wflow_sbm - wf_DynamicFramework_federico - DEBUG - timestep: 89/360.0 (2021-05-23 10:28:00)
2021-04-03 19:41:13,420 - wflow_sbm - wf_DynamicFramework_federico - INFO - saving maps
2021-04-03 19:41:14,180 - wflow_sbm - wf_DynamicFramework_federico - DEBUG - timestep: 90/360.0 (2021-05-23 10:29:00)
2021-04-03 19:41:18,670 - wflow_sbm - wf_DynamicFramework_federico - INFO - saving maps
2021-04-03 19:41:19,467 - wflow_sbm - wf_DynamicFramework_federico - DEBUG - timestep: 91/360.0 (2021-05-23 10:30:00)
2021-04-03 19:41:24,077 - wflow_sbm - wf_DynamicFramework_federico - INFO - saving maps
2021-04-03 19:41:24,879 - wflow_sbm - wf_DynamicFramework_federico - DEBUG - timestep: 92/360.0 (2021-05-23 10:31:00)
2021-04-03 19:41:29,723 - wflow_sbm - wf_DynamicFramework_federico - INFO - saving maps
2021-04-03 19:41:30,522 - wflow_sbm - wf_DynamicFramework_federico - DEBUG - timestep: 93/360.0 (2021-05-23 10:32:00)
2021-04-03 19:41:35,201 - wflow_sbm - wf_DynamicFramework_federico - INFO - saving maps
2021-04-03 19:41:35,984 - wflow_sbm - wf_DynamicFramework_federico - DEBUG - timestep: 94/360.0 (2021-05-23 10:33:00)
2021-04-03 19:41:40,826 - wflow_sbm - wf_DynamicFramework_federico - INFO - saving maps
2021-04-03 19:41:41,598 - wflow_sbm - wf_DynamicFramework_federico - DEBUG - timestep: 95/360.0 (2021-05-23 10:34:00)
2021-04-03 19:41:46,489 - wflow_sbm - wf_DynamicFramework_federico - INFO - saving maps
2021-04-03 19:41:47,226 - wflow_sbm - wf_DynamicFramework_federico - DEBUG - timestep: 96/360.0 (2021-05-23 10:35:00)
2021-04-03 19:41:52,224 - wflow_sbm - wf_DynamicFramework_federico - INFO - saving maps
2021-04-03 19:41:52,984 - wflow_sbm - wf_DynamicFramework_federico - DEBUG - timestep: 97/360.0 (2021-05-23 10:36:00)
2021-04-03 19:41:58,668 - wflow_sbm - wf_DynamicFramework_federico - INFO - saving maps
2021-04-03 19:41:59,453 - wflow_sbm - wf_DynamicFramework_federico - DEBUG - timestep: 98/360.0 (2021-05-23 10:37:00)
2021-04-03 19:42:04,897 - wflow_sbm - wf_DynamicFramework_federico - INFO - saving maps
2021-04-03 19:42:05,693 - wflow_sbm - wf_DynamicFramework_federico - DEBUG - timestep: 99/360.0 (2021-05-23 10:38:00)
2021-04-03 19:42:10,270 - wflow_sbm - wf_DynamicFramework_federico - INFO - saving maps
2021-04-03 19:42:11,064 - wflow_sbm - wf_DynamicFramework_federico - DEBUG - timestep: 100/360.0 (2021-05-23 10:39:00)
2021-04-03 19:42:15,581 - wflow_sbm - wf_DynamicFramework_federico - INFO - saving maps
2021-04-03 19:42:16,356 - wflow_sbm - wf_DynamicFramework_federico - DEBUG - timestep: 101/360.0 (2021-05-23 10:40:00)
2021-04-03 19:42:21,009 - wflow_sbm - wf_DynamicFramework_federico - INFO - saving maps
2021-04-03 19:42:21,786 - wflow_sbm - wf_DynamicFramework_federico - DEBUG - timestep: 102/360.0 (2021-05-23 10:41:00)
2021-04-03 19:42:26,383 - wflow_sbm - wf_DynamicFramework_federico - INFO - saving maps
2021-04-03 19:42:27,108 - wflow_sbm - wf_DynamicFramework_federico - DEBUG - timestep: 103/360.0 (2021-05-23 10:42:00)
2021-04-03 19:42:31,661 - wflow_sbm - wf_DynamicFramework_federico - INFO - saving maps
2021-04-03 19:42:32,421 - wflow_sbm - wf_DynamicFramework_federico - DEBUG - timestep: 104/360.0 (2021-05-23 10:43:00)
2021-04-03 19:42:37,148 - wflow_sbm - wf_DynamicFramework_federico - INFO - saving maps
2021-04-03 19:42:37,933 - wflow_sbm - wf_DynamicFramework_federico - DEBUG - timestep: 105/360.0 (2021-05-23 10:44:00)
2021-04-03 19:42:42,736 - wflow_sbm - wf_DynamicFramework_federico - INFO - saving maps
2021-04-03 19:42:43,517 - wflow_sbm - wf_DynamicFramework_federico - DEBUG - timestep: 106/360.0 (2021-05-23 10:45:00)
2021-04-03 19:42:48,313 - wflow_sbm - wf_DynamicFramework_federico - INFO - saving maps
2021-04-03 19:42:49,096 - wflow_sbm - wf_DynamicFramework_federico - DEBUG - timestep: 107/360.0 (2021-05-23 10:46:00)
2021-04-03 19:42:53,926 - wflow_sbm - wf_DynamicFramework_federico - INFO - saving maps
2021-04-03 19:42:54,699 - wflow_sbm - wf_DynamicFramework_federico - DEBUG - timestep: 108/360.0 (2021-05-23 10:47:00)
2021-04-03 19:42:59,358 - wflow_sbm - wf_DynamicFramework_federico - INFO - saving maps
2021-04-03 19:43:00,135 - wflow_sbm - wf_DynamicFramework_federico - DEBUG - timestep: 109/360.0 (2021-05-23 10:48:00)
2021-04-03 19:43:04,945 - wflow_sbm - wf_DynamicFramework_federico - INFO - saving maps
2021-04-03 19:43:05,672 - wflow_sbm - wf_DynamicFramework_federico - DEBUG - timestep: 110/360.0 (2021-05-23 10:49:00)
2021-04-03 19:43:10,581 - wflow_sbm - wf_DynamicFramework_federico - INFO - saving maps
2021-04-03 19:43:11,355 - wflow_sbm - wf_DynamicFramework_federico - DEBUG - timestep: 111/360.0 (2021-05-23 10:50:00)
2021-04-03 19:43:16,307 - wflow_sbm - wf_DynamicFramework_federico - INFO - saving maps
2021-04-03 19:43:17,088 - wflow_sbm - wf_DynamicFramework_federico - DEBUG - timestep: 112/360.0 (2021-05-23 10:51:00)
2021-04-03 19:43:21,828 - wflow_sbm - wf_DynamicFramework_federico - INFO - saving maps
2021-04-03 19:43:22,626 - wflow_sbm - wf_DynamicFramework_federico - DEBUG - timestep: 113/360.0 (2021-05-23 10:52:00)
2021-04-03 19:43:27,205 - wflow_sbm - wf_DynamicFramework_federico - INFO - saving maps
2021-04-03 19:43:27,987 - wflow_sbm - wf_DynamicFramework_federico - DEBUG - timestep: 114/360.0 (2021-05-23 10:53:00)
2021-04-03 19:43:32,758 - wflow_sbm - wf_DynamicFramework_federico - INFO - saving maps
2021-04-03 19:43:33,536 - wflow_sbm - wf_DynamicFramework_federico - DEBUG - timestep: 115/360.0 (2021-05-23 10:54:00)
2021-04-03 19:43:38,359 - wflow_sbm - wf_DynamicFramework_federico - INFO - saving maps
2021-04-03 19:43:39,134 - wflow_sbm - wf_DynamicFramework_federico - DEBUG - timestep: 116/360.0 (2021-05-23 10:55:00)
2021-04-03 19:43:43,899 - wflow_sbm - wf_DynamicFramework_federico - INFO - saving maps
2021-04-03 19:43:44,625 - wflow_sbm - wf_DynamicFramework_federico - DEBUG - timestep: 117/360.0 (2021-05-23 10:56:00)
2021-04-03 19:43:49,450 - wflow_sbm - wf_DynamicFramework_federico - INFO - saving maps
2021-04-03 19:43:50,190 - wflow_sbm - wf_DynamicFramework_federico - DEBUG - timestep: 118/360.0 (2021-05-23 10:57:00)
2021-04-03 19:43:54,814 - wflow_sbm - wf_DynamicFramework_federico - INFO - saving maps
2021-04-03 19:43:55,585 - wflow_sbm - wf_DynamicFramework_federico - DEBUG - timestep: 119/360.0 (2021-05-23 10:58:00)
2021-04-03 19:44:00,420 - wflow_sbm - wf_DynamicFramework_federico - INFO - saving maps
2021-04-03 19:44:01,191 - wflow_sbm - wf_DynamicFramework_federico - DEBUG - timestep: 120/360.0 (2021-05-23 10:59:00)
2021-04-03 19:44:05,924 - wflow_sbm - wf_DynamicFramework_federico - INFO - saving maps
2021-04-03 19:44:06,703 - wflow_sbm - wf_DynamicFramework_federico - DEBUG - timestep: 121/360.0 (2021-05-23 11:00:00)
2021-04-03 19:44:11,419 - wflow_sbm - wf_DynamicFramework_federico - INFO - saving maps
2021-04-03 19:44:12,191 - wflow_sbm - wf_DynamicFramework_federico - DEBUG - timestep: 122/360.0 (2021-05-23 11:01:00)
2021-04-03 19:44:17,051 - wflow_sbm - wf_DynamicFramework_federico - INFO - saving maps
2021-04-03 19:44:17,827 - wflow_sbm - wf_DynamicFramework_federico - DEBUG - timestep: 123/360.0 (2021-05-23 11:02:00)
2021-04-03 19:44:22,540 - wflow_sbm - wf_DynamicFramework_federico - INFO - saving maps
2021-04-03 19:44:23,266 - wflow_sbm - wf_DynamicFramework_federico - DEBUG - timestep: 124/360.0 (2021-05-23 11:03:00)
2021-04-03 19:44:28,166 - wflow_sbm - wf_DynamicFramework_federico - INFO - saving maps
2021-04-03 19:44:28,919 - wflow_sbm - wf_DynamicFramework_federico - DEBUG - timestep: 125/360.0 (2021-05-23 11:04:00)
2021-04-03 19:44:33,739 - wflow_sbm - wf_DynamicFramework_federico - INFO - saving maps
2021-04-03 19:44:34,521 - wflow_sbm - wf_DynamicFramework_federico - DEBUG - timestep: 126/360.0 (2021-05-23 11:05:00)
2021-04-03 19:44:39,414 - wflow_sbm - wf_DynamicFramework_federico - INFO - saving maps
2021-04-03 19:44:40,221 - wflow_sbm - wf_DynamicFramework_federico - DEBUG - timestep: 127/360.0 (2021-05-23 11:06:00)
2021-04-03 19:44:44,865 - wflow_sbm - wf_DynamicFramework_federico - INFO - saving maps
2021-04-03 19:44:45,647 - wflow_sbm - wf_DynamicFramework_federico - DEBUG - timestep: 128/360.0 (2021-05-23 11:07:00)
2021-04-03 19:44:50,301 - wflow_sbm - wf_DynamicFramework_federico - INFO - saving maps
2021-04-03 19:44:51,067 - wflow_sbm - wf_DynamicFramework_federico - DEBUG - timestep: 129/360.0 (2021-05-23 11:08:00)
2021-04-03 19:44:55,978 - wflow_sbm - wf_DynamicFramework_federico - INFO - saving maps
2021-04-03 19:44:56,745 - wflow_sbm - wf_DynamicFramework_federico - DEBUG - timestep: 130/360.0 (2021-05-23 11:09:00)
2021-04-03 19:45:01,444 - wflow_sbm - wf_DynamicFramework_federico - INFO - saving maps
2021-04-03 19:45:02,177 - wflow_sbm - wf_DynamicFramework_federico - DEBUG - timestep: 131/360.0 (2021-05-23 11:10:00)
2021-04-03 19:45:06,963 - wflow_sbm - wf_DynamicFramework_federico - INFO - saving maps
2021-04-03 19:45:07,729 - wflow_sbm - wf_DynamicFramework_federico - DEBUG - timestep: 132/360.0 (2021-05-23 11:11:00)
2021-04-03 19:45:12,414 - wflow_sbm - wf_DynamicFramework_federico - INFO - saving maps
2021-04-03 19:45:13,197 - wflow_sbm - wf_DynamicFramework_federico - DEBUG - timestep: 133/360.0 (2021-05-23 11:12:00)
2021-04-03 19:45:18,059 - wflow_sbm - wf_DynamicFramework_federico - INFO - saving maps
2021-04-03 19:45:18,850 - wflow_sbm - wf_DynamicFramework_federico - DEBUG - timestep: 134/360.0 (2021-05-23 11:13:00)
2021-04-03 19:45:23,440 - wflow_sbm - wf_DynamicFramework_federico - INFO - saving maps
2021-04-03 19:45:24,232 - wflow_sbm - wf_DynamicFramework_federico - DEBUG - timestep: 135/360.0 (2021-05-23 11:14:00)
2021-04-03 19:45:29,049 - wflow_sbm - wf_DynamicFramework_federico - INFO - saving maps
2021-04-03 19:45:29,809 - wflow_sbm - wf_DynamicFramework_federico - DEBUG - timestep: 136/360.0 (2021-05-23 11:15:00)
2021-04-03 19:45:34,609 - wflow_sbm - wf_DynamicFramework_federico - INFO - saving maps
2021-04-03 19:45:35,374 - wflow_sbm - wf_DynamicFramework_federico - DEBUG - timestep: 137/360.0 (2021-05-23 11:16:00)
2021-04-03 19:45:40,213 - wflow_sbm - wf_DynamicFramework_federico - INFO - saving maps
2021-04-03 19:45:40,938 - wflow_sbm - wf_DynamicFramework_federico - DEBUG - timestep: 138/360.0 (2021-05-23 11:17:00)
2021-04-03 19:45:46,108 - wflow_sbm - wf_DynamicFramework_federico - INFO - saving maps
2021-04-03 19:45:46,984 - wflow_sbm - wf_DynamicFramework_federico - DEBUG - timestep: 139/360.0 (2021-05-23 11:18:00)
2021-04-03 19:45:51,981 - wflow_sbm - wf_DynamicFramework_federico - INFO - saving maps
2021-04-03 19:45:52,773 - wflow_sbm - wf_DynamicFramework_federico - DEBUG - timestep: 140/360.0 (2021-05-23 11:19:00)
2021-04-03 19:45:57,505 - wflow_sbm - wf_DynamicFramework_federico - INFO - saving maps
2021-04-03 19:45:58,298 - wflow_sbm - wf_DynamicFramework_federico - DEBUG - timestep: 141/360.0 (2021-05-23 11:20:00)
2021-04-03 19:46:02,867 - wflow_sbm - wf_DynamicFramework_federico - INFO - saving maps
2021-04-03 19:46:03,656 - wflow_sbm - wf_DynamicFramework_federico - DEBUG - timestep: 142/360.0 (2021-05-23 11:21:00)
2021-04-03 19:46:08,356 - wflow_sbm - wf_DynamicFramework_federico - INFO - saving maps
2021-04-03 19:46:09,131 - wflow_sbm - wf_DynamicFramework_federico - DEBUG - timestep: 143/360.0 (2021-05-23 11:22:00)
2021-04-03 19:46:13,811 - wflow_sbm - wf_DynamicFramework_federico - INFO - saving maps
2021-04-03 19:46:14,590 - wflow_sbm - wf_DynamicFramework_federico - DEBUG - timestep: 144/360.0 (2021-05-23 11:23:00)
2021-04-03 19:46:19,132 - wflow_sbm - wf_DynamicFramework_federico - INFO - saving maps
2021-04-03 19:46:19,858 - wflow_sbm - wf_DynamicFramework_federico - DEBUG - timestep: 145/360.0 (2021-05-23 11:24:00)
2021-04-03 19:46:24,482 - wflow_sbm - wf_DynamicFramework_federico - INFO - saving maps
2021-04-03 19:46:25,348 - wflow_sbm - wf_DynamicFramework_federico - DEBUG - timestep: 146/360.0 (2021-05-23 11:25:00)
2021-04-03 19:46:30,142 - wflow_sbm - wf_DynamicFramework_federico - INFO - saving maps
2021-04-03 19:46:30,947 - wflow_sbm - wf_DynamicFramework_federico - DEBUG - timestep: 147/360.0 (2021-05-23 11:26:00)
2021-04-03 19:46:35,868 - wflow_sbm - wf_DynamicFramework_federico - INFO - saving maps
2021-04-03 19:46:36,655 - wflow_sbm - wf_DynamicFramework_federico - DEBUG - timestep: 148/360.0 (2021-05-23 11:27:00)
2021-04-03 19:46:41,571 - wflow_sbm - wf_DynamicFramework_federico - INFO - saving maps
2021-04-03 19:46:42,363 - wflow_sbm - wf_DynamicFramework_federico - DEBUG - timestep: 149/360.0 (2021-05-23 11:28:00)
2021-04-03 19:46:47,316 - wflow_sbm - wf_DynamicFramework_federico - INFO - saving maps
2021-04-03 19:46:48,096 - wflow_sbm - wf_DynamicFramework_federico - DEBUG - timestep: 150/360.0 (2021-05-23 11:29:00)
2021-04-03 19:46:52,820 - wflow_sbm - wf_DynamicFramework_federico - INFO - saving maps
2021-04-03 19:46:53,595 - wflow_sbm - wf_DynamicFramework_federico - DEBUG - timestep: 151/360.0 (2021-05-23 11:30:00)
2021-04-03 19:46:58,397 - wflow_sbm - wf_DynamicFramework_federico - INFO - saving maps
2021-04-03 19:46:59,131 - wflow_sbm - wf_DynamicFramework_federico - DEBUG - timestep: 152/360.0 (2021-05-23 11:31:00)
2021-04-03 19:47:03,948 - wflow_sbm - wf_DynamicFramework_federico - INFO - saving maps
2021-04-03 19:47:04,721 - wflow_sbm - wf_DynamicFramework_federico - DEBUG - timestep: 153/360.0 (2021-05-23 11:32:00)
2021-04-03 19:47:09,588 - wflow_sbm - wf_DynamicFramework_federico - INFO - saving maps
2021-04-03 19:47:10,375 - wflow_sbm - wf_DynamicFramework_federico - DEBUG - timestep: 154/360.0 (2021-05-23 11:33:00)
2021-04-03 19:47:15,205 - wflow_sbm - wf_DynamicFramework_federico - INFO - saving maps
2021-04-03 19:47:15,994 - wflow_sbm - wf_DynamicFramework_federico - DEBUG - timestep: 155/360.0 (2021-05-23 11:34:00)
2021-04-03 19:47:20,826 - wflow_sbm - wf_DynamicFramework_federico - INFO - saving maps
2021-04-03 19:47:21,615 - wflow_sbm - wf_DynamicFramework_federico - DEBUG - timestep: 156/360.0 (2021-05-23 11:35:00)
2021-04-03 19:47:26,438 - wflow_sbm - wf_DynamicFramework_federico - INFO - saving maps
2021-04-03 19:47:27,223 - wflow_sbm - wf_DynamicFramework_federico - DEBUG - timestep: 157/360.0 (2021-05-23 11:36:00)
2021-04-03 19:47:31,957 - wflow_sbm - wf_DynamicFramework_federico - INFO - saving maps
2021-04-03 19:47:32,727 - wflow_sbm - wf_DynamicFramework_federico - DEBUG - timestep: 158/360.0 (2021-05-23 11:37:00)
2021-04-03 19:47:37,439 - wflow_sbm - wf_DynamicFramework_federico - INFO - saving maps
2021-04-03 19:47:38,159 - wflow_sbm - wf_DynamicFramework_federico - DEBUG - timestep: 159/360.0 (2021-05-23 11:38:00)
2021-04-03 19:47:42,810 - wflow_sbm - wf_DynamicFramework_federico - INFO - saving maps
2021-04-03 19:47:43,566 - wflow_sbm - wf_DynamicFramework_federico - DEBUG - timestep: 160/360.0 (2021-05-23 11:39:00)
2021-04-03 19:47:48,331 - wflow_sbm - wf_DynamicFramework_federico - INFO - saving maps
2021-04-03 19:47:49,120 - wflow_sbm - wf_DynamicFramework_federico - DEBUG - timestep: 161/360.0 (2021-05-23 11:40:00)
2021-04-03 19:47:53,882 - wflow_sbm - wf_DynamicFramework_federico - INFO - saving maps
2021-04-03 19:47:54,670 - wflow_sbm - wf_DynamicFramework_federico - DEBUG - timestep: 162/360.0 (2021-05-23 11:41:00)
2021-04-03 19:47:59,335 - wflow_sbm - wf_DynamicFramework_federico - INFO - saving maps
2021-04-03 19:48:00,128 - wflow_sbm - wf_DynamicFramework_federico - DEBUG - timestep: 163/360.0 (2021-05-23 11:42:00)
2021-04-03 19:48:04,793 - wflow_sbm - wf_DynamicFramework_federico - INFO - saving maps
2021-04-03 19:48:05,579 - wflow_sbm - wf_DynamicFramework_federico - DEBUG - timestep: 164/360.0 (2021-05-23 11:43:00)
2021-04-03 19:48:10,631 - wflow_sbm - wf_DynamicFramework_federico - INFO - saving maps
2021-04-03 19:48:11,398 - wflow_sbm - wf_DynamicFramework_federico - DEBUG - timestep: 165/360.0 (2021-05-23 11:44:00)
2021-04-03 19:48:16,055 - wflow_sbm - wf_DynamicFramework_federico - INFO - saving maps
2021-04-03 19:48:16,784 - wflow_sbm - wf_DynamicFramework_federico - DEBUG - timestep: 166/360.0 (2021-05-23 11:45:00)
2021-04-03 19:48:21,634 - wflow_sbm - wf_DynamicFramework_federico - INFO - saving maps
2021-04-03 19:48:22,402 - wflow_sbm - wf_DynamicFramework_federico - DEBUG - timestep: 167/360.0 (2021-05-23 11:46:00)
2021-04-03 19:48:27,218 - wflow_sbm - wf_DynamicFramework_federico - INFO - saving maps
2021-04-03 19:48:28,004 - wflow_sbm - wf_DynamicFramework_federico - DEBUG - timestep: 168/360.0 (2021-05-23 11:47:00)
2021-04-03 19:48:32,669 - wflow_sbm - wf_DynamicFramework_federico - INFO - saving maps
2021-04-03 19:48:33,460 - wflow_sbm - wf_DynamicFramework_federico - DEBUG - timestep: 169/360.0 (2021-05-23 11:48:00)
2021-04-03 19:48:38,207 - wflow_sbm - wf_DynamicFramework_federico - INFO - saving maps
2021-04-03 19:48:38,989 - wflow_sbm - wf_DynamicFramework_federico - DEBUG - timestep: 170/360.0 (2021-05-23 11:49:00)
2021-04-03 19:48:43,804 - wflow_sbm - wf_DynamicFramework_federico - INFO - saving maps
2021-04-03 19:48:44,568 - wflow_sbm - wf_DynamicFramework_federico - DEBUG - timestep: 171/360.0 (2021-05-23 11:50:00)
2021-04-03 19:48:49,404 - wflow_sbm - wf_DynamicFramework_federico - INFO - saving maps
2021-04-03 19:48:50,170 - wflow_sbm - wf_DynamicFramework_federico - DEBUG - timestep: 172/360.0 (2021-05-23 11:51:00)
2021-04-03 19:48:54,813 - wflow_sbm - wf_DynamicFramework_federico - INFO - saving maps
2021-04-03 19:48:55,551 - wflow_sbm - wf_DynamicFramework_federico - DEBUG - timestep: 173/360.0 (2021-05-23 11:52:00)
2021-04-03 19:49:00,213 - wflow_sbm - wf_DynamicFramework_federico - INFO - saving maps
2021-04-03 19:49:00,985 - wflow_sbm - wf_DynamicFramework_federico - DEBUG - timestep: 174/360.0 (2021-05-23 11:53:00)
2021-04-03 19:49:05,857 - wflow_sbm - wf_DynamicFramework_federico - INFO - saving maps
2021-04-03 19:49:06,644 - wflow_sbm - wf_DynamicFramework_federico - DEBUG - timestep: 175/360.0 (2021-05-23 11:54:00)
2021-04-03 19:49:11,407 - wflow_sbm - wf_DynamicFramework_federico - INFO - saving maps
2021-04-03 19:49:12,193 - wflow_sbm - wf_DynamicFramework_federico - DEBUG - timestep: 176/360.0 (2021-05-23 11:55:00)
2021-04-03 19:49:16,805 - wflow_sbm - wf_DynamicFramework_federico - INFO - saving maps
2021-04-03 19:49:17,580 - wflow_sbm - wf_DynamicFramework_federico - DEBUG - timestep: 177/360.0 (2021-05-23 11:56:00)
2021-04-03 19:49:22,283 - wflow_sbm - wf_DynamicFramework_federico - INFO - saving maps
2021-04-03 19:49:23,055 - wflow_sbm - wf_DynamicFramework_federico - DEBUG - timestep: 178/360.0 (2021-05-23 11:57:00)
2021-04-03 19:49:27,869 - wflow_sbm - wf_DynamicFramework_federico - INFO - saving maps
2021-04-03 19:49:28,645 - wflow_sbm - wf_DynamicFramework_federico - DEBUG - timestep: 179/360.0 (2021-05-23 11:58:00)
2021-04-03 19:49:33,355 - wflow_sbm - wf_DynamicFramework_federico - INFO - saving maps
2021-04-03 19:49:34,089 - wflow_sbm - wf_DynamicFramework_federico - DEBUG - timestep: 180/360.0 (2021-05-23 11:59:00)
2021-04-03 19:49:38,852 - wflow_sbm - wf_DynamicFramework_federico - INFO - saving maps
2021-04-03 19:49:39,618 - wflow_sbm - wf_DynamicFramework_federico - DEBUG - timestep: 181/360.0 (2021-05-23 12:00:00)
2021-04-03 19:49:44,546 - wflow_sbm - wf_DynamicFramework_federico - INFO - saving maps
2021-04-03 19:49:45,401 - wflow_sbm - wf_DynamicFramework_federico - DEBUG - timestep: 182/360.0 (2021-05-23 12:01:00)
2021-04-03 19:49:50,322 - wflow_sbm - wf_DynamicFramework_federico - INFO - saving maps
2021-04-03 19:49:51,103 - wflow_sbm - wf_DynamicFramework_federico - DEBUG - timestep: 183/360.0 (2021-05-23 12:02:00)
2021-04-03 19:49:55,979 - wflow_sbm - wf_DynamicFramework_federico - INFO - saving maps
2021-04-03 19:49:56,769 - wflow_sbm - wf_DynamicFramework_federico - DEBUG - timestep: 184/360.0 (2021-05-23 12:03:00)
2021-04-03 19:50:01,771 - wflow_sbm - wf_DynamicFramework_federico - INFO - saving maps
2021-04-03 19:50:02,568 - wflow_sbm - wf_DynamicFramework_federico - DEBUG - timestep: 185/360.0 (2021-05-23 12:04:00)
2021-04-03 19:50:07,312 - wflow_sbm - wf_DynamicFramework_federico - INFO - saving maps
2021-04-03 19:50:08,097 - wflow_sbm - wf_DynamicFramework_federico - DEBUG - timestep: 186/360.0 (2021-05-23 12:05:00)
2021-04-03 19:50:12,796 - wflow_sbm - wf_DynamicFramework_federico - INFO - saving maps
2021-04-03 19:50:13,535 - wflow_sbm - wf_DynamicFramework_federico - DEBUG - timestep: 187/360.0 (2021-05-23 12:06:00)
2021-04-03 19:50:18,442 - wflow_sbm - wf_DynamicFramework_federico - INFO - saving maps
2021-04-03 19:50:19,213 - wflow_sbm - wf_DynamicFramework_federico - DEBUG - timestep: 188/360.0 (2021-05-23 12:07:00)
2021-04-03 19:50:23,926 - wflow_sbm - wf_DynamicFramework_federico - INFO - saving maps
2021-04-03 19:50:24,724 - wflow_sbm - wf_DynamicFramework_federico - DEBUG - timestep: 189/360.0 (2021-05-23 12:08:00)
2021-04-03 19:50:29,579 - wflow_sbm - wf_DynamicFramework_federico - INFO - saving maps
2021-04-03 19:50:30,363 - wflow_sbm - wf_DynamicFramework_federico - DEBUG - timestep: 190/360.0 (2021-05-23 12:09:00)
2021-04-03 19:50:35,082 - wflow_sbm - wf_DynamicFramework_federico - INFO - saving maps
2021-04-03 19:50:35,886 - wflow_sbm - wf_DynamicFramework_federico - DEBUG - timestep: 191/360.0 (2021-05-23 12:10:00)
2021-04-03 19:50:40,923 - wflow_sbm - wf_DynamicFramework_federico - INFO - saving maps
2021-04-03 19:50:41,702 - wflow_sbm - wf_DynamicFramework_federico - DEBUG - timestep: 192/360.0 (2021-05-23 12:11:00)
2021-04-03 19:50:46,435 - wflow_sbm - wf_DynamicFramework_federico - INFO - saving maps
2021-04-03 19:50:47,211 - wflow_sbm - wf_DynamicFramework_federico - DEBUG - timestep: 193/360.0 (2021-05-23 12:12:00)
2021-04-03 19:50:52,120 - wflow_sbm - wf_DynamicFramework_federico - INFO - saving maps
2021-04-03 19:50:52,852 - wflow_sbm - wf_DynamicFramework_federico - DEBUG - timestep: 194/360.0 (2021-05-23 12:13:00)
2021-04-03 19:50:57,700 - wflow_sbm - wf_DynamicFramework_federico - INFO - saving maps
2021-04-03 19:50:58,464 - wflow_sbm - wf_DynamicFramework_federico - DEBUG - timestep: 195/360.0 (2021-05-23 12:14:00)
2021-04-03 19:51:03,225 - wflow_sbm - wf_DynamicFramework_federico - INFO - saving maps
2021-04-03 19:51:04,009 - wflow_sbm - wf_DynamicFramework_federico - DEBUG - timestep: 196/360.0 (2021-05-23 12:15:00)
2021-04-03 19:51:08,841 - wflow_sbm - wf_DynamicFramework_federico - INFO - saving maps
2021-04-03 19:51:09,635 - wflow_sbm - wf_DynamicFramework_federico - DEBUG - timestep: 197/360.0 (2021-05-23 12:16:00)
2021-04-03 19:51:14,264 - wflow_sbm - wf_DynamicFramework_federico - INFO - saving maps
2021-04-03 19:51:15,201 - wflow_sbm - wf_DynamicFramework_federico - DEBUG - timestep: 198/360.0 (2021-05-23 12:17:00)
2021-04-03 19:51:20,334 - wflow_sbm - wf_DynamicFramework_federico - INFO - saving maps
2021-04-03 19:51:21,124 - wflow_sbm - wf_DynamicFramework_federico - DEBUG - timestep: 199/360.0 (2021-05-23 12:18:00)
2021-04-03 19:51:25,968 - wflow_sbm - wf_DynamicFramework_federico - INFO - saving maps
2021-04-03 19:51:26,763 - wflow_sbm - wf_DynamicFramework_federico - DEBUG - timestep: 200/360.0 (2021-05-23 12:19:00)
2021-04-03 19:51:31,647 - wflow_sbm - wf_DynamicFramework_federico - INFO - saving maps
2021-04-03 19:51:32,385 - wflow_sbm - wf_DynamicFramework_federico - DEBUG - timestep: 201/360.0 (2021-05-23 12:20:00)
2021-04-03 19:51:37,068 - wflow_sbm - wf_DynamicFramework_federico - INFO - saving maps
2021-04-03 19:51:37,833 - wflow_sbm - wf_DynamicFramework_federico - DEBUG - timestep: 202/360.0 (2021-05-23 12:21:00)
2021-04-03 19:51:42,733 - wflow_sbm - wf_DynamicFramework_federico - INFO - saving maps
2021-04-03 19:51:43,544 - wflow_sbm - wf_DynamicFramework_federico - DEBUG - timestep: 203/360.0 (2021-05-23 12:22:00)
2021-04-03 19:51:48,360 - wflow_sbm - wf_DynamicFramework_federico - INFO - saving maps
2021-04-03 19:51:49,165 - wflow_sbm - wf_DynamicFramework_federico - DEBUG - timestep: 204/360.0 (2021-05-23 12:23:00)
2021-04-03 19:51:53,797 - wflow_sbm - wf_DynamicFramework_federico - INFO - saving maps
2021-04-03 19:51:54,596 - wflow_sbm - wf_DynamicFramework_federico - DEBUG - timestep: 205/360.0 (2021-05-23 12:24:00)
2021-04-03 19:51:59,236 - wflow_sbm - wf_DynamicFramework_federico - INFO - saving maps
2021-04-03 19:52:00,018 - wflow_sbm - wf_DynamicFramework_federico - DEBUG - timestep: 206/360.0 (2021-05-23 12:25:00)
2021-04-03 19:52:04,660 - wflow_sbm - wf_DynamicFramework_federico - INFO - saving maps
2021-04-03 19:52:05,441 - wflow_sbm - wf_DynamicFramework_federico - DEBUG - timestep: 207/360.0 (2021-05-23 12:26:00)
2021-04-03 19:52:10,272 - wflow_sbm - wf_DynamicFramework_federico - INFO - saving maps
2021-04-03 19:52:11,002 - wflow_sbm - wf_DynamicFramework_federico - DEBUG - timestep: 208/360.0 (2021-05-23 12:27:00)
2021-04-03 19:52:15,826 - wflow_sbm - wf_DynamicFramework_federico - INFO - saving maps
2021-04-03 19:52:16,600 - wflow_sbm - wf_DynamicFramework_federico - DEBUG - timestep: 209/360.0 (2021-05-23 12:28:00)
2021-04-03 19:52:21,441 - wflow_sbm - wf_DynamicFramework_federico - INFO - saving maps
2021-04-03 19:52:22,230 - wflow_sbm - wf_DynamicFramework_federico - DEBUG - timestep: 210/360.0 (2021-05-23 12:29:00)
2021-04-03 19:52:27,035 - wflow_sbm - wf_DynamicFramework_federico - INFO - saving maps
2021-04-03 19:52:27,820 - wflow_sbm - wf_DynamicFramework_federico - DEBUG - timestep: 211/360.0 (2021-05-23 12:30:00)
2021-04-03 19:52:32,423 - wflow_sbm - wf_DynamicFramework_federico - INFO - saving maps
2021-04-03 19:52:33,215 - wflow_sbm - wf_DynamicFramework_federico - DEBUG - timestep: 212/360.0 (2021-05-23 12:31:00)
2021-04-03 19:52:37,941 - wflow_sbm - wf_DynamicFramework_federico - INFO - saving maps
2021-04-03 19:52:38,716 - wflow_sbm - wf_DynamicFramework_federico - DEBUG - timestep: 213/360.0 (2021-05-23 12:32:00)
2021-04-03 19:52:43,552 - wflow_sbm - wf_DynamicFramework_federico - INFO - saving maps
2021-04-03 19:52:44,320 - wflow_sbm - wf_DynamicFramework_federico - DEBUG - timestep: 214/360.0 (2021-05-23 12:33:00)
2021-04-03 19:52:48,985 - wflow_sbm - wf_DynamicFramework_federico - INFO - saving maps
2021-04-03 19:52:49,709 - wflow_sbm - wf_DynamicFramework_federico - DEBUG - timestep: 215/360.0 (2021-05-23 12:34:00)
2021-04-03 19:52:54,525 - wflow_sbm - wf_DynamicFramework_federico - INFO - saving maps
2021-04-03 19:52:55,280 - wflow_sbm - wf_DynamicFramework_federico - DEBUG - timestep: 216/360.0 (2021-05-23 12:35:00)
2021-04-03 19:53:00,047 - wflow_sbm - wf_DynamicFramework_federico - INFO - saving maps
2021-04-03 19:53:00,830 - wflow_sbm - wf_DynamicFramework_federico - DEBUG - timestep: 217/360.0 (2021-05-23 12:36:00)
2021-04-03 19:53:05,762 - wflow_sbm - wf_DynamicFramework_federico - INFO - saving maps
2021-04-03 19:53:06,552 - wflow_sbm - wf_DynamicFramework_federico - DEBUG - timestep: 218/360.0 (2021-05-23 12:37:00)
2021-04-03 19:53:11,277 - wflow_sbm - wf_DynamicFramework_federico - INFO - saving maps
2021-04-03 19:53:12,063 - wflow_sbm - wf_DynamicFramework_federico - DEBUG - timestep: 219/360.0 (2021-05-23 12:38:00)
2021-04-03 19:53:16,741 - wflow_sbm - wf_DynamicFramework_federico - INFO - saving maps
2021-04-03 19:53:17,517 - wflow_sbm - wf_DynamicFramework_federico - DEBUG - timestep: 220/360.0 (2021-05-23 12:39:00)
2021-04-03 19:53:22,396 - wflow_sbm - wf_DynamicFramework_federico - INFO - saving maps
2021-04-03 19:53:23,168 - wflow_sbm - wf_DynamicFramework_federico - DEBUG - timestep: 221/360.0 (2021-05-23 12:40:00)
2021-04-03 19:53:27,872 - wflow_sbm - wf_DynamicFramework_federico - INFO - saving maps
2021-04-03 19:53:28,597 - wflow_sbm - wf_DynamicFramework_federico - DEBUG - timestep: 222/360.0 (2021-05-23 12:41:00)
2021-04-03 19:53:33,469 - wflow_sbm - wf_DynamicFramework_federico - INFO - saving maps
2021-04-03 19:53:34,235 - wflow_sbm - wf_DynamicFramework_federico - DEBUG - timestep: 223/360.0 (2021-05-23 12:42:00)
2021-04-03 19:53:38,952 - wflow_sbm - wf_DynamicFramework_federico - INFO - saving maps
2021-04-03 19:53:39,732 - wflow_sbm - wf_DynamicFramework_federico - DEBUG - timestep: 224/360.0 (2021-05-23 12:43:00)
2021-04-03 19:53:44,481 - wflow_sbm - wf_DynamicFramework_federico - INFO - saving maps
2021-04-03 19:53:45,269 - wflow_sbm - wf_DynamicFramework_federico - DEBUG - timestep: 225/360.0 (2021-05-23 12:44:00)
2021-04-03 19:53:49,963 - wflow_sbm - wf_DynamicFramework_federico - INFO - saving maps
2021-04-03 19:53:50,753 - wflow_sbm - wf_DynamicFramework_federico - DEBUG - timestep: 226/360.0 (2021-05-23 12:45:00)
2021-04-03 19:53:55,767 - wflow_sbm - wf_DynamicFramework_federico - INFO - saving maps
2021-04-03 19:53:56,555 - wflow_sbm - wf_DynamicFramework_federico - DEBUG - timestep: 227/360.0 (2021-05-23 12:46:00)
2021-04-03 19:54:01,337 - wflow_sbm - wf_DynamicFramework_federico - INFO - saving maps
2021-04-03 19:54:02,110 - wflow_sbm - wf_DynamicFramework_federico - DEBUG - timestep: 228/360.0 (2021-05-23 12:47:00)
2021-04-03 19:54:06,923 - wflow_sbm - wf_DynamicFramework_federico - INFO - saving maps
2021-04-03 19:54:07,642 - wflow_sbm - wf_DynamicFramework_federico - DEBUG - timestep: 229/360.0 (2021-05-23 12:48:00)
2021-04-03 19:54:12,297 - wflow_sbm - wf_DynamicFramework_federico - INFO - saving maps
2021-04-03 19:54:13,059 - wflow_sbm - wf_DynamicFramework_federico - DEBUG - timestep: 230/360.0 (2021-05-23 12:49:00)
2021-04-03 19:54:17,875 - wflow_sbm - wf_DynamicFramework_federico - INFO - saving maps
2021-04-03 19:54:18,655 - wflow_sbm - wf_DynamicFramework_federico - DEBUG - timestep: 231/360.0 (2021-05-23 12:50:00)
2021-04-03 19:54:23,418 - wflow_sbm - wf_DynamicFramework_federico - INFO - saving maps
2021-04-03 19:54:24,202 - wflow_sbm - wf_DynamicFramework_federico - DEBUG - timestep: 232/360.0 (2021-05-23 12:51:00)
2021-04-03 19:54:28,776 - wflow_sbm - wf_DynamicFramework_federico - INFO - saving maps
2021-04-03 19:54:29,564 - wflow_sbm - wf_DynamicFramework_federico - DEBUG - timestep: 233/360.0 (2021-05-23 12:52:00)
2021-04-03 19:54:34,389 - wflow_sbm - wf_DynamicFramework_federico - INFO - saving maps
2021-04-03 19:54:35,171 - wflow_sbm - wf_DynamicFramework_federico - DEBUG - timestep: 234/360.0 (2021-05-23 12:53:00)
2021-04-03 19:54:39,873 - wflow_sbm - wf_DynamicFramework_federico - INFO - saving maps
2021-04-03 19:54:40,646 - wflow_sbm - wf_DynamicFramework_federico - DEBUG - timestep: 235/360.0 (2021-05-23 12:54:00)
2021-04-03 19:54:45,624 - wflow_sbm - wf_DynamicFramework_federico - INFO - saving maps
2021-04-03 19:54:46,358 - wflow_sbm - wf_DynamicFramework_federico - DEBUG - timestep: 236/360.0 (2021-05-23 12:55:00)
2021-04-03 19:54:51,173 - wflow_sbm - wf_DynamicFramework_federico - INFO - saving maps
2021-04-03 19:54:51,928 - wflow_sbm - wf_DynamicFramework_federico - DEBUG - timestep: 237/360.0 (2021-05-23 12:56:00)
2021-04-03 19:54:56,652 - wflow_sbm - wf_DynamicFramework_federico - INFO - saving maps
2021-04-03 19:54:57,440 - wflow_sbm - wf_DynamicFramework_federico - DEBUG - timestep: 238/360.0 (2021-05-23 12:57:00)
2021-04-03 19:55:02,305 - wflow_sbm - wf_DynamicFramework_federico - INFO - saving maps
2021-04-03 19:55:03,098 - wflow_sbm - wf_DynamicFramework_federico - DEBUG - timestep: 239/360.0 (2021-05-23 12:58:00)
2021-04-03 19:55:07,743 - wflow_sbm - wf_DynamicFramework_federico - INFO - saving maps
2021-04-03 19:55:08,543 - wflow_sbm - wf_DynamicFramework_federico - DEBUG - timestep: 240/360.0 (2021-05-23 12:59:00)
2021-04-03 19:55:13,336 - wflow_sbm - wf_DynamicFramework_federico - INFO - saving maps
2021-04-03 19:55:14,123 - wflow_sbm - wf_DynamicFramework_federico - DEBUG - timestep: 241/360.0 (2021-05-23 13:00:00)
2021-04-03 19:55:18,920 - wflow_sbm - wf_DynamicFramework_federico - INFO - saving maps
2021-04-03 19:55:19,688 - wflow_sbm - wf_DynamicFramework_federico - DEBUG - timestep: 242/360.0 (2021-05-23 13:01:00)
2021-04-03 19:55:24,378 - wflow_sbm - wf_DynamicFramework_federico - INFO - saving maps
2021-04-03 19:55:25,113 - wflow_sbm - wf_DynamicFramework_federico - DEBUG - timestep: 243/360.0 (2021-05-23 13:02:00)
2021-04-03 19:55:29,994 - wflow_sbm - wf_DynamicFramework_federico - INFO - saving maps
2021-04-03 19:55:30,760 - wflow_sbm - wf_DynamicFramework_federico - DEBUG - timestep: 244/360.0 (2021-05-23 13:03:00)
2021-04-03 19:55:35,747 - wflow_sbm - wf_DynamicFramework_federico - INFO - saving maps
2021-04-03 19:55:36,528 - wflow_sbm - wf_DynamicFramework_federico - DEBUG - timestep: 245/360.0 (2021-05-23 13:04:00)
2021-04-03 19:55:41,379 - wflow_sbm - wf_DynamicFramework_federico - INFO - saving maps
2021-04-03 19:55:42,181 - wflow_sbm - wf_DynamicFramework_federico - DEBUG - timestep: 246/360.0 (2021-05-23 13:05:00)
2021-04-03 19:55:47,491 - wflow_sbm - wf_DynamicFramework_federico - INFO - saving maps
2021-04-03 19:55:48,491 - wflow_sbm - wf_DynamicFramework_federico - DEBUG - timestep: 247/360.0 (2021-05-23 13:06:00)
2021-04-03 19:55:53,219 - wflow_sbm - wf_DynamicFramework_federico - INFO - saving maps
2021-04-03 19:55:53,980 - wflow_sbm - wf_DynamicFramework_federico - DEBUG - timestep: 248/360.0 (2021-05-23 13:07:00)
2021-04-03 19:55:58,542 - wflow_sbm - wf_DynamicFramework_federico - INFO - saving maps
2021-04-03 19:55:59,312 - wflow_sbm - wf_DynamicFramework_federico - DEBUG - timestep: 249/360.0 (2021-05-23 13:08:00)
2021-04-03 19:56:03,933 - wflow_sbm - wf_DynamicFramework_federico - INFO - saving maps
2021-04-03 19:56:04,681 - wflow_sbm - wf_DynamicFramework_federico - DEBUG - timestep: 250/360.0 (2021-05-23 13:09:00)
2021-04-03 19:56:09,628 - wflow_sbm - wf_DynamicFramework_federico - INFO - saving maps
2021-04-03 19:56:10,409 - wflow_sbm - wf_DynamicFramework_federico - DEBUG - timestep: 251/360.0 (2021-05-23 13:10:00)
2021-04-03 19:56:15,124 - wflow_sbm - wf_DynamicFramework_federico - INFO - saving maps
2021-04-03 19:56:15,922 - wflow_sbm - wf_DynamicFramework_federico - DEBUG - timestep: 252/360.0 (2021-05-23 13:11:00)
2021-04-03 19:56:20,941 - wflow_sbm - wf_DynamicFramework_federico - INFO - saving maps
2021-04-03 19:56:21,744 - wflow_sbm - wf_DynamicFramework_federico - DEBUG - timestep: 253/360.0 (2021-05-23 13:12:00)
2021-04-03 19:56:26,520 - wflow_sbm - wf_DynamicFramework_federico - INFO - saving maps
2021-04-03 19:56:27,309 - wflow_sbm - wf_DynamicFramework_federico - DEBUG - timestep: 254/360.0 (2021-05-23 13:13:00)
2021-04-03 19:56:32,129 - wflow_sbm - wf_DynamicFramework_federico - INFO - saving maps
2021-04-03 19:56:32,916 - wflow_sbm - wf_DynamicFramework_federico - DEBUG - timestep: 255/360.0 (2021-05-23 13:14:00)
2021-04-03 19:56:37,508 - wflow_sbm - wf_DynamicFramework_federico - INFO - saving maps
2021-04-03 19:56:38,271 - wflow_sbm - wf_DynamicFramework_federico - DEBUG - timestep: 256/360.0 (2021-05-23 13:15:00)
2021-04-03 19:56:42,996 - wflow_sbm - wf_DynamicFramework_federico - INFO - saving maps
2021-04-03 19:56:43,725 - wflow_sbm - wf_DynamicFramework_federico - DEBUG - timestep: 257/360.0 (2021-05-23 13:16:00)
2021-04-03 19:56:48,599 - wflow_sbm - wf_DynamicFramework_federico - INFO - saving maps
2021-04-03 19:56:49,364 - wflow_sbm - wf_DynamicFramework_federico - DEBUG - timestep: 258/360.0 (2021-05-23 13:17:00)
2021-04-03 19:56:54,136 - wflow_sbm - wf_DynamicFramework_federico - INFO - saving maps
2021-04-03 19:56:54,920 - wflow_sbm - wf_DynamicFramework_federico - DEBUG - timestep: 259/360.0 (2021-05-23 13:18:00)
2021-04-03 19:56:59,755 - wflow_sbm - wf_DynamicFramework_federico - INFO - saving maps
2021-04-03 19:57:00,535 - wflow_sbm - wf_DynamicFramework_federico - DEBUG - timestep: 260/360.0 (2021-05-23 13:19:00)
2021-04-03 19:57:05,026 - wflow_sbm - wf_DynamicFramework_federico - INFO - saving maps
2021-04-03 19:57:05,828 - wflow_sbm - wf_DynamicFramework_federico - DEBUG - timestep: 261/360.0 (2021-05-23 13:20:00)
2021-04-03 19:57:10,767 - wflow_sbm - wf_DynamicFramework_federico - INFO - saving maps
2021-04-03 19:57:11,543 - wflow_sbm - wf_DynamicFramework_federico - DEBUG - timestep: 262/360.0 (2021-05-23 13:21:00)
2021-04-03 19:57:16,322 - wflow_sbm - wf_DynamicFramework_federico - INFO - saving maps
2021-04-03 19:57:17,096 - wflow_sbm - wf_DynamicFramework_federico - DEBUG - timestep: 263/360.0 (2021-05-23 13:22:00)
2021-04-03 19:57:21,833 - wflow_sbm - wf_DynamicFramework_federico - INFO - saving maps
2021-04-03 19:57:22,562 - wflow_sbm - wf_DynamicFramework_federico - DEBUG - timestep: 264/360.0 (2021-05-23 13:23:00)
2021-04-03 19:57:27,341 - wflow_sbm - wf_DynamicFramework_federico - INFO - saving maps
2021-04-03 19:57:28,077 - wflow_sbm - wf_DynamicFramework_federico - DEBUG - timestep: 265/360.0 (2021-05-23 13:24:00)
2021-04-03 19:57:32,716 - wflow_sbm - wf_DynamicFramework_federico - INFO - saving maps
2021-04-03 19:57:33,492 - wflow_sbm - wf_DynamicFramework_federico - DEBUG - timestep: 266/360.0 (2021-05-23 13:25:00)
2021-04-03 19:57:38,394 - wflow_sbm - wf_DynamicFramework_federico - INFO - saving maps
2021-04-03 19:57:39,177 - wflow_sbm - wf_DynamicFramework_federico - DEBUG - timestep: 267/360.0 (2021-05-23 13:26:00)
2021-04-03 19:57:43,876 - wflow_sbm - wf_DynamicFramework_federico - INFO - saving maps
2021-04-03 19:57:44,666 - wflow_sbm - wf_DynamicFramework_federico - DEBUG - timestep: 268/360.0 (2021-05-23 13:27:00)
2021-04-03 19:57:49,445 - wflow_sbm - wf_DynamicFramework_federico - INFO - saving maps
2021-04-03 19:57:50,227 - wflow_sbm - wf_DynamicFramework_federico - DEBUG - timestep: 269/360.0 (2021-05-23 13:28:00)
2021-04-03 19:57:54,878 - wflow_sbm - wf_DynamicFramework_federico - INFO - saving maps
2021-04-03 19:57:55,665 - wflow_sbm - wf_DynamicFramework_federico - DEBUG - timestep: 270/360.0 (2021-05-23 13:29:00)
2021-04-03 19:58:00,726 - wflow_sbm - wf_DynamicFramework_federico - INFO - saving maps
2021-04-03 19:58:01,597 - wflow_sbm - wf_DynamicFramework_federico - DEBUG - timestep: 271/360.0 (2021-05-23 13:30:00)
2021-04-03 19:58:06,367 - wflow_sbm - wf_DynamicFramework_federico - INFO - saving maps
2021-04-03 19:58:07,159 - wflow_sbm - wf_DynamicFramework_federico - DEBUG - timestep: 272/360.0 (2021-05-23 13:31:00)
2021-04-03 19:58:12,014 - wflow_sbm - wf_DynamicFramework_federico - INFO - saving maps
2021-04-03 19:58:12,826 - wflow_sbm - wf_DynamicFramework_federico - DEBUG - timestep: 273/360.0 (2021-05-23 13:32:00)
2021-04-03 19:58:17,764 - wflow_sbm - wf_DynamicFramework_federico - INFO - saving maps
2021-04-03 19:58:18,571 - wflow_sbm - wf_DynamicFramework_federico - DEBUG - timestep: 274/360.0 (2021-05-23 13:33:00)
2021-04-03 19:58:23,223 - wflow_sbm - wf_DynamicFramework_federico - INFO - saving maps
2021-04-03 19:58:24,030 - wflow_sbm - wf_DynamicFramework_federico - DEBUG - timestep: 275/360.0 (2021-05-23 13:34:00)
2021-04-03 19:58:28,913 - wflow_sbm - wf_DynamicFramework_federico - INFO - saving maps
2021-04-03 19:58:29,697 - wflow_sbm - wf_DynamicFramework_federico - DEBUG - timestep: 276/360.0 (2021-05-23 13:35:00)
2021-04-03 19:58:34,530 - wflow_sbm - wf_DynamicFramework_federico - INFO - saving maps
2021-04-03 19:58:35,308 - wflow_sbm - wf_DynamicFramework_federico - DEBUG - timestep: 277/360.0 (2021-05-23 13:36:00)
2021-04-03 19:58:40,281 - wflow_sbm - wf_DynamicFramework_federico - INFO - saving maps
2021-04-03 19:58:41,013 - wflow_sbm - wf_DynamicFramework_federico - DEBUG - timestep: 278/360.0 (2021-05-23 13:37:00)
2021-04-03 19:58:45,901 - wflow_sbm - wf_DynamicFramework_federico - INFO - saving maps
2021-04-03 19:58:46,659 - wflow_sbm - wf_DynamicFramework_federico - DEBUG - timestep: 279/360.0 (2021-05-23 13:38:00)
2021-04-03 19:58:51,447 - wflow_sbm - wf_DynamicFramework_federico - INFO - saving maps
2021-04-03 19:58:52,239 - wflow_sbm - wf_DynamicFramework_federico - DEBUG - timestep: 280/360.0 (2021-05-23 13:39:00)
2021-04-03 19:58:57,096 - wflow_sbm - wf_DynamicFramework_federico - INFO - saving maps
2021-04-03 19:58:57,881 - wflow_sbm - wf_DynamicFramework_federico - DEBUG - timestep: 281/360.0 (2021-05-23 13:40:00)
2021-04-03 19:59:02,456 - wflow_sbm - wf_DynamicFramework_federico - INFO - saving maps
2021-04-03 19:59:03,249 - wflow_sbm - wf_DynamicFramework_federico - DEBUG - timestep: 282/360.0 (2021-05-23 13:41:00)
2021-04-03 19:59:07,994 - wflow_sbm - wf_DynamicFramework_federico - INFO - saving maps
2021-04-03 19:59:08,765 - wflow_sbm - wf_DynamicFramework_federico - DEBUG - timestep: 283/360.0 (2021-05-23 13:42:00)
2021-04-03 19:59:13,327 - wflow_sbm - wf_DynamicFramework_federico - INFO - saving maps
2021-04-03 19:59:14,095 - wflow_sbm - wf_DynamicFramework_federico - DEBUG - timestep: 284/360.0 (2021-05-23 13:43:00)
2021-04-03 19:59:18,790 - wflow_sbm - wf_DynamicFramework_federico - INFO - saving maps
2021-04-03 19:59:19,520 - wflow_sbm - wf_DynamicFramework_federico - DEBUG - timestep: 285/360.0 (2021-05-23 13:44:00)
2021-04-03 19:59:24,395 - wflow_sbm - wf_DynamicFramework_federico - INFO - saving maps
2021-04-03 19:59:25,161 - wflow_sbm - wf_DynamicFramework_federico - DEBUG - timestep: 286/360.0 (2021-05-23 13:45:00)
2021-04-03 19:59:29,739 - wflow_sbm - wf_DynamicFramework_federico - INFO - saving maps
2021-04-03 19:59:30,537 - wflow_sbm - wf_DynamicFramework_federico - DEBUG - timestep: 287/360.0 (2021-05-23 13:46:00)
2021-04-03 19:59:35,511 - wflow_sbm - wf_DynamicFramework_federico - INFO - saving maps
2021-04-03 19:59:36,310 - wflow_sbm - wf_DynamicFramework_federico - DEBUG - timestep: 288/360.0 (2021-05-23 13:47:00)
2021-04-03 19:59:41,207 - wflow_sbm - wf_DynamicFramework_federico - INFO - saving maps
2021-04-03 19:59:41,999 - wflow_sbm - wf_DynamicFramework_federico - DEBUG - timestep: 289/360.0 (2021-05-23 13:48:00)
2021-04-03 19:59:47,104 - wflow_sbm - wf_DynamicFramework_federico - INFO - saving maps
2021-04-03 19:59:47,878 - wflow_sbm - wf_DynamicFramework_federico - DEBUG - timestep: 290/360.0 (2021-05-23 13:49:00)
2021-04-03 19:59:52,583 - wflow_sbm - wf_DynamicFramework_federico - INFO - saving maps
2021-04-03 19:59:53,374 - wflow_sbm - wf_DynamicFramework_federico - DEBUG - timestep: 291/360.0 (2021-05-23 13:50:00)
2021-04-03 19:59:58,134 - wflow_sbm - wf_DynamicFramework_federico - INFO - saving maps
2021-04-03 19:59:58,874 - wflow_sbm - wf_DynamicFramework_federico - DEBUG - timestep: 292/360.0 (2021-05-23 13:51:00)
2021-04-03 20:00:03,780 - wflow_sbm - wf_DynamicFramework_federico - INFO - saving maps
2021-04-03 20:00:04,537 - wflow_sbm - wf_DynamicFramework_federico - DEBUG - timestep: 293/360.0 (2021-05-23 13:52:00)
2021-04-03 20:00:09,327 - wflow_sbm - wf_DynamicFramework_federico - INFO - saving maps
2021-04-03 20:00:10,114 - wflow_sbm - wf_DynamicFramework_federico - DEBUG - timestep: 294/360.0 (2021-05-23 13:53:00)
2021-04-03 20:00:14,870 - wflow_sbm - wf_DynamicFramework_federico - INFO - saving maps
2021-04-03 20:00:15,665 - wflow_sbm - wf_DynamicFramework_federico - DEBUG - timestep: 295/360.0 (2021-05-23 13:54:00)
2021-04-03 20:00:20,429 - wflow_sbm - wf_DynamicFramework_federico - INFO - saving maps
2021-04-03 20:00:21,226 - wflow_sbm - wf_DynamicFramework_federico - DEBUG - timestep: 296/360.0 (2021-05-23 13:55:00)
2021-04-03 20:00:26,060 - wflow_sbm - wf_DynamicFramework_federico - INFO - saving maps
2021-04-03 20:00:26,845 - wflow_sbm - wf_DynamicFramework_federico - DEBUG - timestep: 297/360.0 (2021-05-23 13:56:00)
2021-04-03 20:00:31,632 - wflow_sbm - wf_DynamicFramework_federico - INFO - saving maps
2021-04-03 20:00:32,408 - wflow_sbm - wf_DynamicFramework_federico - DEBUG - timestep: 298/360.0 (2021-05-23 13:57:00)
2021-04-03 20:00:36,979 - wflow_sbm - wf_DynamicFramework_federico - INFO - saving maps
2021-04-03 20:00:37,709 - wflow_sbm - wf_DynamicFramework_federico - DEBUG - timestep: 299/360.0 (2021-05-23 13:58:00)
2021-04-03 20:00:42,484 - wflow_sbm - wf_DynamicFramework_federico - INFO - saving maps
2021-04-03 20:00:43,236 - wflow_sbm - wf_DynamicFramework_federico - DEBUG - timestep: 300/360.0 (2021-05-23 13:59:00)
2021-04-03 20:00:48,035 - wflow_sbm - wf_DynamicFramework_federico - INFO - saving maps
2021-04-03 20:00:48,817 - wflow_sbm - wf_DynamicFramework_federico - DEBUG - timestep: 301/360.0 (2021-05-23 14:00:00)
2021-04-03 20:00:53,593 - wflow_sbm - wf_DynamicFramework_federico - INFO - saving maps
2021-04-03 20:00:54,371 - wflow_sbm - wf_DynamicFramework_federico - DEBUG - timestep: 302/360.0 (2021-05-23 14:01:00)
2021-04-03 20:00:58,893 - wflow_sbm - wf_DynamicFramework_federico - INFO - saving maps
2021-04-03 20:00:59,681 - wflow_sbm - wf_DynamicFramework_federico - DEBUG - timestep: 303/360.0 (2021-05-23 14:02:00)
2021-04-03 20:01:04,421 - wflow_sbm - wf_DynamicFramework_federico - INFO - saving maps
2021-04-03 20:01:05,202 - wflow_sbm - wf_DynamicFramework_federico - DEBUG - timestep: 304/360.0 (2021-05-23 14:03:00)
2021-04-03 20:01:09,772 - wflow_sbm - wf_DynamicFramework_federico - INFO - saving maps
2021-04-03 20:01:10,551 - wflow_sbm - wf_DynamicFramework_federico - DEBUG - timestep: 305/360.0 (2021-05-23 14:04:00)
2021-04-03 20:01:15,257 - wflow_sbm - wf_DynamicFramework_federico - INFO - saving maps
2021-04-03 20:01:15,987 - wflow_sbm - wf_DynamicFramework_federico - DEBUG - timestep: 306/360.0 (2021-05-23 14:05:00)
2021-04-03 20:01:20,955 - wflow_sbm - wf_DynamicFramework_federico - INFO - saving maps
2021-04-03 20:01:21,709 - wflow_sbm - wf_DynamicFramework_federico - DEBUG - timestep: 307/360.0 (2021-05-23 14:06:00)
2021-04-03 20:01:26,489 - wflow_sbm - wf_DynamicFramework_federico - INFO - saving maps
2021-04-03 20:01:27,278 - wflow_sbm - wf_DynamicFramework_federico - DEBUG - timestep: 308/360.0 (2021-05-23 14:07:00)
2021-04-03 20:01:32,067 - wflow_sbm - wf_DynamicFramework_federico - INFO - saving maps
2021-04-03 20:01:32,855 - wflow_sbm - wf_DynamicFramework_federico - DEBUG - timestep: 309/360.0 (2021-05-23 14:08:00)
2021-04-03 20:01:37,400 - wflow_sbm - wf_DynamicFramework_federico - INFO - saving maps
2021-04-03 20:01:38,192 - wflow_sbm - wf_DynamicFramework_federico - DEBUG - timestep: 310/360.0 (2021-05-23 14:09:00)
2021-04-03 20:01:42,937 - wflow_sbm - wf_DynamicFramework_federico - INFO - saving maps
2021-04-03 20:01:43,707 - wflow_sbm - wf_DynamicFramework_federico - DEBUG - timestep: 311/360.0 (2021-05-23 14:10:00)
2021-04-03 20:01:48,590 - wflow_sbm - wf_DynamicFramework_federico - INFO - saving maps
2021-04-03 20:01:49,364 - wflow_sbm - wf_DynamicFramework_federico - DEBUG - timestep: 312/360.0 (2021-05-23 14:11:00)
2021-04-03 20:01:53,959 - wflow_sbm - wf_DynamicFramework_federico - INFO - saving maps
2021-04-03 20:01:54,680 - wflow_sbm - wf_DynamicFramework_federico - DEBUG - timestep: 313/360.0 (2021-05-23 14:12:00)
2021-04-03 20:01:59,319 - wflow_sbm - wf_DynamicFramework_federico - INFO - saving maps
2021-04-03 20:02:00,072 - wflow_sbm - wf_DynamicFramework_federico - DEBUG - timestep: 314/360.0 (2021-05-23 14:13:00)
2021-04-03 20:02:04,888 - wflow_sbm - wf_DynamicFramework_federico - INFO - saving maps
2021-04-03 20:02:05,665 - wflow_sbm - wf_DynamicFramework_federico - DEBUG - timestep: 315/360.0 (2021-05-23 14:14:00)
2021-04-03 20:02:10,289 - wflow_sbm - wf_DynamicFramework_federico - INFO - saving maps
2021-04-03 20:02:11,074 - wflow_sbm - wf_DynamicFramework_federico - DEBUG - timestep: 316/360.0 (2021-05-23 14:15:00)
2021-04-03 20:02:15,780 - wflow_sbm - wf_DynamicFramework_federico - INFO - saving maps
2021-04-03 20:02:16,572 - wflow_sbm - wf_DynamicFramework_federico - DEBUG - timestep: 317/360.0 (2021-05-23 14:16:00)
2021-04-03 20:02:21,385 - wflow_sbm - wf_DynamicFramework_federico - INFO - saving maps
2021-04-03 20:02:22,158 - wflow_sbm - wf_DynamicFramework_federico - DEBUG - timestep: 318/360.0 (2021-05-23 14:17:00)
2021-04-03 20:02:27,042 - wflow_sbm - wf_DynamicFramework_federico - INFO - saving maps
2021-04-03 20:02:27,812 - wflow_sbm - wf_DynamicFramework_federico - DEBUG - timestep: 319/360.0 (2021-05-23 14:18:00)
2021-04-03 20:02:32,400 - wflow_sbm - wf_DynamicFramework_federico - INFO - saving maps
2021-04-03 20:02:33,124 - wflow_sbm - wf_DynamicFramework_federico - DEBUG - timestep: 320/360.0 (2021-05-23 14:19:00)
2021-04-03 20:02:38,009 - wflow_sbm - wf_DynamicFramework_federico - INFO - saving maps
2021-04-03 20:02:38,773 - wflow_sbm - wf_DynamicFramework_federico - DEBUG - timestep: 321/360.0 (2021-05-23 14:20:00)
2021-04-03 20:02:43,613 - wflow_sbm - wf_DynamicFramework_federico - INFO - saving maps
2021-04-03 20:02:44,399 - wflow_sbm - wf_DynamicFramework_federico - DEBUG - timestep: 322/360.0 (2021-05-23 14:21:00)
2021-04-03 20:02:49,070 - wflow_sbm - wf_DynamicFramework_federico - INFO - saving maps
2021-04-03 20:02:49,854 - wflow_sbm - wf_DynamicFramework_federico - DEBUG - timestep: 323/360.0 (2021-05-23 14:22:00)
2021-04-03 20:02:54,453 - wflow_sbm - wf_DynamicFramework_federico - INFO - saving maps
2021-04-03 20:02:55,246 - wflow_sbm - wf_DynamicFramework_federico - DEBUG - timestep: 324/360.0 (2021-05-23 14:23:00)
2021-04-03 20:03:00,084 - wflow_sbm - wf_DynamicFramework_federico - INFO - saving maps
2021-04-03 20:03:00,858 - wflow_sbm - wf_DynamicFramework_federico - DEBUG - timestep: 325/360.0 (2021-05-23 14:24:00)
2021-04-03 20:03:05,730 - wflow_sbm - wf_DynamicFramework_federico - INFO - saving maps
2021-04-03 20:03:06,500 - wflow_sbm - wf_DynamicFramework_federico - DEBUG - timestep: 326/360.0 (2021-05-23 14:25:00)
2021-04-03 20:03:11,309 - wflow_sbm - wf_DynamicFramework_federico - INFO - saving maps
2021-04-03 20:03:12,022 - wflow_sbm - wf_DynamicFramework_federico - DEBUG - timestep: 327/360.0 (2021-05-23 14:26:00)
2021-04-03 20:03:16,848 - wflow_sbm - wf_DynamicFramework_federico - INFO - saving maps
2021-04-03 20:03:17,585 - wflow_sbm - wf_DynamicFramework_federico - DEBUG - timestep: 328/360.0 (2021-05-23 14:27:00)
2021-04-03 20:03:22,202 - wflow_sbm - wf_DynamicFramework_federico - INFO - saving maps
2021-04-03 20:03:22,971 - wflow_sbm - wf_DynamicFramework_federico - DEBUG - timestep: 329/360.0 (2021-05-23 14:28:00)
2021-04-03 20:03:27,825 - wflow_sbm - wf_DynamicFramework_federico - INFO - saving maps
2021-04-03 20:03:28,612 - wflow_sbm - wf_DynamicFramework_federico - DEBUG - timestep: 330/360.0 (2021-05-23 14:29:00)
2021-04-03 20:03:33,296 - wflow_sbm - wf_DynamicFramework_federico - INFO - saving maps
2021-04-03 20:03:34,088 - wflow_sbm - wf_DynamicFramework_federico - DEBUG - timestep: 331/360.0 (2021-05-23 14:30:00)
2021-04-03 20:03:38,803 - wflow_sbm - wf_DynamicFramework_federico - INFO - saving maps
2021-04-03 20:03:39,589 - wflow_sbm - wf_DynamicFramework_federico - DEBUG - timestep: 332/360.0 (2021-05-23 14:31:00)
2021-04-03 20:03:44,475 - wflow_sbm - wf_DynamicFramework_federico - INFO - saving maps
2021-04-03 20:03:45,321 - wflow_sbm - wf_DynamicFramework_federico - DEBUG - timestep: 333/360.0 (2021-05-23 14:32:00)
2021-04-03 20:03:49,895 - wflow_sbm - wf_DynamicFramework_federico - INFO - saving maps
2021-04-03 20:03:50,619 - wflow_sbm - wf_DynamicFramework_federico - DEBUG - timestep: 334/360.0 (2021-05-23 14:33:00)
2021-04-03 20:03:55,401 - wflow_sbm - wf_DynamicFramework_federico - INFO - saving maps
2021-04-03 20:03:56,149 - wflow_sbm - wf_DynamicFramework_federico - DEBUG - timestep: 335/360.0 (2021-05-23 14:34:00)
2021-04-03 20:04:01,115 - wflow_sbm - wf_DynamicFramework_federico - INFO - saving maps
2021-04-03 20:04:01,912 - wflow_sbm - wf_DynamicFramework_federico - DEBUG - timestep: 336/360.0 (2021-05-23 14:35:00)
2021-04-03 20:04:07,327 - wflow_sbm - wf_DynamicFramework_federico - INFO - saving maps
2021-04-03 20:04:08,115 - wflow_sbm - wf_DynamicFramework_federico - DEBUG - timestep: 337/360.0 (2021-05-23 14:36:00)
2021-04-03 20:04:12,792 - wflow_sbm - wf_DynamicFramework_federico - INFO - saving maps
2021-04-03 20:04:13,569 - wflow_sbm - wf_DynamicFramework_federico - DEBUG - timestep: 338/360.0 (2021-05-23 14:37:00)
2021-04-03 20:04:18,196 - wflow_sbm - wf_DynamicFramework_federico - INFO - saving maps
2021-04-03 20:04:18,947 - wflow_sbm - wf_DynamicFramework_federico - DEBUG - timestep: 339/360.0 (2021-05-23 14:38:00)
2021-04-03 20:04:23,510 - wflow_sbm - wf_DynamicFramework_federico - INFO - saving maps
2021-04-03 20:04:24,281 - wflow_sbm - wf_DynamicFramework_federico - DEBUG - timestep: 340/360.0 (2021-05-23 14:39:00)
2021-04-03 20:04:29,347 - wflow_sbm - wf_DynamicFramework_federico - INFO - saving maps
2021-04-03 20:04:30,069 - wflow_sbm - wf_DynamicFramework_federico - DEBUG - timestep: 341/360.0 (2021-05-23 14:40:00)
2021-04-03 20:04:34,613 - wflow_sbm - wf_DynamicFramework_federico - INFO - saving maps
2021-04-03 20:04:35,374 - wflow_sbm - wf_DynamicFramework_federico - DEBUG - timestep: 342/360.0 (2021-05-23 14:41:00)
2021-04-03 20:04:40,181 - wflow_sbm - wf_DynamicFramework_federico - INFO - saving maps
2021-04-03 20:04:40,963 - wflow_sbm - wf_DynamicFramework_federico - DEBUG - timestep: 343/360.0 (2021-05-23 14:42:00)
2021-04-03 20:04:45,836 - wflow_sbm - wf_DynamicFramework_federico - INFO - saving maps
2021-04-03 20:04:46,626 - wflow_sbm - wf_DynamicFramework_federico - DEBUG - timestep: 344/360.0 (2021-05-23 14:43:00)
2021-04-03 20:04:51,340 - wflow_sbm - wf_DynamicFramework_federico - INFO - saving maps
2021-04-03 20:04:52,130 - wflow_sbm - wf_DynamicFramework_federico - DEBUG - timestep: 345/360.0 (2021-05-23 14:44:00)
2021-04-03 20:04:56,792 - wflow_sbm - wf_DynamicFramework_federico - INFO - saving maps
2021-04-03 20:04:57,572 - wflow_sbm - wf_DynamicFramework_federico - DEBUG - timestep: 346/360.0 (2021-05-23 14:45:00)
2021-04-03 20:05:02,486 - wflow_sbm - wf_DynamicFramework_federico - INFO - saving maps
2021-04-03 20:05:03,251 - wflow_sbm - wf_DynamicFramework_federico - DEBUG - timestep: 347/360.0 (2021-05-23 14:46:00)
2021-04-03 20:05:08,044 - wflow_sbm - wf_DynamicFramework_federico - INFO - saving maps
2021-04-03 20:05:08,764 - wflow_sbm - wf_DynamicFramework_federico - DEBUG - timestep: 348/360.0 (2021-05-23 14:47:00)
2021-04-03 20:05:13,671 - wflow_sbm - wf_DynamicFramework_federico - INFO - saving maps
2021-04-03 20:05:14,424 - wflow_sbm - wf_DynamicFramework_federico - DEBUG - timestep: 349/360.0 (2021-05-23 14:48:00)
2021-04-03 20:05:19,145 - wflow_sbm - wf_DynamicFramework_federico - INFO - saving maps
2021-04-03 20:05:19,929 - wflow_sbm - wf_DynamicFramework_federico - DEBUG - timestep: 350/360.0 (2021-05-23 14:49:00)
2021-04-03 20:05:24,636 - wflow_sbm - wf_DynamicFramework_federico - INFO - saving maps
2021-04-03 20:05:25,432 - wflow_sbm - wf_DynamicFramework_federico - DEBUG - timestep: 351/360.0 (2021-05-23 14:50:00)
2021-04-03 20:05:30,101 - wflow_sbm - wf_DynamicFramework_federico - INFO - saving maps
2021-04-03 20:05:30,903 - wflow_sbm - wf_DynamicFramework_federico - DEBUG - timestep: 352/360.0 (2021-05-23 14:51:00)
2021-04-03 20:05:35,461 - wflow_sbm - wf_DynamicFramework_federico - INFO - saving maps
2021-04-03 20:05:36,249 - wflow_sbm - wf_DynamicFramework_federico - DEBUG - timestep: 353/360.0 (2021-05-23 14:52:00)
2021-04-03 20:05:41,026 - wflow_sbm - wf_DynamicFramework_federico - INFO - saving maps
2021-04-03 20:05:41,804 - wflow_sbm - wf_DynamicFramework_federico - DEBUG - timestep: 354/360.0 (2021-05-23 14:53:00)
2021-04-03 20:05:46,384 - wflow_sbm - wf_DynamicFramework_federico - INFO - saving maps
2021-04-03 20:05:47,117 - wflow_sbm - wf_DynamicFramework_federico - DEBUG - timestep: 355/360.0 (2021-05-23 14:54:00)
2021-04-03 20:05:51,711 - wflow_sbm - wf_DynamicFramework_federico - INFO - saving maps
2021-04-03 20:05:52,473 - wflow_sbm - wf_DynamicFramework_federico - DEBUG - timestep: 356/360.0 (2021-05-23 14:55:00)
2021-04-03 20:05:57,430 - wflow_sbm - wf_DynamicFramework_federico - INFO - saving maps
2021-04-03 20:05:58,193 - wflow_sbm - wf_DynamicFramework_federico - DEBUG - timestep: 357/360.0 (2021-05-23 14:56:00)
2021-04-03 20:06:02,825 - wflow_sbm - wf_DynamicFramework_federico - INFO - saving maps
2021-04-03 20:06:03,604 - wflow_sbm - wf_DynamicFramework_federico - DEBUG - timestep: 358/360.0 (2021-05-23 14:57:00)
2021-04-03 20:06:08,344 - wflow_sbm - wf_DynamicFramework_federico - INFO - saving maps
2021-04-03 20:06:09,131 - wflow_sbm - wf_DynamicFramework_federico - DEBUG - timestep: 359/360.0 (2021-05-23 14:58:00)
2021-04-03 20:06:13,874 - wflow_sbm - wf_DynamicFramework_federico - INFO - saving maps
2021-04-03 20:06:14,657 - wflow_sbm - wf_DynamicFramework_federico - DEBUG - timestep: 360/360.0 (2021-05-23 14:59:00)
2021-04-03 20:06:14,657 - wflow_sbm - wflow_sbm_federico - INFO - Saving initial conditions...
2021-04-03 20:06:16,351 - wflow_sbm - wf_DynamicFramework_federico - INFO - Saving summary maps to disk...
